#
# A fatal error has been detected by the Java Runtime Environment:
#
#  EXCEPTION_ACCESS_VIOLATION (0xc0000005) at pc=0x00007ffe1fd0ed66, pid=9632, tid=18172
#
# JRE version: Java(TM) SE Runtime Environment (9.0+11) (build 9.0.1+11)
# Java VM: Java HotSpot(TM) 64-Bit Server VM (9.0.1+11, mixed mode, tiered, compressed oops, g1 gc, windows-amd64)
# Problematic frame:
# C  [jniortools.dll+0x81ed66]
#
# No core dump will be written. Minidumps are not enabled by default on client versions of Windows
#
# If you would like to submit a bug report, please visit:
#   http://bugreport.java.com/bugreport/crash.jsp
# The crash happened outside the Java Virtual Machine in native code.
# See problematic frame for where to report the bug.
#

---------------  S U M M A R Y ------------

Command Line: -Dfile.encoding=Cp1252 Start

Host: Intel(R) Core(TM) i7-4702MQ CPU @ 2.20GHz, 8 cores, 15G,  Windows 10 , 64 bit Build 17134 (10.0.17134.753)
Time: Tue Jun 04 18:25:00 2019 W. Europe Daylight Time elapsed time: 25 seconds (0d 0h 0m 25s)

---------------  T H R E A D  ---------------

Current thread (0x000001f3dda42000):  JavaThread "main" [_thread_in_native, id=18172, stack(0x0000003a5af00000,0x0000003a5b000000)]

Stack: [0x0000003a5af00000,0x0000003a5b000000],  sp=0x0000003a5afef000,  free space=956k
Native frames: (J=compiled Java code, j=interpreted, Vv=VM code, C=native code)
C  [jniortools.dll+0x81ed66]
C  [jniortools.dll+0x8ca125]
C  [jniortools.dll+0x8720de]
C  [jniortools.dll+0x88ce0b]
C  [jniortools.dll+0x8a1caa]
C  [jniortools.dll+0x8a1dd8]
C  [jniortools.dll+0x5fb2c5]
C  [jniortools.dll+0x43f2d6]
C  [jniortools.dll+0x43f3eb]
C  0x000001f3e5f0921c

Java frames: (J=compiled Java code, j=interpreted, Vv=VM code)
j  com.google.ortools.linearsolver.main_research_linear_solverJNI.MPSolver_solve__SWIG_0(JLcom/google/ortools/linearsolver/MPSolver;)I+0
j  com.google.ortools.linearsolver.MPSolver.solve()Lcom/google/ortools/linearsolver/MPSolver$ResultStatus;+5
J 514 c2 solver.cp.ORASolverByMIP.solveWithAllActivities(Z)Z (1157 bytes) @ 0x000001f3eda66ab4 [0x000001f3eda617e0+0x00000000000052d4]
j  solver.cp.ORASolverByMIP.start(Z)Z+2
j  solver.AbstractORASlover.solve(ZZ)V+2
j  Start.main([Ljava/lang/String;)V+23
v  ~StubRoutines::call_stub

siginfo: EXCEPTION_ACCESS_VIOLATION (0xc0000005), reading address 0x000001f387d7b000


Register to memory mapping:

RIP=0x00007ffe1fd0ed66 jniortools.dll
RAX=0x0000000000002ffc is an unknown value
RBX=0x000001f383e13680 is an unknown value
RCX=0x000001f383e1667c is an unknown value
RDX=0x000001f387d7b000 is an unknown value
RSP=0x0000003a5afef000 is pointing into the stack for thread: 0x000001f3dda42000
RBP=0x0000003a5afef100 is pointing into the stack for thread: 0x000001f3dda42000
RSI=0x0000000000000001 is an unknown value
RDI=0x000001f383901fb8 is an unknown value
R8 =0x0000000000000bb8 is an unknown value
R9 =0x0000000000000000 is an unknown value
R10=0x000001f383e09a00 is an unknown value
R11=0x000001f383e13680 is an unknown value
R12=0x000001f385091e80 is an unknown value
R13=0x0000000000000bea is an unknown value
R14=0x0000000000003234 is an unknown value
R15=0x000001f3838ff010 is an unknown value


Registers:
RAX=0x0000000000002ffc, RBX=0x000001f383e13680, RCX=0x000001f383e1667c, RDX=0x000001f387d7b000
RSP=0x0000003a5afef000, RBP=0x0000003a5afef100, RSI=0x0000000000000001, RDI=0x000001f383901fb8
R8 =0x0000000000000bb8, R9 =0x0000000000000000, R10=0x000001f383e09a00, R11=0x000001f383e13680
R12=0x000001f385091e80, R13=0x0000000000000bea, R14=0x0000000000003234, R15=0x000001f3838ff010
RIP=0x00007ffe1fd0ed66, EFLAGS=0x0000000000010283

Top of Stack: (sp=0x0000003a5afef000)
0x0000003a5afef000:   0000000000002ed6 0000003a5afef100
0x0000003a5afef010:   0000000000003234 000001f3838ff010
0x0000003a5afef020:   000001f300000000 000001f300000002
0x0000003a5afef030:   000001f382d51301 000001f38691c701
0x0000003a5afef040:   0000000000000000 000000000000000f
0x0000003a5afef050:   000001f385091e80 0000035e00003234
0x0000003a5afef060:   0000000000000000 000001f3850948e0
0x0000003a5afef070:   00000bb800000002 000001f3838ff010
0x0000003a5afef080:   0000000000000000 000001f30000032c
0x0000003a5afef090:   000001f300000000 ffffffff00000001
0x0000003a5afef0a0:   000001f38398b020 000001f300000bb8
0x0000003a5afef0b0:   ffffffff0000035e 0000000000002f08
0x0000003a5afef0c0:   000000000000035e 000000000000032c
0x0000003a5afef0d0:   000001f30000032c 000001f3839d6530
0x0000003a5afef0e0:   0000000000000000 000001f300000014
0x0000003a5afef0f0:   0000003a5aff0390 3eb0c6f700000064 

Instructions: (pc=0x00007ffe1fd0ed66)
0x00007ffe1fd0ed46:   19 01 48 ff c2 48 3b d7 7c f0 45 8b c5 45 85 f6
0x00007ffe1fd0ed56:   7e 46 48 8b cb 49 8d 3c bf 48 8b 95 a8 00 00 00
0x00007ffe1fd0ed66:   83 3a 01 75 0e 80 39 00 75 09 89 07 41 ff c5 48
0x00007ffe1fd0ed76:   83 c7 04 ff c0 48 83 c2 04 48 ff c1 41 3b c6 7c 



---------------  P R O C E S S  ---------------

Java Threads: ( => current thread )
  0x000001f382f5d000 JavaThread "Service Thread" daemon [_thread_blocked, id=9980, stack(0x0000003a5cf00000,0x0000003a5d000000)]
  0x000001f382e53000 JavaThread "Common-Cleaner" daemon [_thread_blocked, id=19324, stack(0x0000003a5ce00000,0x0000003a5cf00000)]
  0x000001f382d62800 JavaThread "Sweeper thread" daemon [_thread_blocked, id=1780, stack(0x0000003a5cd00000,0x0000003a5ce00000)]
  0x000001f382d4a000 JavaThread "C1 CompilerThread3" daemon [_thread_blocked, id=25440, stack(0x0000003a5cc00000,0x0000003a5cd00000)]
  0x000001f382d49800 JavaThread "C2 CompilerThread2" daemon [_thread_blocked, id=27612, stack(0x0000003a5cb00000,0x0000003a5cc00000)]
  0x000001f382d47000 JavaThread "C2 CompilerThread1" daemon [_thread_blocked, id=27148, stack(0x0000003a5ca00000,0x0000003a5cb00000)]
  0x000001f382d43000 JavaThread "C2 CompilerThread0" daemon [_thread_blocked, id=23240, stack(0x0000003a5c900000,0x0000003a5ca00000)]
  0x000001f382d42800 JavaThread "Attach Listener" daemon [_thread_blocked, id=2236, stack(0x0000003a5c800000,0x0000003a5c900000)]
  0x000001f382d41800 JavaThread "Signal Dispatcher" daemon [_thread_blocked, id=21704, stack(0x0000003a5c700000,0x0000003a5c800000)]
  0x000001f38252b000 JavaThread "Finalizer" daemon [_thread_blocked, id=14528, stack(0x0000003a5c600000,0x0000003a5c700000)]
  0x000001f382520000 JavaThread "Reference Handler" daemon [_thread_blocked, id=8108, stack(0x0000003a5c500000,0x0000003a5c600000)]
=>0x000001f3dda42000 JavaThread "main" [_thread_in_native, id=18172, stack(0x0000003a5af00000,0x0000003a5b000000)]

Other Threads:
  0x000001f3824f4800 VMThread "VM Thread" [stack: 0x0000003a5c400000,0x0000003a5c500000] [id=21880]
  0x000001f382f64800 WatcherThread [stack: 0x0000003a5d000000,0x0000003a5d100000] [id=20288]
  0x000001f3dda5c000 GCTaskThread "GC Thread#0" [stack: 0x0000003a5b000000,0x0000003a5b100000] [id=1936]
  0x000001f3dda5d800 GCTaskThread "GC Thread#1" [stack: 0x0000003a5b100000,0x0000003a5b200000] [id=21820]
  0x000001f3dda64000 GCTaskThread "GC Thread#2" [stack: 0x0000003a5b200000,0x0000003a5b300000] [id=4172]
  0x000001f3dda66800 GCTaskThread "GC Thread#3" [stack: 0x0000003a5b300000,0x0000003a5b400000] [id=24844]
  0x000001f3dda68000 GCTaskThread "GC Thread#4" [stack: 0x0000003a5b400000,0x0000003a5b500000] [id=22772]
  0x000001f3dda6a000 GCTaskThread "GC Thread#5" [stack: 0x0000003a5b500000,0x0000003a5b600000] [id=9844]
  0x000001f3dda6d800 GCTaskThread "GC Thread#6" [stack: 0x0000003a5b600000,0x0000003a5b700000] [id=13840]
  0x000001f3dda6f800 GCTaskThread "GC Thread#7" [stack: 0x0000003a5b700000,0x0000003a5b800000] [id=1412]
  0x000001f3ddae5800 ConcurrentGCThread "G1 Main Marker" [stack: 0x0000003a5c100000,0x0000003a5c200000] [id=26968]
  0x000001f3ddae6000 ConcurrentGCThread "G1 Marker#0" [stack: 0x0000003a5c200000,0x0000003a5c300000] [id=27008]
  0x000001f3ddae6800 ConcurrentGCThread "G1 Marker#1" [stack: 0x0000003a5c300000,0x0000003a5c400000] [id=14504]
  0x000001f3dda81000 ConcurrentGCThread "G1 Refine#0" [stack: 0x0000003a5bf00000,0x0000003a5c000000] [id=11664]
  0x000001f3dda85800 ConcurrentGCThread "G1 Refine#1" [stack: 0x0000003a5be00000,0x0000003a5bf00000] [id=3272]
  0x000001f3dda84000 ConcurrentGCThread "G1 Refine#2" [stack: 0x0000003a5bd00000,0x0000003a5be00000] [id=24800]
  0x000001f3dda85000 ConcurrentGCThread "G1 Refine#3" [stack: 0x0000003a5bc00000,0x0000003a5bd00000] [id=18868]
  0x000001f3dda80000 ConcurrentGCThread "G1 Refine#4" [stack: 0x0000003a5bb00000,0x0000003a5bc00000] [id=6132]
  0x000001f3dda7b800 ConcurrentGCThread "G1 Refine#5" [stack: 0x0000003a5ba00000,0x0000003a5bb00000] [id=24776]
  0x000001f3dda74800 ConcurrentGCThread "G1 Refine#6" [stack: 0x0000003a5b900000,0x0000003a5ba00000] [id=24244]
  0x000001f3dda73800 ConcurrentGCThread "G1 Refine#7" [stack: 0x0000003a5b800000,0x0000003a5b900000] [id=4184]
  0x000001f3ddaa1000 ConcurrentGCThread "G1 Young RemSet Sampling" [stack: 0x0000003a5c000000,0x0000003a5c100000] [id=5176]

Threads with active compile tasks:

VM state:not at safepoint (normal execution)

VM Mutex/Monitor currently owned by a thread: None

Heap address: 0x00000006c1a00000, size: 4070 MB, Compressed Oops mode: Zero based, Oop shift amount: 3
Narrow klass base: 0x0000000000000000, Narrow klass shift: 3
Compressed class space size: 1073741824 Address: 0x00000007c0000000

Heap:
 garbage-first heap   total 139264K, used 35296K [0x00000006c1a00000, 0x00000006c1b00440, 0x00000007c0000000)
  region size 1024K, 28 young (28672K), 5 survivors (5120K)
 Metaspace       used 5719K, capacity 5890K, committed 6016K, reserved 1056768K
  class space    used 541K, capacity 570K, committed 640K, reserved 1048576K
Heap Regions: E=young(eden), S=young(survivor), O=old, HS=humongous(starts), HC=humongous(continues), CS=collection set, F=free, A=archive, TS=gc time stamp, AC=allocation context, TAMS=top-at-mark-start (previous, next)
|   0|0x00000006c1a00000, 0x00000006c1afffe8, 0x00000006c1b00000| 99%| O|  |TS  0|AC  0|TAMS 0x00000006c1afffe8, 0x00000006c1afffe8|
|   1|0x00000006c1b00000, 0x00000006c1bffff8, 0x00000006c1c00000| 99%| O|  |TS  0|AC  0|TAMS 0x00000006c1bffff8, 0x00000006c1bffff8|
|   2|0x00000006c1c00000, 0x00000006c1c78400, 0x00000006c1d00000| 46%| O|  |TS  1|AC  0|TAMS 0x00000006c1c00000, 0x00000006c1c00000|
|   3|0x00000006c1d00000, 0x00000006c1d00000, 0x00000006c1e00000|  0%| F|  |TS  0|AC  0|TAMS 0x00000006c1d00000, 0x00000006c1d00000|
|   4|0x00000006c1e00000, 0x00000006c1e00000, 0x00000006c1f00000|  0%| F|  |TS  0|AC  0|TAMS 0x00000006c1e00000, 0x00000006c1e00000|
|   5|0x00000006c1f00000, 0x00000006c2000000, 0x00000006c2000000|100%| O|  |TS  0|AC  0|TAMS 0x00000006c2000000, 0x00000006c2000000|
|   6|0x00000006c2000000, 0x00000006c2100000, 0x00000006c2100000|100%| O|  |TS  0|AC  0|TAMS 0x00000006c2100000, 0x00000006c2100000|
|   7|0x00000006c2100000, 0x00000006c2200000, 0x00000006c2200000|100%| O|  |TS  0|AC  0|TAMS 0x00000006c2200000, 0x00000006c2200000|
|   8|0x00000006c2200000, 0x00000006c2300000, 0x00000006c2300000|100%| O|  |TS  1|AC  0|TAMS 0x00000006c22b5000, 0x00000006c22b5000|
|   9|0x00000006c2300000, 0x00000006c2400000, 0x00000006c2400000|100%|HS|  |TS  0|AC  0|TAMS 0x00000006c2300000, 0x00000006c2300000|
|  10|0x00000006c2400000, 0x00000006c2400000, 0x00000006c2500000|  0%| F|  |TS  0|AC  0|TAMS 0x00000006c2400000, 0x00000006c2400000|
|  11|0x00000006c2500000, 0x00000006c2500000, 0x00000006c2600000|  0%| F|  |TS  0|AC  0|TAMS 0x00000006c2500000, 0x00000006c2500000|
|  12|0x00000006c2600000, 0x00000006c2600000, 0x00000006c2700000|  0%| F|  |TS  0|AC  0|TAMS 0x00000006c2600000, 0x00000006c2600000|
|  13|0x00000006c2700000, 0x00000006c2700000, 0x00000006c2800000|  0%| F|  |TS  0|AC  0|TAMS 0x00000006c2700000, 0x00000006c2700000|
|  14|0x00000006c2800000, 0x00000006c2800000, 0x00000006c2900000|  0%| F|  |TS  1|AC  0|TAMS 0x00000006c2800000, 0x00000006c2800000|
|  15|0x00000006c2900000, 0x00000006c2900000, 0x00000006c2a00000|  0%| F|  |TS  0|AC  0|TAMS 0x00000006c2900000, 0x00000006c2900000|
|  16|0x00000006c2a00000, 0x00000006c2a00000, 0x00000006c2b00000|  0%| F|  |TS  0|AC  0|TAMS 0x00000006c2a00000, 0x00000006c2a00000|
|  17|0x00000006c2b00000, 0x00000006c2b00000, 0x00000006c2c00000|  0%| F|  |TS  0|AC  0|TAMS 0x00000006c2b00000, 0x00000006c2b00000|
|  18|0x00000006c2c00000, 0x00000006c2c00000, 0x00000006c2d00000|  0%| F|  |TS  0|AC  0|TAMS 0x00000006c2c00000, 0x00000006c2c00000|
|  19|0x00000006c2d00000, 0x00000006c2d00000, 0x00000006c2e00000|  0%| F|  |TS  0|AC  0|TAMS 0x00000006c2d00000, 0x00000006c2d00000|
|  20|0x00000006c2e00000, 0x00000006c2e00000, 0x00000006c2f00000|  0%| F|  |TS  0|AC  0|TAMS 0x00000006c2e00000, 0x00000006c2e00000|
|  21|0x00000006c2f00000, 0x00000006c2f00000, 0x00000006c3000000|  0%| F|  |TS  0|AC  0|TAMS 0x00000006c2f00000, 0x00000006c2f00000|
|  22|0x00000006c3000000, 0x00000006c3000000, 0x00000006c3100000|  0%| F|  |TS  0|AC  0|TAMS 0x00000006c3000000, 0x00000006c3000000|
|  23|0x00000006c3100000, 0x00000006c3100000, 0x00000006c3200000|  0%| F|  |TS  0|AC  0|TAMS 0x00000006c3100000, 0x00000006c3100000|
|  24|0x00000006c3200000, 0x00000006c3200000, 0x00000006c3300000|  0%| F|  |TS  0|AC  0|TAMS 0x00000006c3200000, 0x00000006c3200000|
|  25|0x00000006c3300000, 0x00000006c3300000, 0x00000006c3400000|  0%| F|  |TS  0|AC  0|TAMS 0x00000006c3300000, 0x00000006c3300000|
|  26|0x00000006c3400000, 0x00000006c3400000, 0x00000006c3500000|  0%| F|  |TS  0|AC  0|TAMS 0x00000006c3400000, 0x00000006c3400000|
|  27|0x00000006c3500000, 0x00000006c3500000, 0x00000006c3600000|  0%| F|  |TS  0|AC  0|TAMS 0x00000006c3500000, 0x00000006c3500000|
|  28|0x00000006c3600000, 0x00000006c3600000, 0x00000006c3700000|  0%| F|  |TS  0|AC  0|TAMS 0x00000006c3600000, 0x00000006c3600000|
|  29|0x00000006c3700000, 0x00000006c3700000, 0x00000006c3800000|  0%| F|  |TS  0|AC  0|TAMS 0x00000006c3700000, 0x00000006c3700000|
|  30|0x00000006c3800000, 0x00000006c3800000, 0x00000006c3900000|  0%| F|  |TS  0|AC  0|TAMS 0x00000006c3800000, 0x00000006c3800000|
|  31|0x00000006c3900000, 0x00000006c3900000, 0x00000006c3a00000|  0%| F|  |TS  0|AC  0|TAMS 0x00000006c3900000, 0x00000006c3900000|
|  32|0x00000006c3a00000, 0x00000006c3a00000, 0x00000006c3b00000|  0%| F|  |TS  0|AC  0|TAMS 0x00000006c3a00000, 0x00000006c3a00000|
|  33|0x00000006c3b00000, 0x00000006c3b00000, 0x00000006c3c00000|  0%| F|  |TS  0|AC  0|TAMS 0x00000006c3b00000, 0x00000006c3b00000|
|  34|0x00000006c3c00000, 0x00000006c3c00000, 0x00000006c3d00000|  0%| F|  |TS  0|AC  0|TAMS 0x00000006c3c00000, 0x00000006c3c00000|
|  35|0x00000006c3d00000, 0x00000006c3d00000, 0x00000006c3e00000|  0%| F|  |TS  0|AC  0|TAMS 0x00000006c3d00000, 0x00000006c3d00000|
|  36|0x00000006c3e00000, 0x00000006c3e00000, 0x00000006c3f00000|  0%| F|  |TS  0|AC  0|TAMS 0x00000006c3e00000, 0x00000006c3e00000|
|  37|0x00000006c3f00000, 0x00000006c3f00000, 0x00000006c4000000|  0%| F|  |TS  0|AC  0|TAMS 0x00000006c3f00000, 0x00000006c3f00000|
|  38|0x00000006c4000000, 0x00000006c4000000, 0x00000006c4100000|  0%| F|  |TS  0|AC  0|TAMS 0x00000006c4000000, 0x00000006c4000000|
|  39|0x00000006c4100000, 0x00000006c4100000, 0x00000006c4200000|  0%| F|  |TS  0|AC  0|TAMS 0x00000006c4100000, 0x00000006c4100000|
|  40|0x00000006c4200000, 0x00000006c4200000, 0x00000006c4300000|  0%| F|  |TS  0|AC  0|TAMS 0x00000006c4200000, 0x00000006c4200000|
|  41|0x00000006c4300000, 0x00000006c4300000, 0x00000006c4400000|  0%| F|  |TS  0|AC  0|TAMS 0x00000006c4300000, 0x00000006c4300000|
|  42|0x00000006c4400000, 0x00000006c4400000, 0x00000006c4500000|  0%| F|  |TS  0|AC  0|TAMS 0x00000006c4400000, 0x00000006c4400000|
|  43|0x00000006c4500000, 0x00000006c4500000, 0x00000006c4600000|  0%| F|  |TS  0|AC  0|TAMS 0x00000006c4500000, 0x00000006c4500000|
|  44|0x00000006c4600000, 0x00000006c4600000, 0x00000006c4700000|  0%| F|  |TS  0|AC  0|TAMS 0x00000006c4600000, 0x00000006c4600000|
|  45|0x00000006c4700000, 0x00000006c4700000, 0x00000006c4800000|  0%| F|  |TS  0|AC  0|TAMS 0x00000006c4700000, 0x00000006c4700000|
|  46|0x00000006c4800000, 0x00000006c4800000, 0x00000006c4900000|  0%| F|  |TS  0|AC  0|TAMS 0x00000006c4800000, 0x00000006c4800000|
|  47|0x00000006c4900000, 0x00000006c4900000, 0x00000006c4a00000|  0%| F|  |TS  0|AC  0|TAMS 0x00000006c4900000, 0x00000006c4900000|
|  48|0x00000006c4a00000, 0x00000006c4a00000, 0x00000006c4b00000|  0%| F|  |TS  0|AC  0|TAMS 0x00000006c4a00000, 0x00000006c4a00000|
|  49|0x00000006c4b00000, 0x00000006c4b00000, 0x00000006c4c00000|  0%| F|  |TS  0|AC  0|TAMS 0x00000006c4b00000, 0x00000006c4b00000|
|  50|0x00000006c4c00000, 0x00000006c4c00000, 0x00000006c4d00000|  0%| F|  |TS  0|AC  0|TAMS 0x00000006c4c00000, 0x00000006c4c00000|
|  51|0x00000006c4d00000, 0x00000006c4d00000, 0x00000006c4e00000|  0%| F|  |TS  0|AC  0|TAMS 0x00000006c4d00000, 0x00000006c4d00000|
|  52|0x00000006c4e00000, 0x00000006c4e00000, 0x00000006c4f00000|  0%| F|  |TS  0|AC  0|TAMS 0x00000006c4e00000, 0x00000006c4e00000|
|  53|0x00000006c4f00000, 0x00000006c4f00000, 0x00000006c5000000|  0%| F|  |TS  0|AC  0|TAMS 0x00000006c4f00000, 0x00000006c4f00000|
|  54|0x00000006c5000000, 0x00000006c5000000, 0x00000006c5100000|  0%| F|  |TS  0|AC  0|TAMS 0x00000006c5000000, 0x00000006c5000000|
|  55|0x00000006c5100000, 0x00000006c5100000, 0x00000006c5200000|  0%| F|  |TS  0|AC  0|TAMS 0x00000006c5100000, 0x00000006c5100000|
|  56|0x00000006c5200000, 0x00000006c5200000, 0x00000006c5300000|  0%| F|  |TS  0|AC  0|TAMS 0x00000006c5200000, 0x00000006c5200000|
|  57|0x00000006c5300000, 0x00000006c5300000, 0x00000006c5400000|  0%| F|  |TS  0|AC  0|TAMS 0x00000006c5300000, 0x00000006c5300000|
|  58|0x00000006c5400000, 0x00000006c5400000, 0x00000006c5500000|  0%| F|  |TS  0|AC  0|TAMS 0x00000006c5400000, 0x00000006c5400000|
|  59|0x00000006c5500000, 0x00000006c5500000, 0x00000006c5600000|  0%| F|  |TS  0|AC  0|TAMS 0x00000006c5500000, 0x00000006c5500000|
|  60|0x00000006c5600000, 0x00000006c5600000, 0x00000006c5700000|  0%| F|  |TS  0|AC  0|TAMS 0x00000006c5600000, 0x00000006c5600000|
|  61|0x00000006c5700000, 0x00000006c5700000, 0x00000006c5800000|  0%| F|  |TS  0|AC  0|TAMS 0x00000006c5700000, 0x00000006c5700000|
|  62|0x00000006c5800000, 0x00000006c5800000, 0x00000006c5900000|  0%| F|  |TS  0|AC  0|TAMS 0x00000006c5800000, 0x00000006c5800000|
|  63|0x00000006c5900000, 0x00000006c5900000, 0x00000006c5a00000|  0%| F|  |TS  0|AC  0|TAMS 0x00000006c5900000, 0x00000006c5900000|
|  64|0x00000006c5a00000, 0x00000006c5a00000, 0x00000006c5b00000|  0%| F|  |TS  0|AC  0|TAMS 0x00000006c5a00000, 0x00000006c5a00000|
|  65|0x00000006c5b00000, 0x00000006c5b00000, 0x00000006c5c00000|  0%| F|  |TS  0|AC  0|TAMS 0x00000006c5b00000, 0x00000006c5b00000|
|  66|0x00000006c5c00000, 0x00000006c5c00000, 0x00000006c5d00000|  0%| F|  |TS  0|AC  0|TAMS 0x00000006c5c00000, 0x00000006c5c00000|
|  67|0x00000006c5d00000, 0x00000006c5d00000, 0x00000006c5e00000|  0%| F|  |TS  0|AC  0|TAMS 0x00000006c5d00000, 0x00000006c5d00000|
|  68|0x00000006c5e00000, 0x00000006c5e00000, 0x00000006c5f00000|  0%| F|  |TS  0|AC  0|TAMS 0x00000006c5e00000, 0x00000006c5e00000|
|  69|0x00000006c5f00000, 0x00000006c5f00000, 0x00000006c6000000|  0%| F|  |TS  0|AC  0|TAMS 0x00000006c5f00000, 0x00000006c5f00000|
|  70|0x00000006c6000000, 0x00000006c6000000, 0x00000006c6100000|  0%| F|  |TS  0|AC  0|TAMS 0x00000006c6000000, 0x00000006c6000000|
|  71|0x00000006c6100000, 0x00000006c6100000, 0x00000006c6200000|  0%| F|  |TS  0|AC  0|TAMS 0x00000006c6100000, 0x00000006c6100000|
|  72|0x00000006c6200000, 0x00000006c6200000, 0x00000006c6300000|  0%| F|  |TS  0|AC  0|TAMS 0x00000006c6200000, 0x00000006c6200000|
|  73|0x00000006c6300000, 0x00000006c6300000, 0x00000006c6400000|  0%| F|  |TS  0|AC  0|TAMS 0x00000006c6300000, 0x00000006c6300000|
|  74|0x00000006c6400000, 0x00000006c6400000, 0x00000006c6500000|  0%| F|  |TS  0|AC  0|TAMS 0x00000006c6400000, 0x00000006c6400000|
|  75|0x00000006c6500000, 0x00000006c6500000, 0x00000006c6600000|  0%| F|  |TS  0|AC  0|TAMS 0x00000006c6500000, 0x00000006c6500000|
|  76|0x00000006c6600000, 0x00000006c6600000, 0x00000006c6700000|  0%| F|  |TS  0|AC  0|TAMS 0x00000006c6600000, 0x00000006c6600000|
|  77|0x00000006c6700000, 0x00000006c6700000, 0x00000006c6800000|  0%| F|  |TS  0|AC  0|TAMS 0x00000006c6700000, 0x00000006c6700000|
|  78|0x00000006c6800000, 0x00000006c6800000, 0x00000006c6900000|  0%| F|  |TS  0|AC  0|TAMS 0x00000006c6800000, 0x00000006c6800000|
|  79|0x00000006c6900000, 0x00000006c6900000, 0x00000006c6a00000|  0%| F|  |TS  0|AC  0|TAMS 0x00000006c6900000, 0x00000006c6900000|
|  80|0x00000006c6a00000, 0x00000006c6a00000, 0x00000006c6b00000|  0%| F|  |TS  0|AC  0|TAMS 0x00000006c6a00000, 0x00000006c6a00000|
|  81|0x00000006c6b00000, 0x00000006c6b00000, 0x00000006c6c00000|  0%| F|  |TS  0|AC  0|TAMS 0x00000006c6b00000, 0x00000006c6b00000|
|  82|0x00000006c6c00000, 0x00000006c6c00000, 0x00000006c6d00000|  0%| F|  |TS  0|AC  0|TAMS 0x00000006c6c00000, 0x00000006c6c00000|
|  83|0x00000006c6d00000, 0x00000006c6d00000, 0x00000006c6e00000|  0%| F|  |TS  0|AC  0|TAMS 0x00000006c6d00000, 0x00000006c6d00000|
|  84|0x00000006c6e00000, 0x00000006c6e00000, 0x00000006c6f00000|  0%| F|  |TS  0|AC  0|TAMS 0x00000006c6e00000, 0x00000006c6e00000|
|  85|0x00000006c6f00000, 0x00000006c6f00000, 0x00000006c7000000|  0%| F|  |TS  0|AC  0|TAMS 0x00000006c6f00000, 0x00000006c6f00000|
|  86|0x00000006c7000000, 0x00000006c7000000, 0x00000006c7100000|  0%| F|  |TS  0|AC  0|TAMS 0x00000006c7000000, 0x00000006c7000000|
|  87|0x00000006c7100000, 0x00000006c7100000, 0x00000006c7200000|  0%| F|  |TS  0|AC  0|TAMS 0x00000006c7100000, 0x00000006c7100000|
|  88|0x00000006c7200000, 0x00000006c7200000, 0x00000006c7300000|  0%| F|  |TS  0|AC  0|TAMS 0x00000006c7200000, 0x00000006c7200000|
|  89|0x00000006c7300000, 0x00000006c7300000, 0x00000006c7400000|  0%| F|  |TS  0|AC  0|TAMS 0x00000006c7300000, 0x00000006c7300000|
|  90|0x00000006c7400000, 0x00000006c7400000, 0x00000006c7500000|  0%| F|  |TS  0|AC  0|TAMS 0x00000006c7400000, 0x00000006c7400000|
|  91|0x00000006c7500000, 0x00000006c7500000, 0x00000006c7600000|  0%| F|  |TS  0|AC  0|TAMS 0x00000006c7500000, 0x00000006c7500000|
|  92|0x00000006c7600000, 0x00000006c7600000, 0x00000006c7700000|  0%| F|  |TS  0|AC  0|TAMS 0x00000006c7600000, 0x00000006c7600000|
|  93|0x00000006c7700000, 0x00000006c7800000, 0x00000006c7800000|100%| S|CS|TS  1|AC  0|TAMS 0x00000006c7700000, 0x00000006c7700000|
|  94|0x00000006c7800000, 0x00000006c7900000, 0x00000006c7900000|100%| S|CS|TS  1|AC  0|TAMS 0x00000006c7800000, 0x00000006c7800000|
|  95|0x00000006c7900000, 0x00000006c7a00000, 0x00000006c7a00000|100%| S|CS|TS  1|AC  0|TAMS 0x00000006c7900000, 0x00000006c7900000|
|  96|0x00000006c7a00000, 0x00000006c7b00000, 0x00000006c7b00000|100%| S|CS|TS  1|AC  0|TAMS 0x00000006c7a00000, 0x00000006c7a00000|
|  97|0x00000006c7b00000, 0x00000006c7c00000, 0x00000006c7c00000|100%| S|CS|TS  1|AC  0|TAMS 0x00000006c7b00000, 0x00000006c7b00000|
|  98|0x00000006c7c00000, 0x00000006c7c00000, 0x00000006c7d00000|  0%| F|  |TS  1|AC  0|TAMS 0x00000006c7c00000, 0x00000006c7c00000|
|  99|0x00000006c7d00000, 0x00000006c7d00000, 0x00000006c7e00000|  0%| F|  |TS  1|AC  0|TAMS 0x00000006c7d00000, 0x00000006c7d00000|
| 100|0x00000006c7e00000, 0x00000006c7e00000, 0x00000006c7f00000|  0%| F|  |TS  1|AC  0|TAMS 0x00000006c7e00000, 0x00000006c7e00000|
| 101|0x00000006c7f00000, 0x00000006c7f00000, 0x00000006c8000000|  0%| F|  |TS  1|AC  0|TAMS 0x00000006c7f00000, 0x00000006c7f00000|
| 102|0x00000006c8000000, 0x00000006c8000000, 0x00000006c8100000|  0%| F|  |TS  1|AC  0|TAMS 0x00000006c8000000, 0x00000006c8000000|
| 103|0x00000006c8100000, 0x00000006c8100000, 0x00000006c8200000|  0%| F|  |TS  1|AC  0|TAMS 0x00000006c8100000, 0x00000006c8100000|
| 104|0x00000006c8200000, 0x00000006c8200000, 0x00000006c8300000|  0%| F|  |TS  1|AC  0|TAMS 0x00000006c8200000, 0x00000006c8200000|
| 105|0x00000006c8300000, 0x00000006c8300000, 0x00000006c8400000|  0%| F|  |TS  1|AC  0|TAMS 0x00000006c8300000, 0x00000006c8300000|
| 106|0x00000006c8400000, 0x00000006c8400000, 0x00000006c8500000|  0%| F|  |TS  1|AC  0|TAMS 0x00000006c8400000, 0x00000006c8400000|
| 107|0x00000006c8500000, 0x00000006c8500000, 0x00000006c8600000|  0%| F|  |TS  1|AC  0|TAMS 0x00000006c8500000, 0x00000006c8500000|
| 108|0x00000006c8600000, 0x00000006c8600000, 0x00000006c8700000|  0%| F|  |TS  1|AC  0|TAMS 0x00000006c8600000, 0x00000006c8600000|
| 109|0x00000006c8700000, 0x00000006c8700000, 0x00000006c8800000|  0%| F|  |TS  1|AC  0|TAMS 0x00000006c8700000, 0x00000006c8700000|
| 110|0x00000006c8800000, 0x00000006c8800000, 0x00000006c8900000|  0%| F|  |TS  1|AC  0|TAMS 0x00000006c8800000, 0x00000006c8800000|
| 111|0x00000006c8900000, 0x00000006c8900000, 0x00000006c8a00000|  0%| F|  |TS  1|AC  0|TAMS 0x00000006c8900000, 0x00000006c8900000|
| 112|0x00000006c8a00000, 0x00000006c8a00000, 0x00000006c8b00000|  0%| F|  |TS  1|AC  0|TAMS 0x00000006c8a00000, 0x00000006c8a00000|
| 113|0x00000006c8b00000, 0x00000006c8b80800, 0x00000006c8c00000| 50%| E|  |TS  1|AC  0|TAMS 0x00000006c8b00000, 0x00000006c8b00000|
| 114|0x00000006c8c00000, 0x00000006c8d00000, 0x00000006c8d00000|100%| E|CS|TS  1|AC  0|TAMS 0x00000006c8c00000, 0x00000006c8c00000|
| 115|0x00000006c8d00000, 0x00000006c8e00000, 0x00000006c8e00000|100%| E|CS|TS  1|AC  0|TAMS 0x00000006c8d00000, 0x00000006c8d00000|
| 116|0x00000006c8e00000, 0x00000006c8f00000, 0x00000006c8f00000|100%| E|CS|TS  1|AC  0|TAMS 0x00000006c8e00000, 0x00000006c8e00000|
| 117|0x00000006c8f00000, 0x00000006c9000000, 0x00000006c9000000|100%| E|CS|TS  1|AC  0|TAMS 0x00000006c8f00000, 0x00000006c8f00000|
| 118|0x00000006c9000000, 0x00000006c9100000, 0x00000006c9100000|100%| E|CS|TS  1|AC  0|TAMS 0x00000006c9000000, 0x00000006c9000000|
| 119|0x00000006c9100000, 0x00000006c9200000, 0x00000006c9200000|100%| E|CS|TS  1|AC  0|TAMS 0x00000006c9100000, 0x00000006c9100000|
| 120|0x00000006c9200000, 0x00000006c9300000, 0x00000006c9300000|100%| E|CS|TS  1|AC  0|TAMS 0x00000006c9200000, 0x00000006c9200000|
| 121|0x00000006c9300000, 0x00000006c9400000, 0x00000006c9400000|100%| E|CS|TS  1|AC  0|TAMS 0x00000006c9300000, 0x00000006c9300000|
| 122|0x00000006c9400000, 0x00000006c9500000, 0x00000006c9500000|100%| E|CS|TS  1|AC  0|TAMS 0x00000006c9400000, 0x00000006c9400000|
| 123|0x00000006c9500000, 0x00000006c9600000, 0x00000006c9600000|100%| E|CS|TS  1|AC  0|TAMS 0x00000006c9500000, 0x00000006c9500000|
| 124|0x00000006c9600000, 0x00000006c9700000, 0x00000006c9700000|100%| E|CS|TS  1|AC  0|TAMS 0x00000006c9600000, 0x00000006c9600000|
| 125|0x00000006c9700000, 0x00000006c9800000, 0x00000006c9800000|100%| E|CS|TS  1|AC  0|TAMS 0x00000006c9700000, 0x00000006c9700000|
| 126|0x00000006c9800000, 0x00000006c9900000, 0x00000006c9900000|100%| E|CS|TS  1|AC  0|TAMS 0x00000006c9800000, 0x00000006c9800000|
| 127|0x00000006c9900000, 0x00000006c9a00000, 0x00000006c9a00000|100%| E|CS|TS  1|AC  0|TAMS 0x00000006c9900000, 0x00000006c9900000|
| 128|0x00000006c9a00000, 0x00000006c9b00000, 0x00000006c9b00000|100%| E|CS|TS  1|AC  0|TAMS 0x00000006c9a00000, 0x00000006c9a00000|
| 129|0x00000006c9b00000, 0x00000006c9c00000, 0x00000006c9c00000|100%| E|CS|TS  1|AC  0|TAMS 0x00000006c9b00000, 0x00000006c9b00000|
| 130|0x00000006c9c00000, 0x00000006c9d00000, 0x00000006c9d00000|100%| E|CS|TS  1|AC  0|TAMS 0x00000006c9c00000, 0x00000006c9c00000|
| 131|0x00000006c9d00000, 0x00000006c9e00000, 0x00000006c9e00000|100%| E|CS|TS  1|AC  0|TAMS 0x00000006c9d00000, 0x00000006c9d00000|
| 132|0x00000006c9e00000, 0x00000006c9f00000, 0x00000006c9f00000|100%| E|CS|TS  1|AC  0|TAMS 0x00000006c9e00000, 0x00000006c9e00000|
| 133|0x00000006c9f00000, 0x00000006ca000000, 0x00000006ca000000|100%| E|CS|TS  1|AC  0|TAMS 0x00000006c9f00000, 0x00000006c9f00000|
| 134|0x00000006ca000000, 0x00000006ca100000, 0x00000006ca100000|100%| E|CS|TS  1|AC  0|TAMS 0x00000006ca000000, 0x00000006ca000000|
| 135|0x00000006ca100000, 0x00000006ca200000, 0x00000006ca200000|100%| E|CS|TS  1|AC  0|TAMS 0x00000006ca100000, 0x00000006ca100000|

Card table byte_map: [0x000001f3f6960000,0x000001f3f7160000] byte_map_base: 0x000001f3f3353000

Marking Bits (Prev, Next): (CMBitMap*) 0x000001f3ff9283f0, (CMBitMap*) 0x000001f3ff928428
 Prev Bits: [0x000001f3f7960000, 0x000001f3fb8f8000)
 Next Bits: [0x000001f3fb900000, 0x000001f3ff898000)

Polling page: 0x000001f3dd9f0000

CodeHeap 'non-profiled nmethods': size=120000Kb used=659Kb max_used=659Kb free=119340Kb
 bounds [0x000001f3ed9c0000, 0x000001f3edc30000, 0x000001f3f4ef0000]
CodeHeap 'profiled nmethods': size=120000Kb used=838Kb max_used=982Kb free=119161Kb
 bounds [0x000001f3e6490000, 0x000001f3e6700000, 0x000001f3ed9c0000]
CodeHeap 'non-nmethods': size=5760Kb used=1210Kb max_used=1252Kb free=4550Kb
 bounds [0x000001f3e5ef0000, 0x000001f3e6160000, 0x000001f3e6490000]
 total_blobs=1149 nmethods=502 adapters=271
 compilation: enabled

Compilation events (10 events):
Event: 6.808 Thread 0x000001f382d49800  511 %     4       solver.cp.ORASolverByMIP::solveWithAllActivities @ 617 (1157 bytes)
Event: 7.285 Thread 0x000001f382d43000  512       4       java.lang.StringLatin1::newString (17 bytes)
Event: 7.286 Thread 0x000001f382d47000  513       4       java.lang.AbstractStringBuilder::isLatin1 (19 bytes)
Event: 7.286 Thread 0x000001f382d47000 nmethod 513 0x000001f3eda51790 code [0x000001f3eda51920, 0x000001f3eda51998]
Event: 7.290 Thread 0x000001f382d43000 nmethod 512 0x000001f3eda51a10 code [0x000001f3eda51bc0, 0x000001f3eda51f78]
Event: 8.517 Thread 0x000001f382d49800 nmethod 511% 0x000001f3eda52110 code [0x000001f3eda52880, 0x000001f3eda5b0c0]
Event: 9.070 Thread 0x000001f382d47000  514       4       solver.cp.ORASolverByMIP::solveWithAllActivities (1157 bytes)
Event: 10.011 Thread 0x000001f382d47000 nmethod 514 0x000001f3eda60e10 code [0x000001f3eda617e0, 0x000001f3eda6b0f0]
Event: 25.354 Thread 0x000001f382d4a000  515   !   3       java.io.PrintStream::println (24 bytes)
Event: 25.405 Thread 0x000001f382d4a000 nmethod 515 0x000001f3e652ac90 code [0x000001f3e652ae80, 0x000001f3e652b360]

GC Heap History (10 events):
Event: 25.354 GC heap before
{Heap before GC invocations=255 (full 42):
 garbage-first heap   total 139264K, used 35216K [0x00000006c1a00000, 0x00000006c1b00440, 0x00000007c0000000)
  region size 1024K, 28 young (28672K), 5 survivors (5120K)
 Metaspace       used 5719K, capacity 5890K, committed 6016K, reserved 1056768K
  class space    used 541K, capacity 570K, committed 640K, reserved 1048576K
}
Event: 25.404 GC heap after
{Heap after GC invocations=256 (full 43):
 garbage-first heap   total 16384K, used 4887K [0x00000006c1a00000, 0x00000006c1b00080, 0x00000007c0000000)
  region size 1024K, 0 young (0K), 0 survivors (0K)
 Metaspace       used 5719K, capacity 5890K, committed 6016K, reserved 1056768K
  class space    used 541K, capacity 570K, committed 640K, reserved 1048576K
}
Event: 25.424 GC heap before
{Heap before GC invocations=256 (full 43):
 garbage-first heap   total 16384K, used 7959K [0x00000006c1a00000, 0x00000006c1b00080, 0x00000007c0000000)
  region size 1024K, 3 young (3072K), 0 survivors (0K)
 Metaspace       used 5719K, capacity 5890K, committed 6016K, reserved 1056768K
  class space    used 541K, capacity 570K, committed 640K, reserved 1048576K
}
Event: 25.427 GC heap after
{Heap after GC invocations=257 (full 43):
 garbage-first heap   total 16384K, used 7030K [0x00000006c1a00000, 0x00000006c1b00080, 0x00000007c0000000)
  region size 1024K, 1 young (1024K), 1 survivors (1024K)
 Metaspace       used 5719K, capacity 5890K, committed 6016K, reserved 1056768K
  class space    used 541K, capacity 570K, committed 640K, reserved 1048576K
}
Event: 25.441 GC heap before
{Heap before GC invocations=257 (full 43):
 garbage-first heap   total 16384K, used 9078K [0x00000006c1a00000, 0x00000006c1b00080, 0x00000007c0000000)
  region size 1024K, 3 young (3072K), 1 survivors (1024K)
 Metaspace       used 5719K, capacity 5890K, committed 6016K, reserved 1056768K
  class space    used 541K, capacity 570K, committed 640K, reserved 1048576K
}
Event: 25.445 GC heap after
{Heap after GC invocations=258 (full 43):
 garbage-first heap   total 16384K, used 8546K [0x00000006c1a00000, 0x00000006c1b00080, 0x00000007c0000000)
  region size 1024K, 1 young (1024K), 1 survivors (1024K)
 Metaspace       used 5719K, capacity 5890K, committed 6016K, reserved 1056768K
  class space    used 541K, capacity 570K, committed 640K, reserved 1048576K
}
Event: 25.451 GC heap before
{Heap before GC invocations=258 (full 43):
 garbage-first heap   total 16384K, used 9570K [0x00000006c1a00000, 0x00000006c1b00080, 0x00000007c0000000)
  region size 1024K, 2 young (2048K), 1 survivors (1024K)
 Metaspace       used 5719K, capacity 5890K, committed 6016K, reserved 1056768K
  class space    used 541K, capacity 570K, committed 640K, reserved 1048576K
}
Event: 25.458 GC heap after
{Heap after GC invocations=259 (full 43):
 garbage-first heap   total 139264K, used 9562K [0x00000006c1a00000, 0x00000006c1b00440, 0x00000007c0000000)
  region size 1024K, 1 young (1024K), 1 survivors (1024K)
 Metaspace       used 5719K, capacity 5890K, committed 6016K, reserved 1056768K
  class space    used 541K, capacity 570K, committed 640K, reserved 1048576K
}
Event: 25.590 GC heap before
{Heap before GC invocations=260 (full 43):
 garbage-first heap   total 139264K, used 46658K [0x00000006c1a00000, 0x00000006c1b00440, 0x00000007c0000000)
  region size 1024K, 39 young (39936K), 1 survivors (1024K)
 Metaspace       used 5719K, capacity 5890K, committed 6016K, reserved 1056768K
  class space    used 541K, capacity 570K, committed 640K, reserved 1048576K
}
Event: 25.601 GC heap after
{Heap after GC invocations=261 (full 43):
 garbage-first heap   total 139264K, used 12768K [0x00000006c1a00000, 0x00000006c1b00440, 0x00000007c0000000)
  region size 1024K, 5 young (5120K), 5 survivors (5120K)
 Metaspace       used 5719K, capacity 5890K, committed 6016K, reserved 1056768K
  class space    used 541K, capacity 570K, committed 640K, reserved 1048576K
}

Deoptimization events (10 events):
Event: 0.688 Thread 0x000001f3dda42000 Uncommon trap: reason=class_check action=maybe_recompile pc=0x000001f3ed9d0e0c method=java.nio.Buffer.<init>(IIII)V @ 33 c2
Event: 0.688 Thread 0x000001f3dda42000 Uncommon trap: reason=class_check action=maybe_recompile pc=0x000001f3ed9d0e0c method=java.nio.Buffer.<init>(IIII)V @ 33 c2
Event: 0.688 Thread 0x000001f3dda42000 Uncommon trap: reason=class_check action=maybe_recompile pc=0x000001f3ed9d0e0c method=java.nio.Buffer.<init>(IIII)V @ 33 c2
Event: 0.690 Thread 0x000001f3dda42000 Uncommon trap: reason=bimorphic_or_optimized_type_check action=maybe_recompile pc=0x000001f3ed9f2284 method=java.lang.String.valueOf(Ljava/lang/Object;)Ljava/lang/String; @ 11 c2
Event: 0.692 Thread 0x000001f3dda42000 Uncommon trap: reason=bimorphic_or_optimized_type_check action=maybe_recompile pc=0x000001f3ed9f2284 method=java.lang.String.valueOf(Ljava/lang/Object;)Ljava/lang/String; @ 11 c2
Event: 0.961 Thread 0x000001f3dda42000 Uncommon trap: reason=unstable_if action=reinterpret pc=0x000001f3ed9f28f4 method=java.util.HashMap.getNode(ILjava/lang/Object;)Ljava/util/HashMap$Node; @ 49 c2
Event: 0.961 Thread 0x000001f3dda42000 Uncommon trap: reason=unstable_if action=reinterpret pc=0x000001f3ed9f1c48 method=java.util.HashMap.getNode(ILjava/lang/Object;)Ljava/util/HashMap$Node; @ 49 c2
Event: 1.639 Thread 0x000001f3dda42000 Uncommon trap: reason=unreached action=reinterpret pc=0x000001f3eda09950 method=solver.cp.ORASolverByMIP.solveWithAllActivities(Z)Z @ 507 c2
Event: 2.606 Thread 0x000001f3dda42000 Uncommon trap: reason=unstable_if action=reinterpret pc=0x000001f3eda136bc method=solver.cp.ORASolverByMIP.solveWithAllActivities(Z)Z @ 732 c2
Event: 3.082 Thread 0x000001f382520000 Uncommon trap: reason=unstable_if action=reinterpret pc=0x000001f3eda1e328 method=java.lang.ref.Reference.processPendingReferences()V @ 28 c2

Classes redefined (0 events):
No events

Internal exceptions (2 events):
Event: 0.307 Thread 0x000001f3dda42000 Exception <a 'java/lang/NoSuchMethodError'{0x00000006d16605f0}: java.lang.Object.lambda$union$2(Ljava/util/regex/Pattern$CharPredicate;I)Z> (0x00000006d16605f0) thrown at [t:/workspace/hotspot/src/share/vm/interpreter/linkResolver.cpp, line 731]
Event: 3.082 Thread 0x000001f382520000 Implicit null exception at 0x000001f3eda1daba to 0x000001f3eda1e319

Events (10 events):
Event: 25.441 Executing VM operation: G1IncCollectionPause
Event: 25.445 Executing VM operation: G1IncCollectionPause done
Event: 25.451 Executing VM operation: G1IncCollectionPause
Event: 25.458 Executing VM operation: G1IncCollectionPause done
Event: 25.474 Executing VM operation: CGC_Operation
Event: 25.475 Executing VM operation: CGC_Operation done
Event: 25.476 Executing VM operation: CGC_Operation
Event: 25.476 Executing VM operation: CGC_Operation done
Event: 25.590 Executing VM operation: G1IncCollectionPause
Event: 25.601 Executing VM operation: G1IncCollectionPause done


Dynamic libraries:
0x00007ff716300000 - 0x00007ff71633e000 	C:\Program Files\AnyLogic 8.3 Professional\jre\bin\javaw.exe
0x00007ffe6d6d0000 - 0x00007ffe6d8b1000 	C:\WINDOWS\SYSTEM32\ntdll.dll
0x00007ffe6b7d0000 - 0x00007ffe6b881000 	C:\WINDOWS\System32\KERNEL32.DLL
0x00007ffe6a0b0000 - 0x00007ffe6a323000 	C:\WINDOWS\System32\KERNELBASE.dll
0x00007ffe6b2f0000 - 0x00007ffe6b391000 	C:\WINDOWS\System32\ADVAPI32.dll
0x00007ffe6b890000 - 0x00007ffe6b92e000 	C:\WINDOWS\System32\msvcrt.dll
0x00007ffe6ad10000 - 0x00007ffe6ad6b000 	C:\WINDOWS\System32\sechost.dll
0x00007ffe6b6a0000 - 0x00007ffe6b7c4000 	C:\WINDOWS\System32\RPCRT4.dll
0x00007ffe6af60000 - 0x00007ffe6b0f0000 	C:\WINDOWS\System32\USER32.dll
0x00007ffe6a330000 - 0x00007ffe6a350000 	C:\WINDOWS\System32\win32u.dll
0x00007ffe6b250000 - 0x00007ffe6b278000 	C:\WINDOWS\System32\GDI32.dll
0x00007ffe69e00000 - 0x00007ffe69f92000 	C:\WINDOWS\System32\gdi32full.dll
0x00007ffe69aa0000 - 0x00007ffe69b3f000 	C:\WINDOWS\System32\msvcp_win.dll
0x00007ffe6aa60000 - 0x00007ffe6ab58000 	C:\WINDOWS\System32\ucrtbase.dll
0x00007ffe59000000 - 0x00007ffe59269000 	C:\WINDOWS\WinSxS\amd64_microsoft.windows.common-controls_6595b64144ccf1df_6.0.17134.765_none_fb42a1a930655896\COMCTL32.dll
0x00007ffe6be90000 - 0x00007ffe6c1b2000 	C:\WINDOWS\System32\combase.dll
0x00007ffe5ce80000 - 0x00007ffe5ce8a000 	C:\WINDOWS\SYSTEM32\VERSION.dll
0x00007ffe69d30000 - 0x00007ffe69daa000 	C:\WINDOWS\System32\bcryptPrimitives.dll
0x00007ffe6c1c0000 - 0x00007ffe6c1ed000 	C:\WINDOWS\System32\IMM32.DLL
0x00007ffe3cdf0000 - 0x00007ffe3cedf000 	C:\Program Files\AnyLogic 8.3 Professional\jre\bin\msvcr120.dll
0x00007ffe426f0000 - 0x00007ffe42796000 	C:\Program Files\AnyLogic 8.3 Professional\jre\bin\msvcp120.dll
0x0000000059260000 - 0x0000000059c84000 	C:\Program Files\AnyLogic 8.3 Professional\jre\bin\server\jvm.dll
0x00007ffe6b690000 - 0x00007ffe6b698000 	C:\WINDOWS\System32\PSAPI.DLL
0x00007ffe5ce40000 - 0x00007ffe5ce49000 	C:\WINDOWS\SYSTEM32\WSOCK32.dll
0x00007ffe6c1f0000 - 0x00007ffe6c25c000 	C:\WINDOWS\System32\WS2_32.dll
0x00007ffe5a780000 - 0x00007ffe5a7a3000 	C:\WINDOWS\SYSTEM32\WINMM.dll
0x00007ffe5a750000 - 0x00007ffe5a77a000 	C:\WINDOWS\SYSTEM32\winmmbase.dll
0x00007ffe69db0000 - 0x00007ffe69df9000 	C:\WINDOWS\System32\cfgmgr32.dll
0x00007ffe58820000 - 0x00007ffe5882f000 	C:\Program Files\AnyLogic 8.3 Professional\jre\bin\verify.dll
0x00007ffe48cc0000 - 0x00007ffe48ce7000 	C:\Program Files\AnyLogic 8.3 Professional\jre\bin\java.dll
0x00007ffe4b0f0000 - 0x00007ffe4b106000 	C:\Program Files\AnyLogic 8.3 Professional\jre\bin\zip.dll
0x00007ffe58600000 - 0x00007ffe5860a000 	C:\Program Files\AnyLogic 8.3 Professional\jre\bin\jimage.dll
0x00007ffe6c260000 - 0x00007ffe6d6a0000 	C:\WINDOWS\System32\SHELL32.dll
0x00007ffe6bd80000 - 0x00007ffe6be29000 	C:\WINDOWS\System32\shcore.dll
0x00007ffe6a350000 - 0x00007ffe6aa5d000 	C:\WINDOWS\System32\windows.storage.dll
0x00007ffe6af00000 - 0x00007ffe6af51000 	C:\WINDOWS\System32\shlwapi.dll
0x00007ffe69a80000 - 0x00007ffe69a91000 	C:\WINDOWS\System32\kernel.appcore.dll
0x00007ffe69a60000 - 0x00007ffe69a7f000 	C:\WINDOWS\System32\profapi.dll
0x00007ffe69a00000 - 0x00007ffe69a4c000 	C:\WINDOWS\System32\powrprof.dll
0x00007ffe69a50000 - 0x00007ffe69a5a000 	C:\WINDOWS\System32\FLTLIB.DLL
0x00007ffe46c40000 - 0x00007ffe46c5a000 	C:\Program Files\AnyLogic 8.3 Professional\jre\bin\net.dll
0x00007ffe66480000 - 0x00007ffe6655d000 	C:\WINDOWS\SYSTEM32\WINHTTP.dll
0x00007ffe691e0000 - 0x00007ffe69246000 	C:\WINDOWS\system32\mswsock.dll
0x00007ffe445f0000 - 0x00007ffe44601000 	C:\Program Files\AnyLogic 8.3 Professional\jre\bin\nio.dll
0x00007ffe1f4f0000 - 0x00007ffe20689000 	D:\osramjava\workspace\MultiskillScheduling\jniortools.dll
0x00007ffe5dd40000 - 0x00007ffe5dd56000 	C:\Program Files\AnyLogic 8.3 Professional\jre\bin\VCRUNTIME140.dll
0x00007ffe3f880000 - 0x00007ffe3f91c000 	C:\Program Files\AnyLogic 8.3 Professional\jre\bin\MSVCP140.dll
0x00007ffe61710000 - 0x00007ffe618d9000 	C:\WINDOWS\SYSTEM32\dbghelp.dll

VM Arguments:
jvm_args: -Dfile.encoding=Cp1252 
java_command: Start
java_class_path (initial): D:\osramjava\workspace\MultiskillScheduling\bin;D:\osramjava\workspace\MultiskillScheduling\libs\jcommon-1.0.23.jar;D:\osramjava\workspace\MultiskillScheduling\libs\jfreechart-1.0.19.jar;E:\or-tools\lib\com.google.ortools.jar;E:\or-tools\lib\protobuf.jar
Launcher Type: SUN_STANDARD

Logging:
Log output configuration:
#0: stdout all=warning uptime,level,tags
#1: stderr all=off uptime,level,tags

Environment Variables:
JAVA_HOME=C:\Program Files\Java\jdk1.8.0_25
JRE_HOME=C:\Program Files\Java\jre1.8.0_25
PATH=C:/Program Files/Java/jdk1.8.0_25/bin/../jre/bin/server;C:/Program Files/Java/jdk1.8.0_25/bin/../jre/bin;C:/Program Files/Java/jdk1.8.0_25/bin/../jre/lib/amd64;C:\Program Files\IBM\ILOG\CPLEX_Studio1271\opl\bin\x64_win64;C:\Program Files\IBM\ILOG\CPLEX_Studio1271\opl\oplide\;C:\Program Files\IBM\ILOG\CPLEX_Studio1271\cplex\bin\x64_win64;C:\Program Files\IBM\ILOG\CPLEX_Studio1271\cpoptimizer\bin\x64_win64;C:\Program Files (x86)\NVIDIA Corporation\PhysX\Common;C:\Program Files (x86)\Intel\iCLS Client\;C:\Program Files\Intel\iCLS Client\;C:\WINDOWS\system32;C:\WINDOWS;C:\WINDOWS\System32\Wbem;C:\WINDOWS\System32\WindowsPowerShell\v1.0\;C:\Program Files (x86)\Intel\OpenCL SDK\3.0\bin\x86;C:\Program Files (x86)\Intel\OpenCL SDK\3.0\bin\x64;C:\Program Files\Condusiv Technologies\ExpressCache\;C:\ProgramData\Lenovo\ReadyApps;C:\maven\apache-maven-3.1.1/bin;C:\Program Files\Intel\Intel(R) Management Engine Components\DAL;C:\Program Files\Intel\Intel(R) Management Engine Components\IPT;C:\Program Files (x86)\Intel\Intel(R) Management Engine Components\DAL;C:\Program Files (x86)\Intel\Intel(R) Management Engine Components\IPT;C:\Program Files\Intel\WiFi\bin\;C:\Program Files\Common Files\Intel\WirelessCommon\;C:\apache-tomcat-7.0.34\bin;C:\Program Files (x86)\Common Files\Adobe\AGL;C:\Program Files\TortoiseSVN\bin;C:\WINDOWS\system32\config\systemprofile\.dnx\bin;C:\Program Files\Microsoft DNX\Dnvm\;C:\Program Files (x86)\Windows Kits\8.1\Windows Performance Toolkit\;C:\Program Files (x86)\VisualSVN\bin;C:\Program Files\Java\jdk1.8.0_25\bin;C:\WINDOWS\System32\OpenSSH\;C:\Users\shufang xie\AppData\Local\Programs\Python\Python35-32\Scripts\;C:\Users\shufang xie\AppData\Local\Programs\Python\Python35-32\;C:\Program Files\Intel\WiFi\bin\;C:\Program Files\Common Files\Intel\WirelessCommon\;C:\Users\shufang xie\AppData\Local\Microsoft\WindowsApps;;F:\eclipse-java-photon-R-win32-x86_64\eclipse;
USERNAME=Zhang
OS=Windows_NT
PROCESSOR_IDENTIFIER=Intel64 Family 6 Model 60 Stepping 3, GenuineIntel



---------------  S Y S T E M  ---------------

OS: Windows 10 , 64 bit Build 17134 (10.0.17134.753)

CPU:total 8 (initial active 8) (4 cores per cpu, 2 threads per core) family 6 model 60 stepping 3, cmov, cx8, fxsr, mmx, sse, sse2, sse3, ssse3, sse4.1, sse4.2, popcnt, avx, avx2, aes, clmul, erms, lzcnt, ht, tsc, tscinvbit, bmi1, bmi2, fma

Memory: 4k page, physical 16665224k(8551924k free), swap 26750572k(13421720k free)

vm_info: Java HotSpot(TM) 64-Bit Server VM (9.0.1+11) for windows-amd64 JRE (9.0.1+11), built on Sep 28 2017 04:54:03 by "mach5one" with MS VC++ 12.0 (VS2013)

END.
