#
# A fatal error has been detected by the Java Runtime Environment:
#
#  EXCEPTION_ACCESS_VIOLATION (0xc0000005) at pc=0x00007ffe2b0eed66, pid=21588, tid=13452
#
# JRE version: Java(TM) SE Runtime Environment (9.0+11) (build 9.0.1+11)
# Java VM: Java HotSpot(TM) 64-Bit Server VM (9.0.1+11, mixed mode, tiered, compressed oops, g1 gc, windows-amd64)
# Problematic frame:
# C  [jniortools.dll+0x81ed66]
#
# No core dump will be written. Minidumps are not enabled by default on client versions of Windows
#
# If you would like to submit a bug report, please visit:
#   http://bugreport.java.com/bugreport/crash.jsp
# The crash happened outside the Java Virtual Machine in native code.
# See problematic frame for where to report the bug.
#

---------------  S U M M A R Y ------------

Command Line: -Dfile.encoding=Cp1252 Start

Host: Intel(R) Core(TM) i7-4702MQ CPU @ 2.20GHz, 8 cores, 15G,  Windows 10 , 64 bit Build 17134 (10.0.17134.753)
Time: Tue Jun 04 17:49:53 2019 W. Europe Daylight Time elapsed time: 3 seconds (0d 0h 0m 3s)

---------------  T H R E A D  ---------------

Current thread (0x000001cd0a411800):  JavaThread "main" [_thread_in_native, id=13452, stack(0x0000007a62d00000,0x0000007a62e00000)]

Stack: [0x0000007a62d00000,0x0000007a62e00000],  sp=0x0000007a62deee00,  free space=955k
Native frames: (J=compiled Java code, j=interpreted, Vv=VM code, C=native code)
C  [jniortools.dll+0x81ed66]
C  [jniortools.dll+0x8ca125]
C  [jniortools.dll+0x8720de]
C  [jniortools.dll+0x88ce0b]
C  [jniortools.dll+0x8a1caa]
C  [jniortools.dll+0x8a1dd8]
C  [jniortools.dll+0x5fb2c5]
C  [jniortools.dll+0x43f2d6]
C  [jniortools.dll+0x43f3eb]
C  0x000001cd1289921c

Java frames: (J=compiled Java code, j=interpreted, Vv=VM code)
j  com.google.ortools.linearsolver.main_research_linear_solverJNI.MPSolver_solve__SWIG_0(JLcom/google/ortools/linearsolver/MPSolver;)I+0
j  com.google.ortools.linearsolver.MPSolver.solve()Lcom/google/ortools/linearsolver/MPSolver$ResultStatus;+5
J 482 c2 solver.cp.ORASolverByMIP.solveWithAllActivities(Z)Z (1159 bytes) @ 0x000001cd1a3ac860 [0x000001cd1a3a7660+0x0000000000005200]
j  solver.cp.ORASolverByMIP.solveByReducingActivity(Z)Z+130
j  solver.cp.ORASolverByMIP.start(Z)Z+7
j  solver.AbstractORASlover.solve(ZZ)V+2
j  Start.main([Ljava/lang/String;)V+20
v  ~StubRoutines::call_stub

siginfo: EXCEPTION_ACCESS_VIOLATION (0xc0000005), reading address 0x000001cd38757000


Register to memory mapping:

RIP=0x00007ffe2b0eed66 jniortools.dll
RAX=0x0000000000002ff8 is an unknown value
RBX=0x000001cd323de010 is an unknown value
RCX=0x000001cd323e1008 is an unknown value
RDX=0x000001cd38757000 is an unknown value
RSP=0x0000007a62deee00 is pointing into the stack for thread: 0x000001cd0a411800
RBP=0x0000007a62deef00 is pointing into the stack for thread: 0x000001cd0a411800
RSI=0x0000000000000001 is an unknown value
RDI=0x000001cd31ba0fc8 is an unknown value
R8 =0x0000000000000bb8 is an unknown value
R9 =0x0000000000000000 is an unknown value
R10=0x0000000000000003 is an unknown value
R11=0x000001cd323de010 is an unknown value
R12=0x000001cd309b6fb0 is an unknown value
R13=0x0000000000000bea is an unknown value
R14=0x000000000000315c is an unknown value
R15=0x000001cd31b9e020 is an unknown value


Registers:
RAX=0x0000000000002ff8, RBX=0x000001cd323de010, RCX=0x000001cd323e1008, RDX=0x000001cd38757000
RSP=0x0000007a62deee00, RBP=0x0000007a62deef00, RSI=0x0000000000000001, RDI=0x000001cd31ba0fc8
R8 =0x0000000000000bb8, R9 =0x0000000000000000, R10=0x0000000000000003, R11=0x000001cd323de010
R12=0x000001cd309b6fb0, R13=0x0000000000000bea, R14=0x000000000000315c, R15=0x000001cd31b9e020
RIP=0x00007ffe2b0eed66, EFLAGS=0x0000000000010297

Top of Stack: (sp=0x0000007a62deee00)
0x0000007a62deee00:   0000000000002e0c 0000007a62deef00
0x0000007a62deee10:   000000000000315c 000001cd31b9e020
0x0000007a62deee20:   000001cd00000000 000001cd00000002
0x0000007a62deee30:   000001cd31baa601 000001cd37376d01
0x0000007a62deee40:   0000000000000000 000000000000000f
0x0000007a62deee50:   000001cd309b6fb0 000003500000315c
0x0000007a62deee60:   0000000000000000 000001cd309b9a10
0x0000007a62deee70:   00000bb800000002 000001cd31b9e020
0x0000007a62deee80:   0000000000000000 000001cd0000031e
0x0000007a62deee90:   000001cd00000000 ffffffff00000001
0x0000007a62deeea0:   000001cd38edf5b0 000001cd00000bb8
0x0000007a62deeeb0:   0000000000000350 000001cd00002e3e
0x0000007a62deeec0:   0000000000000350 000000000000031e
0x0000007a62deeed0:   000001cd0000031e 000001cd380b3740
0x0000007a62deeee0:   0000000000000000 000001cd00000014
0x0000007a62deeef0:   0000007a62df0190 0000000000000064 

Instructions: (pc=0x00007ffe2b0eed66)
0x00007ffe2b0eed46:   19 01 48 ff c2 48 3b d7 7c f0 45 8b c5 45 85 f6
0x00007ffe2b0eed56:   7e 46 48 8b cb 49 8d 3c bf 48 8b 95 a8 00 00 00
0x00007ffe2b0eed66:   83 3a 01 75 0e 80 39 00 75 09 89 07 41 ff c5 48
0x00007ffe2b0eed76:   83 c7 04 ff c0 48 83 c2 04 48 ff c1 41 3b c6 7c 



---------------  P R O C E S S  ---------------

Java Threads: ( => current thread )
  0x000001cd2f8ed000 JavaThread "Service Thread" daemon [_thread_blocked, id=19788, stack(0x0000007a64d00000,0x0000007a64e00000)]
  0x000001cd2f7b9800 JavaThread "Common-Cleaner" daemon [_thread_blocked, id=24276, stack(0x0000007a64c00000,0x0000007a64d00000)]
  0x000001cd2f6f3000 JavaThread "Sweeper thread" daemon [_thread_blocked, id=19408, stack(0x0000007a64b00000,0x0000007a64c00000)]
  0x000001cd2f6e1800 JavaThread "C1 CompilerThread3" daemon [_thread_blocked, id=14872, stack(0x0000007a64a00000,0x0000007a64b00000)]
  0x000001cd2f6dd800 JavaThread "C2 CompilerThread2" daemon [_thread_blocked, id=17632, stack(0x0000007a64900000,0x0000007a64a00000)]
  0x000001cd2f6d6000 JavaThread "C2 CompilerThread1" daemon [_thread_blocked, id=23984, stack(0x0000007a64800000,0x0000007a64900000)]
  0x000001cd2f6d5000 JavaThread "C2 CompilerThread0" daemon [_thread_blocked, id=6576, stack(0x0000007a64700000,0x0000007a64800000)]
  0x000001cd2eebd000 JavaThread "Attach Listener" daemon [_thread_blocked, id=2428, stack(0x0000007a64600000,0x0000007a64700000)]
  0x000001cd2eebc000 JavaThread "Signal Dispatcher" daemon [_thread_blocked, id=12096, stack(0x0000007a64500000,0x0000007a64600000)]
  0x000001cd2f6c8800 JavaThread "Finalizer" daemon [_thread_blocked, id=25912, stack(0x0000007a64400000,0x0000007a64500000)]
  0x000001cd2ee8e800 JavaThread "Reference Handler" daemon [_thread_blocked, id=7020, stack(0x0000007a64300000,0x0000007a64400000)]
=>0x000001cd0a411800 JavaThread "main" [_thread_in_native, id=13452, stack(0x0000007a62d00000,0x0000007a62e00000)]

Other Threads:
  0x000001cd2ee8b000 VMThread "VM Thread" [stack: 0x0000007a64200000,0x0000007a64300000] [id=24892]
  0x000001cd2f8f0800 WatcherThread [stack: 0x0000007a64e00000,0x0000007a64f00000] [id=19024]
  0x000001cd0a42b800 GCTaskThread "GC Thread#0" [stack: 0x0000007a62e00000,0x0000007a62f00000] [id=8640]
  0x000001cd0a42d000 GCTaskThread "GC Thread#1" [stack: 0x0000007a62f00000,0x0000007a63000000] [id=4804]
  0x000001cd0a42f000 GCTaskThread "GC Thread#2" [stack: 0x0000007a63000000,0x0000007a63100000] [id=4012]
  0x000001cd0a438000 GCTaskThread "GC Thread#3" [stack: 0x0000007a63100000,0x0000007a63200000] [id=22104]
  0x000001cd0a43e000 GCTaskThread "GC Thread#4" [stack: 0x0000007a63200000,0x0000007a63300000] [id=12728]
  0x000001cd0a43f000 GCTaskThread "GC Thread#5" [stack: 0x0000007a63300000,0x0000007a63400000] [id=20308]
  0x000001cd0a442000 GCTaskThread "GC Thread#6" [stack: 0x0000007a63400000,0x0000007a63500000] [id=19484]
  0x000001cd0a443800 GCTaskThread "GC Thread#7" [stack: 0x0000007a63500000,0x0000007a63600000] [id=11376]
  0x000001cd0a4bd000 ConcurrentGCThread "G1 Main Marker" [stack: 0x0000007a63f00000,0x0000007a64000000] [id=17316]
  0x000001cd0a4be800 ConcurrentGCThread "G1 Marker#0" [stack: 0x0000007a64000000,0x0000007a64100000] [id=24524]
  0x000001cd0a4bf800 ConcurrentGCThread "G1 Marker#1" [stack: 0x0000007a64100000,0x0000007a64200000] [id=25792]
  0x000001cd0a461000 ConcurrentGCThread "G1 Refine#0" [stack: 0x0000007a63d00000,0x0000007a63e00000] [id=9352]
  0x000001cd0a462000 ConcurrentGCThread "G1 Refine#1" [stack: 0x0000007a63c00000,0x0000007a63d00000] [id=26372]
  0x000001cd0a45b000 ConcurrentGCThread "G1 Refine#2" [stack: 0x0000007a63b00000,0x0000007a63c00000] [id=17144]
  0x000001cd0a452000 ConcurrentGCThread "G1 Refine#3" [stack: 0x0000007a63a00000,0x0000007a63b00000] [id=7452]
  0x000001cd0a450800 ConcurrentGCThread "G1 Refine#4" [stack: 0x0000007a63900000,0x0000007a63a00000] [id=19832]
  0x000001cd0a44d800 ConcurrentGCThread "G1 Refine#5" [stack: 0x0000007a63800000,0x0000007a63900000] [id=20184]
  0x000001cd0a447000 ConcurrentGCThread "G1 Refine#6" [stack: 0x0000007a63700000,0x0000007a63800000] [id=19228]
  0x000001cd0a446000 ConcurrentGCThread "G1 Refine#7" [stack: 0x0000007a63600000,0x0000007a63700000] [id=24024]
  0x000001cd0a468000 ConcurrentGCThread "G1 Young RemSet Sampling" [stack: 0x0000007a63e00000,0x0000007a63f00000] [id=27580]

Threads with active compile tasks:

VM state:not at safepoint (normal execution)

VM Mutex/Monitor currently owned by a thread: None

Heap address: 0x00000006c1a00000, size: 4070 MB, Compressed Oops mode: Zero based, Oop shift amount: 3
Narrow klass base: 0x0000000000000000, Narrow klass shift: 3
Compressed class space size: 1073741824 Address: 0x00000007c0000000

Heap:
 garbage-first heap   total 422912K, used 94766K [0x00000006c1a00000, 0x00000006c1b00ce8, 0x00000007c0000000)
  region size 1024K, 49 young (50176K), 7 survivors (7168K)
 Metaspace       used 5711K, capacity 5826K, committed 6016K, reserved 1056768K
  class space    used 541K, capacity 570K, committed 640K, reserved 1048576K
Heap Regions: E=young(eden), S=young(survivor), O=old, HS=humongous(starts), HC=humongous(continues), CS=collection set, F=free, A=archive, TS=gc time stamp, AC=allocation context, TAMS=top-at-mark-start (previous, next)
|   0|0x00000006c1a00000, 0x00000006c1b00000, 0x00000006c1b00000|100%|HS|  |TS  0|AC  0|TAMS 0x00000006c1a00000, 0x00000006c1a00000|
|   1|0x00000006c1b00000, 0x00000006c1c00000, 0x00000006c1c00000|100%| O|  |TS  1|AC  0|TAMS 0x00000006c1b00000, 0x00000006c1b00000|
|   2|0x00000006c1c00000, 0x00000006c1d00000, 0x00000006c1d00000|100%| O|  |TS  1|AC  0|TAMS 0x00000006c1c00000, 0x00000006c1c00000|
|   3|0x00000006c1d00000, 0x00000006c1e00000, 0x00000006c1e00000|100%| O|  |TS  1|AC  0|TAMS 0x00000006c1d00000, 0x00000006c1d00000|
|   4|0x00000006c1e00000, 0x00000006c1f00000, 0x00000006c1f00000|100%| O|  |TS  1|AC  0|TAMS 0x00000006c1e00000, 0x00000006c1e00000|
|   5|0x00000006c1f00000, 0x00000006c2000000, 0x00000006c2000000|100%| O|  |TS  1|AC  0|TAMS 0x00000006c1f00000, 0x00000006c1f00000|
|   6|0x00000006c2000000, 0x00000006c2100000, 0x00000006c2100000|100%| O|  |TS  1|AC  0|TAMS 0x00000006c2000000, 0x00000006c2000000|
|   7|0x00000006c2100000, 0x00000006c2200000, 0x00000006c2200000|100%| O|  |TS  1|AC  0|TAMS 0x00000006c2100000, 0x00000006c2100000|
|   8|0x00000006c2200000, 0x00000006c2300000, 0x00000006c2300000|100%| O|  |TS  3|AC  0|TAMS 0x00000006c2200000, 0x00000006c2200000|
|   9|0x00000006c2300000, 0x00000006c2400000, 0x00000006c2400000|100%| O|  |TS  3|AC  0|TAMS 0x00000006c2300000, 0x00000006c2300000|
|  10|0x00000006c2400000, 0x00000006c2500000, 0x00000006c2500000|100%| O|  |TS  3|AC  0|TAMS 0x00000006c2400000, 0x00000006c2400000|
|  11|0x00000006c2500000, 0x00000006c2600000, 0x00000006c2600000|100%| O|  |TS  7|AC  0|TAMS 0x00000006c2500000, 0x00000006c2500000|
|  12|0x00000006c2600000, 0x00000006c2700000, 0x00000006c2700000|100%|HS|  |TS  0|AC  0|TAMS 0x00000006c2600000, 0x00000006c2600000|
|  13|0x00000006c2700000, 0x00000006c2800000, 0x00000006c2800000|100%| O|  |TS  9|AC  0|TAMS 0x00000006c2700000, 0x00000006c2700000|
|  14|0x00000006c2800000, 0x00000006c2900000, 0x00000006c2900000|100%|HS|  |TS  0|AC  0|TAMS 0x00000006c2800000, 0x00000006c2800000|
|  15|0x00000006c2900000, 0x00000006c2a00000, 0x00000006c2a00000|100%|HS|  |TS  0|AC  0|TAMS 0x00000006c2900000, 0x00000006c2900000|
|  16|0x00000006c2a00000, 0x00000006c2b00000, 0x00000006c2b00000|100%| O|  |TS  9|AC  0|TAMS 0x00000006c2a00000, 0x00000006c2a00000|
|  17|0x00000006c2b00000, 0x00000006c2c00000, 0x00000006c2c00000|100%| O|  |TS  9|AC  0|TAMS 0x00000006c2b00000, 0x00000006c2b00000|
|  18|0x00000006c2c00000, 0x00000006c2d00000, 0x00000006c2d00000|100%| O|  |TS  9|AC  0|TAMS 0x00000006c2c00000, 0x00000006c2c00000|
|  19|0x00000006c2d00000, 0x00000006c2e00000, 0x00000006c2e00000|100%| O|  |TS  9|AC  0|TAMS 0x00000006c2d00000, 0x00000006c2d00000|
|  20|0x00000006c2e00000, 0x00000006c2f00000, 0x00000006c2f00000|100%| O|  |TS  9|AC  0|TAMS 0x00000006c2e00000, 0x00000006c2e00000|
|  21|0x00000006c2f00000, 0x00000006c3000000, 0x00000006c3000000|100%| O|  |TS 11|AC  0|TAMS 0x00000006c2f00000, 0x00000006c2f00000|
|  22|0x00000006c3000000, 0x00000006c3100000, 0x00000006c3100000|100%|HS|  |TS  0|AC  0|TAMS 0x00000006c3000000, 0x00000006c3000000|
|  23|0x00000006c3100000, 0x00000006c3200000, 0x00000006c3200000|100%| O|  |TS 11|AC  0|TAMS 0x00000006c3100000, 0x00000006c3100000|
|  24|0x00000006c3200000, 0x00000006c3300000, 0x00000006c3300000|100%| O|  |TS 11|AC  0|TAMS 0x00000006c3200000, 0x00000006c3200000|
|  25|0x00000006c3300000, 0x00000006c3400000, 0x00000006c3400000|100%| O|  |TS 11|AC  0|TAMS 0x00000006c3300000, 0x00000006c3300000|
|  26|0x00000006c3400000, 0x00000006c3500000, 0x00000006c3500000|100%| O|  |TS 11|AC  0|TAMS 0x00000006c3400000, 0x00000006c3400000|
|  27|0x00000006c3500000, 0x00000006c3600000, 0x00000006c3600000|100%| O|  |TS 11|AC  0|TAMS 0x00000006c3500000, 0x00000006c3500000|
|  28|0x00000006c3600000, 0x00000006c3700000, 0x00000006c3700000|100%| O|  |TS 11|AC  0|TAMS 0x00000006c3600000, 0x00000006c3600000|
|  29|0x00000006c3700000, 0x00000006c3800000, 0x00000006c3800000|100%| O|  |TS 11|AC  0|TAMS 0x00000006c3700000, 0x00000006c3700000|
|  30|0x00000006c3800000, 0x00000006c3900000, 0x00000006c3900000|100%| O|  |TS 11|AC  0|TAMS 0x00000006c3800000, 0x00000006c3800000|
|  31|0x00000006c3900000, 0x00000006c3a00000, 0x00000006c3a00000|100%| O|  |TS 11|AC  0|TAMS 0x00000006c3900000, 0x00000006c3900000|
|  32|0x00000006c3a00000, 0x00000006c3b00000, 0x00000006c3b00000|100%| O|  |TS 11|AC  0|TAMS 0x00000006c3a00000, 0x00000006c3a00000|
|  33|0x00000006c3b00000, 0x00000006c3c00000, 0x00000006c3c00000|100%| O|  |TS 11|AC  0|TAMS 0x00000006c3b00000, 0x00000006c3b00000|
|  34|0x00000006c3c00000, 0x00000006c3d00000, 0x00000006c3d00000|100%| O|  |TS 11|AC  0|TAMS 0x00000006c3c00000, 0x00000006c3c00000|
|  35|0x00000006c3d00000, 0x00000006c3e00000, 0x00000006c3e00000|100%| O|  |TS 11|AC  0|TAMS 0x00000006c3d00000, 0x00000006c3d00000|
|  36|0x00000006c3e00000, 0x00000006c3f00000, 0x00000006c3f00000|100%| O|  |TS 11|AC  0|TAMS 0x00000006c3e00000, 0x00000006c3e00000|
|  37|0x00000006c3f00000, 0x00000006c4000000, 0x00000006c4000000|100%| O|  |TS 11|AC  0|TAMS 0x00000006c3f00000, 0x00000006c3f00000|
|  38|0x00000006c4000000, 0x00000006c4100000, 0x00000006c4100000|100%| O|  |TS 11|AC  0|TAMS 0x00000006c4000000, 0x00000006c4000000|
|  39|0x00000006c4100000, 0x00000006c4200000, 0x00000006c4200000|100%| O|  |TS 11|AC  0|TAMS 0x00000006c4100000, 0x00000006c4100000|
|  40|0x00000006c4200000, 0x00000006c4300000, 0x00000006c4300000|100%| O|  |TS 11|AC  0|TAMS 0x00000006c4200000, 0x00000006c4200000|
|  41|0x00000006c4300000, 0x00000006c4400000, 0x00000006c4400000|100%| O|  |TS 11|AC  0|TAMS 0x00000006c4300000, 0x00000006c4300000|
|  42|0x00000006c4400000, 0x00000006c4500000, 0x00000006c4500000|100%| O|  |TS 11|AC  0|TAMS 0x00000006c4400000, 0x00000006c4400000|
|  43|0x00000006c4500000, 0x00000006c4600000, 0x00000006c4600000|100%| O|  |TS 11|AC  0|TAMS 0x00000006c4500000, 0x00000006c4500000|
|  44|0x00000006c4600000, 0x00000006c468ba00, 0x00000006c4700000| 54%| O|  |TS 11|AC  0|TAMS 0x00000006c4600000, 0x00000006c4600000|
|  45|0x00000006c4700000, 0x00000006c4700000, 0x00000006c4800000|  0%| F|  |TS  0|AC  0|TAMS 0x00000006c4700000, 0x00000006c4700000|
|  46|0x00000006c4800000, 0x00000006c4800000, 0x00000006c4900000|  0%| F|  |TS  0|AC  0|TAMS 0x00000006c4800000, 0x00000006c4800000|
|  47|0x00000006c4900000, 0x00000006c4900000, 0x00000006c4a00000|  0%| F|  |TS  0|AC  0|TAMS 0x00000006c4900000, 0x00000006c4900000|
|  48|0x00000006c4a00000, 0x00000006c4a00000, 0x00000006c4b00000|  0%| F|  |TS  0|AC  0|TAMS 0x00000006c4a00000, 0x00000006c4a00000|
|  49|0x00000006c4b00000, 0x00000006c4b00000, 0x00000006c4c00000|  0%| F|  |TS  0|AC  0|TAMS 0x00000006c4b00000, 0x00000006c4b00000|
|  50|0x00000006c4c00000, 0x00000006c4c00000, 0x00000006c4d00000|  0%| F|  |TS  0|AC  0|TAMS 0x00000006c4c00000, 0x00000006c4c00000|
|  51|0x00000006c4d00000, 0x00000006c4d00000, 0x00000006c4e00000|  0%| F|  |TS  0|AC  0|TAMS 0x00000006c4d00000, 0x00000006c4d00000|
|  52|0x00000006c4e00000, 0x00000006c4e00000, 0x00000006c4f00000|  0%| F|  |TS  0|AC  0|TAMS 0x00000006c4e00000, 0x00000006c4e00000|
|  53|0x00000006c4f00000, 0x00000006c4f00000, 0x00000006c5000000|  0%| F|  |TS  0|AC  0|TAMS 0x00000006c4f00000, 0x00000006c4f00000|
|  54|0x00000006c5000000, 0x00000006c5000000, 0x00000006c5100000|  0%| F|  |TS  0|AC  0|TAMS 0x00000006c5000000, 0x00000006c5000000|
|  55|0x00000006c5100000, 0x00000006c5100000, 0x00000006c5200000|  0%| F|  |TS  0|AC  0|TAMS 0x00000006c5100000, 0x00000006c5100000|
|  56|0x00000006c5200000, 0x00000006c5200000, 0x00000006c5300000|  0%| F|  |TS  0|AC  0|TAMS 0x00000006c5200000, 0x00000006c5200000|
|  57|0x00000006c5300000, 0x00000006c5300000, 0x00000006c5400000|  0%| F|  |TS  0|AC  0|TAMS 0x00000006c5300000, 0x00000006c5300000|
|  58|0x00000006c5400000, 0x00000006c5400000, 0x00000006c5500000|  0%| F|  |TS  0|AC  0|TAMS 0x00000006c5400000, 0x00000006c5400000|
|  59|0x00000006c5500000, 0x00000006c5500000, 0x00000006c5600000|  0%| F|  |TS  0|AC  0|TAMS 0x00000006c5500000, 0x00000006c5500000|
|  60|0x00000006c5600000, 0x00000006c5600000, 0x00000006c5700000|  0%| F|  |TS  0|AC  0|TAMS 0x00000006c5600000, 0x00000006c5600000|
|  61|0x00000006c5700000, 0x00000006c5700000, 0x00000006c5800000|  0%| F|  |TS  0|AC  0|TAMS 0x00000006c5700000, 0x00000006c5700000|
|  62|0x00000006c5800000, 0x00000006c5800000, 0x00000006c5900000|  0%| F|  |TS  0|AC  0|TAMS 0x00000006c5800000, 0x00000006c5800000|
|  63|0x00000006c5900000, 0x00000006c5900000, 0x00000006c5a00000|  0%| F|  |TS  0|AC  0|TAMS 0x00000006c5900000, 0x00000006c5900000|
|  64|0x00000006c5a00000, 0x00000006c5a00000, 0x00000006c5b00000|  0%| F|  |TS  0|AC  0|TAMS 0x00000006c5a00000, 0x00000006c5a00000|
|  65|0x00000006c5b00000, 0x00000006c5b00000, 0x00000006c5c00000|  0%| F|  |TS  0|AC  0|TAMS 0x00000006c5b00000, 0x00000006c5b00000|
|  66|0x00000006c5c00000, 0x00000006c5c00000, 0x00000006c5d00000|  0%| F|  |TS  0|AC  0|TAMS 0x00000006c5c00000, 0x00000006c5c00000|
|  67|0x00000006c5d00000, 0x00000006c5d00000, 0x00000006c5e00000|  0%| F|  |TS  0|AC  0|TAMS 0x00000006c5d00000, 0x00000006c5d00000|
|  68|0x00000006c5e00000, 0x00000006c5e00000, 0x00000006c5f00000|  0%| F|  |TS  0|AC  0|TAMS 0x00000006c5e00000, 0x00000006c5e00000|
|  69|0x00000006c5f00000, 0x00000006c5f00000, 0x00000006c6000000|  0%| F|  |TS  0|AC  0|TAMS 0x00000006c5f00000, 0x00000006c5f00000|
|  70|0x00000006c6000000, 0x00000006c6000000, 0x00000006c6100000|  0%| F|  |TS  0|AC  0|TAMS 0x00000006c6000000, 0x00000006c6000000|
|  71|0x00000006c6100000, 0x00000006c6100000, 0x00000006c6200000|  0%| F|  |TS  0|AC  0|TAMS 0x00000006c6100000, 0x00000006c6100000|
|  72|0x00000006c6200000, 0x00000006c6200000, 0x00000006c6300000|  0%| F|  |TS  0|AC  0|TAMS 0x00000006c6200000, 0x00000006c6200000|
|  73|0x00000006c6300000, 0x00000006c6300000, 0x00000006c6400000|  0%| F|  |TS  0|AC  0|TAMS 0x00000006c6300000, 0x00000006c6300000|
|  74|0x00000006c6400000, 0x00000006c6400000, 0x00000006c6500000|  0%| F|  |TS  0|AC  0|TAMS 0x00000006c6400000, 0x00000006c6400000|
|  75|0x00000006c6500000, 0x00000006c6500000, 0x00000006c6600000|  0%| F|  |TS  0|AC  0|TAMS 0x00000006c6500000, 0x00000006c6500000|
|  76|0x00000006c6600000, 0x00000006c6600000, 0x00000006c6700000|  0%| F|  |TS  0|AC  0|TAMS 0x00000006c6600000, 0x00000006c6600000|
|  77|0x00000006c6700000, 0x00000006c6700000, 0x00000006c6800000|  0%| F|  |TS  0|AC  0|TAMS 0x00000006c6700000, 0x00000006c6700000|
|  78|0x00000006c6800000, 0x00000006c6800000, 0x00000006c6900000|  0%| F|  |TS  0|AC  0|TAMS 0x00000006c6800000, 0x00000006c6800000|
|  79|0x00000006c6900000, 0x00000006c6900000, 0x00000006c6a00000|  0%| F|  |TS  0|AC  0|TAMS 0x00000006c6900000, 0x00000006c6900000|
|  80|0x00000006c6a00000, 0x00000006c6a00000, 0x00000006c6b00000|  0%| F|  |TS  0|AC  0|TAMS 0x00000006c6a00000, 0x00000006c6a00000|
|  81|0x00000006c6b00000, 0x00000006c6b00000, 0x00000006c6c00000|  0%| F|  |TS  0|AC  0|TAMS 0x00000006c6b00000, 0x00000006c6b00000|
|  82|0x00000006c6c00000, 0x00000006c6c00000, 0x00000006c6d00000|  0%| F|  |TS  0|AC  0|TAMS 0x00000006c6c00000, 0x00000006c6c00000|
|  83|0x00000006c6d00000, 0x00000006c6d00000, 0x00000006c6e00000|  0%| F|  |TS 11|AC  0|TAMS 0x00000006c6d00000, 0x00000006c6d00000|
|  84|0x00000006c6e00000, 0x00000006c6e00000, 0x00000006c6f00000|  0%| F|  |TS 11|AC  0|TAMS 0x00000006c6e00000, 0x00000006c6e00000|
|  85|0x00000006c6f00000, 0x00000006c6f00000, 0x00000006c7000000|  0%| F|  |TS 11|AC  0|TAMS 0x00000006c6f00000, 0x00000006c6f00000|
|  86|0x00000006c7000000, 0x00000006c7000000, 0x00000006c7100000|  0%| F|  |TS 11|AC  0|TAMS 0x00000006c7000000, 0x00000006c7000000|
|  87|0x00000006c7100000, 0x00000006c7100000, 0x00000006c7200000|  0%| F|  |TS 11|AC  0|TAMS 0x00000006c7100000, 0x00000006c7100000|
|  88|0x00000006c7200000, 0x00000006c7200000, 0x00000006c7300000|  0%| F|  |TS 11|AC  0|TAMS 0x00000006c7200000, 0x00000006c7200000|
|  89|0x00000006c7300000, 0x00000006c7300000, 0x00000006c7400000|  0%| F|  |TS 11|AC  0|TAMS 0x00000006c7300000, 0x00000006c7300000|
|  90|0x00000006c7400000, 0x00000006c7400000, 0x00000006c7500000|  0%| F|  |TS 11|AC  0|TAMS 0x00000006c7400000, 0x00000006c7400000|
|  91|0x00000006c7500000, 0x00000006c7500000, 0x00000006c7600000|  0%| F|  |TS 11|AC  0|TAMS 0x00000006c7500000, 0x00000006c7500000|
|  92|0x00000006c7600000, 0x00000006c7600000, 0x00000006c7700000|  0%| F|  |TS 11|AC  0|TAMS 0x00000006c7600000, 0x00000006c7600000|
|  93|0x00000006c7700000, 0x00000006c7700000, 0x00000006c7800000|  0%| F|  |TS 11|AC  0|TAMS 0x00000006c7700000, 0x00000006c7700000|
|  94|0x00000006c7800000, 0x00000006c7800000, 0x00000006c7900000|  0%| F|  |TS 11|AC  0|TAMS 0x00000006c7800000, 0x00000006c7800000|
|  95|0x00000006c7900000, 0x00000006c7900000, 0x00000006c7a00000|  0%| F|  |TS 11|AC  0|TAMS 0x00000006c7900000, 0x00000006c7900000|
|  96|0x00000006c7a00000, 0x00000006c7a00000, 0x00000006c7b00000|  0%| F|  |TS 11|AC  0|TAMS 0x00000006c7a00000, 0x00000006c7a00000|
|  97|0x00000006c7b00000, 0x00000006c7b00000, 0x00000006c7c00000|  0%| F|  |TS 11|AC  0|TAMS 0x00000006c7b00000, 0x00000006c7b00000|
|  98|0x00000006c7c00000, 0x00000006c7c00000, 0x00000006c7d00000|  0%| F|  |TS 11|AC  0|TAMS 0x00000006c7c00000, 0x00000006c7c00000|
|  99|0x00000006c7d00000, 0x00000006c7d00000, 0x00000006c7e00000|  0%| F|  |TS 11|AC  0|TAMS 0x00000006c7d00000, 0x00000006c7d00000|
| 100|0x00000006c7e00000, 0x00000006c7e00000, 0x00000006c7f00000|  0%| F|  |TS 11|AC  0|TAMS 0x00000006c7e00000, 0x00000006c7e00000|
| 101|0x00000006c7f00000, 0x00000006c7f00000, 0x00000006c8000000|  0%| F|  |TS 11|AC  0|TAMS 0x00000006c7f00000, 0x00000006c7f00000|
| 102|0x00000006c8000000, 0x00000006c8000000, 0x00000006c8100000|  0%| F|  |TS 11|AC  0|TAMS 0x00000006c8000000, 0x00000006c8000000|
| 103|0x00000006c8100000, 0x00000006c8100000, 0x00000006c8200000|  0%| F|  |TS  9|AC  0|TAMS 0x00000006c8100000, 0x00000006c8100000|
| 104|0x00000006c8200000, 0x00000006c8200000, 0x00000006c8300000|  0%| F|  |TS  9|AC  0|TAMS 0x00000006c8200000, 0x00000006c8200000|
| 105|0x00000006c8300000, 0x00000006c8300000, 0x00000006c8400000|  0%| F|  |TS  9|AC  0|TAMS 0x00000006c8300000, 0x00000006c8300000|
| 106|0x00000006c8400000, 0x00000006c8400000, 0x00000006c8500000|  0%| F|  |TS  9|AC  0|TAMS 0x00000006c8400000, 0x00000006c8400000|
| 107|0x00000006c8500000, 0x00000006c8500000, 0x00000006c8600000|  0%| F|  |TS  9|AC  0|TAMS 0x00000006c8500000, 0x00000006c8500000|
| 108|0x00000006c8600000, 0x00000006c8600000, 0x00000006c8700000|  0%| F|  |TS  9|AC  0|TAMS 0x00000006c8600000, 0x00000006c8600000|
| 109|0x00000006c8700000, 0x00000006c8700000, 0x00000006c8800000|  0%| F|  |TS  9|AC  0|TAMS 0x00000006c8700000, 0x00000006c8700000|
| 110|0x00000006c8800000, 0x00000006c8800000, 0x00000006c8900000|  0%| F|  |TS  9|AC  0|TAMS 0x00000006c8800000, 0x00000006c8800000|
| 111|0x00000006c8900000, 0x00000006c8900000, 0x00000006c8a00000|  0%| F|  |TS  9|AC  0|TAMS 0x00000006c8900000, 0x00000006c8900000|
| 112|0x00000006c8a00000, 0x00000006c8a00000, 0x00000006c8b00000|  0%| F|  |TS  9|AC  0|TAMS 0x00000006c8a00000, 0x00000006c8a00000|
| 113|0x00000006c8b00000, 0x00000006c8b00000, 0x00000006c8c00000|  0%| F|  |TS  9|AC  0|TAMS 0x00000006c8b00000, 0x00000006c8b00000|
| 114|0x00000006c8c00000, 0x00000006c8c00000, 0x00000006c8d00000|  0%| F|  |TS  9|AC  0|TAMS 0x00000006c8c00000, 0x00000006c8c00000|
| 115|0x00000006c8d00000, 0x00000006c8d00000, 0x00000006c8e00000|  0%| F|  |TS  9|AC  0|TAMS 0x00000006c8d00000, 0x00000006c8d00000|
| 116|0x00000006c8e00000, 0x00000006c8e00000, 0x00000006c8f00000|  0%| F|  |TS  9|AC  0|TAMS 0x00000006c8e00000, 0x00000006c8e00000|
| 117|0x00000006c8f00000, 0x00000006c8f00000, 0x00000006c9000000|  0%| F|  |TS  9|AC  0|TAMS 0x00000006c8f00000, 0x00000006c8f00000|
| 118|0x00000006c9000000, 0x00000006c9000000, 0x00000006c9100000|  0%| F|  |TS  9|AC  0|TAMS 0x00000006c9000000, 0x00000006c9000000|
| 119|0x00000006c9100000, 0x00000006c9100000, 0x00000006c9200000|  0%| F|  |TS  9|AC  0|TAMS 0x00000006c9100000, 0x00000006c9100000|
| 120|0x00000006c9200000, 0x00000006c9200000, 0x00000006c9300000|  0%| F|  |TS  9|AC  0|TAMS 0x00000006c9200000, 0x00000006c9200000|
| 121|0x00000006c9300000, 0x00000006c9300000, 0x00000006c9400000|  0%| F|  |TS  9|AC  0|TAMS 0x00000006c9300000, 0x00000006c9300000|
| 122|0x00000006c9400000, 0x00000006c9400000, 0x00000006c9500000|  0%| F|  |TS  9|AC  0|TAMS 0x00000006c9400000, 0x00000006c9400000|
| 123|0x00000006c9500000, 0x00000006c9500000, 0x00000006c9600000|  0%| F|  |TS  9|AC  0|TAMS 0x00000006c9500000, 0x00000006c9500000|
| 124|0x00000006c9600000, 0x00000006c9600000, 0x00000006c9700000|  0%| F|  |TS  9|AC  0|TAMS 0x00000006c9600000, 0x00000006c9600000|
| 125|0x00000006c9700000, 0x00000006c9700000, 0x00000006c9800000|  0%| F|  |TS  9|AC  0|TAMS 0x00000006c9700000, 0x00000006c9700000|
| 126|0x00000006c9800000, 0x00000006c9800000, 0x00000006c9900000|  0%| F|  |TS  9|AC  0|TAMS 0x00000006c9800000, 0x00000006c9800000|
| 127|0x00000006c9900000, 0x00000006c9900000, 0x00000006c9a00000|  0%| F|  |TS  9|AC  0|TAMS 0x00000006c9900000, 0x00000006c9900000|
| 128|0x00000006c9a00000, 0x00000006c9a00000, 0x00000006c9b00000|  0%| F|  |TS  9|AC  0|TAMS 0x00000006c9a00000, 0x00000006c9a00000|
| 129|0x00000006c9b00000, 0x00000006c9b00000, 0x00000006c9c00000|  0%| F|  |TS  9|AC  0|TAMS 0x00000006c9b00000, 0x00000006c9b00000|
| 130|0x00000006c9c00000, 0x00000006c9c00000, 0x00000006c9d00000|  0%| F|  |TS  9|AC  0|TAMS 0x00000006c9c00000, 0x00000006c9c00000|
| 131|0x00000006c9d00000, 0x00000006c9d00000, 0x00000006c9e00000|  0%| F|  |TS  9|AC  0|TAMS 0x00000006c9d00000, 0x00000006c9d00000|
| 132|0x00000006c9e00000, 0x00000006c9e00000, 0x00000006c9f00000|  0%| F|  |TS  9|AC  0|TAMS 0x00000006c9e00000, 0x00000006c9e00000|
| 133|0x00000006c9f00000, 0x00000006c9f00000, 0x00000006ca000000|  0%| F|  |TS  9|AC  0|TAMS 0x00000006c9f00000, 0x00000006c9f00000|
| 134|0x00000006ca000000, 0x00000006ca000000, 0x00000006ca100000|  0%| F|  |TS  9|AC  0|TAMS 0x00000006ca000000, 0x00000006ca000000|
| 135|0x00000006ca100000, 0x00000006ca100000, 0x00000006ca200000|  0%| F|  |TS  9|AC  0|TAMS 0x00000006ca100000, 0x00000006ca100000|
| 136|0x00000006ca200000, 0x00000006ca200000, 0x00000006ca300000|  0%| F|  |TS  9|AC  0|TAMS 0x00000006ca200000, 0x00000006ca200000|
| 137|0x00000006ca300000, 0x00000006ca300000, 0x00000006ca400000|  0%| F|  |TS  9|AC  0|TAMS 0x00000006ca300000, 0x00000006ca300000|
| 138|0x00000006ca400000, 0x00000006ca400000, 0x00000006ca500000|  0%| F|  |TS  9|AC  0|TAMS 0x00000006ca400000, 0x00000006ca400000|
| 139|0x00000006ca500000, 0x00000006ca500000, 0x00000006ca600000|  0%| F|  |TS  9|AC  0|TAMS 0x00000006ca500000, 0x00000006ca500000|
| 140|0x00000006ca600000, 0x00000006ca600000, 0x00000006ca700000|  0%| F|  |TS  9|AC  0|TAMS 0x00000006ca600000, 0x00000006ca600000|
| 141|0x00000006ca700000, 0x00000006ca700000, 0x00000006ca800000|  0%| F|  |TS  9|AC  0|TAMS 0x00000006ca700000, 0x00000006ca700000|
| 142|0x00000006ca800000, 0x00000006ca800000, 0x00000006ca900000|  0%| F|  |TS  9|AC  0|TAMS 0x00000006ca800000, 0x00000006ca800000|
| 143|0x00000006ca900000, 0x00000006ca900000, 0x00000006caa00000|  0%| F|  |TS  9|AC  0|TAMS 0x00000006ca900000, 0x00000006ca900000|
| 144|0x00000006caa00000, 0x00000006caa00000, 0x00000006cab00000|  0%| F|  |TS  9|AC  0|TAMS 0x00000006caa00000, 0x00000006caa00000|
| 145|0x00000006cab00000, 0x00000006cab00000, 0x00000006cac00000|  0%| F|  |TS  9|AC  0|TAMS 0x00000006cab00000, 0x00000006cab00000|
| 146|0x00000006cac00000, 0x00000006cac00000, 0x00000006cad00000|  0%| F|  |TS  9|AC  0|TAMS 0x00000006cac00000, 0x00000006cac00000|
| 147|0x00000006cad00000, 0x00000006cad00000, 0x00000006cae00000|  0%| F|  |TS  9|AC  0|TAMS 0x00000006cad00000, 0x00000006cad00000|
| 148|0x00000006cae00000, 0x00000006cae00000, 0x00000006caf00000|  0%| F|  |TS  9|AC  0|TAMS 0x00000006cae00000, 0x00000006cae00000|
| 149|0x00000006caf00000, 0x00000006caf00000, 0x00000006cb000000|  0%| F|  |TS  9|AC  0|TAMS 0x00000006caf00000, 0x00000006caf00000|
| 150|0x00000006cb000000, 0x00000006cb000000, 0x00000006cb100000|  0%| F|  |TS  9|AC  0|TAMS 0x00000006cb000000, 0x00000006cb000000|
| 151|0x00000006cb100000, 0x00000006cb100000, 0x00000006cb200000|  0%| F|  |TS  9|AC  0|TAMS 0x00000006cb100000, 0x00000006cb100000|
| 152|0x00000006cb200000, 0x00000006cb200000, 0x00000006cb300000|  0%| F|  |TS  9|AC  0|TAMS 0x00000006cb200000, 0x00000006cb200000|
| 153|0x00000006cb300000, 0x00000006cb300000, 0x00000006cb400000|  0%| F|  |TS  9|AC  0|TAMS 0x00000006cb300000, 0x00000006cb300000|
| 154|0x00000006cb400000, 0x00000006cb400000, 0x00000006cb500000|  0%| F|  |TS  9|AC  0|TAMS 0x00000006cb400000, 0x00000006cb400000|
| 155|0x00000006cb500000, 0x00000006cb500000, 0x00000006cb600000|  0%| F|  |TS  9|AC  0|TAMS 0x00000006cb500000, 0x00000006cb500000|
| 156|0x00000006cb600000, 0x00000006cb600000, 0x00000006cb700000|  0%| F|  |TS  9|AC  0|TAMS 0x00000006cb600000, 0x00000006cb600000|
| 157|0x00000006cb700000, 0x00000006cb700000, 0x00000006cb800000|  0%| F|  |TS  9|AC  0|TAMS 0x00000006cb700000, 0x00000006cb700000|
| 158|0x00000006cb800000, 0x00000006cb800000, 0x00000006cb900000|  0%| F|  |TS  9|AC  0|TAMS 0x00000006cb800000, 0x00000006cb800000|
| 159|0x00000006cb900000, 0x00000006cb900000, 0x00000006cba00000|  0%| F|  |TS  9|AC  0|TAMS 0x00000006cb900000, 0x00000006cb900000|
| 160|0x00000006cba00000, 0x00000006cba00000, 0x00000006cbb00000|  0%| F|  |TS  9|AC  0|TAMS 0x00000006cba00000, 0x00000006cba00000|
| 161|0x00000006cbb00000, 0x00000006cbb00000, 0x00000006cbc00000|  0%| F|  |TS  9|AC  0|TAMS 0x00000006cbb00000, 0x00000006cbb00000|
| 162|0x00000006cbc00000, 0x00000006cbc00000, 0x00000006cbd00000|  0%| F|  |TS  9|AC  0|TAMS 0x00000006cbc00000, 0x00000006cbc00000|
| 163|0x00000006cbd00000, 0x00000006cbd00000, 0x00000006cbe00000|  0%| F|  |TS  9|AC  0|TAMS 0x00000006cbd00000, 0x00000006cbd00000|
| 164|0x00000006cbe00000, 0x00000006cbe00000, 0x00000006cbf00000|  0%| F|  |TS  9|AC  0|TAMS 0x00000006cbe00000, 0x00000006cbe00000|
| 165|0x00000006cbf00000, 0x00000006cbf00000, 0x00000006cc000000|  0%| F|  |TS  9|AC  0|TAMS 0x00000006cbf00000, 0x00000006cbf00000|
| 166|0x00000006cc000000, 0x00000006cc000000, 0x00000006cc100000|  0%| F|  |TS  9|AC  0|TAMS 0x00000006cc000000, 0x00000006cc000000|
| 167|0x00000006cc100000, 0x00000006cc100000, 0x00000006cc200000|  0%| F|  |TS  9|AC  0|TAMS 0x00000006cc100000, 0x00000006cc100000|
| 168|0x00000006cc200000, 0x00000006cc200000, 0x00000006cc300000|  0%| F|  |TS  9|AC  0|TAMS 0x00000006cc200000, 0x00000006cc200000|
| 169|0x00000006cc300000, 0x00000006cc300000, 0x00000006cc400000|  0%| F|  |TS  9|AC  0|TAMS 0x00000006cc300000, 0x00000006cc300000|
| 170|0x00000006cc400000, 0x00000006cc400000, 0x00000006cc500000|  0%| F|  |TS  9|AC  0|TAMS 0x00000006cc400000, 0x00000006cc400000|
| 171|0x00000006cc500000, 0x00000006cc500000, 0x00000006cc600000|  0%| F|  |TS  9|AC  0|TAMS 0x00000006cc500000, 0x00000006cc500000|
| 172|0x00000006cc600000, 0x00000006cc600000, 0x00000006cc700000|  0%| F|  |TS  9|AC  0|TAMS 0x00000006cc600000, 0x00000006cc600000|
| 173|0x00000006cc700000, 0x00000006cc700000, 0x00000006cc800000|  0%| F|  |TS  9|AC  0|TAMS 0x00000006cc700000, 0x00000006cc700000|
| 174|0x00000006cc800000, 0x00000006cc800000, 0x00000006cc900000|  0%| F|  |TS  9|AC  0|TAMS 0x00000006cc800000, 0x00000006cc800000|
| 175|0x00000006cc900000, 0x00000006cc900000, 0x00000006cca00000|  0%| F|  |TS  9|AC  0|TAMS 0x00000006cc900000, 0x00000006cc900000|
| 176|0x00000006cca00000, 0x00000006cca00000, 0x00000006ccb00000|  0%| F|  |TS  9|AC  0|TAMS 0x00000006cca00000, 0x00000006cca00000|
| 177|0x00000006ccb00000, 0x00000006ccb00000, 0x00000006ccc00000|  0%| F|  |TS  9|AC  0|TAMS 0x00000006ccb00000, 0x00000006ccb00000|
| 178|0x00000006ccc00000, 0x00000006ccc00000, 0x00000006ccd00000|  0%| F|  |TS  9|AC  0|TAMS 0x00000006ccc00000, 0x00000006ccc00000|
| 179|0x00000006ccd00000, 0x00000006ccd00000, 0x00000006cce00000|  0%| F|  |TS  9|AC  0|TAMS 0x00000006ccd00000, 0x00000006ccd00000|
| 180|0x00000006cce00000, 0x00000006cce00000, 0x00000006ccf00000|  0%| F|  |TS  9|AC  0|TAMS 0x00000006cce00000, 0x00000006cce00000|
| 181|0x00000006ccf00000, 0x00000006ccf00000, 0x00000006cd000000|  0%| F|  |TS  9|AC  0|TAMS 0x00000006ccf00000, 0x00000006ccf00000|
| 182|0x00000006cd000000, 0x00000006cd000000, 0x00000006cd100000|  0%| F|  |TS  9|AC  0|TAMS 0x00000006cd000000, 0x00000006cd000000|
| 183|0x00000006cd100000, 0x00000006cd100000, 0x00000006cd200000|  0%| F|  |TS  9|AC  0|TAMS 0x00000006cd100000, 0x00000006cd100000|
| 184|0x00000006cd200000, 0x00000006cd200000, 0x00000006cd300000|  0%| F|  |TS  9|AC  0|TAMS 0x00000006cd200000, 0x00000006cd200000|
| 185|0x00000006cd300000, 0x00000006cd300000, 0x00000006cd400000|  0%| F|  |TS  9|AC  0|TAMS 0x00000006cd300000, 0x00000006cd300000|
| 186|0x00000006cd400000, 0x00000006cd400000, 0x00000006cd500000|  0%| F|  |TS  9|AC  0|TAMS 0x00000006cd400000, 0x00000006cd400000|
| 187|0x00000006cd500000, 0x00000006cd500000, 0x00000006cd600000|  0%| F|  |TS  9|AC  0|TAMS 0x00000006cd500000, 0x00000006cd500000|
| 188|0x00000006cd600000, 0x00000006cd600000, 0x00000006cd700000|  0%| F|  |TS  9|AC  0|TAMS 0x00000006cd600000, 0x00000006cd600000|
| 189|0x00000006cd700000, 0x00000006cd700000, 0x00000006cd800000|  0%| F|  |TS  9|AC  0|TAMS 0x00000006cd700000, 0x00000006cd700000|
| 190|0x00000006cd800000, 0x00000006cd800000, 0x00000006cd900000|  0%| F|  |TS  9|AC  0|TAMS 0x00000006cd800000, 0x00000006cd800000|
| 191|0x00000006cd900000, 0x00000006cd900000, 0x00000006cda00000|  0%| F|  |TS  9|AC  0|TAMS 0x00000006cd900000, 0x00000006cd900000|
| 192|0x00000006cda00000, 0x00000006cda00000, 0x00000006cdb00000|  0%| F|  |TS  9|AC  0|TAMS 0x00000006cda00000, 0x00000006cda00000|
| 193|0x00000006cdb00000, 0x00000006cdb00000, 0x00000006cdc00000|  0%| F|  |TS  9|AC  0|TAMS 0x00000006cdb00000, 0x00000006cdb00000|
| 194|0x00000006cdc00000, 0x00000006cdc00000, 0x00000006cdd00000|  0%| F|  |TS  9|AC  0|TAMS 0x00000006cdc00000, 0x00000006cdc00000|
| 195|0x00000006cdd00000, 0x00000006cdd00000, 0x00000006cde00000|  0%| F|  |TS  9|AC  0|TAMS 0x00000006cdd00000, 0x00000006cdd00000|
| 196|0x00000006cde00000, 0x00000006cde00000, 0x00000006cdf00000|  0%| F|  |TS  9|AC  0|TAMS 0x00000006cde00000, 0x00000006cde00000|
| 197|0x00000006cdf00000, 0x00000006cdf00000, 0x00000006ce000000|  0%| F|  |TS  9|AC  0|TAMS 0x00000006cdf00000, 0x00000006cdf00000|
| 198|0x00000006ce000000, 0x00000006ce000000, 0x00000006ce100000|  0%| F|  |TS  9|AC  0|TAMS 0x00000006ce000000, 0x00000006ce000000|
| 199|0x00000006ce100000, 0x00000006ce100000, 0x00000006ce200000|  0%| F|  |TS  9|AC  0|TAMS 0x00000006ce100000, 0x00000006ce100000|
| 200|0x00000006ce200000, 0x00000006ce200000, 0x00000006ce300000|  0%| F|  |TS  9|AC  0|TAMS 0x00000006ce200000, 0x00000006ce200000|
| 201|0x00000006ce300000, 0x00000006ce300000, 0x00000006ce400000|  0%| F|  |TS  9|AC  0|TAMS 0x00000006ce300000, 0x00000006ce300000|
| 202|0x00000006ce400000, 0x00000006ce400000, 0x00000006ce500000|  0%| F|  |TS  9|AC  0|TAMS 0x00000006ce400000, 0x00000006ce400000|
| 203|0x00000006ce500000, 0x00000006ce500000, 0x00000006ce600000|  0%| F|  |TS  9|AC  0|TAMS 0x00000006ce500000, 0x00000006ce500000|
| 204|0x00000006ce600000, 0x00000006ce600000, 0x00000006ce700000|  0%| F|  |TS  9|AC  0|TAMS 0x00000006ce600000, 0x00000006ce600000|
| 205|0x00000006ce700000, 0x00000006ce700000, 0x00000006ce800000|  0%| F|  |TS  9|AC  0|TAMS 0x00000006ce700000, 0x00000006ce700000|
| 206|0x00000006ce800000, 0x00000006ce800000, 0x00000006ce900000|  0%| F|  |TS  9|AC  0|TAMS 0x00000006ce800000, 0x00000006ce800000|
| 207|0x00000006ce900000, 0x00000006ce900000, 0x00000006cea00000|  0%| F|  |TS  9|AC  0|TAMS 0x00000006ce900000, 0x00000006ce900000|
| 208|0x00000006cea00000, 0x00000006cea00000, 0x00000006ceb00000|  0%| F|  |TS  9|AC  0|TAMS 0x00000006cea00000, 0x00000006cea00000|
| 209|0x00000006ceb00000, 0x00000006ceb00000, 0x00000006cec00000|  0%| F|  |TS  9|AC  0|TAMS 0x00000006ceb00000, 0x00000006ceb00000|
| 210|0x00000006cec00000, 0x00000006cec00000, 0x00000006ced00000|  0%| F|  |TS  9|AC  0|TAMS 0x00000006cec00000, 0x00000006cec00000|
| 211|0x00000006ced00000, 0x00000006ced00000, 0x00000006cee00000|  0%| F|  |TS  9|AC  0|TAMS 0x00000006ced00000, 0x00000006ced00000|
| 212|0x00000006cee00000, 0x00000006cee00000, 0x00000006cef00000|  0%| F|  |TS  9|AC  0|TAMS 0x00000006cee00000, 0x00000006cee00000|
| 213|0x00000006cef00000, 0x00000006cef00000, 0x00000006cf000000|  0%| F|  |TS  9|AC  0|TAMS 0x00000006cef00000, 0x00000006cef00000|
| 214|0x00000006cf000000, 0x00000006cf000000, 0x00000006cf100000|  0%| F|  |TS  9|AC  0|TAMS 0x00000006cf000000, 0x00000006cf000000|
| 215|0x00000006cf100000, 0x00000006cf100000, 0x00000006cf200000|  0%| F|  |TS  9|AC  0|TAMS 0x00000006cf100000, 0x00000006cf100000|
| 216|0x00000006cf200000, 0x00000006cf200000, 0x00000006cf300000|  0%| F|  |TS  9|AC  0|TAMS 0x00000006cf200000, 0x00000006cf200000|
| 217|0x00000006cf300000, 0x00000006cf300000, 0x00000006cf400000|  0%| F|  |TS  9|AC  0|TAMS 0x00000006cf300000, 0x00000006cf300000|
| 218|0x00000006cf400000, 0x00000006cf500000, 0x00000006cf500000|100%| S|CS|TS 11|AC  0|TAMS 0x00000006cf400000, 0x00000006cf400000|
| 219|0x00000006cf500000, 0x00000006cf600000, 0x00000006cf600000|100%| S|CS|TS 11|AC  0|TAMS 0x00000006cf500000, 0x00000006cf500000|
| 220|0x00000006cf600000, 0x00000006cf700000, 0x00000006cf700000|100%| S|CS|TS 11|AC  0|TAMS 0x00000006cf600000, 0x00000006cf600000|
| 221|0x00000006cf700000, 0x00000006cf800000, 0x00000006cf800000|100%| S|CS|TS 11|AC  0|TAMS 0x00000006cf700000, 0x00000006cf700000|
| 222|0x00000006cf800000, 0x00000006cf900000, 0x00000006cf900000|100%| S|CS|TS 11|AC  0|TAMS 0x00000006cf800000, 0x00000006cf800000|
| 223|0x00000006cf900000, 0x00000006cfa00000, 0x00000006cfa00000|100%| S|CS|TS 11|AC  0|TAMS 0x00000006cf900000, 0x00000006cf900000|
| 224|0x00000006cfa00000, 0x00000006cfb00000, 0x00000006cfb00000|100%| S|CS|TS 11|AC  0|TAMS 0x00000006cfa00000, 0x00000006cfa00000|
| 225|0x00000006cfb00000, 0x00000006cfb00000, 0x00000006cfc00000|  0%| F|  |TS 11|AC  0|TAMS 0x00000006cfb00000, 0x00000006cfb00000|
| 226|0x00000006cfc00000, 0x00000006cfc00000, 0x00000006cfd00000|  0%| F|  |TS 11|AC  0|TAMS 0x00000006cfc00000, 0x00000006cfc00000|
| 227|0x00000006cfd00000, 0x00000006cfd00000, 0x00000006cfe00000|  0%| F|  |TS 11|AC  0|TAMS 0x00000006cfd00000, 0x00000006cfd00000|
| 228|0x00000006cfe00000, 0x00000006cfe00000, 0x00000006cff00000|  0%| F|  |TS 11|AC  0|TAMS 0x00000006cfe00000, 0x00000006cfe00000|
| 229|0x00000006cff00000, 0x00000006cff00000, 0x00000006d0000000|  0%| F|  |TS 11|AC  0|TAMS 0x00000006cff00000, 0x00000006cff00000|
| 230|0x00000006d0000000, 0x00000006d0000000, 0x00000006d0100000|  0%| F|  |TS 11|AC  0|TAMS 0x00000006d0000000, 0x00000006d0000000|
| 231|0x00000006d0100000, 0x00000006d0100000, 0x00000006d0200000|  0%| F|  |TS 11|AC  0|TAMS 0x00000006d0100000, 0x00000006d0100000|
| 232|0x00000006d0200000, 0x00000006d0200000, 0x00000006d0300000|  0%| F|  |TS 11|AC  0|TAMS 0x00000006d0200000, 0x00000006d0200000|
| 233|0x00000006d0300000, 0x00000006d0300000, 0x00000006d0400000|  0%| F|  |TS 11|AC  0|TAMS 0x00000006d0300000, 0x00000006d0300000|
| 234|0x00000006d0400000, 0x00000006d0400000, 0x00000006d0500000|  0%| F|  |TS 11|AC  0|TAMS 0x00000006d0400000, 0x00000006d0400000|
| 235|0x00000006d0500000, 0x00000006d0500000, 0x00000006d0600000|  0%| F|  |TS 11|AC  0|TAMS 0x00000006d0500000, 0x00000006d0500000|
| 236|0x00000006d0600000, 0x00000006d0600000, 0x00000006d0700000|  0%| F|  |TS 11|AC  0|TAMS 0x00000006d0600000, 0x00000006d0600000|
| 237|0x00000006d0700000, 0x00000006d0700000, 0x00000006d0800000|  0%| F|  |TS 11|AC  0|TAMS 0x00000006d0700000, 0x00000006d0700000|
| 238|0x00000006d0800000, 0x00000006d0800000, 0x00000006d0900000|  0%| F|  |TS 11|AC  0|TAMS 0x00000006d0800000, 0x00000006d0800000|
| 239|0x00000006d0900000, 0x00000006d0900000, 0x00000006d0a00000|  0%| F|  |TS 11|AC  0|TAMS 0x00000006d0900000, 0x00000006d0900000|
| 240|0x00000006d0a00000, 0x00000006d0a00000, 0x00000006d0b00000|  0%| F|  |TS 11|AC  0|TAMS 0x00000006d0a00000, 0x00000006d0a00000|
| 241|0x00000006d0b00000, 0x00000006d0b00000, 0x00000006d0c00000|  0%| F|  |TS 11|AC  0|TAMS 0x00000006d0b00000, 0x00000006d0b00000|
| 242|0x00000006d0c00000, 0x00000006d0c00000, 0x00000006d0d00000|  0%| F|  |TS 11|AC  0|TAMS 0x00000006d0c00000, 0x00000006d0c00000|
| 243|0x00000006d0d00000, 0x00000006d0d00000, 0x00000006d0e00000|  0%| F|  |TS 11|AC  0|TAMS 0x00000006d0d00000, 0x00000006d0d00000|
| 244|0x00000006d0e00000, 0x00000006d0e00000, 0x00000006d0f00000|  0%| F|  |TS 11|AC  0|TAMS 0x00000006d0e00000, 0x00000006d0e00000|
| 245|0x00000006d0f00000, 0x00000006d0f00000, 0x00000006d1000000|  0%| F|  |TS 11|AC  0|TAMS 0x00000006d0f00000, 0x00000006d0f00000|
| 246|0x00000006d1000000, 0x00000006d1000000, 0x00000006d1100000|  0%| F|  |TS 11|AC  0|TAMS 0x00000006d1000000, 0x00000006d1000000|
| 247|0x00000006d1100000, 0x00000006d1100000, 0x00000006d1200000|  0%| F|  |TS 11|AC  0|TAMS 0x00000006d1100000, 0x00000006d1100000|
| 248|0x00000006d1200000, 0x00000006d1200000, 0x00000006d1300000|  0%| F|  |TS 11|AC  0|TAMS 0x00000006d1200000, 0x00000006d1200000|
| 249|0x00000006d1300000, 0x00000006d1300000, 0x00000006d1400000|  0%| F|  |TS 11|AC  0|TAMS 0x00000006d1300000, 0x00000006d1300000|
| 250|0x00000006d1400000, 0x00000006d1400000, 0x00000006d1500000|  0%| F|  |TS 11|AC  0|TAMS 0x00000006d1400000, 0x00000006d1400000|
| 251|0x00000006d1500000, 0x00000006d1500000, 0x00000006d1600000|  0%| F|  |TS 11|AC  0|TAMS 0x00000006d1500000, 0x00000006d1500000|
| 252|0x00000006d1600000, 0x00000006d1600000, 0x00000006d1700000|  0%| F|  |TS 11|AC  0|TAMS 0x00000006d1600000, 0x00000006d1600000|
| 253|0x00000006d1700000, 0x00000006d1700000, 0x00000006d1800000|  0%| F|  |TS 11|AC  0|TAMS 0x00000006d1700000, 0x00000006d1700000|
| 254|0x00000006d1800000, 0x00000006d1800000, 0x00000006d1900000|  0%| F|  |TS 11|AC  0|TAMS 0x00000006d1800000, 0x00000006d1800000|
| 255|0x00000006d1900000, 0x00000006d1900000, 0x00000006d1a00000|  0%| F|  |TS 11|AC  0|TAMS 0x00000006d1900000, 0x00000006d1900000|
| 256|0x00000006d1a00000, 0x00000006d1a00000, 0x00000006d1b00000|  0%| F|  |TS 11|AC  0|TAMS 0x00000006d1a00000, 0x00000006d1a00000|
| 257|0x00000006d1b00000, 0x00000006d1b00000, 0x00000006d1c00000|  0%| F|  |TS 11|AC  0|TAMS 0x00000006d1b00000, 0x00000006d1b00000|
| 258|0x00000006d1c00000, 0x00000006d1c00000, 0x00000006d1d00000|  0%| F|  |TS 11|AC  0|TAMS 0x00000006d1c00000, 0x00000006d1c00000|
| 259|0x00000006d1d00000, 0x00000006d1d00000, 0x00000006d1e00000|  0%| F|  |TS 11|AC  0|TAMS 0x00000006d1d00000, 0x00000006d1d00000|
| 260|0x00000006d1e00000, 0x00000006d1e00000, 0x00000006d1f00000|  0%| F|  |TS 11|AC  0|TAMS 0x00000006d1e00000, 0x00000006d1e00000|
| 261|0x00000006d1f00000, 0x00000006d1f00000, 0x00000006d2000000|  0%| F|  |TS 11|AC  0|TAMS 0x00000006d1f00000, 0x00000006d1f00000|
| 262|0x00000006d2000000, 0x00000006d2000000, 0x00000006d2100000|  0%| F|  |TS 11|AC  0|TAMS 0x00000006d2000000, 0x00000006d2000000|
| 263|0x00000006d2100000, 0x00000006d2100000, 0x00000006d2200000|  0%| F|  |TS 11|AC  0|TAMS 0x00000006d2100000, 0x00000006d2100000|
| 264|0x00000006d2200000, 0x00000006d2200000, 0x00000006d2300000|  0%| F|  |TS 11|AC  0|TAMS 0x00000006d2200000, 0x00000006d2200000|
| 265|0x00000006d2300000, 0x00000006d2300000, 0x00000006d2400000|  0%| F|  |TS 11|AC  0|TAMS 0x00000006d2300000, 0x00000006d2300000|
| 266|0x00000006d2400000, 0x00000006d2400000, 0x00000006d2500000|  0%| F|  |TS 11|AC  0|TAMS 0x00000006d2400000, 0x00000006d2400000|
| 267|0x00000006d2500000, 0x00000006d2500000, 0x00000006d2600000|  0%| F|  |TS 11|AC  0|TAMS 0x00000006d2500000, 0x00000006d2500000|
| 268|0x00000006d2600000, 0x00000006d2600000, 0x00000006d2700000|  0%| F|  |TS 11|AC  0|TAMS 0x00000006d2600000, 0x00000006d2600000|
| 269|0x00000006d2700000, 0x00000006d2700000, 0x00000006d2800000|  0%| F|  |TS 11|AC  0|TAMS 0x00000006d2700000, 0x00000006d2700000|
| 270|0x00000006d2800000, 0x00000006d2800000, 0x00000006d2900000|  0%| F|  |TS 11|AC  0|TAMS 0x00000006d2800000, 0x00000006d2800000|
| 271|0x00000006d2900000, 0x00000006d2900000, 0x00000006d2a00000|  0%| F|  |TS 11|AC  0|TAMS 0x00000006d2900000, 0x00000006d2900000|
| 272|0x00000006d2a00000, 0x00000006d2a00000, 0x00000006d2b00000|  0%| F|  |TS 11|AC  0|TAMS 0x00000006d2a00000, 0x00000006d2a00000|
| 273|0x00000006d2b00000, 0x00000006d2b00000, 0x00000006d2c00000|  0%| F|  |TS 11|AC  0|TAMS 0x00000006d2b00000, 0x00000006d2b00000|
| 274|0x00000006d2c00000, 0x00000006d2c00000, 0x00000006d2d00000|  0%| F|  |TS 11|AC  0|TAMS 0x00000006d2c00000, 0x00000006d2c00000|
| 275|0x00000006d2d00000, 0x00000006d2d00000, 0x00000006d2e00000|  0%| F|  |TS 11|AC  0|TAMS 0x00000006d2d00000, 0x00000006d2d00000|
| 276|0x00000006d2e00000, 0x00000006d2e00000, 0x00000006d2f00000|  0%| F|  |TS 11|AC  0|TAMS 0x00000006d2e00000, 0x00000006d2e00000|
| 277|0x00000006d2f00000, 0x00000006d2f00000, 0x00000006d3000000|  0%| F|  |TS 11|AC  0|TAMS 0x00000006d2f00000, 0x00000006d2f00000|
| 278|0x00000006d3000000, 0x00000006d3000000, 0x00000006d3100000|  0%| F|  |TS 11|AC  0|TAMS 0x00000006d3000000, 0x00000006d3000000|
| 279|0x00000006d3100000, 0x00000006d3100000, 0x00000006d3200000|  0%| F|  |TS 11|AC  0|TAMS 0x00000006d3100000, 0x00000006d3100000|
| 280|0x00000006d3200000, 0x00000006d3200000, 0x00000006d3300000|  0%| F|  |TS 11|AC  0|TAMS 0x00000006d3200000, 0x00000006d3200000|
| 281|0x00000006d3300000, 0x00000006d3300000, 0x00000006d3400000|  0%| F|  |TS 11|AC  0|TAMS 0x00000006d3300000, 0x00000006d3300000|
| 282|0x00000006d3400000, 0x00000006d3400000, 0x00000006d3500000|  0%| F|  |TS 11|AC  0|TAMS 0x00000006d3400000, 0x00000006d3400000|
| 283|0x00000006d3500000, 0x00000006d3500000, 0x00000006d3600000|  0%| F|  |TS 11|AC  0|TAMS 0x00000006d3500000, 0x00000006d3500000|
| 284|0x00000006d3600000, 0x00000006d3600000, 0x00000006d3700000|  0%| F|  |TS 11|AC  0|TAMS 0x00000006d3600000, 0x00000006d3600000|
| 285|0x00000006d3700000, 0x00000006d3700000, 0x00000006d3800000|  0%| F|  |TS 11|AC  0|TAMS 0x00000006d3700000, 0x00000006d3700000|
| 286|0x00000006d3800000, 0x00000006d3800000, 0x00000006d3900000|  0%| F|  |TS 11|AC  0|TAMS 0x00000006d3800000, 0x00000006d3800000|
| 287|0x00000006d3900000, 0x00000006d3900000, 0x00000006d3a00000|  0%| F|  |TS 11|AC  0|TAMS 0x00000006d3900000, 0x00000006d3900000|
| 288|0x00000006d3a00000, 0x00000006d3a00000, 0x00000006d3b00000|  0%| F|  |TS 11|AC  0|TAMS 0x00000006d3a00000, 0x00000006d3a00000|
| 289|0x00000006d3b00000, 0x00000006d3b00000, 0x00000006d3c00000|  0%| F|  |TS 11|AC  0|TAMS 0x00000006d3b00000, 0x00000006d3b00000|
| 290|0x00000006d3c00000, 0x00000006d3c00000, 0x00000006d3d00000|  0%| F|  |TS 11|AC  0|TAMS 0x00000006d3c00000, 0x00000006d3c00000|
| 291|0x00000006d3d00000, 0x00000006d3d00000, 0x00000006d3e00000|  0%| F|  |TS 11|AC  0|TAMS 0x00000006d3d00000, 0x00000006d3d00000|
| 292|0x00000006d3e00000, 0x00000006d3e00000, 0x00000006d3f00000|  0%| F|  |TS 11|AC  0|TAMS 0x00000006d3e00000, 0x00000006d3e00000|
| 293|0x00000006d3f00000, 0x00000006d3f00000, 0x00000006d4000000|  0%| F|  |TS 11|AC  0|TAMS 0x00000006d3f00000, 0x00000006d3f00000|
| 294|0x00000006d4000000, 0x00000006d4000000, 0x00000006d4100000|  0%| F|  |TS 11|AC  0|TAMS 0x00000006d4000000, 0x00000006d4000000|
| 295|0x00000006d4100000, 0x00000006d4100000, 0x00000006d4200000|  0%| F|  |TS 11|AC  0|TAMS 0x00000006d4100000, 0x00000006d4100000|
| 296|0x00000006d4200000, 0x00000006d4200000, 0x00000006d4300000|  0%| F|  |TS 11|AC  0|TAMS 0x00000006d4200000, 0x00000006d4200000|
| 297|0x00000006d4300000, 0x00000006d4300000, 0x00000006d4400000|  0%| F|  |TS 11|AC  0|TAMS 0x00000006d4300000, 0x00000006d4300000|
| 298|0x00000006d4400000, 0x00000006d4400000, 0x00000006d4500000|  0%| F|  |TS 11|AC  0|TAMS 0x00000006d4400000, 0x00000006d4400000|
| 299|0x00000006d4500000, 0x00000006d4500000, 0x00000006d4600000|  0%| F|  |TS 11|AC  0|TAMS 0x00000006d4500000, 0x00000006d4500000|
| 300|0x00000006d4600000, 0x00000006d4600000, 0x00000006d4700000|  0%| F|  |TS 11|AC  0|TAMS 0x00000006d4600000, 0x00000006d4600000|
| 301|0x00000006d4700000, 0x00000006d4700000, 0x00000006d4800000|  0%| F|  |TS 11|AC  0|TAMS 0x00000006d4700000, 0x00000006d4700000|
| 302|0x00000006d4800000, 0x00000006d4800000, 0x00000006d4900000|  0%| F|  |TS 11|AC  0|TAMS 0x00000006d4800000, 0x00000006d4800000|
| 303|0x00000006d4900000, 0x00000006d4900000, 0x00000006d4a00000|  0%| F|  |TS 11|AC  0|TAMS 0x00000006d4900000, 0x00000006d4900000|
| 304|0x00000006d4a00000, 0x00000006d4a00000, 0x00000006d4b00000|  0%| F|  |TS 11|AC  0|TAMS 0x00000006d4a00000, 0x00000006d4a00000|
| 305|0x00000006d4b00000, 0x00000006d4b00000, 0x00000006d4c00000|  0%| F|  |TS 11|AC  0|TAMS 0x00000006d4b00000, 0x00000006d4b00000|
| 306|0x00000006d4c00000, 0x00000006d4c00000, 0x00000006d4d00000|  0%| F|  |TS 11|AC  0|TAMS 0x00000006d4c00000, 0x00000006d4c00000|
| 307|0x00000006d4d00000, 0x00000006d4d00000, 0x00000006d4e00000|  0%| F|  |TS 11|AC  0|TAMS 0x00000006d4d00000, 0x00000006d4d00000|
| 308|0x00000006d4e00000, 0x00000006d4e00000, 0x00000006d4f00000|  0%| F|  |TS 11|AC  0|TAMS 0x00000006d4e00000, 0x00000006d4e00000|
| 309|0x00000006d4f00000, 0x00000006d4f00000, 0x00000006d5000000|  0%| F|  |TS 11|AC  0|TAMS 0x00000006d4f00000, 0x00000006d4f00000|
| 310|0x00000006d5000000, 0x00000006d5000000, 0x00000006d5100000|  0%| F|  |TS 11|AC  0|TAMS 0x00000006d5000000, 0x00000006d5000000|
| 311|0x00000006d5100000, 0x00000006d5100000, 0x00000006d5200000|  0%| F|  |TS 11|AC  0|TAMS 0x00000006d5100000, 0x00000006d5100000|
| 312|0x00000006d5200000, 0x00000006d5200000, 0x00000006d5300000|  0%| F|  |TS 11|AC  0|TAMS 0x00000006d5200000, 0x00000006d5200000|
| 313|0x00000006d5300000, 0x00000006d5300000, 0x00000006d5400000|  0%| F|  |TS 11|AC  0|TAMS 0x00000006d5300000, 0x00000006d5300000|
| 314|0x00000006d5400000, 0x00000006d5400000, 0x00000006d5500000|  0%| F|  |TS 11|AC  0|TAMS 0x00000006d5400000, 0x00000006d5400000|
| 315|0x00000006d5500000, 0x00000006d5500000, 0x00000006d5600000|  0%| F|  |TS 11|AC  0|TAMS 0x00000006d5500000, 0x00000006d5500000|
| 316|0x00000006d5600000, 0x00000006d5600000, 0x00000006d5700000|  0%| F|  |TS 11|AC  0|TAMS 0x00000006d5600000, 0x00000006d5600000|
| 317|0x00000006d5700000, 0x00000006d5700000, 0x00000006d5800000|  0%| F|  |TS 11|AC  0|TAMS 0x00000006d5700000, 0x00000006d5700000|
| 318|0x00000006d5800000, 0x00000006d5800000, 0x00000006d5900000|  0%| F|  |TS 11|AC  0|TAMS 0x00000006d5800000, 0x00000006d5800000|
| 319|0x00000006d5900000, 0x00000006d5900000, 0x00000006d5a00000|  0%| F|  |TS 11|AC  0|TAMS 0x00000006d5900000, 0x00000006d5900000|
| 320|0x00000006d5a00000, 0x00000006d5a00000, 0x00000006d5b00000|  0%| F|  |TS 11|AC  0|TAMS 0x00000006d5a00000, 0x00000006d5a00000|
| 321|0x00000006d5b00000, 0x00000006d5b00000, 0x00000006d5c00000|  0%| F|  |TS 11|AC  0|TAMS 0x00000006d5b00000, 0x00000006d5b00000|
| 322|0x00000006d5c00000, 0x00000006d5c00000, 0x00000006d5d00000|  0%| F|  |TS 11|AC  0|TAMS 0x00000006d5c00000, 0x00000006d5c00000|
| 323|0x00000006d5d00000, 0x00000006d5d00000, 0x00000006d5e00000|  0%| F|  |TS 11|AC  0|TAMS 0x00000006d5d00000, 0x00000006d5d00000|
| 324|0x00000006d5e00000, 0x00000006d5e00000, 0x00000006d5f00000|  0%| F|  |TS 11|AC  0|TAMS 0x00000006d5e00000, 0x00000006d5e00000|
| 325|0x00000006d5f00000, 0x00000006d5f00000, 0x00000006d6000000|  0%| F|  |TS 11|AC  0|TAMS 0x00000006d5f00000, 0x00000006d5f00000|
| 326|0x00000006d6000000, 0x00000006d6000000, 0x00000006d6100000|  0%| F|  |TS 11|AC  0|TAMS 0x00000006d6000000, 0x00000006d6000000|
| 327|0x00000006d6100000, 0x00000006d6100000, 0x00000006d6200000|  0%| F|  |TS 11|AC  0|TAMS 0x00000006d6100000, 0x00000006d6100000|
| 328|0x00000006d6200000, 0x00000006d6200000, 0x00000006d6300000|  0%| F|  |TS 11|AC  0|TAMS 0x00000006d6200000, 0x00000006d6200000|
| 329|0x00000006d6300000, 0x00000006d6300000, 0x00000006d6400000|  0%| F|  |TS 11|AC  0|TAMS 0x00000006d6300000, 0x00000006d6300000|
| 330|0x00000006d6400000, 0x00000006d6400000, 0x00000006d6500000|  0%| F|  |TS 11|AC  0|TAMS 0x00000006d6400000, 0x00000006d6400000|
| 331|0x00000006d6500000, 0x00000006d6500000, 0x00000006d6600000|  0%| F|  |TS 11|AC  0|TAMS 0x00000006d6500000, 0x00000006d6500000|
| 332|0x00000006d6600000, 0x00000006d6600000, 0x00000006d6700000|  0%| F|  |TS 11|AC  0|TAMS 0x00000006d6600000, 0x00000006d6600000|
| 333|0x00000006d6700000, 0x00000006d6700000, 0x00000006d6800000|  0%| F|  |TS 11|AC  0|TAMS 0x00000006d6700000, 0x00000006d6700000|
| 334|0x00000006d6800000, 0x00000006d6800000, 0x00000006d6900000|  0%| F|  |TS 11|AC  0|TAMS 0x00000006d6800000, 0x00000006d6800000|
| 335|0x00000006d6900000, 0x00000006d6900000, 0x00000006d6a00000|  0%| F|  |TS 11|AC  0|TAMS 0x00000006d6900000, 0x00000006d6900000|
| 336|0x00000006d6a00000, 0x00000006d6a00000, 0x00000006d6b00000|  0%| F|  |TS 11|AC  0|TAMS 0x00000006d6a00000, 0x00000006d6a00000|
| 337|0x00000006d6b00000, 0x00000006d6b00000, 0x00000006d6c00000|  0%| F|  |TS 11|AC  0|TAMS 0x00000006d6b00000, 0x00000006d6b00000|
| 338|0x00000006d6c00000, 0x00000006d6c00000, 0x00000006d6d00000|  0%| F|  |TS 11|AC  0|TAMS 0x00000006d6c00000, 0x00000006d6c00000|
| 339|0x00000006d6d00000, 0x00000006d6d00000, 0x00000006d6e00000|  0%| F|  |TS 11|AC  0|TAMS 0x00000006d6d00000, 0x00000006d6d00000|
| 340|0x00000006d6e00000, 0x00000006d6e00000, 0x00000006d6f00000|  0%| F|  |TS 11|AC  0|TAMS 0x00000006d6e00000, 0x00000006d6e00000|
| 341|0x00000006d6f00000, 0x00000006d6f00000, 0x00000006d7000000|  0%| F|  |TS 11|AC  0|TAMS 0x00000006d6f00000, 0x00000006d6f00000|
| 342|0x00000006d7000000, 0x00000006d7000000, 0x00000006d7100000|  0%| F|  |TS 11|AC  0|TAMS 0x00000006d7000000, 0x00000006d7000000|
| 343|0x00000006d7100000, 0x00000006d7100000, 0x00000006d7200000|  0%| F|  |TS 11|AC  0|TAMS 0x00000006d7100000, 0x00000006d7100000|
| 344|0x00000006d7200000, 0x00000006d7200000, 0x00000006d7300000|  0%| F|  |TS 11|AC  0|TAMS 0x00000006d7200000, 0x00000006d7200000|
| 345|0x00000006d7300000, 0x00000006d7300000, 0x00000006d7400000|  0%| F|  |TS 11|AC  0|TAMS 0x00000006d7300000, 0x00000006d7300000|
| 346|0x00000006d7400000, 0x00000006d7400000, 0x00000006d7500000|  0%| F|  |TS 11|AC  0|TAMS 0x00000006d7400000, 0x00000006d7400000|
| 347|0x00000006d7500000, 0x00000006d7500000, 0x00000006d7600000|  0%| F|  |TS 11|AC  0|TAMS 0x00000006d7500000, 0x00000006d7500000|
| 348|0x00000006d7600000, 0x00000006d7600000, 0x00000006d7700000|  0%| F|  |TS 11|AC  0|TAMS 0x00000006d7600000, 0x00000006d7600000|
| 349|0x00000006d7700000, 0x00000006d7700000, 0x00000006d7800000|  0%| F|  |TS 11|AC  0|TAMS 0x00000006d7700000, 0x00000006d7700000|
| 350|0x00000006d7800000, 0x00000006d7800000, 0x00000006d7900000|  0%| F|  |TS 11|AC  0|TAMS 0x00000006d7800000, 0x00000006d7800000|
| 351|0x00000006d7900000, 0x00000006d7900000, 0x00000006d7a00000|  0%| F|  |TS 11|AC  0|TAMS 0x00000006d7900000, 0x00000006d7900000|
| 352|0x00000006d7a00000, 0x00000006d7a00000, 0x00000006d7b00000|  0%| F|  |TS 11|AC  0|TAMS 0x00000006d7a00000, 0x00000006d7a00000|
| 353|0x00000006d7b00000, 0x00000006d7b00000, 0x00000006d7c00000|  0%| F|  |TS 11|AC  0|TAMS 0x00000006d7b00000, 0x00000006d7b00000|
| 354|0x00000006d7c00000, 0x00000006d7c00000, 0x00000006d7d00000|  0%| F|  |TS 11|AC  0|TAMS 0x00000006d7c00000, 0x00000006d7c00000|
| 355|0x00000006d7d00000, 0x00000006d7d00000, 0x00000006d7e00000|  0%| F|  |TS 11|AC  0|TAMS 0x00000006d7d00000, 0x00000006d7d00000|
| 356|0x00000006d7e00000, 0x00000006d7e00000, 0x00000006d7f00000|  0%| F|  |TS 11|AC  0|TAMS 0x00000006d7e00000, 0x00000006d7e00000|
| 357|0x00000006d7f00000, 0x00000006d7f00000, 0x00000006d8000000|  0%| F|  |TS 11|AC  0|TAMS 0x00000006d7f00000, 0x00000006d7f00000|
| 358|0x00000006d8000000, 0x00000006d8000000, 0x00000006d8100000|  0%| F|  |TS 11|AC  0|TAMS 0x00000006d8000000, 0x00000006d8000000|
| 359|0x00000006d8100000, 0x00000006d8100000, 0x00000006d8200000|  0%| F|  |TS 11|AC  0|TAMS 0x00000006d8100000, 0x00000006d8100000|
| 360|0x00000006d8200000, 0x00000006d8200000, 0x00000006d8300000|  0%| F|  |TS 11|AC  0|TAMS 0x00000006d8200000, 0x00000006d8200000|
| 361|0x00000006d8300000, 0x00000006d8300000, 0x00000006d8400000|  0%| F|  |TS 11|AC  0|TAMS 0x00000006d8300000, 0x00000006d8300000|
| 362|0x00000006d8400000, 0x00000006d8400000, 0x00000006d8500000|  0%| F|  |TS 11|AC  0|TAMS 0x00000006d8400000, 0x00000006d8400000|
| 363|0x00000006d8500000, 0x00000006d8500000, 0x00000006d8600000|  0%| F|  |TS 11|AC  0|TAMS 0x00000006d8500000, 0x00000006d8500000|
| 364|0x00000006d8600000, 0x00000006d8600000, 0x00000006d8700000|  0%| F|  |TS 11|AC  0|TAMS 0x00000006d8600000, 0x00000006d8600000|
| 365|0x00000006d8700000, 0x00000006d8700000, 0x00000006d8800000|  0%| F|  |TS 11|AC  0|TAMS 0x00000006d8700000, 0x00000006d8700000|
| 366|0x00000006d8800000, 0x00000006d8800000, 0x00000006d8900000|  0%| F|  |TS 11|AC  0|TAMS 0x00000006d8800000, 0x00000006d8800000|
| 367|0x00000006d8900000, 0x00000006d8900000, 0x00000006d8a00000|  0%| F|  |TS 11|AC  0|TAMS 0x00000006d8900000, 0x00000006d8900000|
| 368|0x00000006d8a00000, 0x00000006d8a00000, 0x00000006d8b00000|  0%| F|  |TS 11|AC  0|TAMS 0x00000006d8a00000, 0x00000006d8a00000|
| 369|0x00000006d8b00000, 0x00000006d8b00000, 0x00000006d8c00000|  0%| F|  |TS 11|AC  0|TAMS 0x00000006d8b00000, 0x00000006d8b00000|
| 370|0x00000006d8c00000, 0x00000006d8c00000, 0x00000006d8d00000|  0%| F|  |TS 11|AC  0|TAMS 0x00000006d8c00000, 0x00000006d8c00000|
| 371|0x00000006d8d00000, 0x00000006d8d80800, 0x00000006d8e00000| 50%| E|  |TS 11|AC  0|TAMS 0x00000006d8d00000, 0x00000006d8d00000|
| 372|0x00000006d8e00000, 0x00000006d8f00000, 0x00000006d8f00000|100%| E|CS|TS 11|AC  0|TAMS 0x00000006d8e00000, 0x00000006d8e00000|
| 373|0x00000006d8f00000, 0x00000006d9000000, 0x00000006d9000000|100%| E|CS|TS 11|AC  0|TAMS 0x00000006d8f00000, 0x00000006d8f00000|
| 374|0x00000006d9000000, 0x00000006d9100000, 0x00000006d9100000|100%| E|CS|TS 11|AC  0|TAMS 0x00000006d9000000, 0x00000006d9000000|
| 375|0x00000006d9100000, 0x00000006d9200000, 0x00000006d9200000|100%| E|CS|TS 11|AC  0|TAMS 0x00000006d9100000, 0x00000006d9100000|
| 376|0x00000006d9200000, 0x00000006d9300000, 0x00000006d9300000|100%| E|CS|TS 11|AC  0|TAMS 0x00000006d9200000, 0x00000006d9200000|
| 377|0x00000006d9300000, 0x00000006d9400000, 0x00000006d9400000|100%| E|CS|TS 11|AC  0|TAMS 0x00000006d9300000, 0x00000006d9300000|
| 378|0x00000006d9400000, 0x00000006d9500000, 0x00000006d9500000|100%| E|CS|TS 11|AC  0|TAMS 0x00000006d9400000, 0x00000006d9400000|
| 379|0x00000006d9500000, 0x00000006d9600000, 0x00000006d9600000|100%| E|CS|TS 11|AC  0|TAMS 0x00000006d9500000, 0x00000006d9500000|
| 380|0x00000006d9600000, 0x00000006d9700000, 0x00000006d9700000|100%| E|CS|TS 11|AC  0|TAMS 0x00000006d9600000, 0x00000006d9600000|
| 381|0x00000006d9700000, 0x00000006d9800000, 0x00000006d9800000|100%| E|CS|TS 11|AC  0|TAMS 0x00000006d9700000, 0x00000006d9700000|
| 382|0x00000006d9800000, 0x00000006d9900000, 0x00000006d9900000|100%| E|CS|TS 11|AC  0|TAMS 0x00000006d9800000, 0x00000006d9800000|
| 383|0x00000006d9900000, 0x00000006d9a00000, 0x00000006d9a00000|100%| E|CS|TS 11|AC  0|TAMS 0x00000006d9900000, 0x00000006d9900000|
| 384|0x00000006d9a00000, 0x00000006d9b00000, 0x00000006d9b00000|100%| E|CS|TS 11|AC  0|TAMS 0x00000006d9a00000, 0x00000006d9a00000|
| 385|0x00000006d9b00000, 0x00000006d9c00000, 0x00000006d9c00000|100%| E|CS|TS 11|AC  0|TAMS 0x00000006d9b00000, 0x00000006d9b00000|
| 386|0x00000006d9c00000, 0x00000006d9d00000, 0x00000006d9d00000|100%| E|CS|TS 11|AC  0|TAMS 0x00000006d9c00000, 0x00000006d9c00000|
| 387|0x00000006d9d00000, 0x00000006d9e00000, 0x00000006d9e00000|100%| E|CS|TS 11|AC  0|TAMS 0x00000006d9d00000, 0x00000006d9d00000|
| 388|0x00000006d9e00000, 0x00000006d9f00000, 0x00000006d9f00000|100%| E|CS|TS 11|AC  0|TAMS 0x00000006d9e00000, 0x00000006d9e00000|
| 389|0x00000006d9f00000, 0x00000006da000000, 0x00000006da000000|100%| E|CS|TS 11|AC  0|TAMS 0x00000006d9f00000, 0x00000006d9f00000|
| 390|0x00000006da000000, 0x00000006da100000, 0x00000006da100000|100%| E|CS|TS 11|AC  0|TAMS 0x00000006da000000, 0x00000006da000000|
| 391|0x00000006da100000, 0x00000006da200000, 0x00000006da200000|100%| E|CS|TS 11|AC  0|TAMS 0x00000006da100000, 0x00000006da100000|
| 392|0x00000006da200000, 0x00000006da300000, 0x00000006da300000|100%| E|CS|TS 11|AC  0|TAMS 0x00000006da200000, 0x00000006da200000|
| 393|0x00000006da300000, 0x00000006da400000, 0x00000006da400000|100%| E|CS|TS 11|AC  0|TAMS 0x00000006da300000, 0x00000006da300000|
| 394|0x00000006da400000, 0x00000006da500000, 0x00000006da500000|100%| E|CS|TS 11|AC  0|TAMS 0x00000006da400000, 0x00000006da400000|
| 395|0x00000006da500000, 0x00000006da600000, 0x00000006da600000|100%| E|CS|TS 11|AC  0|TAMS 0x00000006da500000, 0x00000006da500000|
| 396|0x00000006da600000, 0x00000006da700000, 0x00000006da700000|100%| E|CS|TS 11|AC  0|TAMS 0x00000006da600000, 0x00000006da600000|
| 397|0x00000006da700000, 0x00000006da800000, 0x00000006da800000|100%| E|CS|TS 11|AC  0|TAMS 0x00000006da700000, 0x00000006da700000|
| 398|0x00000006da800000, 0x00000006da900000, 0x00000006da900000|100%| E|CS|TS 11|AC  0|TAMS 0x00000006da800000, 0x00000006da800000|
| 399|0x00000006da900000, 0x00000006daa00000, 0x00000006daa00000|100%| E|CS|TS 11|AC  0|TAMS 0x00000006da900000, 0x00000006da900000|
| 400|0x00000006daa00000, 0x00000006dab00000, 0x00000006dab00000|100%| E|CS|TS 11|AC  0|TAMS 0x00000006daa00000, 0x00000006daa00000|
| 401|0x00000006dab00000, 0x00000006dac00000, 0x00000006dac00000|100%| E|CS|TS 11|AC  0|TAMS 0x00000006dab00000, 0x00000006dab00000|
| 402|0x00000006dac00000, 0x00000006dad00000, 0x00000006dad00000|100%| E|CS|TS 11|AC  0|TAMS 0x00000006dac00000, 0x00000006dac00000|
| 403|0x00000006dad00000, 0x00000006dae00000, 0x00000006dae00000|100%| E|CS|TS 11|AC  0|TAMS 0x00000006dad00000, 0x00000006dad00000|
| 404|0x00000006dae00000, 0x00000006daf00000, 0x00000006daf00000|100%| E|CS|TS 11|AC  0|TAMS 0x00000006dae00000, 0x00000006dae00000|
| 405|0x00000006daf00000, 0x00000006db000000, 0x00000006db000000|100%| E|CS|TS 11|AC  0|TAMS 0x00000006daf00000, 0x00000006daf00000|
| 406|0x00000006db000000, 0x00000006db100000, 0x00000006db100000|100%| E|CS|TS 11|AC  0|TAMS 0x00000006db000000, 0x00000006db000000|
| 407|0x00000006db100000, 0x00000006db200000, 0x00000006db200000|100%| E|CS|TS 11|AC  0|TAMS 0x00000006db100000, 0x00000006db100000|
| 408|0x00000006db200000, 0x00000006db300000, 0x00000006db300000|100%| E|CS|TS 11|AC  0|TAMS 0x00000006db200000, 0x00000006db200000|
| 409|0x00000006db300000, 0x00000006db400000, 0x00000006db400000|100%| E|CS|TS 11|AC  0|TAMS 0x00000006db300000, 0x00000006db300000|
| 410|0x00000006db400000, 0x00000006db500000, 0x00000006db500000|100%| E|CS|TS 11|AC  0|TAMS 0x00000006db400000, 0x00000006db400000|
| 411|0x00000006db500000, 0x00000006db600000, 0x00000006db600000|100%| E|CS|TS 11|AC  0|TAMS 0x00000006db500000, 0x00000006db500000|
| 412|0x00000006db600000, 0x00000006db700000, 0x00000006db700000|100%| E|CS|TS 11|AC  0|TAMS 0x00000006db600000, 0x00000006db600000|

Card table byte_map: [0x000001cd23300000,0x000001cd23b00000] byte_map_base: 0x000001cd1fcf3000

Marking Bits (Prev, Next): (CMBitMap*) 0x000001cd2c2c8470, (CMBitMap*) 0x000001cd2c2c84a8
 Prev Bits: [0x000001cd24300000, 0x000001cd28298000)
 Next Bits: [0x000001cd282a0000, 0x000001cd2c238000)

Polling page: 0x000001cd0a350000

CodeHeap 'non-profiled nmethods': size=120000Kb used=472Kb max_used=472Kb free=119527Kb
 bounds [0x000001cd1a350000, 0x000001cd1a5c0000, 0x000001cd21880000]
CodeHeap 'profiled nmethods': size=120000Kb used=955Kb max_used=955Kb free=119044Kb
 bounds [0x000001cd12e20000, 0x000001cd13090000, 0x000001cd1a350000]
CodeHeap 'non-nmethods': size=5760Kb used=1209Kb max_used=1250Kb free=4551Kb
 bounds [0x000001cd12880000, 0x000001cd12af0000, 0x000001cd12e20000]
 total_blobs=1092 nmethods=490 adapters=271
 compilation: enabled

Compilation events (10 events):
Event: 1.628 Thread 0x000001cd2f6e1800 nmethod 486 0x000001cd1a3a6990 code [0x000001cd1a3a6b40, 0x000001cd1a3a6c38]
Event: 2.264 Thread 0x000001cd2f6d5000 nmethod 482 0x000001cd1a3a6c90 code [0x000001cd1a3a7660, 0x000001cd1a3b0d90]
Event: 2.269 Thread 0x000001cd2f6dd800  487 %     4       solver.cp.ORASolverByMIP::solveWithAllActivities @ 851 (1159 bytes)
Event: 2.522 Thread 0x000001cd2f6dd800 nmethod 487% 0x000001cd1a3bb090 code [0x000001cd1a3bb600, 0x000001cd1a3c0790]
Event: 2.694 Thread 0x000001cd2f6d6000  488       4       java.lang.StringLatin1::newString (17 bytes)
Event: 2.694 Thread 0x000001cd2f6d5000  489       4       java.lang.AbstractStringBuilder::isLatin1 (19 bytes)
Event: 2.694 Thread 0x000001cd2f6d5000 nmethod 489 0x000001cd1a3c3590 code [0x000001cd1a3c3720, 0x000001cd1a3c3798]
Event: 2.697 Thread 0x000001cd2f6d6000 nmethod 488 0x000001cd1a3c3810 code [0x000001cd1a3c39c0, 0x000001cd1a3c3d78]
Event: 3.402 Thread 0x000001cd2f6dd800  490   !   4       java.io.BufferedWriter::flushBuffer (53 bytes)
Event: 3.431 Thread 0x000001cd2f6dd800 nmethod 490 0x000001cd1a3c3f10 code [0x000001cd1a3c4120, 0x000001cd1a3c52f8]

GC Heap History (10 events):
Event: 0.981 GC heap before
{Heap before GC invocations=1 (full 0):
 garbage-first heap   total 262144K, used 23760K [0x00000006c1a00000, 0x00000006c1b00800, 0x00000007c0000000)
  region size 1024K, 15 young (15360K), 3 survivors (3072K)
 Metaspace       used 5683K, capacity 5762K, committed 6016K, reserved 1056768K
  class space    used 537K, capacity 570K, committed 640K, reserved 1048576K
}
Event: 0.989 GC heap after
{Heap after GC invocations=2 (full 0):
 garbage-first heap   total 262144K, used 12090K [0x00000006c1a00000, 0x00000006c1b00800, 0x00000007c0000000)
  region size 1024K, 1 young (1024K), 1 survivors (1024K)
 Metaspace       used 5683K, capacity 5762K, committed 6016K, reserved 1056768K
  class space    used 537K, capacity 570K, committed 640K, reserved 1048576K
}
Event: 1.075 GC heap before
{Heap before GC invocations=2 (full 0):
 garbage-first heap   total 262144K, used 31546K [0x00000006c1a00000, 0x00000006c1b00800, 0x00000007c0000000)
  region size 1024K, 20 young (20480K), 1 survivors (1024K)
 Metaspace       used 5694K, capacity 5762K, committed 6016K, reserved 1056768K
  class space    used 537K, capacity 570K, committed 640K, reserved 1048576K
}
Event: 1.076 GC heap after
{Heap after GC invocations=3 (full 0):
 garbage-first heap   total 262144K, used 11879K [0x00000006c1a00000, 0x00000006c1b00800, 0x00000007c0000000)
  region size 1024K, 1 young (1024K), 1 survivors (1024K)
 Metaspace       used 5694K, capacity 5762K, committed 6016K, reserved 1056768K
  class space    used 537K, capacity 570K, committed 640K, reserved 1048576K
}
Event: 1.612 GC heap before
{Heap before GC invocations=3 (full 0):
 garbage-first heap   total 262144K, used 75367K [0x00000006c1a00000, 0x00000006c1b00800, 0x00000007c0000000)
  region size 1024K, 62 young (63488K), 1 survivors (1024K)
 Metaspace       used 5710K, capacity 5826K, committed 6016K, reserved 1056768K
  class space    used 541K, capacity 570K, committed 640K, reserved 1048576K
}
Event: 1.627 GC heap after
{Heap after GC invocations=4 (full 0):
 garbage-first heap   total 262144K, used 22055K [0x00000006c1a00000, 0x00000006c1b00800, 0x00000007c0000000)
  region size 1024K, 8 young (8192K), 8 survivors (8192K)
 Metaspace       used 5710K, capacity 5826K, committed 6016K, reserved 1056768K
  class space    used 541K, capacity 570K, committed 640K, reserved 1048576K
}
Event: 2.821 GC heap before
{Heap before GC invocations=4 (full 0):
 garbage-first heap   total 262144K, used 172583K [0x00000006c1a00000, 0x00000006c1b00800, 0x00000007c0000000)
  region size 1024K, 153 young (156672K), 8 survivors (8192K)
 Metaspace       used 5710K, capacity 5826K, committed 6016K, reserved 1056768K
  class space    used 541K, capacity 570K, committed 640K, reserved 1048576K
}
Event: 2.861 GC heap after
{Heap after GC invocations=5 (full 0):
 garbage-first heap   total 262144K, used 42126K [0x00000006c1a00000, 0x00000006c1b00800, 0x00000007c0000000)
  region size 1024K, 20 young (20480K), 20 survivors (20480K)
 Metaspace       used 5710K, capacity 5826K, committed 6016K, reserved 1056768K
  class space    used 541K, capacity 570K, committed 640K, reserved 1048576K
}
Event: 3.288 GC heap before
{Heap before GC invocations=5 (full 0):
 garbage-first heap   total 262144K, used 74894K [0x00000006c1a00000, 0x00000006c1b00800, 0x00000007c0000000)
  region size 1024K, 51 young (52224K), 20 survivors (20480K)
 Metaspace       used 5711K, capacity 5826K, committed 6016K, reserved 1056768K
  class space    used 541K, capacity 570K, committed 640K, reserved 1048576K
}
Event: 3.343 GC heap after
{Heap after GC invocations=6 (full 0):
 garbage-first heap   total 422912K, used 52782K [0x00000006c1a00000, 0x00000006c1b00ce8, 0x00000007c0000000)
  region size 1024K, 7 young (7168K), 7 survivors (7168K)
 Metaspace       used 5711K, capacity 5826K, committed 6016K, reserved 1056768K
  class space    used 541K, capacity 570K, committed 640K, reserved 1048576K
}

Deoptimization events (10 events):
Event: 0.689 Thread 0x000001cd0a411800 Uncommon trap: reason=class_check action=maybe_recompile pc=0x000001cd1a361f8c method=java.nio.Buffer.<init>(IIII)V @ 33 c2
Event: 0.689 Thread 0x000001cd0a411800 Uncommon trap: reason=class_check action=maybe_recompile pc=0x000001cd1a361f8c method=java.nio.Buffer.<init>(IIII)V @ 33 c2
Event: 0.689 Thread 0x000001cd0a411800 Uncommon trap: reason=class_check action=maybe_recompile pc=0x000001cd1a361f8c method=java.nio.Buffer.<init>(IIII)V @ 33 c2
Event: 0.689 Thread 0x000001cd0a411800 Uncommon trap: reason=null_check action=make_not_entrant pc=0x000001cd1a35ef68 method=java.lang.String.equals(Ljava/lang/Object;)Z @ 8 c2
Event: 0.691 Thread 0x000001cd0a411800 Uncommon trap: reason=bimorphic_or_optimized_type_check action=maybe_recompile pc=0x000001cd1a380e2c method=java.lang.String.valueOf(Ljava/lang/Object;)Ljava/lang/String; @ 11 c2
Event: 0.692 Thread 0x000001cd0a411800 Uncommon trap: reason=bimorphic_or_optimized_type_check action=maybe_recompile pc=0x000001cd1a380e2c method=java.lang.String.valueOf(Ljava/lang/Object;)Ljava/lang/String; @ 11 c2
Event: 0.886 Thread 0x000001cd0a411800 Uncommon trap: reason=unstable_if action=reinterpret pc=0x000001cd1a381470 method=java.util.HashMap.getNode(ILjava/lang/Object;)Ljava/util/HashMap$Node; @ 49 c2
Event: 0.886 Thread 0x000001cd0a411800 Uncommon trap: reason=unstable_if action=reinterpret pc=0x000001cd1a3807c8 method=java.util.HashMap.getNode(ILjava/lang/Object;)Ljava/util/HashMap$Node; @ 49 c2
Event: 1.507 Thread 0x000001cd0a411800 Uncommon trap: reason=unreached action=reinterpret pc=0x000001cd1a3993d0 method=solver.cp.ORASolverByMIP.solveWithAllActivities(Z)Z @ 507 c2
Event: 1.596 Thread 0x000001cd0a411800 Uncommon trap: reason=unstable_if action=reinterpret pc=0x000001cd1a3a2e40 method=solver.cp.ORASolverByMIP.solveWithAllActivities(Z)Z @ 732 c2

Classes redefined (0 events):
No events

Internal exceptions (2 events):
Event: 0.291 Thread 0x000001cd0a411800 Exception <a 'java/lang/NoSuchMethodError'{0x00000006d165ae60}: java.lang.Object.lambda$union$2(Ljava/util/regex/Pattern$CharPredicate;I)Z> (0x00000006d165ae60) thrown at [t:/workspace/hotspot/src/share/vm/interpreter/linkResolver.cpp, line 731]
Event: 0.689 Thread 0x000001cd0a411800 Implicit null exception at 0x000001cd1a35edd5 to 0x000001cd1a35ef59

Events (10 events):
Event: 1.507 Thread 0x000001cd0a411800 DEOPT UNPACKING pc=0x000001cd128cdf29 sp=0x0000007a62dff380 mode 2
Event: 1.596 Thread 0x000001cd0a411800 Uncommon trap: trap_request=0xffffff5d fr.pc=0x000001cd1a3a2e40 relative=0x0000000000004180
Event: 1.596 Thread 0x000001cd0a411800 DEOPT PACKING pc=0x000001cd1a3a2e40 sp=0x0000007a62dff360
Event: 1.596 Thread 0x000001cd0a411800 DEOPT UNPACKING pc=0x000001cd128cdf29 sp=0x0000007a62dff380 mode 2
Event: 1.612 Executing VM operation: G1IncCollectionPause
Event: 1.627 Executing VM operation: G1IncCollectionPause done
Event: 2.820 Executing VM operation: G1IncCollectionPause
Event: 2.861 Executing VM operation: G1IncCollectionPause done
Event: 3.288 Executing VM operation: G1IncCollectionPause
Event: 3.343 Executing VM operation: G1IncCollectionPause done


Dynamic libraries:
0x00007ff716300000 - 0x00007ff71633e000 	C:\Program Files\AnyLogic 8.3 Professional\jre\bin\javaw.exe
0x00007ffe6d6d0000 - 0x00007ffe6d8b1000 	C:\WINDOWS\SYSTEM32\ntdll.dll
0x00007ffe6b7d0000 - 0x00007ffe6b881000 	C:\WINDOWS\System32\KERNEL32.DLL
0x00007ffe6a0b0000 - 0x00007ffe6a323000 	C:\WINDOWS\System32\KERNELBASE.dll
0x00007ffe6b2f0000 - 0x00007ffe6b391000 	C:\WINDOWS\System32\ADVAPI32.dll
0x00007ffe6b890000 - 0x00007ffe6b92e000 	C:\WINDOWS\System32\msvcrt.dll
0x00007ffe6ad10000 - 0x00007ffe6ad6b000 	C:\WINDOWS\System32\sechost.dll
0x00007ffe6b6a0000 - 0x00007ffe6b7c4000 	C:\WINDOWS\System32\RPCRT4.dll
0x00007ffe6af60000 - 0x00007ffe6b0f0000 	C:\WINDOWS\System32\USER32.dll
0x00007ffe6a330000 - 0x00007ffe6a350000 	C:\WINDOWS\System32\win32u.dll
0x00007ffe6b250000 - 0x00007ffe6b278000 	C:\WINDOWS\System32\GDI32.dll
0x00007ffe69e00000 - 0x00007ffe69f92000 	C:\WINDOWS\System32\gdi32full.dll
0x00007ffe69aa0000 - 0x00007ffe69b3f000 	C:\WINDOWS\System32\msvcp_win.dll
0x00007ffe6aa60000 - 0x00007ffe6ab58000 	C:\WINDOWS\System32\ucrtbase.dll
0x00007ffe59000000 - 0x00007ffe59269000 	C:\WINDOWS\WinSxS\amd64_microsoft.windows.common-controls_6595b64144ccf1df_6.0.17134.765_none_fb42a1a930655896\COMCTL32.dll
0x00007ffe5ce80000 - 0x00007ffe5ce8a000 	C:\WINDOWS\SYSTEM32\VERSION.dll
0x00007ffe6be90000 - 0x00007ffe6c1b2000 	C:\WINDOWS\System32\combase.dll
0x00007ffe69d30000 - 0x00007ffe69daa000 	C:\WINDOWS\System32\bcryptPrimitives.dll
0x00007ffe6c1c0000 - 0x00007ffe6c1ed000 	C:\WINDOWS\System32\IMM32.DLL
0x00007ffe3cdf0000 - 0x00007ffe3cedf000 	C:\Program Files\AnyLogic 8.3 Professional\jre\bin\msvcr120.dll
0x00007ffe426f0000 - 0x00007ffe42796000 	C:\Program Files\AnyLogic 8.3 Professional\jre\bin\msvcp120.dll
0x0000000059260000 - 0x0000000059c84000 	C:\Program Files\AnyLogic 8.3 Professional\jre\bin\server\jvm.dll
0x00007ffe6b690000 - 0x00007ffe6b698000 	C:\WINDOWS\System32\PSAPI.DLL
0x00007ffe5ce40000 - 0x00007ffe5ce49000 	C:\WINDOWS\SYSTEM32\WSOCK32.dll
0x00007ffe5a780000 - 0x00007ffe5a7a3000 	C:\WINDOWS\SYSTEM32\WINMM.dll
0x00007ffe6c1f0000 - 0x00007ffe6c25c000 	C:\WINDOWS\System32\WS2_32.dll
0x00007ffe5a750000 - 0x00007ffe5a77a000 	C:\WINDOWS\SYSTEM32\winmmbase.dll
0x00007ffe69db0000 - 0x00007ffe69df9000 	C:\WINDOWS\System32\cfgmgr32.dll
0x00007ffe58820000 - 0x00007ffe5882f000 	C:\Program Files\AnyLogic 8.3 Professional\jre\bin\verify.dll
0x00007ffe48cc0000 - 0x00007ffe48ce7000 	C:\Program Files\AnyLogic 8.3 Professional\jre\bin\java.dll
0x00007ffe4b0f0000 - 0x00007ffe4b106000 	C:\Program Files\AnyLogic 8.3 Professional\jre\bin\zip.dll
0x00007ffe58600000 - 0x00007ffe5860a000 	C:\Program Files\AnyLogic 8.3 Professional\jre\bin\jimage.dll
0x00007ffe6c260000 - 0x00007ffe6d6a0000 	C:\WINDOWS\System32\SHELL32.dll
0x00007ffe6bd80000 - 0x00007ffe6be29000 	C:\WINDOWS\System32\shcore.dll
0x00007ffe6a350000 - 0x00007ffe6aa5d000 	C:\WINDOWS\System32\windows.storage.dll
0x00007ffe6af00000 - 0x00007ffe6af51000 	C:\WINDOWS\System32\shlwapi.dll
0x00007ffe69a80000 - 0x00007ffe69a91000 	C:\WINDOWS\System32\kernel.appcore.dll
0x00007ffe69a60000 - 0x00007ffe69a7f000 	C:\WINDOWS\System32\profapi.dll
0x00007ffe69a00000 - 0x00007ffe69a4c000 	C:\WINDOWS\System32\powrprof.dll
0x00007ffe69a50000 - 0x00007ffe69a5a000 	C:\WINDOWS\System32\FLTLIB.DLL
0x00007ffe46c40000 - 0x00007ffe46c5a000 	C:\Program Files\AnyLogic 8.3 Professional\jre\bin\net.dll
0x00007ffe66480000 - 0x00007ffe6655d000 	C:\WINDOWS\SYSTEM32\WINHTTP.dll
0x00007ffe691e0000 - 0x00007ffe69246000 	C:\WINDOWS\system32\mswsock.dll
0x00007ffe445f0000 - 0x00007ffe44601000 	C:\Program Files\AnyLogic 8.3 Professional\jre\bin\nio.dll
0x00007ffe2a8d0000 - 0x00007ffe2ba69000 	D:\osramjava\workspace\MultiskillScheduling\jniortools.dll
0x00007ffe58050000 - 0x00007ffe58066000 	C:\Program Files\AnyLogic 8.3 Professional\jre\bin\VCRUNTIME140.dll
0x00007ffe43af0000 - 0x00007ffe43b8c000 	C:\Program Files\AnyLogic 8.3 Professional\jre\bin\MSVCP140.dll
0x00007ffe61710000 - 0x00007ffe618d9000 	C:\WINDOWS\SYSTEM32\dbghelp.dll

VM Arguments:
jvm_args: -Dfile.encoding=Cp1252 
java_command: Start
java_class_path (initial): D:\osramjava\workspace\MultiskillScheduling\bin;D:\osramjava\workspace\MultiskillScheduling\libs\jcommon-1.0.23.jar;D:\osramjava\workspace\MultiskillScheduling\libs\jfreechart-1.0.19.jar;E:\or-tools\lib\com.google.ortools.jar;E:\or-tools\lib\protobuf.jar
Launcher Type: SUN_STANDARD

Logging:
Log output configuration:
#0: stdout all=warning uptime,level,tags
#1: stderr all=off uptime,level,tags

Environment Variables:
JAVA_HOME=C:\Program Files\Java\jdk1.8.0_25
JRE_HOME=C:\Program Files\Java\jre1.8.0_25
PATH=C:/Program Files/Java/jdk1.8.0_25/bin/../jre/bin/server;C:/Program Files/Java/jdk1.8.0_25/bin/../jre/bin;C:/Program Files/Java/jdk1.8.0_25/bin/../jre/lib/amd64;C:\Program Files\IBM\ILOG\CPLEX_Studio1271\opl\bin\x64_win64;C:\Program Files\IBM\ILOG\CPLEX_Studio1271\opl\oplide\;C:\Program Files\IBM\ILOG\CPLEX_Studio1271\cplex\bin\x64_win64;C:\Program Files\IBM\ILOG\CPLEX_Studio1271\cpoptimizer\bin\x64_win64;C:\Program Files (x86)\NVIDIA Corporation\PhysX\Common;C:\Program Files (x86)\Intel\iCLS Client\;C:\Program Files\Intel\iCLS Client\;C:\WINDOWS\system32;C:\WINDOWS;C:\WINDOWS\System32\Wbem;C:\WINDOWS\System32\WindowsPowerShell\v1.0\;C:\Program Files (x86)\Intel\OpenCL SDK\3.0\bin\x86;C:\Program Files (x86)\Intel\OpenCL SDK\3.0\bin\x64;C:\Program Files\Condusiv Technologies\ExpressCache\;C:\ProgramData\Lenovo\ReadyApps;C:\maven\apache-maven-3.1.1/bin;C:\Program Files\Intel\Intel(R) Management Engine Components\DAL;C:\Program Files\Intel\Intel(R) Management Engine Components\IPT;C:\Program Files (x86)\Intel\Intel(R) Management Engine Components\DAL;C:\Program Files (x86)\Intel\Intel(R) Management Engine Components\IPT;C:\Program Files\Intel\WiFi\bin\;C:\Program Files\Common Files\Intel\WirelessCommon\;C:\apache-tomcat-7.0.34\bin;C:\Program Files (x86)\Common Files\Adobe\AGL;C:\Program Files\TortoiseSVN\bin;C:\WINDOWS\system32\config\systemprofile\.dnx\bin;C:\Program Files\Microsoft DNX\Dnvm\;C:\Program Files (x86)\Windows Kits\8.1\Windows Performance Toolkit\;C:\Program Files (x86)\VisualSVN\bin;C:\Program Files\Java\jdk1.8.0_25\bin;C:\WINDOWS\System32\OpenSSH\;C:\Users\shufang xie\AppData\Local\Programs\Python\Python35-32\Scripts\;C:\Users\shufang xie\AppData\Local\Programs\Python\Python35-32\;C:\Program Files\Intel\WiFi\bin\;C:\Program Files\Common Files\Intel\WirelessCommon\;C:\Users\shufang xie\AppData\Local\Microsoft\WindowsApps;;F:\eclipse-java-photon-R-win32-x86_64\eclipse;
USERNAME=Zhang
OS=Windows_NT
PROCESSOR_IDENTIFIER=Intel64 Family 6 Model 60 Stepping 3, GenuineIntel



---------------  S Y S T E M  ---------------

OS: Windows 10 , 64 bit Build 17134 (10.0.17134.753)

CPU:total 8 (initial active 8) (4 cores per cpu, 2 threads per core) family 6 model 60 stepping 3, cmov, cx8, fxsr, mmx, sse, sse2, sse3, ssse3, sse4.1, sse4.2, popcnt, avx, avx2, aes, clmul, erms, lzcnt, ht, tsc, tscinvbit, bmi1, bmi2, fma

Memory: 4k page, physical 16665224k(8322588k free), swap 26750572k(13228264k free)

vm_info: Java HotSpot(TM) 64-Bit Server VM (9.0.1+11) for windows-amd64 JRE (9.0.1+11), built on Sep 28 2017 04:54:03 by "mach5one" with MS VC++ 12.0 (VS2013)

END.
