#
# A fatal error has been detected by the Java Runtime Environment:
#
#  EXCEPTION_ACCESS_VIOLATION (0xc0000005) at pc=0x00007ffe2b0eed66, pid=17308, tid=25836
#
# JRE version: Java(TM) SE Runtime Environment (9.0+11) (build 9.0.1+11)
# Java VM: Java HotSpot(TM) 64-Bit Server VM (9.0.1+11, mixed mode, tiered, compressed oops, g1 gc, windows-amd64)
# Problematic frame:
# C  [jniortools.dll+0x81ed66]
#
# No core dump will be written. Minidumps are not enabled by default on client versions of Windows
#
# If you would like to submit a bug report, please visit:
#   http://bugreport.java.com/bugreport/crash.jsp
# The crash happened outside the Java Virtual Machine in native code.
# See problematic frame for where to report the bug.
#

---------------  S U M M A R Y ------------

Command Line: -Dfile.encoding=Cp1252 Start

Host: Intel(R) Core(TM) i7-4702MQ CPU @ 2.20GHz, 8 cores, 15G,  Windows 10 , 64 bit Build 17134 (10.0.17134.753)
Time: Tue Jun 04 17:33:59 2019 W. Europe Daylight Time elapsed time: 2 seconds (0d 0h 0m 2s)

---------------  T H R E A D  ---------------

Current thread (0x0000028d298d1000):  JavaThread "main" [_thread_in_native, id=25836, stack(0x000000e755300000,0x000000e755400000)]

Stack: [0x000000e755300000,0x000000e755400000],  sp=0x000000e7553eef10,  free space=955k
Native frames: (J=compiled Java code, j=interpreted, Vv=VM code, C=native code)
C  [jniortools.dll+0x81ed66]
C  [jniortools.dll+0x8ca125]
C  [jniortools.dll+0x8720de]
C  [jniortools.dll+0x88ce0b]
C  [jniortools.dll+0x8a1caa]
C  [jniortools.dll+0x8a1dd8]
C  [jniortools.dll+0x5fb2c5]
C  [jniortools.dll+0x43f2d6]
C  [jniortools.dll+0x43f3eb]
C  0x0000028d31e4921c

Java frames: (J=compiled Java code, j=interpreted, Vv=VM code)
j  com.google.ortools.linearsolver.main_research_linear_solverJNI.MPSolver_solve__SWIG_0(JLcom/google/ortools/linearsolver/MPSolver;)I+0
j  com.google.ortools.linearsolver.MPSolver.solve()Lcom/google/ortools/linearsolver/MPSolver$ResultStatus;+5
j  solver.cp.ORASolverByMIP.solveWithAllActivities(Z)Z+979
j  solver.cp.ORASolverByMIP.solveByReducingActivity(Z)Z+130
j  solver.cp.ORASolverByMIP.start(Z)Z+2
j  solver.AbstractORASlover.solve(ZZ)V+2
j  Start.main([Ljava/lang/String;)V+20
v  ~StubRoutines::call_stub

siginfo: EXCEPTION_ACCESS_VIOLATION (0xc0000005), reading address 0x0000028d55263000


Register to memory mapping:

RIP=0x00007ffe2b0eed66 jniortools.dll
RAX=0x0000000000002ffc is an unknown value
RBX=0x0000028d50f7a030 is an unknown value
RCX=0x0000028d50f7d02c is an unknown value
RDX=0x0000028d55263000 is an unknown value
RSP=0x000000e7553eef10 is pointing into the stack for thread: 0x0000028d298d1000
RBP=0x000000e7553ef010 is pointing into the stack for thread: 0x0000028d298d1000
RSI=0x0000000000000002 is an unknown value
RDI=0x0000028d5522c928 is an unknown value
R8 =0x0000000000000e10 is an unknown value
R9 =0x0000000000000000 is an unknown value
R10=0x000000000000001b is an unknown value
R11=0x0000028d50f7a030 is an unknown value
R12=0x0000028d4fb4ae10 is an unknown value
R13=0x0000000000000e42 is an unknown value
R14=0x0000000000003202 is an unknown value
R15=0x0000028d55229020 is an unknown value


Registers:
RAX=0x0000000000002ffc, RBX=0x0000028d50f7a030, RCX=0x0000028d50f7d02c, RDX=0x0000028d55263000
RSP=0x000000e7553eef10, RBP=0x000000e7553ef010, RSI=0x0000000000000002, RDI=0x0000028d5522c928
R8 =0x0000000000000e10, R9 =0x0000000000000000, R10=0x000000000000001b, R11=0x0000028d50f7a030
R12=0x0000028d4fb4ae10, R13=0x0000000000000e42, R14=0x0000000000003202, R15=0x0000028d55229020
RIP=0x00007ffe2b0eed66, EFLAGS=0x0000000000010287

Top of Stack: (sp=0x000000e7553eef10)
0x000000e7553eef10:   00000000000025d8 000000e7553ef010
0x000000e7553eef20:   0000000000003202 0000028d55229020
0x000000e7553eef30:   0000028d00000000 0000028d00000002
0x000000e7553eef40:   0000028d55589201 0000028d50704301
0x000000e7553eef50:   0000000000000000 000000000000000f
0x000000e7553eef60:   0000028d4fb4ae10 0000035b00003202
0x000000e7553eef70:   0000000000000000 0000028d4fb49ff0
0x000000e7553eef80:   00000e1000000002 0000028d55229020
0x000000e7553eef90:   0000000000000000 0000028d00000329
0x000000e7553eefa0:   0000028d00000000 ffffffff00000002
0x000000e7553eefb0:   0000028d57db8da0 0000028d00000bb8
0x000000e7553eefc0:   000000000000035b 0000000000002ed9
0x000000e7553eefd0:   000000000000035b ffffffff00000333
0x000000e7553eefe0:   0000028d00000366 0000028d57e1ce20
0x000000e7553eeff0:   0000000000000000 0000028d00000014
0x000000e7553ef000:   000000e7553f02a0 0000000000000064 

Instructions: (pc=0x00007ffe2b0eed66)
0x00007ffe2b0eed46:   19 01 48 ff c2 48 3b d7 7c f0 45 8b c5 45 85 f6
0x00007ffe2b0eed56:   7e 46 48 8b cb 49 8d 3c bf 48 8b 95 a8 00 00 00
0x00007ffe2b0eed66:   83 3a 01 75 0e 80 39 00 75 09 89 07 41 ff c5 48
0x00007ffe2b0eed76:   83 c7 04 ff c0 48 83 c2 04 48 ff c1 41 3b c6 7c 



---------------  P R O C E S S  ---------------

Java Threads: ( => current thread )
  0x0000028d4edd4000 JavaThread "Service Thread" daemon [_thread_blocked, id=4956, stack(0x000000e757300000,0x000000e757400000)]
  0x0000028d4eca0800 JavaThread "Common-Cleaner" daemon [_thread_blocked, id=9692, stack(0x000000e757200000,0x000000e757300000)]
  0x0000028d4eb9e000 JavaThread "Sweeper thread" daemon [_thread_blocked, id=11172, stack(0x000000e757100000,0x000000e757200000)]
  0x0000028d4eb93000 JavaThread "C1 CompilerThread3" daemon [_thread_blocked, id=26460, stack(0x000000e757000000,0x000000e757100000)]
  0x0000028d4eb92000 JavaThread "C2 CompilerThread2" daemon [_thread_in_native, id=21892, stack(0x000000e756f00000,0x000000e757000000)]
  0x0000028d4eb8e000 JavaThread "C2 CompilerThread1" daemon [_thread_blocked, id=2336, stack(0x000000e756e00000,0x000000e756f00000)]
  0x0000028d4eb8c800 JavaThread "C2 CompilerThread0" daemon [_thread_blocked, id=22044, stack(0x000000e756d00000,0x000000e756e00000)]
  0x0000028d4eb8b800 JavaThread "Attach Listener" daemon [_thread_blocked, id=11772, stack(0x000000e756c00000,0x000000e756d00000)]
  0x0000028d4eb8b000 JavaThread "Signal Dispatcher" daemon [_thread_blocked, id=7616, stack(0x000000e756b00000,0x000000e756c00000)]
  0x0000028d4e379800 JavaThread "Finalizer" daemon [_thread_blocked, id=17220, stack(0x000000e756a00000,0x000000e756b00000)]
  0x0000028d4e34a000 JavaThread "Reference Handler" daemon [_thread_blocked, id=15596, stack(0x000000e756900000,0x000000e756a00000)]
=>0x0000028d298d1000 JavaThread "main" [_thread_in_native, id=25836, stack(0x000000e755300000,0x000000e755400000)]

Other Threads:
  0x0000028d4e343000 VMThread "VM Thread" [stack: 0x000000e756800000,0x000000e756900000] [id=27508]
  0x0000028d4eda2800 WatcherThread [stack: 0x000000e757400000,0x000000e757500000] [id=21292]
  0x0000028d298ec000 GCTaskThread "GC Thread#0" [stack: 0x000000e755400000,0x000000e755500000] [id=11516]
  0x0000028d298ed800 GCTaskThread "GC Thread#1" [stack: 0x000000e755500000,0x000000e755600000] [id=10700]
  0x0000028d298f0800 GCTaskThread "GC Thread#2" [stack: 0x000000e755600000,0x000000e755700000] [id=12508]
  0x0000028d298f7800 GCTaskThread "GC Thread#3" [stack: 0x000000e755700000,0x000000e755800000] [id=10984]
  0x0000028d298f9800 GCTaskThread "GC Thread#4" [stack: 0x000000e755800000,0x000000e755900000] [id=24924]
  0x0000028d298fb000 GCTaskThread "GC Thread#5" [stack: 0x000000e755900000,0x000000e755a00000] [id=27584]
  0x0000028d29905000 GCTaskThread "GC Thread#6" [stack: 0x000000e755a00000,0x000000e755b00000] [id=19996]
  0x0000028d2990b800 GCTaskThread "GC Thread#7" [stack: 0x000000e755b00000,0x000000e755c00000] [id=18584]
  0x0000028d29976800 ConcurrentGCThread "G1 Main Marker" [stack: 0x000000e756500000,0x000000e756600000] [id=11536]
  0x0000028d29978000 ConcurrentGCThread "G1 Marker#0" [stack: 0x000000e756600000,0x000000e756700000] [id=16000]
  0x0000028d29978800 ConcurrentGCThread "G1 Marker#1" [stack: 0x000000e756700000,0x000000e756800000] [id=19552]
  0x0000028d29933000 ConcurrentGCThread "G1 Refine#0" [stack: 0x000000e756300000,0x000000e756400000] [id=12976]
  0x0000028d29916800 ConcurrentGCThread "G1 Refine#1" [stack: 0x000000e756200000,0x000000e756300000] [id=16628]
  0x0000028d29915800 ConcurrentGCThread "G1 Refine#2" [stack: 0x000000e756100000,0x000000e756200000] [id=13996]
  0x0000028d29915000 ConcurrentGCThread "G1 Refine#3" [stack: 0x000000e756000000,0x000000e756100000] [id=22396]
  0x0000028d29913000 ConcurrentGCThread "G1 Refine#4" [stack: 0x000000e755f00000,0x000000e756000000] [id=1680]
  0x0000028d29910000 ConcurrentGCThread "G1 Refine#5" [stack: 0x000000e755e00000,0x000000e755f00000] [id=11640]
  0x0000028d2990e800 ConcurrentGCThread "G1 Refine#6" [stack: 0x000000e755d00000,0x000000e755e00000] [id=19476]
  0x0000028d2990e000 ConcurrentGCThread "G1 Refine#7" [stack: 0x000000e755c00000,0x000000e755d00000] [id=17392]
  0x0000028d29933800 ConcurrentGCThread "G1 Young RemSet Sampling" [stack: 0x000000e756400000,0x000000e756500000] [id=4380]

Threads with active compile tasks:
C2 CompilerThread2 484       4       solver.cp.ORASolverByMIP::solveWithAllActivities (1159 bytes)

VM state:not at safepoint (normal execution)

VM Mutex/Monitor currently owned by a thread: None

Heap address: 0x00000006c1a00000, size: 4070 MB, Compressed Oops mode: Zero based, Oop shift amount: 3
Narrow klass base: 0x0000000000000000, Narrow klass shift: 3
Compressed class space size: 1073741824 Address: 0x00000007c0000000

Heap:
 garbage-first heap   total 262144K, used 37706K [0x00000006c1a00000, 0x00000006c1b00800, 0x00000007c0000000)
  region size 1024K, 25 young (25600K), 9 survivors (9216K)
 Metaspace       used 5714K, capacity 5890K, committed 6016K, reserved 1056768K
  class space    used 542K, capacity 570K, committed 640K, reserved 1048576K
Heap Regions: E=young(eden), S=young(survivor), O=old, HS=humongous(starts), HC=humongous(continues), CS=collection set, F=free, A=archive, TS=gc time stamp, AC=allocation context, TAMS=top-at-mark-start (previous, next)
|   0|0x00000006c1a00000, 0x00000006c1b00000, 0x00000006c1b00000|100%|HS|  |TS  0|AC  0|TAMS 0x00000006c1a00000, 0x00000006c1a00000|
|   1|0x00000006c1b00000, 0x00000006c1c00000, 0x00000006c1c00000|100%| O|  |TS  1|AC  0|TAMS 0x00000006c1b00000, 0x00000006c1b00000|
|   2|0x00000006c1c00000, 0x00000006c1d00000, 0x00000006c1d00000|100%| O|  |TS  1|AC  0|TAMS 0x00000006c1c00000, 0x00000006c1c00000|
|   3|0x00000006c1d00000, 0x00000006c1e00000, 0x00000006c1e00000|100%| O|  |TS  1|AC  0|TAMS 0x00000006c1d00000, 0x00000006c1d00000|
|   4|0x00000006c1e00000, 0x00000006c1f00000, 0x00000006c1f00000|100%| O|  |TS  1|AC  0|TAMS 0x00000006c1e00000, 0x00000006c1e00000|
|   5|0x00000006c1f00000, 0x00000006c2000000, 0x00000006c2000000|100%| O|  |TS  1|AC  0|TAMS 0x00000006c1f00000, 0x00000006c1f00000|
|   6|0x00000006c2000000, 0x00000006c2100000, 0x00000006c2100000|100%| O|  |TS  1|AC  0|TAMS 0x00000006c2000000, 0x00000006c2000000|
|   7|0x00000006c2100000, 0x00000006c2200000, 0x00000006c2200000|100%| O|  |TS  1|AC  0|TAMS 0x00000006c2100000, 0x00000006c2100000|
|   8|0x00000006c2200000, 0x00000006c2300000, 0x00000006c2300000|100%| O|  |TS  3|AC  0|TAMS 0x00000006c2200000, 0x00000006c2200000|
|   9|0x00000006c2300000, 0x00000006c2400000, 0x00000006c2400000|100%| O|  |TS  3|AC  0|TAMS 0x00000006c2300000, 0x00000006c2300000|
|  10|0x00000006c2400000, 0x00000006c2500000, 0x00000006c2500000|100%| O|  |TS  3|AC  0|TAMS 0x00000006c2400000, 0x00000006c2400000|
|  11|0x00000006c2500000, 0x00000006c25e2800, 0x00000006c2600000| 88%| O|  |TS  7|AC  0|TAMS 0x00000006c2500000, 0x00000006c2500000|
|  12|0x00000006c2600000, 0x00000006c2700000, 0x00000006c2700000|100%|HS|  |TS  0|AC  0|TAMS 0x00000006c2600000, 0x00000006c2600000|
|  13|0x00000006c2700000, 0x00000006c2700000, 0x00000006c2800000|  0%| F|  |TS  0|AC  0|TAMS 0x00000006c2700000, 0x00000006c2700000|
|  14|0x00000006c2800000, 0x00000006c2800000, 0x00000006c2900000|  0%| F|  |TS  0|AC  0|TAMS 0x00000006c2800000, 0x00000006c2800000|
|  15|0x00000006c2900000, 0x00000006c2900000, 0x00000006c2a00000|  0%| F|  |TS  0|AC  0|TAMS 0x00000006c2900000, 0x00000006c2900000|
|  16|0x00000006c2a00000, 0x00000006c2a00000, 0x00000006c2b00000|  0%| F|  |TS  0|AC  0|TAMS 0x00000006c2a00000, 0x00000006c2a00000|
|  17|0x00000006c2b00000, 0x00000006c2b00000, 0x00000006c2c00000|  0%| F|  |TS  0|AC  0|TAMS 0x00000006c2b00000, 0x00000006c2b00000|
|  18|0x00000006c2c00000, 0x00000006c2c00000, 0x00000006c2d00000|  0%| F|  |TS  0|AC  0|TAMS 0x00000006c2c00000, 0x00000006c2c00000|
|  19|0x00000006c2d00000, 0x00000006c2d00000, 0x00000006c2e00000|  0%| F|  |TS  0|AC  0|TAMS 0x00000006c2d00000, 0x00000006c2d00000|
|  20|0x00000006c2e00000, 0x00000006c2e00000, 0x00000006c2f00000|  0%| F|  |TS  0|AC  0|TAMS 0x00000006c2e00000, 0x00000006c2e00000|
|  21|0x00000006c2f00000, 0x00000006c2f00000, 0x00000006c3000000|  0%| F|  |TS  0|AC  0|TAMS 0x00000006c2f00000, 0x00000006c2f00000|
|  22|0x00000006c3000000, 0x00000006c3000000, 0x00000006c3100000|  0%| F|  |TS  0|AC  0|TAMS 0x00000006c3000000, 0x00000006c3000000|
|  23|0x00000006c3100000, 0x00000006c3100000, 0x00000006c3200000|  0%| F|  |TS  0|AC  0|TAMS 0x00000006c3100000, 0x00000006c3100000|
|  24|0x00000006c3200000, 0x00000006c3200000, 0x00000006c3300000|  0%| F|  |TS  0|AC  0|TAMS 0x00000006c3200000, 0x00000006c3200000|
|  25|0x00000006c3300000, 0x00000006c3300000, 0x00000006c3400000|  0%| F|  |TS  0|AC  0|TAMS 0x00000006c3300000, 0x00000006c3300000|
|  26|0x00000006c3400000, 0x00000006c3400000, 0x00000006c3500000|  0%| F|  |TS  0|AC  0|TAMS 0x00000006c3400000, 0x00000006c3400000|
|  27|0x00000006c3500000, 0x00000006c3500000, 0x00000006c3600000|  0%| F|  |TS  0|AC  0|TAMS 0x00000006c3500000, 0x00000006c3500000|
|  28|0x00000006c3600000, 0x00000006c3600000, 0x00000006c3700000|  0%| F|  |TS  0|AC  0|TAMS 0x00000006c3600000, 0x00000006c3600000|
|  29|0x00000006c3700000, 0x00000006c3700000, 0x00000006c3800000|  0%| F|  |TS  0|AC  0|TAMS 0x00000006c3700000, 0x00000006c3700000|
|  30|0x00000006c3800000, 0x00000006c3800000, 0x00000006c3900000|  0%| F|  |TS  0|AC  0|TAMS 0x00000006c3800000, 0x00000006c3800000|
|  31|0x00000006c3900000, 0x00000006c3900000, 0x00000006c3a00000|  0%| F|  |TS  0|AC  0|TAMS 0x00000006c3900000, 0x00000006c3900000|
|  32|0x00000006c3a00000, 0x00000006c3a00000, 0x00000006c3b00000|  0%| F|  |TS  0|AC  0|TAMS 0x00000006c3a00000, 0x00000006c3a00000|
|  33|0x00000006c3b00000, 0x00000006c3b00000, 0x00000006c3c00000|  0%| F|  |TS  0|AC  0|TAMS 0x00000006c3b00000, 0x00000006c3b00000|
|  34|0x00000006c3c00000, 0x00000006c3c00000, 0x00000006c3d00000|  0%| F|  |TS  0|AC  0|TAMS 0x00000006c3c00000, 0x00000006c3c00000|
|  35|0x00000006c3d00000, 0x00000006c3d00000, 0x00000006c3e00000|  0%| F|  |TS  0|AC  0|TAMS 0x00000006c3d00000, 0x00000006c3d00000|
|  36|0x00000006c3e00000, 0x00000006c3e00000, 0x00000006c3f00000|  0%| F|  |TS  0|AC  0|TAMS 0x00000006c3e00000, 0x00000006c3e00000|
|  37|0x00000006c3f00000, 0x00000006c3f00000, 0x00000006c4000000|  0%| F|  |TS  0|AC  0|TAMS 0x00000006c3f00000, 0x00000006c3f00000|
|  38|0x00000006c4000000, 0x00000006c4000000, 0x00000006c4100000|  0%| F|  |TS  0|AC  0|TAMS 0x00000006c4000000, 0x00000006c4000000|
|  39|0x00000006c4100000, 0x00000006c4100000, 0x00000006c4200000|  0%| F|  |TS  0|AC  0|TAMS 0x00000006c4100000, 0x00000006c4100000|
|  40|0x00000006c4200000, 0x00000006c4200000, 0x00000006c4300000|  0%| F|  |TS  0|AC  0|TAMS 0x00000006c4200000, 0x00000006c4200000|
|  41|0x00000006c4300000, 0x00000006c4300000, 0x00000006c4400000|  0%| F|  |TS  0|AC  0|TAMS 0x00000006c4300000, 0x00000006c4300000|
|  42|0x00000006c4400000, 0x00000006c4400000, 0x00000006c4500000|  0%| F|  |TS  0|AC  0|TAMS 0x00000006c4400000, 0x00000006c4400000|
|  43|0x00000006c4500000, 0x00000006c4500000, 0x00000006c4600000|  0%| F|  |TS  0|AC  0|TAMS 0x00000006c4500000, 0x00000006c4500000|
|  44|0x00000006c4600000, 0x00000006c4600000, 0x00000006c4700000|  0%| F|  |TS  0|AC  0|TAMS 0x00000006c4600000, 0x00000006c4600000|
|  45|0x00000006c4700000, 0x00000006c4700000, 0x00000006c4800000|  0%| F|  |TS  0|AC  0|TAMS 0x00000006c4700000, 0x00000006c4700000|
|  46|0x00000006c4800000, 0x00000006c4800000, 0x00000006c4900000|  0%| F|  |TS  0|AC  0|TAMS 0x00000006c4800000, 0x00000006c4800000|
|  47|0x00000006c4900000, 0x00000006c4900000, 0x00000006c4a00000|  0%| F|  |TS  0|AC  0|TAMS 0x00000006c4900000, 0x00000006c4900000|
|  48|0x00000006c4a00000, 0x00000006c4a00000, 0x00000006c4b00000|  0%| F|  |TS  0|AC  0|TAMS 0x00000006c4a00000, 0x00000006c4a00000|
|  49|0x00000006c4b00000, 0x00000006c4b00000, 0x00000006c4c00000|  0%| F|  |TS  0|AC  0|TAMS 0x00000006c4b00000, 0x00000006c4b00000|
|  50|0x00000006c4c00000, 0x00000006c4c00000, 0x00000006c4d00000|  0%| F|  |TS  0|AC  0|TAMS 0x00000006c4c00000, 0x00000006c4c00000|
|  51|0x00000006c4d00000, 0x00000006c4d00000, 0x00000006c4e00000|  0%| F|  |TS  0|AC  0|TAMS 0x00000006c4d00000, 0x00000006c4d00000|
|  52|0x00000006c4e00000, 0x00000006c4e00000, 0x00000006c4f00000|  0%| F|  |TS  0|AC  0|TAMS 0x00000006c4e00000, 0x00000006c4e00000|
|  53|0x00000006c4f00000, 0x00000006c4f00000, 0x00000006c5000000|  0%| F|  |TS  0|AC  0|TAMS 0x00000006c4f00000, 0x00000006c4f00000|
|  54|0x00000006c5000000, 0x00000006c5000000, 0x00000006c5100000|  0%| F|  |TS  0|AC  0|TAMS 0x00000006c5000000, 0x00000006c5000000|
|  55|0x00000006c5100000, 0x00000006c5100000, 0x00000006c5200000|  0%| F|  |TS  0|AC  0|TAMS 0x00000006c5100000, 0x00000006c5100000|
|  56|0x00000006c5200000, 0x00000006c5200000, 0x00000006c5300000|  0%| F|  |TS  0|AC  0|TAMS 0x00000006c5200000, 0x00000006c5200000|
|  57|0x00000006c5300000, 0x00000006c5300000, 0x00000006c5400000|  0%| F|  |TS  0|AC  0|TAMS 0x00000006c5300000, 0x00000006c5300000|
|  58|0x00000006c5400000, 0x00000006c5400000, 0x00000006c5500000|  0%| F|  |TS  0|AC  0|TAMS 0x00000006c5400000, 0x00000006c5400000|
|  59|0x00000006c5500000, 0x00000006c5500000, 0x00000006c5600000|  0%| F|  |TS  0|AC  0|TAMS 0x00000006c5500000, 0x00000006c5500000|
|  60|0x00000006c5600000, 0x00000006c5600000, 0x00000006c5700000|  0%| F|  |TS  0|AC  0|TAMS 0x00000006c5600000, 0x00000006c5600000|
|  61|0x00000006c5700000, 0x00000006c5700000, 0x00000006c5800000|  0%| F|  |TS  0|AC  0|TAMS 0x00000006c5700000, 0x00000006c5700000|
|  62|0x00000006c5800000, 0x00000006c5800000, 0x00000006c5900000|  0%| F|  |TS  0|AC  0|TAMS 0x00000006c5800000, 0x00000006c5800000|
|  63|0x00000006c5900000, 0x00000006c5900000, 0x00000006c5a00000|  0%| F|  |TS  0|AC  0|TAMS 0x00000006c5900000, 0x00000006c5900000|
|  64|0x00000006c5a00000, 0x00000006c5a00000, 0x00000006c5b00000|  0%| F|  |TS  0|AC  0|TAMS 0x00000006c5a00000, 0x00000006c5a00000|
|  65|0x00000006c5b00000, 0x00000006c5b00000, 0x00000006c5c00000|  0%| F|  |TS  0|AC  0|TAMS 0x00000006c5b00000, 0x00000006c5b00000|
|  66|0x00000006c5c00000, 0x00000006c5c00000, 0x00000006c5d00000|  0%| F|  |TS  0|AC  0|TAMS 0x00000006c5c00000, 0x00000006c5c00000|
|  67|0x00000006c5d00000, 0x00000006c5d00000, 0x00000006c5e00000|  0%| F|  |TS  0|AC  0|TAMS 0x00000006c5d00000, 0x00000006c5d00000|
|  68|0x00000006c5e00000, 0x00000006c5e00000, 0x00000006c5f00000|  0%| F|  |TS  0|AC  0|TAMS 0x00000006c5e00000, 0x00000006c5e00000|
|  69|0x00000006c5f00000, 0x00000006c5f00000, 0x00000006c6000000|  0%| F|  |TS  0|AC  0|TAMS 0x00000006c5f00000, 0x00000006c5f00000|
|  70|0x00000006c6000000, 0x00000006c6000000, 0x00000006c6100000|  0%| F|  |TS  0|AC  0|TAMS 0x00000006c6000000, 0x00000006c6000000|
|  71|0x00000006c6100000, 0x00000006c6100000, 0x00000006c6200000|  0%| F|  |TS  0|AC  0|TAMS 0x00000006c6100000, 0x00000006c6100000|
|  72|0x00000006c6200000, 0x00000006c6200000, 0x00000006c6300000|  0%| F|  |TS  0|AC  0|TAMS 0x00000006c6200000, 0x00000006c6200000|
|  73|0x00000006c6300000, 0x00000006c6300000, 0x00000006c6400000|  0%| F|  |TS  0|AC  0|TAMS 0x00000006c6300000, 0x00000006c6300000|
|  74|0x00000006c6400000, 0x00000006c6400000, 0x00000006c6500000|  0%| F|  |TS  0|AC  0|TAMS 0x00000006c6400000, 0x00000006c6400000|
|  75|0x00000006c6500000, 0x00000006c6500000, 0x00000006c6600000|  0%| F|  |TS  0|AC  0|TAMS 0x00000006c6500000, 0x00000006c6500000|
|  76|0x00000006c6600000, 0x00000006c6600000, 0x00000006c6700000|  0%| F|  |TS  0|AC  0|TAMS 0x00000006c6600000, 0x00000006c6600000|
|  77|0x00000006c6700000, 0x00000006c6700000, 0x00000006c6800000|  0%| F|  |TS  0|AC  0|TAMS 0x00000006c6700000, 0x00000006c6700000|
|  78|0x00000006c6800000, 0x00000006c6800000, 0x00000006c6900000|  0%| F|  |TS  0|AC  0|TAMS 0x00000006c6800000, 0x00000006c6800000|
|  79|0x00000006c6900000, 0x00000006c6900000, 0x00000006c6a00000|  0%| F|  |TS  0|AC  0|TAMS 0x00000006c6900000, 0x00000006c6900000|
|  80|0x00000006c6a00000, 0x00000006c6a00000, 0x00000006c6b00000|  0%| F|  |TS  0|AC  0|TAMS 0x00000006c6a00000, 0x00000006c6a00000|
|  81|0x00000006c6b00000, 0x00000006c6b00000, 0x00000006c6c00000|  0%| F|  |TS  0|AC  0|TAMS 0x00000006c6b00000, 0x00000006c6b00000|
|  82|0x00000006c6c00000, 0x00000006c6c00000, 0x00000006c6d00000|  0%| F|  |TS  0|AC  0|TAMS 0x00000006c6c00000, 0x00000006c6c00000|
|  83|0x00000006c6d00000, 0x00000006c6d00000, 0x00000006c6e00000|  0%| F|  |TS  0|AC  0|TAMS 0x00000006c6d00000, 0x00000006c6d00000|
|  84|0x00000006c6e00000, 0x00000006c6e00000, 0x00000006c6f00000|  0%| F|  |TS  0|AC  0|TAMS 0x00000006c6e00000, 0x00000006c6e00000|
|  85|0x00000006c6f00000, 0x00000006c6f00000, 0x00000006c7000000|  0%| F|  |TS  0|AC  0|TAMS 0x00000006c6f00000, 0x00000006c6f00000|
|  86|0x00000006c7000000, 0x00000006c7000000, 0x00000006c7100000|  0%| F|  |TS  0|AC  0|TAMS 0x00000006c7000000, 0x00000006c7000000|
|  87|0x00000006c7100000, 0x00000006c7100000, 0x00000006c7200000|  0%| F|  |TS  0|AC  0|TAMS 0x00000006c7100000, 0x00000006c7100000|
|  88|0x00000006c7200000, 0x00000006c7200000, 0x00000006c7300000|  0%| F|  |TS  0|AC  0|TAMS 0x00000006c7200000, 0x00000006c7200000|
|  89|0x00000006c7300000, 0x00000006c7300000, 0x00000006c7400000|  0%| F|  |TS  0|AC  0|TAMS 0x00000006c7300000, 0x00000006c7300000|
|  90|0x00000006c7400000, 0x00000006c7400000, 0x00000006c7500000|  0%| F|  |TS  0|AC  0|TAMS 0x00000006c7400000, 0x00000006c7400000|
|  91|0x00000006c7500000, 0x00000006c7500000, 0x00000006c7600000|  0%| F|  |TS  0|AC  0|TAMS 0x00000006c7500000, 0x00000006c7500000|
|  92|0x00000006c7600000, 0x00000006c7600000, 0x00000006c7700000|  0%| F|  |TS  0|AC  0|TAMS 0x00000006c7600000, 0x00000006c7600000|
|  93|0x00000006c7700000, 0x00000006c7700000, 0x00000006c7800000|  0%| F|  |TS  0|AC  0|TAMS 0x00000006c7700000, 0x00000006c7700000|
|  94|0x00000006c7800000, 0x00000006c7800000, 0x00000006c7900000|  0%| F|  |TS  0|AC  0|TAMS 0x00000006c7800000, 0x00000006c7800000|
|  95|0x00000006c7900000, 0x00000006c7900000, 0x00000006c7a00000|  0%| F|  |TS  0|AC  0|TAMS 0x00000006c7900000, 0x00000006c7900000|
|  96|0x00000006c7a00000, 0x00000006c7a00000, 0x00000006c7b00000|  0%| F|  |TS  0|AC  0|TAMS 0x00000006c7a00000, 0x00000006c7a00000|
|  97|0x00000006c7b00000, 0x00000006c7b00000, 0x00000006c7c00000|  0%| F|  |TS  0|AC  0|TAMS 0x00000006c7b00000, 0x00000006c7b00000|
|  98|0x00000006c7c00000, 0x00000006c7c00000, 0x00000006c7d00000|  0%| F|  |TS  0|AC  0|TAMS 0x00000006c7c00000, 0x00000006c7c00000|
|  99|0x00000006c7d00000, 0x00000006c7d00000, 0x00000006c7e00000|  0%| F|  |TS  0|AC  0|TAMS 0x00000006c7d00000, 0x00000006c7d00000|
| 100|0x00000006c7e00000, 0x00000006c7e00000, 0x00000006c7f00000|  0%| F|  |TS  0|AC  0|TAMS 0x00000006c7e00000, 0x00000006c7e00000|
| 101|0x00000006c7f00000, 0x00000006c7f00000, 0x00000006c8000000|  0%| F|  |TS  0|AC  0|TAMS 0x00000006c7f00000, 0x00000006c7f00000|
| 102|0x00000006c8000000, 0x00000006c8000000, 0x00000006c8100000|  0%| F|  |TS  0|AC  0|TAMS 0x00000006c8000000, 0x00000006c8000000|
| 103|0x00000006c8100000, 0x00000006c8100000, 0x00000006c8200000|  0%| F|  |TS  0|AC  0|TAMS 0x00000006c8100000, 0x00000006c8100000|
| 104|0x00000006c8200000, 0x00000006c8200000, 0x00000006c8300000|  0%| F|  |TS  0|AC  0|TAMS 0x00000006c8200000, 0x00000006c8200000|
| 105|0x00000006c8300000, 0x00000006c8300000, 0x00000006c8400000|  0%| F|  |TS  0|AC  0|TAMS 0x00000006c8300000, 0x00000006c8300000|
| 106|0x00000006c8400000, 0x00000006c8400000, 0x00000006c8500000|  0%| F|  |TS  0|AC  0|TAMS 0x00000006c8400000, 0x00000006c8400000|
| 107|0x00000006c8500000, 0x00000006c8500000, 0x00000006c8600000|  0%| F|  |TS  0|AC  0|TAMS 0x00000006c8500000, 0x00000006c8500000|
| 108|0x00000006c8600000, 0x00000006c8600000, 0x00000006c8700000|  0%| F|  |TS  0|AC  0|TAMS 0x00000006c8600000, 0x00000006c8600000|
| 109|0x00000006c8700000, 0x00000006c8700000, 0x00000006c8800000|  0%| F|  |TS  0|AC  0|TAMS 0x00000006c8700000, 0x00000006c8700000|
| 110|0x00000006c8800000, 0x00000006c8800000, 0x00000006c8900000|  0%| F|  |TS  0|AC  0|TAMS 0x00000006c8800000, 0x00000006c8800000|
| 111|0x00000006c8900000, 0x00000006c8900000, 0x00000006c8a00000|  0%| F|  |TS  0|AC  0|TAMS 0x00000006c8900000, 0x00000006c8900000|
| 112|0x00000006c8a00000, 0x00000006c8a00000, 0x00000006c8b00000|  0%| F|  |TS  0|AC  0|TAMS 0x00000006c8a00000, 0x00000006c8a00000|
| 113|0x00000006c8b00000, 0x00000006c8b00000, 0x00000006c8c00000|  0%| F|  |TS  0|AC  0|TAMS 0x00000006c8b00000, 0x00000006c8b00000|
| 114|0x00000006c8c00000, 0x00000006c8c00000, 0x00000006c8d00000|  0%| F|  |TS  0|AC  0|TAMS 0x00000006c8c00000, 0x00000006c8c00000|
| 115|0x00000006c8d00000, 0x00000006c8d00000, 0x00000006c8e00000|  0%| F|  |TS  0|AC  0|TAMS 0x00000006c8d00000, 0x00000006c8d00000|
| 116|0x00000006c8e00000, 0x00000006c8e00000, 0x00000006c8f00000|  0%| F|  |TS  0|AC  0|TAMS 0x00000006c8e00000, 0x00000006c8e00000|
| 117|0x00000006c8f00000, 0x00000006c8f00000, 0x00000006c9000000|  0%| F|  |TS  0|AC  0|TAMS 0x00000006c8f00000, 0x00000006c8f00000|
| 118|0x00000006c9000000, 0x00000006c9000000, 0x00000006c9100000|  0%| F|  |TS  0|AC  0|TAMS 0x00000006c9000000, 0x00000006c9000000|
| 119|0x00000006c9100000, 0x00000006c9100000, 0x00000006c9200000|  0%| F|  |TS  0|AC  0|TAMS 0x00000006c9100000, 0x00000006c9100000|
| 120|0x00000006c9200000, 0x00000006c9200000, 0x00000006c9300000|  0%| F|  |TS  0|AC  0|TAMS 0x00000006c9200000, 0x00000006c9200000|
| 121|0x00000006c9300000, 0x00000006c9300000, 0x00000006c9400000|  0%| F|  |TS  0|AC  0|TAMS 0x00000006c9300000, 0x00000006c9300000|
| 122|0x00000006c9400000, 0x00000006c9400000, 0x00000006c9500000|  0%| F|  |TS  0|AC  0|TAMS 0x00000006c9400000, 0x00000006c9400000|
| 123|0x00000006c9500000, 0x00000006c9500000, 0x00000006c9600000|  0%| F|  |TS  0|AC  0|TAMS 0x00000006c9500000, 0x00000006c9500000|
| 124|0x00000006c9600000, 0x00000006c9600000, 0x00000006c9700000|  0%| F|  |TS  0|AC  0|TAMS 0x00000006c9600000, 0x00000006c9600000|
| 125|0x00000006c9700000, 0x00000006c9700000, 0x00000006c9800000|  0%| F|  |TS  0|AC  0|TAMS 0x00000006c9700000, 0x00000006c9700000|
| 126|0x00000006c9800000, 0x00000006c9800000, 0x00000006c9900000|  0%| F|  |TS  0|AC  0|TAMS 0x00000006c9800000, 0x00000006c9800000|
| 127|0x00000006c9900000, 0x00000006c9900000, 0x00000006c9a00000|  0%| F|  |TS  0|AC  0|TAMS 0x00000006c9900000, 0x00000006c9900000|
| 128|0x00000006c9a00000, 0x00000006c9a00000, 0x00000006c9b00000|  0%| F|  |TS  0|AC  0|TAMS 0x00000006c9a00000, 0x00000006c9a00000|
| 129|0x00000006c9b00000, 0x00000006c9b00000, 0x00000006c9c00000|  0%| F|  |TS  0|AC  0|TAMS 0x00000006c9b00000, 0x00000006c9b00000|
| 130|0x00000006c9c00000, 0x00000006c9c00000, 0x00000006c9d00000|  0%| F|  |TS  0|AC  0|TAMS 0x00000006c9c00000, 0x00000006c9c00000|
| 131|0x00000006c9d00000, 0x00000006c9d00000, 0x00000006c9e00000|  0%| F|  |TS  0|AC  0|TAMS 0x00000006c9d00000, 0x00000006c9d00000|
| 132|0x00000006c9e00000, 0x00000006c9e00000, 0x00000006c9f00000|  0%| F|  |TS  0|AC  0|TAMS 0x00000006c9e00000, 0x00000006c9e00000|
| 133|0x00000006c9f00000, 0x00000006c9f00000, 0x00000006ca000000|  0%| F|  |TS  0|AC  0|TAMS 0x00000006c9f00000, 0x00000006c9f00000|
| 134|0x00000006ca000000, 0x00000006ca000000, 0x00000006ca100000|  0%| F|  |TS  0|AC  0|TAMS 0x00000006ca000000, 0x00000006ca000000|
| 135|0x00000006ca100000, 0x00000006ca100000, 0x00000006ca200000|  0%| F|  |TS  0|AC  0|TAMS 0x00000006ca100000, 0x00000006ca100000|
| 136|0x00000006ca200000, 0x00000006ca200000, 0x00000006ca300000|  0%| F|  |TS  0|AC  0|TAMS 0x00000006ca200000, 0x00000006ca200000|
| 137|0x00000006ca300000, 0x00000006ca300000, 0x00000006ca400000|  0%| F|  |TS  0|AC  0|TAMS 0x00000006ca300000, 0x00000006ca300000|
| 138|0x00000006ca400000, 0x00000006ca400000, 0x00000006ca500000|  0%| F|  |TS  0|AC  0|TAMS 0x00000006ca400000, 0x00000006ca400000|
| 139|0x00000006ca500000, 0x00000006ca500000, 0x00000006ca600000|  0%| F|  |TS  0|AC  0|TAMS 0x00000006ca500000, 0x00000006ca500000|
| 140|0x00000006ca600000, 0x00000006ca600000, 0x00000006ca700000|  0%| F|  |TS  0|AC  0|TAMS 0x00000006ca600000, 0x00000006ca600000|
| 141|0x00000006ca700000, 0x00000006ca700000, 0x00000006ca800000|  0%| F|  |TS  0|AC  0|TAMS 0x00000006ca700000, 0x00000006ca700000|
| 142|0x00000006ca800000, 0x00000006ca800000, 0x00000006ca900000|  0%| F|  |TS  0|AC  0|TAMS 0x00000006ca800000, 0x00000006ca800000|
| 143|0x00000006ca900000, 0x00000006ca900000, 0x00000006caa00000|  0%| F|  |TS  0|AC  0|TAMS 0x00000006ca900000, 0x00000006ca900000|
| 144|0x00000006caa00000, 0x00000006caa00000, 0x00000006cab00000|  0%| F|  |TS  0|AC  0|TAMS 0x00000006caa00000, 0x00000006caa00000|
| 145|0x00000006cab00000, 0x00000006cab00000, 0x00000006cac00000|  0%| F|  |TS  0|AC  0|TAMS 0x00000006cab00000, 0x00000006cab00000|
| 146|0x00000006cac00000, 0x00000006cac00000, 0x00000006cad00000|  0%| F|  |TS  0|AC  0|TAMS 0x00000006cac00000, 0x00000006cac00000|
| 147|0x00000006cad00000, 0x00000006cad00000, 0x00000006cae00000|  0%| F|  |TS  0|AC  0|TAMS 0x00000006cad00000, 0x00000006cad00000|
| 148|0x00000006cae00000, 0x00000006cae00000, 0x00000006caf00000|  0%| F|  |TS  0|AC  0|TAMS 0x00000006cae00000, 0x00000006cae00000|
| 149|0x00000006caf00000, 0x00000006caf00000, 0x00000006cb000000|  0%| F|  |TS  0|AC  0|TAMS 0x00000006caf00000, 0x00000006caf00000|
| 150|0x00000006cb000000, 0x00000006cb000000, 0x00000006cb100000|  0%| F|  |TS  0|AC  0|TAMS 0x00000006cb000000, 0x00000006cb000000|
| 151|0x00000006cb100000, 0x00000006cb100000, 0x00000006cb200000|  0%| F|  |TS  0|AC  0|TAMS 0x00000006cb100000, 0x00000006cb100000|
| 152|0x00000006cb200000, 0x00000006cb200000, 0x00000006cb300000|  0%| F|  |TS  0|AC  0|TAMS 0x00000006cb200000, 0x00000006cb200000|
| 153|0x00000006cb300000, 0x00000006cb300000, 0x00000006cb400000|  0%| F|  |TS  0|AC  0|TAMS 0x00000006cb300000, 0x00000006cb300000|
| 154|0x00000006cb400000, 0x00000006cb400000, 0x00000006cb500000|  0%| F|  |TS  0|AC  0|TAMS 0x00000006cb400000, 0x00000006cb400000|
| 155|0x00000006cb500000, 0x00000006cb500000, 0x00000006cb600000|  0%| F|  |TS  0|AC  0|TAMS 0x00000006cb500000, 0x00000006cb500000|
| 156|0x00000006cb600000, 0x00000006cb600000, 0x00000006cb700000|  0%| F|  |TS  0|AC  0|TAMS 0x00000006cb600000, 0x00000006cb600000|
| 157|0x00000006cb700000, 0x00000006cb700000, 0x00000006cb800000|  0%| F|  |TS  0|AC  0|TAMS 0x00000006cb700000, 0x00000006cb700000|
| 158|0x00000006cb800000, 0x00000006cb800000, 0x00000006cb900000|  0%| F|  |TS  0|AC  0|TAMS 0x00000006cb800000, 0x00000006cb800000|
| 159|0x00000006cb900000, 0x00000006cb900000, 0x00000006cba00000|  0%| F|  |TS  0|AC  0|TAMS 0x00000006cb900000, 0x00000006cb900000|
| 160|0x00000006cba00000, 0x00000006cba00000, 0x00000006cbb00000|  0%| F|  |TS  0|AC  0|TAMS 0x00000006cba00000, 0x00000006cba00000|
| 161|0x00000006cbb00000, 0x00000006cbb00000, 0x00000006cbc00000|  0%| F|  |TS  0|AC  0|TAMS 0x00000006cbb00000, 0x00000006cbb00000|
| 162|0x00000006cbc00000, 0x00000006cbc00000, 0x00000006cbd00000|  0%| F|  |TS  0|AC  0|TAMS 0x00000006cbc00000, 0x00000006cbc00000|
| 163|0x00000006cbd00000, 0x00000006cbd00000, 0x00000006cbe00000|  0%| F|  |TS  0|AC  0|TAMS 0x00000006cbd00000, 0x00000006cbd00000|
| 164|0x00000006cbe00000, 0x00000006cbe00000, 0x00000006cbf00000|  0%| F|  |TS  0|AC  0|TAMS 0x00000006cbe00000, 0x00000006cbe00000|
| 165|0x00000006cbf00000, 0x00000006cbf00000, 0x00000006cc000000|  0%| F|  |TS  0|AC  0|TAMS 0x00000006cbf00000, 0x00000006cbf00000|
| 166|0x00000006cc000000, 0x00000006cc000000, 0x00000006cc100000|  0%| F|  |TS  0|AC  0|TAMS 0x00000006cc000000, 0x00000006cc000000|
| 167|0x00000006cc100000, 0x00000006cc100000, 0x00000006cc200000|  0%| F|  |TS  0|AC  0|TAMS 0x00000006cc100000, 0x00000006cc100000|
| 168|0x00000006cc200000, 0x00000006cc200000, 0x00000006cc300000|  0%| F|  |TS  0|AC  0|TAMS 0x00000006cc200000, 0x00000006cc200000|
| 169|0x00000006cc300000, 0x00000006cc300000, 0x00000006cc400000|  0%| F|  |TS  0|AC  0|TAMS 0x00000006cc300000, 0x00000006cc300000|
| 170|0x00000006cc400000, 0x00000006cc400000, 0x00000006cc500000|  0%| F|  |TS  0|AC  0|TAMS 0x00000006cc400000, 0x00000006cc400000|
| 171|0x00000006cc500000, 0x00000006cc500000, 0x00000006cc600000|  0%| F|  |TS  0|AC  0|TAMS 0x00000006cc500000, 0x00000006cc500000|
| 172|0x00000006cc600000, 0x00000006cc600000, 0x00000006cc700000|  0%| F|  |TS  0|AC  0|TAMS 0x00000006cc600000, 0x00000006cc600000|
| 173|0x00000006cc700000, 0x00000006cc700000, 0x00000006cc800000|  0%| F|  |TS  0|AC  0|TAMS 0x00000006cc700000, 0x00000006cc700000|
| 174|0x00000006cc800000, 0x00000006cc800000, 0x00000006cc900000|  0%| F|  |TS  0|AC  0|TAMS 0x00000006cc800000, 0x00000006cc800000|
| 175|0x00000006cc900000, 0x00000006cc900000, 0x00000006cca00000|  0%| F|  |TS  0|AC  0|TAMS 0x00000006cc900000, 0x00000006cc900000|
| 176|0x00000006cca00000, 0x00000006cca00000, 0x00000006ccb00000|  0%| F|  |TS  0|AC  0|TAMS 0x00000006cca00000, 0x00000006cca00000|
| 177|0x00000006ccb00000, 0x00000006ccb00000, 0x00000006ccc00000|  0%| F|  |TS  0|AC  0|TAMS 0x00000006ccb00000, 0x00000006ccb00000|
| 178|0x00000006ccc00000, 0x00000006ccc00000, 0x00000006ccd00000|  0%| F|  |TS  0|AC  0|TAMS 0x00000006ccc00000, 0x00000006ccc00000|
| 179|0x00000006ccd00000, 0x00000006ccd00000, 0x00000006cce00000|  0%| F|  |TS  0|AC  0|TAMS 0x00000006ccd00000, 0x00000006ccd00000|
| 180|0x00000006cce00000, 0x00000006cce00000, 0x00000006ccf00000|  0%| F|  |TS  0|AC  0|TAMS 0x00000006cce00000, 0x00000006cce00000|
| 181|0x00000006ccf00000, 0x00000006ccff03e8, 0x00000006cd000000| 93%| S|CS|TS  7|AC  0|TAMS 0x00000006ccf00000, 0x00000006ccf00000|
| 182|0x00000006cd000000, 0x00000006cd100000, 0x00000006cd100000|100%| S|CS|TS  7|AC  0|TAMS 0x00000006cd000000, 0x00000006cd000000|
| 183|0x00000006cd100000, 0x00000006cd200000, 0x00000006cd200000|100%| S|CS|TS  7|AC  0|TAMS 0x00000006cd100000, 0x00000006cd100000|
| 184|0x00000006cd200000, 0x00000006cd300000, 0x00000006cd300000|100%| S|CS|TS  7|AC  0|TAMS 0x00000006cd200000, 0x00000006cd200000|
| 185|0x00000006cd300000, 0x00000006cd400000, 0x00000006cd400000|100%| S|CS|TS  7|AC  0|TAMS 0x00000006cd300000, 0x00000006cd300000|
| 186|0x00000006cd400000, 0x00000006cd500000, 0x00000006cd500000|100%| S|CS|TS  7|AC  0|TAMS 0x00000006cd400000, 0x00000006cd400000|
| 187|0x00000006cd500000, 0x00000006cd600000, 0x00000006cd600000|100%| S|CS|TS  7|AC  0|TAMS 0x00000006cd500000, 0x00000006cd500000|
| 188|0x00000006cd600000, 0x00000006cd700000, 0x00000006cd700000|100%| S|CS|TS  7|AC  0|TAMS 0x00000006cd600000, 0x00000006cd600000|
| 189|0x00000006cd700000, 0x00000006cd800000, 0x00000006cd800000|100%| S|CS|TS  7|AC  0|TAMS 0x00000006cd700000, 0x00000006cd700000|
| 190|0x00000006cd800000, 0x00000006cd800000, 0x00000006cd900000|  0%| F|  |TS  7|AC  0|TAMS 0x00000006cd800000, 0x00000006cd800000|
| 191|0x00000006cd900000, 0x00000006cd900000, 0x00000006cda00000|  0%| F|  |TS  7|AC  0|TAMS 0x00000006cd900000, 0x00000006cd900000|
| 192|0x00000006cda00000, 0x00000006cda00000, 0x00000006cdb00000|  0%| F|  |TS  7|AC  0|TAMS 0x00000006cda00000, 0x00000006cda00000|
| 193|0x00000006cdb00000, 0x00000006cdb00000, 0x00000006cdc00000|  0%| F|  |TS  7|AC  0|TAMS 0x00000006cdb00000, 0x00000006cdb00000|
| 194|0x00000006cdc00000, 0x00000006cdc00000, 0x00000006cdd00000|  0%| F|  |TS  7|AC  0|TAMS 0x00000006cdc00000, 0x00000006cdc00000|
| 195|0x00000006cdd00000, 0x00000006cdd00000, 0x00000006cde00000|  0%| F|  |TS  7|AC  0|TAMS 0x00000006cdd00000, 0x00000006cdd00000|
| 196|0x00000006cde00000, 0x00000006cde00000, 0x00000006cdf00000|  0%| F|  |TS  7|AC  0|TAMS 0x00000006cde00000, 0x00000006cde00000|
| 197|0x00000006cdf00000, 0x00000006cdf00000, 0x00000006ce000000|  0%| F|  |TS  7|AC  0|TAMS 0x00000006cdf00000, 0x00000006cdf00000|
| 198|0x00000006ce000000, 0x00000006ce000000, 0x00000006ce100000|  0%| F|  |TS  7|AC  0|TAMS 0x00000006ce000000, 0x00000006ce000000|
| 199|0x00000006ce100000, 0x00000006ce100000, 0x00000006ce200000|  0%| F|  |TS  7|AC  0|TAMS 0x00000006ce100000, 0x00000006ce100000|
| 200|0x00000006ce200000, 0x00000006ce200000, 0x00000006ce300000|  0%| F|  |TS  7|AC  0|TAMS 0x00000006ce200000, 0x00000006ce200000|
| 201|0x00000006ce300000, 0x00000006ce300000, 0x00000006ce400000|  0%| F|  |TS  7|AC  0|TAMS 0x00000006ce300000, 0x00000006ce300000|
| 202|0x00000006ce400000, 0x00000006ce400000, 0x00000006ce500000|  0%| F|  |TS  7|AC  0|TAMS 0x00000006ce400000, 0x00000006ce400000|
| 203|0x00000006ce500000, 0x00000006ce500000, 0x00000006ce600000|  0%| F|  |TS  7|AC  0|TAMS 0x00000006ce500000, 0x00000006ce500000|
| 204|0x00000006ce600000, 0x00000006ce600000, 0x00000006ce700000|  0%| F|  |TS  7|AC  0|TAMS 0x00000006ce600000, 0x00000006ce600000|
| 205|0x00000006ce700000, 0x00000006ce700000, 0x00000006ce800000|  0%| F|  |TS  7|AC  0|TAMS 0x00000006ce700000, 0x00000006ce700000|
| 206|0x00000006ce800000, 0x00000006ce800000, 0x00000006ce900000|  0%| F|  |TS  7|AC  0|TAMS 0x00000006ce800000, 0x00000006ce800000|
| 207|0x00000006ce900000, 0x00000006ce900000, 0x00000006cea00000|  0%| F|  |TS  7|AC  0|TAMS 0x00000006ce900000, 0x00000006ce900000|
| 208|0x00000006cea00000, 0x00000006cea00000, 0x00000006ceb00000|  0%| F|  |TS  7|AC  0|TAMS 0x00000006cea00000, 0x00000006cea00000|
| 209|0x00000006ceb00000, 0x00000006ceb00000, 0x00000006cec00000|  0%| F|  |TS  7|AC  0|TAMS 0x00000006ceb00000, 0x00000006ceb00000|
| 210|0x00000006cec00000, 0x00000006cec00000, 0x00000006ced00000|  0%| F|  |TS  7|AC  0|TAMS 0x00000006cec00000, 0x00000006cec00000|
| 211|0x00000006ced00000, 0x00000006ced00000, 0x00000006cee00000|  0%| F|  |TS  7|AC  0|TAMS 0x00000006ced00000, 0x00000006ced00000|
| 212|0x00000006cee00000, 0x00000006cee00000, 0x00000006cef00000|  0%| F|  |TS  7|AC  0|TAMS 0x00000006cee00000, 0x00000006cee00000|
| 213|0x00000006cef00000, 0x00000006cef00000, 0x00000006cf000000|  0%| F|  |TS  7|AC  0|TAMS 0x00000006cef00000, 0x00000006cef00000|
| 214|0x00000006cf000000, 0x00000006cf000000, 0x00000006cf100000|  0%| F|  |TS  7|AC  0|TAMS 0x00000006cf000000, 0x00000006cf000000|
| 215|0x00000006cf100000, 0x00000006cf100000, 0x00000006cf200000|  0%| F|  |TS  7|AC  0|TAMS 0x00000006cf100000, 0x00000006cf100000|
| 216|0x00000006cf200000, 0x00000006cf200000, 0x00000006cf300000|  0%| F|  |TS  7|AC  0|TAMS 0x00000006cf200000, 0x00000006cf200000|
| 217|0x00000006cf300000, 0x00000006cf300000, 0x00000006cf400000|  0%| F|  |TS  7|AC  0|TAMS 0x00000006cf300000, 0x00000006cf300000|
| 218|0x00000006cf400000, 0x00000006cf400000, 0x00000006cf500000|  0%| F|  |TS  7|AC  0|TAMS 0x00000006cf400000, 0x00000006cf400000|
| 219|0x00000006cf500000, 0x00000006cf500000, 0x00000006cf600000|  0%| F|  |TS  7|AC  0|TAMS 0x00000006cf500000, 0x00000006cf500000|
| 220|0x00000006cf600000, 0x00000006cf600000, 0x00000006cf700000|  0%| F|  |TS  7|AC  0|TAMS 0x00000006cf600000, 0x00000006cf600000|
| 221|0x00000006cf700000, 0x00000006cf700000, 0x00000006cf800000|  0%| F|  |TS  7|AC  0|TAMS 0x00000006cf700000, 0x00000006cf700000|
| 222|0x00000006cf800000, 0x00000006cf800000, 0x00000006cf900000|  0%| F|  |TS  7|AC  0|TAMS 0x00000006cf800000, 0x00000006cf800000|
| 223|0x00000006cf900000, 0x00000006cf900000, 0x00000006cfa00000|  0%| F|  |TS  7|AC  0|TAMS 0x00000006cf900000, 0x00000006cf900000|
| 224|0x00000006cfa00000, 0x00000006cfa00000, 0x00000006cfb00000|  0%| F|  |TS  7|AC  0|TAMS 0x00000006cfa00000, 0x00000006cfa00000|
| 225|0x00000006cfb00000, 0x00000006cfb00000, 0x00000006cfc00000|  0%| F|  |TS  7|AC  0|TAMS 0x00000006cfb00000, 0x00000006cfb00000|
| 226|0x00000006cfc00000, 0x00000006cfc00000, 0x00000006cfd00000|  0%| F|  |TS  7|AC  0|TAMS 0x00000006cfc00000, 0x00000006cfc00000|
| 227|0x00000006cfd00000, 0x00000006cfd00000, 0x00000006cfe00000|  0%| F|  |TS  7|AC  0|TAMS 0x00000006cfd00000, 0x00000006cfd00000|
| 228|0x00000006cfe00000, 0x00000006cfe00000, 0x00000006cff00000|  0%| F|  |TS  7|AC  0|TAMS 0x00000006cfe00000, 0x00000006cfe00000|
| 229|0x00000006cff00000, 0x00000006cff00000, 0x00000006d0000000|  0%| F|  |TS  7|AC  0|TAMS 0x00000006cff00000, 0x00000006cff00000|
| 230|0x00000006d0000000, 0x00000006d0000000, 0x00000006d0100000|  0%| F|  |TS  7|AC  0|TAMS 0x00000006d0000000, 0x00000006d0000000|
| 231|0x00000006d0100000, 0x00000006d0100000, 0x00000006d0200000|  0%| F|  |TS  7|AC  0|TAMS 0x00000006d0100000, 0x00000006d0100000|
| 232|0x00000006d0200000, 0x00000006d0200000, 0x00000006d0300000|  0%| F|  |TS  7|AC  0|TAMS 0x00000006d0200000, 0x00000006d0200000|
| 233|0x00000006d0300000, 0x00000006d0300000, 0x00000006d0400000|  0%| F|  |TS  7|AC  0|TAMS 0x00000006d0300000, 0x00000006d0300000|
| 234|0x00000006d0400000, 0x00000006d0400000, 0x00000006d0500000|  0%| F|  |TS  7|AC  0|TAMS 0x00000006d0400000, 0x00000006d0400000|
| 235|0x00000006d0500000, 0x00000006d0500000, 0x00000006d0600000|  0%| F|  |TS  7|AC  0|TAMS 0x00000006d0500000, 0x00000006d0500000|
| 236|0x00000006d0600000, 0x00000006d0600000, 0x00000006d0700000|  0%| F|  |TS  7|AC  0|TAMS 0x00000006d0600000, 0x00000006d0600000|
| 237|0x00000006d0700000, 0x00000006d0700000, 0x00000006d0800000|  0%| F|  |TS  7|AC  0|TAMS 0x00000006d0700000, 0x00000006d0700000|
| 238|0x00000006d0800000, 0x00000006d0800000, 0x00000006d0900000|  0%| F|  |TS  7|AC  0|TAMS 0x00000006d0800000, 0x00000006d0800000|
| 239|0x00000006d0900000, 0x00000006d0900000, 0x00000006d0a00000|  0%| F|  |TS  7|AC  0|TAMS 0x00000006d0900000, 0x00000006d0900000|
| 240|0x00000006d0a00000, 0x00000006d0a80800, 0x00000006d0b00000| 50%| E|  |TS  7|AC  0|TAMS 0x00000006d0a00000, 0x00000006d0a00000|
| 241|0x00000006d0b00000, 0x00000006d0c00000, 0x00000006d0c00000|100%| E|CS|TS  7|AC  0|TAMS 0x00000006d0b00000, 0x00000006d0b00000|
| 242|0x00000006d0c00000, 0x00000006d0d00000, 0x00000006d0d00000|100%| E|CS|TS  7|AC  0|TAMS 0x00000006d0c00000, 0x00000006d0c00000|
| 243|0x00000006d0d00000, 0x00000006d0e00000, 0x00000006d0e00000|100%| E|CS|TS  7|AC  0|TAMS 0x00000006d0d00000, 0x00000006d0d00000|
| 244|0x00000006d0e00000, 0x00000006d0f00000, 0x00000006d0f00000|100%| E|CS|TS  7|AC  0|TAMS 0x00000006d0e00000, 0x00000006d0e00000|
| 245|0x00000006d0f00000, 0x00000006d1000000, 0x00000006d1000000|100%| E|CS|TS  7|AC  0|TAMS 0x00000006d0f00000, 0x00000006d0f00000|
| 246|0x00000006d1000000, 0x00000006d1100000, 0x00000006d1100000|100%| E|CS|TS  7|AC  0|TAMS 0x00000006d1000000, 0x00000006d1000000|
| 247|0x00000006d1100000, 0x00000006d1200000, 0x00000006d1200000|100%| E|CS|TS  7|AC  0|TAMS 0x00000006d1100000, 0x00000006d1100000|
| 248|0x00000006d1200000, 0x00000006d1300000, 0x00000006d1300000|100%| E|CS|TS  7|AC  0|TAMS 0x00000006d1200000, 0x00000006d1200000|
| 249|0x00000006d1300000, 0x00000006d1400000, 0x00000006d1400000|100%| E|CS|TS  7|AC  0|TAMS 0x00000006d1300000, 0x00000006d1300000|
| 250|0x00000006d1400000, 0x00000006d1500000, 0x00000006d1500000|100%| E|CS|TS  7|AC  0|TAMS 0x00000006d1400000, 0x00000006d1400000|
| 251|0x00000006d1500000, 0x00000006d1600000, 0x00000006d1600000|100%| E|CS|TS  7|AC  0|TAMS 0x00000006d1500000, 0x00000006d1500000|
| 252|0x00000006d1600000, 0x00000006d1700000, 0x00000006d1700000|100%| E|CS|TS  7|AC  0|TAMS 0x00000006d1600000, 0x00000006d1600000|
| 253|0x00000006d1700000, 0x00000006d1800000, 0x00000006d1800000|100%| E|CS|TS  7|AC  0|TAMS 0x00000006d1700000, 0x00000006d1700000|
| 254|0x00000006d1800000, 0x00000006d1900000, 0x00000006d1900000|100%| E|CS|TS  7|AC  0|TAMS 0x00000006d1800000, 0x00000006d1800000|
| 255|0x00000006d1900000, 0x00000006d1a00000, 0x00000006d1a00000|100%| E|CS|TS  7|AC  0|TAMS 0x00000006d1900000, 0x00000006d1900000|

Card table byte_map: [0x0000028d427a0000,0x0000028d42fa0000] byte_map_base: 0x0000028d3f193000

Marking Bits (Prev, Next): (CMBitMap*) 0x0000028d4b7683f0, (CMBitMap*) 0x0000028d4b768428
 Prev Bits: [0x0000028d437a0000, 0x0000028d47738000)
 Next Bits: [0x0000028d47740000, 0x0000028d4b6d8000)

Polling page: 0x0000028d299d0000

CodeHeap 'non-profiled nmethods': size=120000Kb used=353Kb max_used=353Kb free=119646Kb
 bounds [0x0000028d39900000, 0x0000028d39b70000, 0x0000028d40e30000]
CodeHeap 'profiled nmethods': size=120000Kb used=922Kb max_used=922Kb free=119077Kb
 bounds [0x0000028d323d0000, 0x0000028d32640000, 0x0000028d39900000]
CodeHeap 'non-nmethods': size=5760Kb used=1209Kb max_used=1241Kb free=4550Kb
 bounds [0x0000028d31e30000, 0x0000028d320a0000, 0x0000028d323d0000]
 total_blobs=1071 nmethods=487 adapters=271
 compilation: enabled

Compilation events (10 events):
Event: 1.442 Thread 0x0000028d4eb93000 nmethod 483 0x0000028d324b6110 code [0x0000028d324b62c0, 0x0000028d324b6478]
Event: 1.443 Thread 0x0000028d4eb92000  484       4       solver.cp.ORASolverByMIP::solveWithAllActivities (1159 bytes)
Event: 1.539 Thread 0x0000028d4eb93000  485       3       com.google.ortools.linearsolver.MPSolver::makeConstraint (29 bytes)
Event: 1.539 Thread 0x0000028d4eb93000 nmethod 485 0x0000028d324b6510 code [0x0000028d324b66e0, 0x0000028d324b6a10]
Event: 1.546 Thread 0x0000028d4eb93000  486       1       model.Model::getQualifications (5 bytes)
Event: 1.547 Thread 0x0000028d4eb93000 nmethod 486 0x0000028d39957b90 code [0x0000028d39957d40, 0x0000028d39957e58]
Event: 1.646 Thread 0x0000028d4eb93000  487       1       model.Resource::getCost (5 bytes)
Event: 1.646 Thread 0x0000028d4eb93000 nmethod 487 0x0000028d39957f10 code [0x0000028d399580c0, 0x0000028d399581d8]
Event: 1.712 Thread 0x0000028d4eb93000  488       1       java.lang.ref.Finalizer::access$000 (4 bytes)
Event: 1.712 Thread 0x0000028d4eb93000 nmethod 488 0x0000028d39958290 code [0x0000028d39958440, 0x0000028d39958538]

GC Heap History (8 events):
Event: 0.948 GC heap before
{Heap before GC invocations=0 (full 0):
 garbage-first heap   total 262144K, used 25600K [0x00000006c1a00000, 0x00000006c1b00800, 0x00000007c0000000)
  region size 1024K, 24 young (24576K), 0 survivors (0K)
 Metaspace       used 5683K, capacity 5762K, committed 6016K, reserved 1056768K
  class space    used 538K, capacity 570K, committed 640K, reserved 1048576K
}
Event: 0.981 GC heap after
{Heap after GC invocations=1 (full 0):
 garbage-first heap   total 262144K, used 11472K [0x00000006c1a00000, 0x00000006c1b00800, 0x00000007c0000000)
  region size 1024K, 3 young (3072K), 3 survivors (3072K)
 Metaspace       used 5683K, capacity 5762K, committed 6016K, reserved 1056768K
  class space    used 538K, capacity 570K, committed 640K, reserved 1048576K
}
Event: 1.019 GC heap before
{Heap before GC invocations=1 (full 0):
 garbage-first heap   total 262144K, used 23760K [0x00000006c1a00000, 0x00000006c1b00800, 0x00000007c0000000)
  region size 1024K, 15 young (15360K), 3 survivors (3072K)
 Metaspace       used 5687K, capacity 5762K, committed 6016K, reserved 1056768K
  class space    used 538K, capacity 570K, committed 640K, reserved 1048576K
}
Event: 1.025 GC heap after
{Heap after GC invocations=2 (full 0):
 garbage-first heap   total 262144K, used 12452K [0x00000006c1a00000, 0x00000006c1b00800, 0x00000007c0000000)
  region size 1024K, 1 young (1024K), 1 survivors (1024K)
 Metaspace       used 5687K, capacity 5762K, committed 6016K, reserved 1056768K
  class space    used 538K, capacity 570K, committed 640K, reserved 1048576K
}
Event: 1.086 GC heap before
{Heap before GC invocations=2 (full 0):
 garbage-first heap   total 262144K, used 33956K [0x00000006c1a00000, 0x00000006c1b00800, 0x00000007c0000000)
  region size 1024K, 22 young (22528K), 1 survivors (1024K)
 Metaspace       used 5697K, capacity 5762K, committed 6016K, reserved 1056768K
  class space    used 539K, capacity 570K, committed 640K, reserved 1048576K
}
Event: 1.087 GC heap after
{Heap after GC invocations=3 (full 0):
 garbage-first heap   total 262144K, used 12261K [0x00000006c1a00000, 0x00000006c1b00800, 0x00000007c0000000)
  region size 1024K, 1 young (1024K), 1 survivors (1024K)
 Metaspace       used 5697K, capacity 5762K, committed 6016K, reserved 1056768K
  class space    used 539K, capacity 570K, committed 640K, reserved 1048576K
}
Event: 1.693 GC heap before
{Heap before GC invocations=3 (full 0):
 garbage-first heap   total 262144K, used 79845K [0x00000006c1a00000, 0x00000006c1b00800, 0x00000007c0000000)
  region size 1024K, 66 young (67584K), 1 survivors (1024K)
 Metaspace       used 5714K, capacity 5890K, committed 6016K, reserved 1056768K
  class space    used 542K, capacity 570K, committed 640K, reserved 1048576K
}
Event: 1.712 GC heap after
{Heap after GC invocations=4 (full 0):
 garbage-first heap   total 262144K, used 22346K [0x00000006c1a00000, 0x00000006c1b00800, 0x00000007c0000000)
  region size 1024K, 9 young (9216K), 9 survivors (9216K)
 Metaspace       used 5714K, capacity 5890K, committed 6016K, reserved 1056768K
  class space    used 542K, capacity 570K, committed 640K, reserved 1048576K
}

Deoptimization events (10 events):
Event: 0.764 Thread 0x0000028d298d1000 Uncommon trap: reason=class_check action=maybe_recompile pc=0x0000028d3991070c method=java.nio.Buffer.<init>(IIII)V @ 33 c2
Event: 0.764 Thread 0x0000028d298d1000 Uncommon trap: reason=class_check action=maybe_recompile pc=0x0000028d3991070c method=java.nio.Buffer.<init>(IIII)V @ 33 c2
Event: 0.764 Thread 0x0000028d298d1000 Uncommon trap: reason=class_check action=maybe_recompile pc=0x0000028d3991070c method=java.nio.Buffer.<init>(IIII)V @ 33 c2
Event: 0.765 Thread 0x0000028d298d1000 Uncommon trap: reason=null_check action=make_not_entrant pc=0x0000028d3990f9e8 method=java.lang.String.equals(Ljava/lang/Object;)Z @ 8 c2
Event: 0.766 Thread 0x0000028d298d1000 Uncommon trap: reason=bimorphic_or_optimized_type_check action=maybe_recompile pc=0x0000028d39932584 method=java.lang.String.valueOf(Ljava/lang/Object;)Ljava/lang/String; @ 11 c2
Event: 0.768 Thread 0x0000028d298d1000 Uncommon trap: reason=bimorphic_or_optimized_type_check action=maybe_recompile pc=0x0000028d39932584 method=java.lang.String.valueOf(Ljava/lang/Object;)Ljava/lang/String; @ 11 c2
Event: 0.940 Thread 0x0000028d298d1000 Uncommon trap: reason=unstable_if action=reinterpret pc=0x0000028d39932bf4 method=java.util.HashMap.getNode(ILjava/lang/Object;)Ljava/util/HashMap$Node; @ 49 c2
Event: 0.940 Thread 0x0000028d298d1000 Uncommon trap: reason=unstable_if action=reinterpret pc=0x0000028d39931f48 method=java.util.HashMap.getNode(ILjava/lang/Object;)Ljava/util/HashMap$Node; @ 49 c2
Event: 1.538 Thread 0x0000028d298d1000 Uncommon trap: reason=unreached action=reinterpret pc=0x0000028d3994aa68 method=solver.cp.ORASolverByMIP.solveWithAllActivities(Z)Z @ 507 c2
Event: 1.645 Thread 0x0000028d298d1000 Uncommon trap: reason=unstable_if action=reinterpret pc=0x0000028d39954740 method=solver.cp.ORASolverByMIP.solveWithAllActivities(Z)Z @ 732 c2

Classes redefined (0 events):
No events

Internal exceptions (2 events):
Event: 0.360 Thread 0x0000028d298d1000 Exception <a 'java/lang/NoSuchMethodError'{0x00000006d165bbf8}: java.lang.Object.lambda$union$2(Ljava/util/regex/Pattern$CharPredicate;I)Z> (0x00000006d165bbf8) thrown at [t:/workspace/hotspot/src/share/vm/interpreter/linkResolver.cpp, line 731]
Event: 0.765 Thread 0x0000028d298d1000 Implicit null exception at 0x0000028d3990f855 to 0x0000028d3990f9d9

Events (10 events):
Event: 1.443 Thread 0x0000028d298d1000 DEOPT PACKING pc=0x0000028d324a4bbb sp=0x000000e7553ff1f0
Event: 1.443 Thread 0x0000028d298d1000 DEOPT UNPACKING pc=0x0000028d31e7dd3f sp=0x000000e7553fe930 mode 0
Event: 1.538 Thread 0x0000028d298d1000 Uncommon trap: trap_request=0xffffffad fr.pc=0x0000028d3994aa68 relative=0x0000000000002828
Event: 1.538 Thread 0x0000028d298d1000 DEOPT PACKING pc=0x0000028d3994aa68 sp=0x000000e7553ff430
Event: 1.538 Thread 0x0000028d298d1000 DEOPT UNPACKING pc=0x0000028d31e7df29 sp=0x000000e7553ff440 mode 2
Event: 1.645 Thread 0x0000028d298d1000 Uncommon trap: trap_request=0xffffff5d fr.pc=0x0000028d39954740 relative=0x0000000000004180
Event: 1.645 Thread 0x0000028d298d1000 DEOPT PACKING pc=0x0000028d39954740 sp=0x000000e7553ff420
Event: 1.645 Thread 0x0000028d298d1000 DEOPT UNPACKING pc=0x0000028d31e7df29 sp=0x000000e7553ff440 mode 2
Event: 1.693 Executing VM operation: G1IncCollectionPause
Event: 1.712 Executing VM operation: G1IncCollectionPause done


Dynamic libraries:
0x00007ff716300000 - 0x00007ff71633e000 	C:\Program Files\AnyLogic 8.3 Professional\jre\bin\javaw.exe
0x00007ffe6d6d0000 - 0x00007ffe6d8b1000 	C:\WINDOWS\SYSTEM32\ntdll.dll
0x00007ffe6b7d0000 - 0x00007ffe6b881000 	C:\WINDOWS\System32\KERNEL32.DLL
0x00007ffe6a0b0000 - 0x00007ffe6a323000 	C:\WINDOWS\System32\KERNELBASE.dll
0x00007ffe6b2f0000 - 0x00007ffe6b391000 	C:\WINDOWS\System32\ADVAPI32.dll
0x00007ffe6b890000 - 0x00007ffe6b92e000 	C:\WINDOWS\System32\msvcrt.dll
0x00007ffe6ad10000 - 0x00007ffe6ad6b000 	C:\WINDOWS\System32\sechost.dll
0x00007ffe6b6a0000 - 0x00007ffe6b7c4000 	C:\WINDOWS\System32\RPCRT4.dll
0x00007ffe6af60000 - 0x00007ffe6b0f0000 	C:\WINDOWS\System32\USER32.dll
0x00007ffe6a330000 - 0x00007ffe6a350000 	C:\WINDOWS\System32\win32u.dll
0x00007ffe6b250000 - 0x00007ffe6b278000 	C:\WINDOWS\System32\GDI32.dll
0x00007ffe69e00000 - 0x00007ffe69f92000 	C:\WINDOWS\System32\gdi32full.dll
0x00007ffe69aa0000 - 0x00007ffe69b3f000 	C:\WINDOWS\System32\msvcp_win.dll
0x00007ffe6aa60000 - 0x00007ffe6ab58000 	C:\WINDOWS\System32\ucrtbase.dll
0x00007ffe59000000 - 0x00007ffe59269000 	C:\WINDOWS\WinSxS\amd64_microsoft.windows.common-controls_6595b64144ccf1df_6.0.17134.765_none_fb42a1a930655896\COMCTL32.dll
0x00007ffe6be90000 - 0x00007ffe6c1b2000 	C:\WINDOWS\System32\combase.dll
0x00007ffe69d30000 - 0x00007ffe69daa000 	C:\WINDOWS\System32\bcryptPrimitives.dll
0x00007ffe5ce80000 - 0x00007ffe5ce8a000 	C:\WINDOWS\SYSTEM32\VERSION.dll
0x00007ffe6c1c0000 - 0x00007ffe6c1ed000 	C:\WINDOWS\System32\IMM32.DLL
0x00007ffe3cdf0000 - 0x00007ffe3cedf000 	C:\Program Files\AnyLogic 8.3 Professional\jre\bin\msvcr120.dll
0x00007ffe426f0000 - 0x00007ffe42796000 	C:\Program Files\AnyLogic 8.3 Professional\jre\bin\msvcp120.dll
0x0000000059260000 - 0x0000000059c84000 	C:\Program Files\AnyLogic 8.3 Professional\jre\bin\server\jvm.dll
0x00007ffe6b690000 - 0x00007ffe6b698000 	C:\WINDOWS\System32\PSAPI.DLL
0x00007ffe5ce40000 - 0x00007ffe5ce49000 	C:\WINDOWS\SYSTEM32\WSOCK32.dll
0x00007ffe5a780000 - 0x00007ffe5a7a3000 	C:\WINDOWS\SYSTEM32\WINMM.dll
0x00007ffe6c1f0000 - 0x00007ffe6c25c000 	C:\WINDOWS\System32\WS2_32.dll
0x00007ffe5a750000 - 0x00007ffe5a77a000 	C:\WINDOWS\SYSTEM32\winmmbase.dll
0x00007ffe69db0000 - 0x00007ffe69df9000 	C:\WINDOWS\System32\cfgmgr32.dll
0x00007ffe58820000 - 0x00007ffe5882f000 	C:\Program Files\AnyLogic 8.3 Professional\jre\bin\verify.dll
0x00007ffe48cc0000 - 0x00007ffe48ce7000 	C:\Program Files\AnyLogic 8.3 Professional\jre\bin\java.dll
0x00007ffe4b0f0000 - 0x00007ffe4b106000 	C:\Program Files\AnyLogic 8.3 Professional\jre\bin\zip.dll
0x00007ffe58600000 - 0x00007ffe5860a000 	C:\Program Files\AnyLogic 8.3 Professional\jre\bin\jimage.dll
0x00007ffe6c260000 - 0x00007ffe6d6a0000 	C:\WINDOWS\System32\SHELL32.dll
0x00007ffe6bd80000 - 0x00007ffe6be29000 	C:\WINDOWS\System32\shcore.dll
0x00007ffe6a350000 - 0x00007ffe6aa5d000 	C:\WINDOWS\System32\windows.storage.dll
0x00007ffe6af00000 - 0x00007ffe6af51000 	C:\WINDOWS\System32\shlwapi.dll
0x00007ffe69a80000 - 0x00007ffe69a91000 	C:\WINDOWS\System32\kernel.appcore.dll
0x00007ffe69a60000 - 0x00007ffe69a7f000 	C:\WINDOWS\System32\profapi.dll
0x00007ffe69a00000 - 0x00007ffe69a4c000 	C:\WINDOWS\System32\powrprof.dll
0x00007ffe69a50000 - 0x00007ffe69a5a000 	C:\WINDOWS\System32\FLTLIB.DLL
0x00007ffe46c40000 - 0x00007ffe46c5a000 	C:\Program Files\AnyLogic 8.3 Professional\jre\bin\net.dll
0x00007ffe66480000 - 0x00007ffe6655d000 	C:\WINDOWS\SYSTEM32\WINHTTP.dll
0x00007ffe691e0000 - 0x00007ffe69246000 	C:\WINDOWS\system32\mswsock.dll
0x00007ffe445f0000 - 0x00007ffe44601000 	C:\Program Files\AnyLogic 8.3 Professional\jre\bin\nio.dll
0x00007ffe2a8d0000 - 0x00007ffe2ba69000 	D:\osramjava\workspace\MultiskillScheduling\jniortools.dll
0x00007ffe3f880000 - 0x00007ffe3f91c000 	C:\Program Files\AnyLogic 8.3 Professional\jre\bin\MSVCP140.dll
0x00007ffe5dd40000 - 0x00007ffe5dd56000 	C:\Program Files\AnyLogic 8.3 Professional\jre\bin\VCRUNTIME140.dll
0x00007ffe61710000 - 0x00007ffe618d9000 	C:\WINDOWS\SYSTEM32\dbghelp.dll

VM Arguments:
jvm_args: -Dfile.encoding=Cp1252 
java_command: Start
java_class_path (initial): D:\osramjava\workspace\MultiskillScheduling\bin;D:\osramjava\workspace\MultiskillScheduling\libs\jcommon-1.0.23.jar;D:\osramjava\workspace\MultiskillScheduling\libs\jfreechart-1.0.19.jar;E:\or-tools\lib\com.google.ortools.jar;E:\or-tools\lib\protobuf.jar
Launcher Type: SUN_STANDARD

Logging:
Log output configuration:
#0: stdout all=warning uptime,level,tags
#1: stderr all=off uptime,level,tags

Environment Variables:
JAVA_HOME=C:\Program Files\Java\jdk1.8.0_25
JRE_HOME=C:\Program Files\Java\jre1.8.0_25
PATH=C:/Program Files/Java/jdk1.8.0_25/bin/../jre/bin/server;C:/Program Files/Java/jdk1.8.0_25/bin/../jre/bin;C:/Program Files/Java/jdk1.8.0_25/bin/../jre/lib/amd64;C:\Program Files\IBM\ILOG\CPLEX_Studio1271\opl\bin\x64_win64;C:\Program Files\IBM\ILOG\CPLEX_Studio1271\opl\oplide\;C:\Program Files\IBM\ILOG\CPLEX_Studio1271\cplex\bin\x64_win64;C:\Program Files\IBM\ILOG\CPLEX_Studio1271\cpoptimizer\bin\x64_win64;C:\Program Files (x86)\NVIDIA Corporation\PhysX\Common;C:\Program Files (x86)\Intel\iCLS Client\;C:\Program Files\Intel\iCLS Client\;C:\WINDOWS\system32;C:\WINDOWS;C:\WINDOWS\System32\Wbem;C:\WINDOWS\System32\WindowsPowerShell\v1.0\;C:\Program Files (x86)\Intel\OpenCL SDK\3.0\bin\x86;C:\Program Files (x86)\Intel\OpenCL SDK\3.0\bin\x64;C:\Program Files\Condusiv Technologies\ExpressCache\;C:\ProgramData\Lenovo\ReadyApps;C:\maven\apache-maven-3.1.1/bin;C:\Program Files\Intel\Intel(R) Management Engine Components\DAL;C:\Program Files\Intel\Intel(R) Management Engine Components\IPT;C:\Program Files (x86)\Intel\Intel(R) Management Engine Components\DAL;C:\Program Files (x86)\Intel\Intel(R) Management Engine Components\IPT;C:\Program Files\Intel\WiFi\bin\;C:\Program Files\Common Files\Intel\WirelessCommon\;C:\apache-tomcat-7.0.34\bin;C:\Program Files (x86)\Common Files\Adobe\AGL;C:\Program Files\TortoiseSVN\bin;C:\WINDOWS\system32\config\systemprofile\.dnx\bin;C:\Program Files\Microsoft DNX\Dnvm\;C:\Program Files (x86)\Windows Kits\8.1\Windows Performance Toolkit\;C:\Program Files (x86)\VisualSVN\bin;C:\Program Files\Java\jdk1.8.0_25\bin;C:\WINDOWS\System32\OpenSSH\;C:\Users\shufang xie\AppData\Local\Programs\Python\Python35-32\Scripts\;C:\Users\shufang xie\AppData\Local\Programs\Python\Python35-32\;C:\Program Files\Intel\WiFi\bin\;C:\Program Files\Common Files\Intel\WirelessCommon\;C:\Users\shufang xie\AppData\Local\Microsoft\WindowsApps;;F:\eclipse-java-photon-R-win32-x86_64\eclipse;
USERNAME=Zhang
OS=Windows_NT
PROCESSOR_IDENTIFIER=Intel64 Family 6 Model 60 Stepping 3, GenuineIntel



---------------  S Y S T E M  ---------------

OS: Windows 10 , 64 bit Build 17134 (10.0.17134.753)

CPU:total 8 (initial active 8) (4 cores per cpu, 2 threads per core) family 6 model 60 stepping 3, cmov, cx8, fxsr, mmx, sse, sse2, sse3, ssse3, sse4.1, sse4.2, popcnt, avx, avx2, aes, clmul, erms, lzcnt, ht, tsc, tscinvbit, bmi1, bmi2, fma

Memory: 4k page, physical 16665224k(8552964k free), swap 26750572k(13418300k free)

vm_info: Java HotSpot(TM) 64-Bit Server VM (9.0.1+11) for windows-amd64 JRE (9.0.1+11), built on Sep 28 2017 04:54:03 by "mach5one" with MS VC++ 12.0 (VS2013)

END.
