#
# A fatal error has been detected by the Java Runtime Environment:
#
#  EXCEPTION_ACCESS_VIOLATION (0xc0000005) at pc=0x00007ffe2b0eed66, pid=21088, tid=9080
#
# JRE version: Java(TM) SE Runtime Environment (9.0+11) (build 9.0.1+11)
# Java VM: Java HotSpot(TM) 64-Bit Server VM (9.0.1+11, mixed mode, tiered, compressed oops, g1 gc, windows-amd64)
# Problematic frame:
# C  [jniortools.dll+0x81ed66]
#
# No core dump will be written. Minidumps are not enabled by default on client versions of Windows
#
# If you would like to submit a bug report, please visit:
#   http://bugreport.java.com/bugreport/crash.jsp
# The crash happened outside the Java Virtual Machine in native code.
# See problematic frame for where to report the bug.
#

---------------  S U M M A R Y ------------

Command Line: -Dfile.encoding=Cp1252 Start

Host: Intel(R) Core(TM) i7-4702MQ CPU @ 2.20GHz, 8 cores, 15G,  Windows 10 , 64 bit Build 17134 (10.0.17134.753)
Time: Tue Jun 04 18:29:37 2019 W. Europe Daylight Time elapsed time: 1 seconds (0d 0h 0m 1s)

---------------  T H R E A D  ---------------

Current thread (0x0000015193112800):  JavaThread "main" [_thread_in_native, id=9080, stack(0x0000004fe1e00000,0x0000004fe1f00000)]

Stack: [0x0000004fe1e00000,0x0000004fe1f00000],  sp=0x0000004fe1eee9b0,  free space=954k
Native frames: (J=compiled Java code, j=interpreted, Vv=VM code, C=native code)
C  [jniortools.dll+0x81ed66]
C  [jniortools.dll+0x8ca125]
C  [jniortools.dll+0x8720de]
C  [jniortools.dll+0x88ce0b]
C  [jniortools.dll+0x8a1caa]
C  [jniortools.dll+0x8a1dd8]
C  [jniortools.dll+0x5fb2c5]
C  [jniortools.dll+0x43f2d6]
C  [jniortools.dll+0x43f3eb]
C  0x000001519b70921c

Java frames: (J=compiled Java code, j=interpreted, Vv=VM code)
j  com.google.ortools.linearsolver.main_research_linear_solverJNI.MPSolver_solve__SWIG_0(JLcom/google/ortools/linearsolver/MPSolver;)I+0
j  com.google.ortools.linearsolver.MPSolver.solve()Lcom/google/ortools/linearsolver/MPSolver$ResultStatus;+5
j  solver.cp.ORASolverByMIP.solveWithAllActivities(Z)Z+979
j  solver.cp.ORASolverByMIP.solveByReducingActivity(Z)Z+130
j  solver.cp.ORASolverByMIP.start(Z)Z+2
j  solver.AbstractORASlover.solve(ZZ)V+2
j  Start.main([Ljava/lang/String;)V+20
v  ~StubRoutines::call_stub

siginfo: EXCEPTION_ACCESS_VIOLATION (0xc0000005), reading address 0x00000151c12f8000


Register to memory mapping:

RIP=0x00007ffe2b0eed66 jniortools.dll
RAX=0x0000000000003090 is an unknown value
RBX=0x00000151bd5eb010 is an unknown value
RCX=0x00000151bd5ee0a0 is an unknown value
RDX=0x00000151c12f8000 is an unknown value
RSP=0x0000004fe1eee9b0 is pointing into the stack for thread: 0x0000015193112800
RBP=0x0000004fe1eeeab0 is pointing into the stack for thread: 0x0000015193112800
RSI=0x0000000000000001 is an unknown value
RDI=0x00000151bee5ffb8 is an unknown value
R8 =0x0000000000000bb8 is an unknown value
R9 =0x0000000000000000 is an unknown value
R10=0x00000151bec43af0 is an unknown value
R11=0x00000151bd5eb010 is an unknown value
R12=0x00000151b9fdbe80 is an unknown value
R13=0x0000000000000bea is an unknown value
R14=0x0000000000003202 is an unknown value
R15=0x00000151bee5d010 is an unknown value


Registers:
RAX=0x0000000000003090, RBX=0x00000151bd5eb010, RCX=0x00000151bd5ee0a0, RDX=0x00000151c12f8000
RSP=0x0000004fe1eee9b0, RBP=0x0000004fe1eeeab0, RSI=0x0000000000000001, RDI=0x00000151bee5ffb8
R8 =0x0000000000000bb8, R9 =0x0000000000000000, R10=0x00000151bec43af0, R11=0x00000151bd5eb010
R12=0x00000151b9fdbe80, R13=0x0000000000000bea, R14=0x0000000000003202, R15=0x00000151bee5d010
RIP=0x00007ffe2b0eed66, EFLAGS=0x0000000000010297

Top of Stack: (sp=0x0000004fe1eee9b0)
0x0000004fe1eee9b0:   0000000000002ea7 0000004fe1eeeab0
0x0000004fe1eee9c0:   0000000000003202 00000151bee5d010
0x0000004fe1eee9d0:   0000015100000000 0000015100000002
0x0000004fe1eee9e0:   00000151bb0ba001 00000151bcaa5101
0x0000004fe1eee9f0:   0000000000000000 000000000000000f
0x0000004fe1eeea00:   00000151b9fdbe80 0000035b00003202
0x0000004fe1eeea10:   0000000000000000 00000151b9fde1d0
0x0000004fe1eeea20:   00000bb800000002 00000151bee5d010
0x0000004fe1eeea30:   0000000000000000 0000015100000329
0x0000004fe1eeea40:   0000015100000000 0000000000000001
0x0000004fe1eeea50:   00000151c1497df0 0000015100000bb8
0x0000004fe1eeea60:   ffffffff0000035b 0000000000002ed9
0x0000004fe1eeea70:   000000000000035b ffffffff00000329
0x0000004fe1eeea80:   0000015100000329 00000151c18cec70
0x0000004fe1eeea90:   0000000000000000 0000015100000014
0x0000004fe1eeeaa0:   0000004fe1eefd40 0000000000000064 

Instructions: (pc=0x00007ffe2b0eed66)
0x00007ffe2b0eed46:   19 01 48 ff c2 48 3b d7 7c f0 45 8b c5 45 85 f6
0x00007ffe2b0eed56:   7e 46 48 8b cb 49 8d 3c bf 48 8b 95 a8 00 00 00
0x00007ffe2b0eed66:   83 3a 01 75 0e 80 39 00 75 09 89 07 41 ff c5 48
0x00007ffe2b0eed76:   83 c7 04 ff c0 48 83 c2 04 48 ff c1 41 3b c6 7c 



---------------  P R O C E S S  ---------------

Java Threads: ( => current thread )
  0x00000151b8683000 JavaThread "Service Thread" daemon [_thread_blocked, id=25080, stack(0x0000004fe3e00000,0x0000004fe3f00000)]
  0x00000151b8539000 JavaThread "Common-Cleaner" daemon [_thread_blocked, id=25728, stack(0x0000004fe3d00000,0x0000004fe3e00000)]
  0x00000151b8444800 JavaThread "Sweeper thread" daemon [_thread_blocked, id=800, stack(0x0000004fe3c00000,0x0000004fe3d00000)]
  0x00000151b843f800 JavaThread "C1 CompilerThread3" daemon [_thread_blocked, id=24592, stack(0x0000004fe3b00000,0x0000004fe3c00000)]
  0x00000151b8431000 JavaThread "C2 CompilerThread2" daemon [_thread_in_native, id=21392, stack(0x0000004fe3a00000,0x0000004fe3b00000)]
  0x00000151b842e000 JavaThread "C2 CompilerThread1" daemon [_thread_blocked, id=12168, stack(0x0000004fe3900000,0x0000004fe3a00000)]
  0x00000151b842c000 JavaThread "C2 CompilerThread0" daemon [_thread_blocked, id=1608, stack(0x0000004fe3800000,0x0000004fe3900000)]
  0x00000151b842b800 JavaThread "Attach Listener" daemon [_thread_blocked, id=15132, stack(0x0000004fe3700000,0x0000004fe3800000)]
  0x00000151b8426000 JavaThread "Signal Dispatcher" daemon [_thread_blocked, id=23944, stack(0x0000004fe3600000,0x0000004fe3700000)]
  0x00000151b7c19800 JavaThread "Finalizer" daemon [_thread_blocked, id=6432, stack(0x0000004fe3500000,0x0000004fe3600000)]
  0x00000151b7be7000 JavaThread "Reference Handler" daemon [_thread_blocked, id=6272, stack(0x0000004fe3400000,0x0000004fe3500000)]
=>0x0000015193112800 JavaThread "main" [_thread_in_native, id=9080, stack(0x0000004fe1e00000,0x0000004fe1f00000)]

Other Threads:
  0x00000151b7be2800 VMThread "VM Thread" [stack: 0x0000004fe3300000,0x0000004fe3400000] [id=12896]
  0x00000151b85bd000 WatcherThread [stack: 0x0000004fe3f00000,0x0000004fe4000000] [id=10832]
  0x000001519312d000 GCTaskThread "GC Thread#0" [stack: 0x0000004fe1f00000,0x0000004fe2000000] [id=18692]
  0x000001519312e800 GCTaskThread "GC Thread#1" [stack: 0x0000004fe2000000,0x0000004fe2100000] [id=21284]
  0x0000015193131000 GCTaskThread "GC Thread#2" [stack: 0x0000004fe2100000,0x0000004fe2200000] [id=17740]
  0x0000015193139000 GCTaskThread "GC Thread#3" [stack: 0x0000004fe2200000,0x0000004fe2300000] [id=24060]
  0x000001519313c000 GCTaskThread "GC Thread#4" [stack: 0x0000004fe2300000,0x0000004fe2400000] [id=8004]
  0x000001519313d800 GCTaskThread "GC Thread#5" [stack: 0x0000004fe2400000,0x0000004fe2500000] [id=23700]
  0x0000015193141000 GCTaskThread "GC Thread#6" [stack: 0x0000004fe2500000,0x0000004fe2600000] [id=4232]
  0x0000015193147000 GCTaskThread "GC Thread#7" [stack: 0x0000004fe2600000,0x0000004fe2700000] [id=25156]
  0x00000151931ae800 ConcurrentGCThread "G1 Main Marker" [stack: 0x0000004fe3000000,0x0000004fe3100000] [id=16332]
  0x00000151931af000 ConcurrentGCThread "G1 Marker#0" [stack: 0x0000004fe3100000,0x0000004fe3200000] [id=26004]
  0x00000151931af800 ConcurrentGCThread "G1 Marker#1" [stack: 0x0000004fe3200000,0x0000004fe3300000] [id=23648]
  0x0000015193163000 ConcurrentGCThread "G1 Refine#0" [stack: 0x0000004fe2e00000,0x0000004fe2f00000] [id=8528]
  0x0000015193162800 ConcurrentGCThread "G1 Refine#1" [stack: 0x0000004fe2d00000,0x0000004fe2e00000] [id=20596]
  0x0000015193159000 ConcurrentGCThread "G1 Refine#2" [stack: 0x0000004fe2c00000,0x0000004fe2d00000] [id=24696]
  0x0000015193158000 ConcurrentGCThread "G1 Refine#3" [stack: 0x0000004fe2b00000,0x0000004fe2c00000] [id=22320]
  0x0000015193153000 ConcurrentGCThread "G1 Refine#4" [stack: 0x0000004fe2a00000,0x0000004fe2b00000] [id=5280]
  0x0000015193150000 ConcurrentGCThread "G1 Refine#5" [stack: 0x0000004fe2900000,0x0000004fe2a00000] [id=9960]
  0x000001519314e800 ConcurrentGCThread "G1 Refine#6" [stack: 0x0000004fe2800000,0x0000004fe2900000] [id=19452]
  0x000001519314e000 ConcurrentGCThread "G1 Refine#7" [stack: 0x0000004fe2700000,0x0000004fe2800000] [id=6092]
  0x0000015193164000 ConcurrentGCThread "G1 Young RemSet Sampling" [stack: 0x0000004fe2f00000,0x0000004fe3000000] [id=14972]

Threads with active compile tasks:
C2 CompilerThread2 479       4       solver.cp.ORASolverByMIP::solveWithAllActivities (1158 bytes)

VM state:not at safepoint (normal execution)

VM Mutex/Monitor currently owned by a thread: None

Heap address: 0x00000006c1a00000, size: 4070 MB, Compressed Oops mode: Zero based, Oop shift amount: 3
Narrow klass base: 0x0000000000000000, Narrow klass shift: 3
Compressed class space size: 1073741824 Address: 0x00000007c0000000

Heap:
 garbage-first heap   total 262144K, used 83938K [0x00000006c1a00000, 0x00000006c1b00800, 0x00000007c0000000)
  region size 1024K, 71 young (72704K), 1 survivors (1024K)
 Metaspace       used 5715K, capacity 5890K, committed 6016K, reserved 1056768K
  class space    used 541K, capacity 570K, committed 640K, reserved 1048576K
Heap Regions: E=young(eden), S=young(survivor), O=old, HS=humongous(starts), HC=humongous(continues), CS=collection set, F=free, A=archive, TS=gc time stamp, AC=allocation context, TAMS=top-at-mark-start (previous, next)
|   0|0x00000006c1a00000, 0x00000006c1b00000, 0x00000006c1b00000|100%|HS|  |TS  0|AC  0|TAMS 0x00000006c1a00000, 0x00000006c1a00000|
|   1|0x00000006c1b00000, 0x00000006c1c00000, 0x00000006c1c00000|100%| O|  |TS  1|AC  0|TAMS 0x00000006c1b00000, 0x00000006c1b00000|
|   2|0x00000006c1c00000, 0x00000006c1d00000, 0x00000006c1d00000|100%| O|  |TS  1|AC  0|TAMS 0x00000006c1c00000, 0x00000006c1c00000|
|   3|0x00000006c1d00000, 0x00000006c1e00000, 0x00000006c1e00000|100%| O|  |TS  1|AC  0|TAMS 0x00000006c1d00000, 0x00000006c1d00000|
|   4|0x00000006c1e00000, 0x00000006c1f00000, 0x00000006c1f00000|100%| O|  |TS  1|AC  0|TAMS 0x00000006c1e00000, 0x00000006c1e00000|
|   5|0x00000006c1f00000, 0x00000006c2000000, 0x00000006c2000000|100%| O|  |TS  1|AC  0|TAMS 0x00000006c1f00000, 0x00000006c1f00000|
|   6|0x00000006c2000000, 0x00000006c2100000, 0x00000006c2100000|100%| O|  |TS  1|AC  0|TAMS 0x00000006c2000000, 0x00000006c2000000|
|   7|0x00000006c2100000, 0x00000006c2200000, 0x00000006c2200000|100%| O|  |TS  1|AC  0|TAMS 0x00000006c2100000, 0x00000006c2100000|
|   8|0x00000006c2200000, 0x00000006c2300000, 0x00000006c2300000|100%| O|  |TS  3|AC  0|TAMS 0x00000006c2200000, 0x00000006c2200000|
|   9|0x00000006c2300000, 0x00000006c2400000, 0x00000006c2400000|100%| O|  |TS  3|AC  0|TAMS 0x00000006c2300000, 0x00000006c2300000|
|  10|0x00000006c2400000, 0x00000006c2500000, 0x00000006c2500000|100%| O|  |TS  3|AC  0|TAMS 0x00000006c2400000, 0x00000006c2400000|
|  11|0x00000006c2500000, 0x00000006c25e2000, 0x00000006c2600000| 88%| O|  |TS  5|AC  0|TAMS 0x00000006c2500000, 0x00000006c2500000|
|  12|0x00000006c2600000, 0x00000006c2700000, 0x00000006c2700000|100%|HS|  |TS  0|AC  0|TAMS 0x00000006c2600000, 0x00000006c2600000|
|  13|0x00000006c2700000, 0x00000006c2700000, 0x00000006c2800000|  0%| F|  |TS  0|AC  0|TAMS 0x00000006c2700000, 0x00000006c2700000|
|  14|0x00000006c2800000, 0x00000006c2800000, 0x00000006c2900000|  0%| F|  |TS  0|AC  0|TAMS 0x00000006c2800000, 0x00000006c2800000|
|  15|0x00000006c2900000, 0x00000006c2900000, 0x00000006c2a00000|  0%| F|  |TS  0|AC  0|TAMS 0x00000006c2900000, 0x00000006c2900000|
|  16|0x00000006c2a00000, 0x00000006c2a00000, 0x00000006c2b00000|  0%| F|  |TS  0|AC  0|TAMS 0x00000006c2a00000, 0x00000006c2a00000|
|  17|0x00000006c2b00000, 0x00000006c2b00000, 0x00000006c2c00000|  0%| F|  |TS  0|AC  0|TAMS 0x00000006c2b00000, 0x00000006c2b00000|
|  18|0x00000006c2c00000, 0x00000006c2c00000, 0x00000006c2d00000|  0%| F|  |TS  0|AC  0|TAMS 0x00000006c2c00000, 0x00000006c2c00000|
|  19|0x00000006c2d00000, 0x00000006c2d00000, 0x00000006c2e00000|  0%| F|  |TS  0|AC  0|TAMS 0x00000006c2d00000, 0x00000006c2d00000|
|  20|0x00000006c2e00000, 0x00000006c2e00000, 0x00000006c2f00000|  0%| F|  |TS  0|AC  0|TAMS 0x00000006c2e00000, 0x00000006c2e00000|
|  21|0x00000006c2f00000, 0x00000006c2f00000, 0x00000006c3000000|  0%| F|  |TS  0|AC  0|TAMS 0x00000006c2f00000, 0x00000006c2f00000|
|  22|0x00000006c3000000, 0x00000006c3000000, 0x00000006c3100000|  0%| F|  |TS  0|AC  0|TAMS 0x00000006c3000000, 0x00000006c3000000|
|  23|0x00000006c3100000, 0x00000006c3100000, 0x00000006c3200000|  0%| F|  |TS  0|AC  0|TAMS 0x00000006c3100000, 0x00000006c3100000|
|  24|0x00000006c3200000, 0x00000006c3200000, 0x00000006c3300000|  0%| F|  |TS  0|AC  0|TAMS 0x00000006c3200000, 0x00000006c3200000|
|  25|0x00000006c3300000, 0x00000006c3300000, 0x00000006c3400000|  0%| F|  |TS  0|AC  0|TAMS 0x00000006c3300000, 0x00000006c3300000|
|  26|0x00000006c3400000, 0x00000006c3400000, 0x00000006c3500000|  0%| F|  |TS  0|AC  0|TAMS 0x00000006c3400000, 0x00000006c3400000|
|  27|0x00000006c3500000, 0x00000006c3500000, 0x00000006c3600000|  0%| F|  |TS  0|AC  0|TAMS 0x00000006c3500000, 0x00000006c3500000|
|  28|0x00000006c3600000, 0x00000006c3600000, 0x00000006c3700000|  0%| F|  |TS  0|AC  0|TAMS 0x00000006c3600000, 0x00000006c3600000|
|  29|0x00000006c3700000, 0x00000006c3700000, 0x00000006c3800000|  0%| F|  |TS  0|AC  0|TAMS 0x00000006c3700000, 0x00000006c3700000|
|  30|0x00000006c3800000, 0x00000006c3800000, 0x00000006c3900000|  0%| F|  |TS  0|AC  0|TAMS 0x00000006c3800000, 0x00000006c3800000|
|  31|0x00000006c3900000, 0x00000006c3900000, 0x00000006c3a00000|  0%| F|  |TS  0|AC  0|TAMS 0x00000006c3900000, 0x00000006c3900000|
|  32|0x00000006c3a00000, 0x00000006c3a00000, 0x00000006c3b00000|  0%| F|  |TS  0|AC  0|TAMS 0x00000006c3a00000, 0x00000006c3a00000|
|  33|0x00000006c3b00000, 0x00000006c3b00000, 0x00000006c3c00000|  0%| F|  |TS  0|AC  0|TAMS 0x00000006c3b00000, 0x00000006c3b00000|
|  34|0x00000006c3c00000, 0x00000006c3c00000, 0x00000006c3d00000|  0%| F|  |TS  0|AC  0|TAMS 0x00000006c3c00000, 0x00000006c3c00000|
|  35|0x00000006c3d00000, 0x00000006c3d00000, 0x00000006c3e00000|  0%| F|  |TS  0|AC  0|TAMS 0x00000006c3d00000, 0x00000006c3d00000|
|  36|0x00000006c3e00000, 0x00000006c3e00000, 0x00000006c3f00000|  0%| F|  |TS  0|AC  0|TAMS 0x00000006c3e00000, 0x00000006c3e00000|
|  37|0x00000006c3f00000, 0x00000006c3f00000, 0x00000006c4000000|  0%| F|  |TS  0|AC  0|TAMS 0x00000006c3f00000, 0x00000006c3f00000|
|  38|0x00000006c4000000, 0x00000006c4000000, 0x00000006c4100000|  0%| F|  |TS  0|AC  0|TAMS 0x00000006c4000000, 0x00000006c4000000|
|  39|0x00000006c4100000, 0x00000006c4100000, 0x00000006c4200000|  0%| F|  |TS  0|AC  0|TAMS 0x00000006c4100000, 0x00000006c4100000|
|  40|0x00000006c4200000, 0x00000006c4200000, 0x00000006c4300000|  0%| F|  |TS  0|AC  0|TAMS 0x00000006c4200000, 0x00000006c4200000|
|  41|0x00000006c4300000, 0x00000006c4300000, 0x00000006c4400000|  0%| F|  |TS  0|AC  0|TAMS 0x00000006c4300000, 0x00000006c4300000|
|  42|0x00000006c4400000, 0x00000006c4400000, 0x00000006c4500000|  0%| F|  |TS  0|AC  0|TAMS 0x00000006c4400000, 0x00000006c4400000|
|  43|0x00000006c4500000, 0x00000006c4500000, 0x00000006c4600000|  0%| F|  |TS  0|AC  0|TAMS 0x00000006c4500000, 0x00000006c4500000|
|  44|0x00000006c4600000, 0x00000006c4600000, 0x00000006c4700000|  0%| F|  |TS  0|AC  0|TAMS 0x00000006c4600000, 0x00000006c4600000|
|  45|0x00000006c4700000, 0x00000006c4700000, 0x00000006c4800000|  0%| F|  |TS  0|AC  0|TAMS 0x00000006c4700000, 0x00000006c4700000|
|  46|0x00000006c4800000, 0x00000006c4800000, 0x00000006c4900000|  0%| F|  |TS  0|AC  0|TAMS 0x00000006c4800000, 0x00000006c4800000|
|  47|0x00000006c4900000, 0x00000006c4900000, 0x00000006c4a00000|  0%| F|  |TS  0|AC  0|TAMS 0x00000006c4900000, 0x00000006c4900000|
|  48|0x00000006c4a00000, 0x00000006c4a00000, 0x00000006c4b00000|  0%| F|  |TS  0|AC  0|TAMS 0x00000006c4a00000, 0x00000006c4a00000|
|  49|0x00000006c4b00000, 0x00000006c4b00000, 0x00000006c4c00000|  0%| F|  |TS  0|AC  0|TAMS 0x00000006c4b00000, 0x00000006c4b00000|
|  50|0x00000006c4c00000, 0x00000006c4c00000, 0x00000006c4d00000|  0%| F|  |TS  0|AC  0|TAMS 0x00000006c4c00000, 0x00000006c4c00000|
|  51|0x00000006c4d00000, 0x00000006c4d00000, 0x00000006c4e00000|  0%| F|  |TS  0|AC  0|TAMS 0x00000006c4d00000, 0x00000006c4d00000|
|  52|0x00000006c4e00000, 0x00000006c4e00000, 0x00000006c4f00000|  0%| F|  |TS  0|AC  0|TAMS 0x00000006c4e00000, 0x00000006c4e00000|
|  53|0x00000006c4f00000, 0x00000006c4f00000, 0x00000006c5000000|  0%| F|  |TS  0|AC  0|TAMS 0x00000006c4f00000, 0x00000006c4f00000|
|  54|0x00000006c5000000, 0x00000006c5000000, 0x00000006c5100000|  0%| F|  |TS  0|AC  0|TAMS 0x00000006c5000000, 0x00000006c5000000|
|  55|0x00000006c5100000, 0x00000006c5100000, 0x00000006c5200000|  0%| F|  |TS  0|AC  0|TAMS 0x00000006c5100000, 0x00000006c5100000|
|  56|0x00000006c5200000, 0x00000006c5200000, 0x00000006c5300000|  0%| F|  |TS  0|AC  0|TAMS 0x00000006c5200000, 0x00000006c5200000|
|  57|0x00000006c5300000, 0x00000006c5300000, 0x00000006c5400000|  0%| F|  |TS  0|AC  0|TAMS 0x00000006c5300000, 0x00000006c5300000|
|  58|0x00000006c5400000, 0x00000006c5400000, 0x00000006c5500000|  0%| F|  |TS  0|AC  0|TAMS 0x00000006c5400000, 0x00000006c5400000|
|  59|0x00000006c5500000, 0x00000006c5500000, 0x00000006c5600000|  0%| F|  |TS  0|AC  0|TAMS 0x00000006c5500000, 0x00000006c5500000|
|  60|0x00000006c5600000, 0x00000006c5600000, 0x00000006c5700000|  0%| F|  |TS  0|AC  0|TAMS 0x00000006c5600000, 0x00000006c5600000|
|  61|0x00000006c5700000, 0x00000006c5700000, 0x00000006c5800000|  0%| F|  |TS  0|AC  0|TAMS 0x00000006c5700000, 0x00000006c5700000|
|  62|0x00000006c5800000, 0x00000006c5800000, 0x00000006c5900000|  0%| F|  |TS  0|AC  0|TAMS 0x00000006c5800000, 0x00000006c5800000|
|  63|0x00000006c5900000, 0x00000006c5900000, 0x00000006c5a00000|  0%| F|  |TS  0|AC  0|TAMS 0x00000006c5900000, 0x00000006c5900000|
|  64|0x00000006c5a00000, 0x00000006c5a00000, 0x00000006c5b00000|  0%| F|  |TS  0|AC  0|TAMS 0x00000006c5a00000, 0x00000006c5a00000|
|  65|0x00000006c5b00000, 0x00000006c5b00000, 0x00000006c5c00000|  0%| F|  |TS  0|AC  0|TAMS 0x00000006c5b00000, 0x00000006c5b00000|
|  66|0x00000006c5c00000, 0x00000006c5c00000, 0x00000006c5d00000|  0%| F|  |TS  0|AC  0|TAMS 0x00000006c5c00000, 0x00000006c5c00000|
|  67|0x00000006c5d00000, 0x00000006c5d00000, 0x00000006c5e00000|  0%| F|  |TS  0|AC  0|TAMS 0x00000006c5d00000, 0x00000006c5d00000|
|  68|0x00000006c5e00000, 0x00000006c5e00000, 0x00000006c5f00000|  0%| F|  |TS  0|AC  0|TAMS 0x00000006c5e00000, 0x00000006c5e00000|
|  69|0x00000006c5f00000, 0x00000006c5f00000, 0x00000006c6000000|  0%| F|  |TS  0|AC  0|TAMS 0x00000006c5f00000, 0x00000006c5f00000|
|  70|0x00000006c6000000, 0x00000006c6000000, 0x00000006c6100000|  0%| F|  |TS  0|AC  0|TAMS 0x00000006c6000000, 0x00000006c6000000|
|  71|0x00000006c6100000, 0x00000006c6100000, 0x00000006c6200000|  0%| F|  |TS  0|AC  0|TAMS 0x00000006c6100000, 0x00000006c6100000|
|  72|0x00000006c6200000, 0x00000006c6200000, 0x00000006c6300000|  0%| F|  |TS  0|AC  0|TAMS 0x00000006c6200000, 0x00000006c6200000|
|  73|0x00000006c6300000, 0x00000006c6300000, 0x00000006c6400000|  0%| F|  |TS  0|AC  0|TAMS 0x00000006c6300000, 0x00000006c6300000|
|  74|0x00000006c6400000, 0x00000006c6400000, 0x00000006c6500000|  0%| F|  |TS  0|AC  0|TAMS 0x00000006c6400000, 0x00000006c6400000|
|  75|0x00000006c6500000, 0x00000006c6500000, 0x00000006c6600000|  0%| F|  |TS  0|AC  0|TAMS 0x00000006c6500000, 0x00000006c6500000|
|  76|0x00000006c6600000, 0x00000006c6600000, 0x00000006c6700000|  0%| F|  |TS  0|AC  0|TAMS 0x00000006c6600000, 0x00000006c6600000|
|  77|0x00000006c6700000, 0x00000006c6700000, 0x00000006c6800000|  0%| F|  |TS  0|AC  0|TAMS 0x00000006c6700000, 0x00000006c6700000|
|  78|0x00000006c6800000, 0x00000006c6800000, 0x00000006c6900000|  0%| F|  |TS  0|AC  0|TAMS 0x00000006c6800000, 0x00000006c6800000|
|  79|0x00000006c6900000, 0x00000006c6900000, 0x00000006c6a00000|  0%| F|  |TS  0|AC  0|TAMS 0x00000006c6900000, 0x00000006c6900000|
|  80|0x00000006c6a00000, 0x00000006c6a00000, 0x00000006c6b00000|  0%| F|  |TS  0|AC  0|TAMS 0x00000006c6a00000, 0x00000006c6a00000|
|  81|0x00000006c6b00000, 0x00000006c6b00000, 0x00000006c6c00000|  0%| F|  |TS  0|AC  0|TAMS 0x00000006c6b00000, 0x00000006c6b00000|
|  82|0x00000006c6c00000, 0x00000006c6c00000, 0x00000006c6d00000|  0%| F|  |TS  0|AC  0|TAMS 0x00000006c6c00000, 0x00000006c6c00000|
|  83|0x00000006c6d00000, 0x00000006c6d00000, 0x00000006c6e00000|  0%| F|  |TS  0|AC  0|TAMS 0x00000006c6d00000, 0x00000006c6d00000|
|  84|0x00000006c6e00000, 0x00000006c6e00000, 0x00000006c6f00000|  0%| F|  |TS  0|AC  0|TAMS 0x00000006c6e00000, 0x00000006c6e00000|
|  85|0x00000006c6f00000, 0x00000006c6f00000, 0x00000006c7000000|  0%| F|  |TS  0|AC  0|TAMS 0x00000006c6f00000, 0x00000006c6f00000|
|  86|0x00000006c7000000, 0x00000006c7000000, 0x00000006c7100000|  0%| F|  |TS  0|AC  0|TAMS 0x00000006c7000000, 0x00000006c7000000|
|  87|0x00000006c7100000, 0x00000006c7100000, 0x00000006c7200000|  0%| F|  |TS  0|AC  0|TAMS 0x00000006c7100000, 0x00000006c7100000|
|  88|0x00000006c7200000, 0x00000006c7200000, 0x00000006c7300000|  0%| F|  |TS  0|AC  0|TAMS 0x00000006c7200000, 0x00000006c7200000|
|  89|0x00000006c7300000, 0x00000006c7300000, 0x00000006c7400000|  0%| F|  |TS  0|AC  0|TAMS 0x00000006c7300000, 0x00000006c7300000|
|  90|0x00000006c7400000, 0x00000006c7400000, 0x00000006c7500000|  0%| F|  |TS  0|AC  0|TAMS 0x00000006c7400000, 0x00000006c7400000|
|  91|0x00000006c7500000, 0x00000006c7500000, 0x00000006c7600000|  0%| F|  |TS  0|AC  0|TAMS 0x00000006c7500000, 0x00000006c7500000|
|  92|0x00000006c7600000, 0x00000006c7600000, 0x00000006c7700000|  0%| F|  |TS  0|AC  0|TAMS 0x00000006c7600000, 0x00000006c7600000|
|  93|0x00000006c7700000, 0x00000006c7700000, 0x00000006c7800000|  0%| F|  |TS  0|AC  0|TAMS 0x00000006c7700000, 0x00000006c7700000|
|  94|0x00000006c7800000, 0x00000006c7800000, 0x00000006c7900000|  0%| F|  |TS  0|AC  0|TAMS 0x00000006c7800000, 0x00000006c7800000|
|  95|0x00000006c7900000, 0x00000006c7900000, 0x00000006c7a00000|  0%| F|  |TS  0|AC  0|TAMS 0x00000006c7900000, 0x00000006c7900000|
|  96|0x00000006c7a00000, 0x00000006c7a00000, 0x00000006c7b00000|  0%| F|  |TS  0|AC  0|TAMS 0x00000006c7a00000, 0x00000006c7a00000|
|  97|0x00000006c7b00000, 0x00000006c7b00000, 0x00000006c7c00000|  0%| F|  |TS  0|AC  0|TAMS 0x00000006c7b00000, 0x00000006c7b00000|
|  98|0x00000006c7c00000, 0x00000006c7c00000, 0x00000006c7d00000|  0%| F|  |TS  0|AC  0|TAMS 0x00000006c7c00000, 0x00000006c7c00000|
|  99|0x00000006c7d00000, 0x00000006c7d00000, 0x00000006c7e00000|  0%| F|  |TS  0|AC  0|TAMS 0x00000006c7d00000, 0x00000006c7d00000|
| 100|0x00000006c7e00000, 0x00000006c7e00000, 0x00000006c7f00000|  0%| F|  |TS  0|AC  0|TAMS 0x00000006c7e00000, 0x00000006c7e00000|
| 101|0x00000006c7f00000, 0x00000006c7f00000, 0x00000006c8000000|  0%| F|  |TS  0|AC  0|TAMS 0x00000006c7f00000, 0x00000006c7f00000|
| 102|0x00000006c8000000, 0x00000006c8000000, 0x00000006c8100000|  0%| F|  |TS  0|AC  0|TAMS 0x00000006c8000000, 0x00000006c8000000|
| 103|0x00000006c8100000, 0x00000006c8100000, 0x00000006c8200000|  0%| F|  |TS  0|AC  0|TAMS 0x00000006c8100000, 0x00000006c8100000|
| 104|0x00000006c8200000, 0x00000006c8200000, 0x00000006c8300000|  0%| F|  |TS  0|AC  0|TAMS 0x00000006c8200000, 0x00000006c8200000|
| 105|0x00000006c8300000, 0x00000006c8300000, 0x00000006c8400000|  0%| F|  |TS  0|AC  0|TAMS 0x00000006c8300000, 0x00000006c8300000|
| 106|0x00000006c8400000, 0x00000006c8400000, 0x00000006c8500000|  0%| F|  |TS  0|AC  0|TAMS 0x00000006c8400000, 0x00000006c8400000|
| 107|0x00000006c8500000, 0x00000006c8500000, 0x00000006c8600000|  0%| F|  |TS  0|AC  0|TAMS 0x00000006c8500000, 0x00000006c8500000|
| 108|0x00000006c8600000, 0x00000006c8600000, 0x00000006c8700000|  0%| F|  |TS  0|AC  0|TAMS 0x00000006c8600000, 0x00000006c8600000|
| 109|0x00000006c8700000, 0x00000006c8700000, 0x00000006c8800000|  0%| F|  |TS  0|AC  0|TAMS 0x00000006c8700000, 0x00000006c8700000|
| 110|0x00000006c8800000, 0x00000006c8800000, 0x00000006c8900000|  0%| F|  |TS  0|AC  0|TAMS 0x00000006c8800000, 0x00000006c8800000|
| 111|0x00000006c8900000, 0x00000006c8900000, 0x00000006c8a00000|  0%| F|  |TS  0|AC  0|TAMS 0x00000006c8900000, 0x00000006c8900000|
| 112|0x00000006c8a00000, 0x00000006c8a00000, 0x00000006c8b00000|  0%| F|  |TS  0|AC  0|TAMS 0x00000006c8a00000, 0x00000006c8a00000|
| 113|0x00000006c8b00000, 0x00000006c8b00000, 0x00000006c8c00000|  0%| F|  |TS  0|AC  0|TAMS 0x00000006c8b00000, 0x00000006c8b00000|
| 114|0x00000006c8c00000, 0x00000006c8c00000, 0x00000006c8d00000|  0%| F|  |TS  0|AC  0|TAMS 0x00000006c8c00000, 0x00000006c8c00000|
| 115|0x00000006c8d00000, 0x00000006c8d00000, 0x00000006c8e00000|  0%| F|  |TS  0|AC  0|TAMS 0x00000006c8d00000, 0x00000006c8d00000|
| 116|0x00000006c8e00000, 0x00000006c8e00000, 0x00000006c8f00000|  0%| F|  |TS  0|AC  0|TAMS 0x00000006c8e00000, 0x00000006c8e00000|
| 117|0x00000006c8f00000, 0x00000006c8f00000, 0x00000006c9000000|  0%| F|  |TS  0|AC  0|TAMS 0x00000006c8f00000, 0x00000006c8f00000|
| 118|0x00000006c9000000, 0x00000006c9000000, 0x00000006c9100000|  0%| F|  |TS  0|AC  0|TAMS 0x00000006c9000000, 0x00000006c9000000|
| 119|0x00000006c9100000, 0x00000006c9100000, 0x00000006c9200000|  0%| F|  |TS  0|AC  0|TAMS 0x00000006c9100000, 0x00000006c9100000|
| 120|0x00000006c9200000, 0x00000006c9200000, 0x00000006c9300000|  0%| F|  |TS  0|AC  0|TAMS 0x00000006c9200000, 0x00000006c9200000|
| 121|0x00000006c9300000, 0x00000006c9300000, 0x00000006c9400000|  0%| F|  |TS  0|AC  0|TAMS 0x00000006c9300000, 0x00000006c9300000|
| 122|0x00000006c9400000, 0x00000006c9400000, 0x00000006c9500000|  0%| F|  |TS  0|AC  0|TAMS 0x00000006c9400000, 0x00000006c9400000|
| 123|0x00000006c9500000, 0x00000006c9500000, 0x00000006c9600000|  0%| F|  |TS  0|AC  0|TAMS 0x00000006c9500000, 0x00000006c9500000|
| 124|0x00000006c9600000, 0x00000006c9600000, 0x00000006c9700000|  0%| F|  |TS  0|AC  0|TAMS 0x00000006c9600000, 0x00000006c9600000|
| 125|0x00000006c9700000, 0x00000006c9700000, 0x00000006c9800000|  0%| F|  |TS  0|AC  0|TAMS 0x00000006c9700000, 0x00000006c9700000|
| 126|0x00000006c9800000, 0x00000006c9800000, 0x00000006c9900000|  0%| F|  |TS  0|AC  0|TAMS 0x00000006c9800000, 0x00000006c9800000|
| 127|0x00000006c9900000, 0x00000006c9900000, 0x00000006c9a00000|  0%| F|  |TS  0|AC  0|TAMS 0x00000006c9900000, 0x00000006c9900000|
| 128|0x00000006c9a00000, 0x00000006c9a00000, 0x00000006c9b00000|  0%| F|  |TS  0|AC  0|TAMS 0x00000006c9a00000, 0x00000006c9a00000|
| 129|0x00000006c9b00000, 0x00000006c9b00000, 0x00000006c9c00000|  0%| F|  |TS  0|AC  0|TAMS 0x00000006c9b00000, 0x00000006c9b00000|
| 130|0x00000006c9c00000, 0x00000006c9c00000, 0x00000006c9d00000|  0%| F|  |TS  0|AC  0|TAMS 0x00000006c9c00000, 0x00000006c9c00000|
| 131|0x00000006c9d00000, 0x00000006c9d00000, 0x00000006c9e00000|  0%| F|  |TS  0|AC  0|TAMS 0x00000006c9d00000, 0x00000006c9d00000|
| 132|0x00000006c9e00000, 0x00000006c9e00000, 0x00000006c9f00000|  0%| F|  |TS  0|AC  0|TAMS 0x00000006c9e00000, 0x00000006c9e00000|
| 133|0x00000006c9f00000, 0x00000006c9f00000, 0x00000006ca000000|  0%| F|  |TS  0|AC  0|TAMS 0x00000006c9f00000, 0x00000006c9f00000|
| 134|0x00000006ca000000, 0x00000006ca000000, 0x00000006ca100000|  0%| F|  |TS  0|AC  0|TAMS 0x00000006ca000000, 0x00000006ca000000|
| 135|0x00000006ca100000, 0x00000006ca100000, 0x00000006ca200000|  0%| F|  |TS  0|AC  0|TAMS 0x00000006ca100000, 0x00000006ca100000|
| 136|0x00000006ca200000, 0x00000006ca200000, 0x00000006ca300000|  0%| F|  |TS  0|AC  0|TAMS 0x00000006ca200000, 0x00000006ca200000|
| 137|0x00000006ca300000, 0x00000006ca300000, 0x00000006ca400000|  0%| F|  |TS  0|AC  0|TAMS 0x00000006ca300000, 0x00000006ca300000|
| 138|0x00000006ca400000, 0x00000006ca400000, 0x00000006ca500000|  0%| F|  |TS  0|AC  0|TAMS 0x00000006ca400000, 0x00000006ca400000|
| 139|0x00000006ca500000, 0x00000006ca500000, 0x00000006ca600000|  0%| F|  |TS  0|AC  0|TAMS 0x00000006ca500000, 0x00000006ca500000|
| 140|0x00000006ca600000, 0x00000006ca600000, 0x00000006ca700000|  0%| F|  |TS  0|AC  0|TAMS 0x00000006ca600000, 0x00000006ca600000|
| 141|0x00000006ca700000, 0x00000006ca700000, 0x00000006ca800000|  0%| F|  |TS  0|AC  0|TAMS 0x00000006ca700000, 0x00000006ca700000|
| 142|0x00000006ca800000, 0x00000006ca800000, 0x00000006ca900000|  0%| F|  |TS  0|AC  0|TAMS 0x00000006ca800000, 0x00000006ca800000|
| 143|0x00000006ca900000, 0x00000006ca900000, 0x00000006caa00000|  0%| F|  |TS  0|AC  0|TAMS 0x00000006ca900000, 0x00000006ca900000|
| 144|0x00000006caa00000, 0x00000006caa00000, 0x00000006cab00000|  0%| F|  |TS  0|AC  0|TAMS 0x00000006caa00000, 0x00000006caa00000|
| 145|0x00000006cab00000, 0x00000006cab00000, 0x00000006cac00000|  0%| F|  |TS  0|AC  0|TAMS 0x00000006cab00000, 0x00000006cab00000|
| 146|0x00000006cac00000, 0x00000006cac00000, 0x00000006cad00000|  0%| F|  |TS  0|AC  0|TAMS 0x00000006cac00000, 0x00000006cac00000|
| 147|0x00000006cad00000, 0x00000006cad00000, 0x00000006cae00000|  0%| F|  |TS  0|AC  0|TAMS 0x00000006cad00000, 0x00000006cad00000|
| 148|0x00000006cae00000, 0x00000006cae00000, 0x00000006caf00000|  0%| F|  |TS  0|AC  0|TAMS 0x00000006cae00000, 0x00000006cae00000|
| 149|0x00000006caf00000, 0x00000006caf00000, 0x00000006cb000000|  0%| F|  |TS  0|AC  0|TAMS 0x00000006caf00000, 0x00000006caf00000|
| 150|0x00000006cb000000, 0x00000006cb000000, 0x00000006cb100000|  0%| F|  |TS  0|AC  0|TAMS 0x00000006cb000000, 0x00000006cb000000|
| 151|0x00000006cb100000, 0x00000006cb100000, 0x00000006cb200000|  0%| F|  |TS  0|AC  0|TAMS 0x00000006cb100000, 0x00000006cb100000|
| 152|0x00000006cb200000, 0x00000006cb200000, 0x00000006cb300000|  0%| F|  |TS  0|AC  0|TAMS 0x00000006cb200000, 0x00000006cb200000|
| 153|0x00000006cb300000, 0x00000006cb300000, 0x00000006cb400000|  0%| F|  |TS  0|AC  0|TAMS 0x00000006cb300000, 0x00000006cb300000|
| 154|0x00000006cb400000, 0x00000006cb400000, 0x00000006cb500000|  0%| F|  |TS  0|AC  0|TAMS 0x00000006cb400000, 0x00000006cb400000|
| 155|0x00000006cb500000, 0x00000006cb500000, 0x00000006cb600000|  0%| F|  |TS  0|AC  0|TAMS 0x00000006cb500000, 0x00000006cb500000|
| 156|0x00000006cb600000, 0x00000006cb600000, 0x00000006cb700000|  0%| F|  |TS  0|AC  0|TAMS 0x00000006cb600000, 0x00000006cb600000|
| 157|0x00000006cb700000, 0x00000006cb700000, 0x00000006cb800000|  0%| F|  |TS  0|AC  0|TAMS 0x00000006cb700000, 0x00000006cb700000|
| 158|0x00000006cb800000, 0x00000006cb800000, 0x00000006cb900000|  0%| F|  |TS  0|AC  0|TAMS 0x00000006cb800000, 0x00000006cb800000|
| 159|0x00000006cb900000, 0x00000006cb900000, 0x00000006cba00000|  0%| F|  |TS  0|AC  0|TAMS 0x00000006cb900000, 0x00000006cb900000|
| 160|0x00000006cba00000, 0x00000006cba00000, 0x00000006cbb00000|  0%| F|  |TS  0|AC  0|TAMS 0x00000006cba00000, 0x00000006cba00000|
| 161|0x00000006cbb00000, 0x00000006cbb00000, 0x00000006cbc00000|  0%| F|  |TS  0|AC  0|TAMS 0x00000006cbb00000, 0x00000006cbb00000|
| 162|0x00000006cbc00000, 0x00000006cbc00000, 0x00000006cbd00000|  0%| F|  |TS  0|AC  0|TAMS 0x00000006cbc00000, 0x00000006cbc00000|
| 163|0x00000006cbd00000, 0x00000006cbd00000, 0x00000006cbe00000|  0%| F|  |TS  0|AC  0|TAMS 0x00000006cbd00000, 0x00000006cbd00000|
| 164|0x00000006cbe00000, 0x00000006cbe00000, 0x00000006cbf00000|  0%| F|  |TS  0|AC  0|TAMS 0x00000006cbe00000, 0x00000006cbe00000|
| 165|0x00000006cbf00000, 0x00000006cbf00000, 0x00000006cc000000|  0%| F|  |TS  0|AC  0|TAMS 0x00000006cbf00000, 0x00000006cbf00000|
| 166|0x00000006cc000000, 0x00000006cc000000, 0x00000006cc100000|  0%| F|  |TS  0|AC  0|TAMS 0x00000006cc000000, 0x00000006cc000000|
| 167|0x00000006cc100000, 0x00000006cc100000, 0x00000006cc200000|  0%| F|  |TS  0|AC  0|TAMS 0x00000006cc100000, 0x00000006cc100000|
| 168|0x00000006cc200000, 0x00000006cc200000, 0x00000006cc300000|  0%| F|  |TS  0|AC  0|TAMS 0x00000006cc200000, 0x00000006cc200000|
| 169|0x00000006cc300000, 0x00000006cc300000, 0x00000006cc400000|  0%| F|  |TS  0|AC  0|TAMS 0x00000006cc300000, 0x00000006cc300000|
| 170|0x00000006cc400000, 0x00000006cc400000, 0x00000006cc500000|  0%| F|  |TS  0|AC  0|TAMS 0x00000006cc400000, 0x00000006cc400000|
| 171|0x00000006cc500000, 0x00000006cc500000, 0x00000006cc600000|  0%| F|  |TS  0|AC  0|TAMS 0x00000006cc500000, 0x00000006cc500000|
| 172|0x00000006cc600000, 0x00000006cc600000, 0x00000006cc700000|  0%| F|  |TS  0|AC  0|TAMS 0x00000006cc600000, 0x00000006cc600000|
| 173|0x00000006cc700000, 0x00000006cc700000, 0x00000006cc800000|  0%| F|  |TS  0|AC  0|TAMS 0x00000006cc700000, 0x00000006cc700000|
| 174|0x00000006cc800000, 0x00000006cc800000, 0x00000006cc900000|  0%| F|  |TS  0|AC  0|TAMS 0x00000006cc800000, 0x00000006cc800000|
| 175|0x00000006cc900000, 0x00000006cc900000, 0x00000006cca00000|  0%| F|  |TS  0|AC  0|TAMS 0x00000006cc900000, 0x00000006cc900000|
| 176|0x00000006cca00000, 0x00000006cca00000, 0x00000006ccb00000|  0%| F|  |TS  0|AC  0|TAMS 0x00000006cca00000, 0x00000006cca00000|
| 177|0x00000006ccb00000, 0x00000006ccb00000, 0x00000006ccc00000|  0%| F|  |TS  0|AC  0|TAMS 0x00000006ccb00000, 0x00000006ccb00000|
| 178|0x00000006ccc00000, 0x00000006ccc00000, 0x00000006ccd00000|  0%| F|  |TS  0|AC  0|TAMS 0x00000006ccc00000, 0x00000006ccc00000|
| 179|0x00000006ccd00000, 0x00000006ccd00000, 0x00000006cce00000|  0%| F|  |TS  0|AC  0|TAMS 0x00000006ccd00000, 0x00000006ccd00000|
| 180|0x00000006cce00000, 0x00000006cce00000, 0x00000006ccf00000|  0%| F|  |TS  0|AC  0|TAMS 0x00000006cce00000, 0x00000006cce00000|
| 181|0x00000006ccf00000, 0x00000006ccf00000, 0x00000006cd000000|  0%| F|  |TS  0|AC  0|TAMS 0x00000006ccf00000, 0x00000006ccf00000|
| 182|0x00000006cd000000, 0x00000006cd000000, 0x00000006cd100000|  0%| F|  |TS  0|AC  0|TAMS 0x00000006cd000000, 0x00000006cd000000|
| 183|0x00000006cd100000, 0x00000006cd100000, 0x00000006cd200000|  0%| F|  |TS  0|AC  0|TAMS 0x00000006cd100000, 0x00000006cd100000|
| 184|0x00000006cd200000, 0x00000006cd200000, 0x00000006cd300000|  0%| F|  |TS  0|AC  0|TAMS 0x00000006cd200000, 0x00000006cd200000|
| 185|0x00000006cd300000, 0x00000006cd400000, 0x00000006cd400000|100%| E|  |TS  0|AC  0|TAMS 0x00000006cd300000, 0x00000006cd300000|
| 186|0x00000006cd400000, 0x00000006cd500000, 0x00000006cd500000|100%| E|CS|TS  0|AC  0|TAMS 0x00000006cd400000, 0x00000006cd400000|
| 187|0x00000006cd500000, 0x00000006cd600000, 0x00000006cd600000|100%| E|CS|TS  0|AC  0|TAMS 0x00000006cd500000, 0x00000006cd500000|
| 188|0x00000006cd600000, 0x00000006cd700000, 0x00000006cd700000|100%| E|CS|TS  0|AC  0|TAMS 0x00000006cd600000, 0x00000006cd600000|
| 189|0x00000006cd700000, 0x00000006cd800000, 0x00000006cd800000|100%| E|CS|TS  0|AC  0|TAMS 0x00000006cd700000, 0x00000006cd700000|
| 190|0x00000006cd800000, 0x00000006cd900000, 0x00000006cd900000|100%| E|CS|TS  0|AC  0|TAMS 0x00000006cd800000, 0x00000006cd800000|
| 191|0x00000006cd900000, 0x00000006cda00000, 0x00000006cda00000|100%| E|CS|TS  0|AC  0|TAMS 0x00000006cd900000, 0x00000006cd900000|
| 192|0x00000006cda00000, 0x00000006cdb00000, 0x00000006cdb00000|100%| E|CS|TS  0|AC  0|TAMS 0x00000006cda00000, 0x00000006cda00000|
| 193|0x00000006cdb00000, 0x00000006cdc00000, 0x00000006cdc00000|100%| E|CS|TS  0|AC  0|TAMS 0x00000006cdb00000, 0x00000006cdb00000|
| 194|0x00000006cdc00000, 0x00000006cdd00000, 0x00000006cdd00000|100%| E|CS|TS  0|AC  0|TAMS 0x00000006cdc00000, 0x00000006cdc00000|
| 195|0x00000006cdd00000, 0x00000006cde00000, 0x00000006cde00000|100%| E|CS|TS  0|AC  0|TAMS 0x00000006cdd00000, 0x00000006cdd00000|
| 196|0x00000006cde00000, 0x00000006cdf00000, 0x00000006cdf00000|100%| E|CS|TS  0|AC  0|TAMS 0x00000006cde00000, 0x00000006cde00000|
| 197|0x00000006cdf00000, 0x00000006ce000000, 0x00000006ce000000|100%| E|CS|TS  0|AC  0|TAMS 0x00000006cdf00000, 0x00000006cdf00000|
| 198|0x00000006ce000000, 0x00000006ce100000, 0x00000006ce100000|100%| E|CS|TS  0|AC  0|TAMS 0x00000006ce000000, 0x00000006ce000000|
| 199|0x00000006ce100000, 0x00000006ce200000, 0x00000006ce200000|100%| E|CS|TS  0|AC  0|TAMS 0x00000006ce100000, 0x00000006ce100000|
| 200|0x00000006ce200000, 0x00000006ce300000, 0x00000006ce300000|100%| E|CS|TS  0|AC  0|TAMS 0x00000006ce200000, 0x00000006ce200000|
| 201|0x00000006ce300000, 0x00000006ce400000, 0x00000006ce400000|100%| E|CS|TS  0|AC  0|TAMS 0x00000006ce300000, 0x00000006ce300000|
| 202|0x00000006ce400000, 0x00000006ce500000, 0x00000006ce500000|100%| E|CS|TS  0|AC  0|TAMS 0x00000006ce400000, 0x00000006ce400000|
| 203|0x00000006ce500000, 0x00000006ce600000, 0x00000006ce600000|100%| E|CS|TS  0|AC  0|TAMS 0x00000006ce500000, 0x00000006ce500000|
| 204|0x00000006ce600000, 0x00000006ce700000, 0x00000006ce700000|100%| E|CS|TS  0|AC  0|TAMS 0x00000006ce600000, 0x00000006ce600000|
| 205|0x00000006ce700000, 0x00000006ce800000, 0x00000006ce800000|100%| E|CS|TS  0|AC  0|TAMS 0x00000006ce700000, 0x00000006ce700000|
| 206|0x00000006ce800000, 0x00000006ce900000, 0x00000006ce900000|100%| E|CS|TS  0|AC  0|TAMS 0x00000006ce800000, 0x00000006ce800000|
| 207|0x00000006ce900000, 0x00000006cea00000, 0x00000006cea00000|100%| E|CS|TS  0|AC  0|TAMS 0x00000006ce900000, 0x00000006ce900000|
| 208|0x00000006cea00000, 0x00000006ceb00000, 0x00000006ceb00000|100%| E|CS|TS  0|AC  0|TAMS 0x00000006cea00000, 0x00000006cea00000|
| 209|0x00000006ceb00000, 0x00000006cec00000, 0x00000006cec00000|100%| E|CS|TS  0|AC  0|TAMS 0x00000006ceb00000, 0x00000006ceb00000|
| 210|0x00000006cec00000, 0x00000006ced00000, 0x00000006ced00000|100%| E|CS|TS  0|AC  0|TAMS 0x00000006cec00000, 0x00000006cec00000|
| 211|0x00000006ced00000, 0x00000006cee00000, 0x00000006cee00000|100%| E|CS|TS  0|AC  0|TAMS 0x00000006ced00000, 0x00000006ced00000|
| 212|0x00000006cee00000, 0x00000006cef00000, 0x00000006cef00000|100%| E|CS|TS  0|AC  0|TAMS 0x00000006cee00000, 0x00000006cee00000|
| 213|0x00000006cef00000, 0x00000006cf000000, 0x00000006cf000000|100%| E|CS|TS  0|AC  0|TAMS 0x00000006cef00000, 0x00000006cef00000|
| 214|0x00000006cf000000, 0x00000006cf100000, 0x00000006cf100000|100%| E|CS|TS  0|AC  0|TAMS 0x00000006cf000000, 0x00000006cf000000|
| 215|0x00000006cf100000, 0x00000006cf200000, 0x00000006cf200000|100%| E|CS|TS  0|AC  0|TAMS 0x00000006cf100000, 0x00000006cf100000|
| 216|0x00000006cf200000, 0x00000006cf300000, 0x00000006cf300000|100%| E|CS|TS  0|AC  0|TAMS 0x00000006cf200000, 0x00000006cf200000|
| 217|0x00000006cf300000, 0x00000006cf400000, 0x00000006cf400000|100%| E|CS|TS  0|AC  0|TAMS 0x00000006cf300000, 0x00000006cf300000|
| 218|0x00000006cf400000, 0x00000006cf500000, 0x00000006cf500000|100%| E|CS|TS  0|AC  0|TAMS 0x00000006cf400000, 0x00000006cf400000|
| 219|0x00000006cf500000, 0x00000006cf600000, 0x00000006cf600000|100%| E|CS|TS  0|AC  0|TAMS 0x00000006cf500000, 0x00000006cf500000|
| 220|0x00000006cf600000, 0x00000006cf700000, 0x00000006cf700000|100%| E|CS|TS  0|AC  0|TAMS 0x00000006cf600000, 0x00000006cf600000|
| 221|0x00000006cf700000, 0x00000006cf800000, 0x00000006cf800000|100%| E|CS|TS  0|AC  0|TAMS 0x00000006cf700000, 0x00000006cf700000|
| 222|0x00000006cf800000, 0x00000006cf900000, 0x00000006cf900000|100%| E|CS|TS  0|AC  0|TAMS 0x00000006cf800000, 0x00000006cf800000|
| 223|0x00000006cf900000, 0x00000006cfa00000, 0x00000006cfa00000|100%| E|CS|TS  0|AC  0|TAMS 0x00000006cf900000, 0x00000006cf900000|
| 224|0x00000006cfa00000, 0x00000006cfb00000, 0x00000006cfb00000|100%| E|CS|TS  0|AC  0|TAMS 0x00000006cfa00000, 0x00000006cfa00000|
| 225|0x00000006cfb00000, 0x00000006cfc00000, 0x00000006cfc00000|100%| E|CS|TS  0|AC  0|TAMS 0x00000006cfb00000, 0x00000006cfb00000|
| 226|0x00000006cfc00000, 0x00000006cfc169e0, 0x00000006cfd00000|  8%| S|CS|TS  5|AC  0|TAMS 0x00000006cfc00000, 0x00000006cfc00000|
| 227|0x00000006cfd00000, 0x00000006cfe00000, 0x00000006cfe00000|100%| E|CS|TS  5|AC  0|TAMS 0x00000006cfd00000, 0x00000006cfd00000|
| 228|0x00000006cfe00000, 0x00000006cff00000, 0x00000006cff00000|100%| E|CS|TS  5|AC  0|TAMS 0x00000006cfe00000, 0x00000006cfe00000|
| 229|0x00000006cff00000, 0x00000006d0000000, 0x00000006d0000000|100%| E|CS|TS  5|AC  0|TAMS 0x00000006cff00000, 0x00000006cff00000|
| 230|0x00000006d0000000, 0x00000006d0100000, 0x00000006d0100000|100%| E|CS|TS  5|AC  0|TAMS 0x00000006d0000000, 0x00000006d0000000|
| 231|0x00000006d0100000, 0x00000006d0200000, 0x00000006d0200000|100%| E|CS|TS  5|AC  0|TAMS 0x00000006d0100000, 0x00000006d0100000|
| 232|0x00000006d0200000, 0x00000006d0300000, 0x00000006d0300000|100%| E|CS|TS  5|AC  0|TAMS 0x00000006d0200000, 0x00000006d0200000|
| 233|0x00000006d0300000, 0x00000006d0400000, 0x00000006d0400000|100%| E|CS|TS  5|AC  0|TAMS 0x00000006d0300000, 0x00000006d0300000|
| 234|0x00000006d0400000, 0x00000006d0500000, 0x00000006d0500000|100%| E|CS|TS  5|AC  0|TAMS 0x00000006d0400000, 0x00000006d0400000|
| 235|0x00000006d0500000, 0x00000006d0600000, 0x00000006d0600000|100%| E|CS|TS  5|AC  0|TAMS 0x00000006d0500000, 0x00000006d0500000|
| 236|0x00000006d0600000, 0x00000006d0700000, 0x00000006d0700000|100%| E|CS|TS  5|AC  0|TAMS 0x00000006d0600000, 0x00000006d0600000|
| 237|0x00000006d0700000, 0x00000006d0800000, 0x00000006d0800000|100%| E|CS|TS  5|AC  0|TAMS 0x00000006d0700000, 0x00000006d0700000|
| 238|0x00000006d0800000, 0x00000006d0900000, 0x00000006d0900000|100%| E|CS|TS  5|AC  0|TAMS 0x00000006d0800000, 0x00000006d0800000|
| 239|0x00000006d0900000, 0x00000006d0a00000, 0x00000006d0a00000|100%| E|CS|TS  5|AC  0|TAMS 0x00000006d0900000, 0x00000006d0900000|
| 240|0x00000006d0a00000, 0x00000006d0b00000, 0x00000006d0b00000|100%| E|CS|TS  5|AC  0|TAMS 0x00000006d0a00000, 0x00000006d0a00000|
| 241|0x00000006d0b00000, 0x00000006d0c00000, 0x00000006d0c00000|100%| E|CS|TS  5|AC  0|TAMS 0x00000006d0b00000, 0x00000006d0b00000|
| 242|0x00000006d0c00000, 0x00000006d0d00000, 0x00000006d0d00000|100%| E|CS|TS  5|AC  0|TAMS 0x00000006d0c00000, 0x00000006d0c00000|
| 243|0x00000006d0d00000, 0x00000006d0e00000, 0x00000006d0e00000|100%| E|CS|TS  5|AC  0|TAMS 0x00000006d0d00000, 0x00000006d0d00000|
| 244|0x00000006d0e00000, 0x00000006d0f00000, 0x00000006d0f00000|100%| E|CS|TS  5|AC  0|TAMS 0x00000006d0e00000, 0x00000006d0e00000|
| 245|0x00000006d0f00000, 0x00000006d1000000, 0x00000006d1000000|100%| E|CS|TS  5|AC  0|TAMS 0x00000006d0f00000, 0x00000006d0f00000|
| 246|0x00000006d1000000, 0x00000006d1100000, 0x00000006d1100000|100%| E|CS|TS  5|AC  0|TAMS 0x00000006d1000000, 0x00000006d1000000|
| 247|0x00000006d1100000, 0x00000006d1200000, 0x00000006d1200000|100%| E|CS|TS  5|AC  0|TAMS 0x00000006d1100000, 0x00000006d1100000|
| 248|0x00000006d1200000, 0x00000006d1300000, 0x00000006d1300000|100%| E|CS|TS  5|AC  0|TAMS 0x00000006d1200000, 0x00000006d1200000|
| 249|0x00000006d1300000, 0x00000006d1400000, 0x00000006d1400000|100%| E|CS|TS  5|AC  0|TAMS 0x00000006d1300000, 0x00000006d1300000|
| 250|0x00000006d1400000, 0x00000006d1500000, 0x00000006d1500000|100%| E|CS|TS  5|AC  0|TAMS 0x00000006d1400000, 0x00000006d1400000|
| 251|0x00000006d1500000, 0x00000006d1600000, 0x00000006d1600000|100%| E|CS|TS  5|AC  0|TAMS 0x00000006d1500000, 0x00000006d1500000|
| 252|0x00000006d1600000, 0x00000006d1700000, 0x00000006d1700000|100%| E|CS|TS  5|AC  0|TAMS 0x00000006d1600000, 0x00000006d1600000|
| 253|0x00000006d1700000, 0x00000006d1800000, 0x00000006d1800000|100%| E|CS|TS  5|AC  0|TAMS 0x00000006d1700000, 0x00000006d1700000|
| 254|0x00000006d1800000, 0x00000006d1900000, 0x00000006d1900000|100%| E|CS|TS  5|AC  0|TAMS 0x00000006d1800000, 0x00000006d1800000|
| 255|0x00000006d1900000, 0x00000006d1a00000, 0x00000006d1a00000|100%| E|CS|TS  5|AC  0|TAMS 0x00000006d1900000, 0x00000006d1900000|

Card table byte_map: [0x00000151ac060000,0x00000151ac860000] byte_map_base: 0x00000151a8a53000

Marking Bits (Prev, Next): (CMBitMap*) 0x00000151b50283f0, (CMBitMap*) 0x00000151b5028428
 Prev Bits: [0x00000151ad060000, 0x00000151b0ff8000)
 Next Bits: [0x00000151b1000000, 0x00000151b4f98000)

Polling page: 0x00000151930a0000

CodeHeap 'non-profiled nmethods': size=120000Kb used=333Kb max_used=333Kb free=119666Kb
 bounds [0x00000151a31c0000, 0x00000151a3430000, 0x00000151aa6f0000]
CodeHeap 'profiled nmethods': size=120000Kb used=891Kb max_used=891Kb free=119108Kb
 bounds [0x000001519bc90000, 0x000001519bf00000, 0x00000151a31c0000]
CodeHeap 'non-nmethods': size=5760Kb used=1210Kb max_used=1240Kb free=4550Kb
 bounds [0x000001519b6f0000, 0x000001519b960000, 0x000001519bc90000]
 total_blobs=1048 nmethods=480 adapters=271
 compilation: enabled

Compilation events (10 events):
Event: 1.386 Thread 0x00000151b843f800 nmethod 477 0x00000151a3212a10 code [0x00000151a3212bc0, 0x00000151a3212cd8]
Event: 1.386 Thread 0x00000151b843f800  478       3       java.lang.Object::equals (11 bytes)
Event: 1.386 Thread 0x00000151b843f800 nmethod 478 0x000001519bd6e410 code [0x000001519bd6e5c0, 0x000001519bd6e778]
Event: 1.387 Thread 0x00000151b8431000  479       4       solver.cp.ORASolverByMIP::solveWithAllActivities (1158 bytes)
Event: 1.488 Thread 0x00000151b843f800  480       3       com.google.ortools.linearsolver.MPSolver::makeConstraint (29 bytes)
Event: 1.488 Thread 0x00000151b843f800 nmethod 480 0x000001519bd6e810 code [0x000001519bd6e9e0, 0x000001519bd6ed10]
Event: 1.494 Thread 0x00000151b843f800  481       1       model.Model::getQualifications (5 bytes)
Event: 1.495 Thread 0x00000151b843f800 nmethod 481 0x00000151a3212d90 code [0x00000151a3212f40, 0x00000151a3213058]
Event: 1.575 Thread 0x00000151b843f800  482       1       model.Resource::getCost (5 bytes)
Event: 1.575 Thread 0x00000151b843f800 nmethod 482 0x00000151a3213110 code [0x00000151a32132c0, 0x00000151a32133d8]

GC Heap History (6 events):
Event: 0.902 GC heap before
{Heap before GC invocations=0 (full 0):
 garbage-first heap   total 262144K, used 25600K [0x00000006c1a00000, 0x00000006c1b00800, 0x00000007c0000000)
  region size 1024K, 24 young (24576K), 0 survivors (0K)
 Metaspace       used 5685K, capacity 5762K, committed 6016K, reserved 1056768K
  class space    used 537K, capacity 570K, committed 640K, reserved 1048576K
}
Event: 0.933 GC heap after
{Heap after GC invocations=1 (full 0):
 garbage-first heap   total 262144K, used 11488K [0x00000006c1a00000, 0x00000006c1b00800, 0x00000007c0000000)
  region size 1024K, 3 young (3072K), 3 survivors (3072K)
 Metaspace       used 5685K, capacity 5762K, committed 6016K, reserved 1056768K
  class space    used 537K, capacity 570K, committed 640K, reserved 1048576K
}
Event: 0.989 GC heap before
{Heap before GC invocations=1 (full 0):
 garbage-first heap   total 262144K, used 25824K [0x00000006c1a00000, 0x00000006c1b00800, 0x00000007c0000000)
  region size 1024K, 17 young (17408K), 3 survivors (3072K)
 Metaspace       used 5693K, capacity 5762K, committed 6016K, reserved 1056768K
  class space    used 537K, capacity 570K, committed 640K, reserved 1048576K
}
Event: 0.995 GC heap after
{Heap after GC invocations=2 (full 0):
 garbage-first heap   total 262144K, used 12452K [0x00000006c1a00000, 0x00000006c1b00800, 0x00000007c0000000)
  region size 1024K, 1 young (1024K), 1 survivors (1024K)
 Metaspace       used 5693K, capacity 5762K, committed 6016K, reserved 1056768K
  class space    used 537K, capacity 570K, committed 640K, reserved 1048576K
}
Event: 1.081 GC heap before
{Heap before GC invocations=2 (full 0):
 garbage-first heap   total 262144K, used 41124K [0x00000006c1a00000, 0x00000006c1b00800, 0x00000007c0000000)
  region size 1024K, 29 young (29696K), 1 survivors (1024K)
 Metaspace       used 5699K, capacity 5762K, committed 6016K, reserved 1056768K
  class space    used 537K, capacity 570K, committed 640K, reserved 1048576K
}
Event: 1.083 GC heap after
{Heap after GC invocations=3 (full 0):
 garbage-first heap   total 262144K, used 12258K [0x00000006c1a00000, 0x00000006c1b00800, 0x00000007c0000000)
  region size 1024K, 1 young (1024K), 1 survivors (1024K)
 Metaspace       used 5699K, capacity 5762K, committed 6016K, reserved 1056768K
  class space    used 537K, capacity 570K, committed 640K, reserved 1048576K
}

Deoptimization events (10 events):
Event: 0.714 Thread 0x0000015193112800 Uncommon trap: reason=class_check action=maybe_recompile pc=0x00000151a31cfd8c method=java.nio.Buffer.<init>(IIII)V @ 33 c2
Event: 0.714 Thread 0x0000015193112800 Uncommon trap: reason=class_check action=maybe_recompile pc=0x00000151a31cfd8c method=java.nio.Buffer.<init>(IIII)V @ 33 c2
Event: 0.714 Thread 0x0000015193112800 Uncommon trap: reason=class_check action=maybe_recompile pc=0x00000151a31cfd8c method=java.nio.Buffer.<init>(IIII)V @ 33 c2
Event: 0.714 Thread 0x0000015193112800 Uncommon trap: reason=null_check action=make_not_entrant pc=0x00000151a31cf068 method=java.lang.String.equals(Ljava/lang/Object;)Z @ 8 c2
Event: 0.715 Thread 0x0000015193112800 Uncommon trap: reason=bimorphic_or_optimized_type_check action=maybe_recompile pc=0x00000151a31ed30c method=java.lang.String.valueOf(Ljava/lang/Object;)Ljava/lang/String; @ 11 c2
Event: 0.716 Thread 0x0000015193112800 Uncommon trap: reason=bimorphic_or_optimized_type_check action=maybe_recompile pc=0x00000151a31ed30c method=java.lang.String.valueOf(Ljava/lang/Object;)Ljava/lang/String; @ 11 c2
Event: 0.885 Thread 0x0000015193112800 Uncommon trap: reason=unstable_if action=reinterpret pc=0x00000151a31edc74 method=java.util.HashMap.getNode(ILjava/lang/Object;)Ljava/util/HashMap$Node; @ 49 c2
Event: 0.885 Thread 0x0000015193112800 Uncommon trap: reason=unstable_if action=reinterpret pc=0x00000151a31ed748 method=java.util.HashMap.getNode(ILjava/lang/Object;)Ljava/util/HashMap$Node; @ 49 c2
Event: 1.487 Thread 0x0000015193112800 Uncommon trap: reason=unreached action=reinterpret pc=0x00000151a3205ed0 method=solver.cp.ORASolverByMIP.solveWithAllActivities(Z)Z @ 507 c2
Event: 1.574 Thread 0x0000015193112800 Uncommon trap: reason=unstable_if action=reinterpret pc=0x00000151a320f93c method=solver.cp.ORASolverByMIP.solveWithAllActivities(Z)Z @ 732 c2

Classes redefined (0 events):
No events

Internal exceptions (2 events):
Event: 0.358 Thread 0x0000015193112800 Exception <a 'java/lang/NoSuchMethodError'{0x00000006d163e2c8}: java.lang.Object.lambda$union$2(Ljava/util/regex/Pattern$CharPredicate;I)Z> (0x00000006d163e2c8) thrown at [t:/workspace/hotspot/src/share/vm/interpreter/linkResolver.cpp, line 731]
Event: 0.714 Thread 0x0000015193112800 Implicit null exception at 0x00000151a31ceed5 to 0x00000151a31cf059

Events (10 events):
Event: 1.386 loading class jdk/internal/reflect/DelegatingMethodAccessorImpl
Event: 1.386 loading class jdk/internal/reflect/DelegatingMethodAccessorImpl done
Event: 1.387 Thread 0x0000015193112800 DEOPT PACKING pc=0x000001519bd5cf6b sp=0x0000004fe1efec90
Event: 1.387 Thread 0x0000015193112800 DEOPT UNPACKING pc=0x000001519b73dd3f sp=0x0000004fe1efe3d0 mode 0
Event: 1.487 Thread 0x0000015193112800 Uncommon trap: trap_request=0xffffffad fr.pc=0x00000151a3205ed0 relative=0x0000000000002810
Event: 1.487 Thread 0x0000015193112800 DEOPT PACKING pc=0x00000151a3205ed0 sp=0x0000004fe1efeed0
Event: 1.487 Thread 0x0000015193112800 DEOPT UNPACKING pc=0x000001519b73df29 sp=0x0000004fe1efeee0 mode 2
Event: 1.574 Thread 0x0000015193112800 Uncommon trap: trap_request=0xffffff5d fr.pc=0x00000151a320f93c relative=0x000000000000417c
Event: 1.575 Thread 0x0000015193112800 DEOPT PACKING pc=0x00000151a320f93c sp=0x0000004fe1efeec0
Event: 1.575 Thread 0x0000015193112800 DEOPT UNPACKING pc=0x000001519b73df29 sp=0x0000004fe1efeee0 mode 2


Dynamic libraries:
0x00007ff716300000 - 0x00007ff71633e000 	C:\Program Files\AnyLogic 8.3 Professional\jre\bin\javaw.exe
0x00007ffe6d6d0000 - 0x00007ffe6d8b1000 	C:\WINDOWS\SYSTEM32\ntdll.dll
0x00007ffe6b7d0000 - 0x00007ffe6b881000 	C:\WINDOWS\System32\KERNEL32.DLL
0x00007ffe6a0b0000 - 0x00007ffe6a323000 	C:\WINDOWS\System32\KERNELBASE.dll
0x00007ffe6b2f0000 - 0x00007ffe6b391000 	C:\WINDOWS\System32\ADVAPI32.dll
0x00007ffe6b890000 - 0x00007ffe6b92e000 	C:\WINDOWS\System32\msvcrt.dll
0x00007ffe6ad10000 - 0x00007ffe6ad6b000 	C:\WINDOWS\System32\sechost.dll
0x00007ffe6b6a0000 - 0x00007ffe6b7c4000 	C:\WINDOWS\System32\RPCRT4.dll
0x00007ffe6af60000 - 0x00007ffe6b0f0000 	C:\WINDOWS\System32\USER32.dll
0x00007ffe6a330000 - 0x00007ffe6a350000 	C:\WINDOWS\System32\win32u.dll
0x00007ffe6b250000 - 0x00007ffe6b278000 	C:\WINDOWS\System32\GDI32.dll
0x00007ffe69e00000 - 0x00007ffe69f92000 	C:\WINDOWS\System32\gdi32full.dll
0x00007ffe69aa0000 - 0x00007ffe69b3f000 	C:\WINDOWS\System32\msvcp_win.dll
0x00007ffe6aa60000 - 0x00007ffe6ab58000 	C:\WINDOWS\System32\ucrtbase.dll
0x00007ffe59000000 - 0x00007ffe59269000 	C:\WINDOWS\WinSxS\amd64_microsoft.windows.common-controls_6595b64144ccf1df_6.0.17134.765_none_fb42a1a930655896\COMCTL32.dll
0x00007ffe6be90000 - 0x00007ffe6c1b2000 	C:\WINDOWS\System32\combase.dll
0x00007ffe5ce80000 - 0x00007ffe5ce8a000 	C:\WINDOWS\SYSTEM32\VERSION.dll
0x00007ffe69d30000 - 0x00007ffe69daa000 	C:\WINDOWS\System32\bcryptPrimitives.dll
0x00007ffe6c1c0000 - 0x00007ffe6c1ed000 	C:\WINDOWS\System32\IMM32.DLL
0x00007ffe3cdf0000 - 0x00007ffe3cedf000 	C:\Program Files\AnyLogic 8.3 Professional\jre\bin\msvcr120.dll
0x00007ffe426f0000 - 0x00007ffe42796000 	C:\Program Files\AnyLogic 8.3 Professional\jre\bin\msvcp120.dll
0x0000000059260000 - 0x0000000059c84000 	C:\Program Files\AnyLogic 8.3 Professional\jre\bin\server\jvm.dll
0x00007ffe6b690000 - 0x00007ffe6b698000 	C:\WINDOWS\System32\PSAPI.DLL
0x00007ffe5ce40000 - 0x00007ffe5ce49000 	C:\WINDOWS\SYSTEM32\WSOCK32.dll
0x00007ffe5a780000 - 0x00007ffe5a7a3000 	C:\WINDOWS\SYSTEM32\WINMM.dll
0x00007ffe6c1f0000 - 0x00007ffe6c25c000 	C:\WINDOWS\System32\WS2_32.dll
0x00007ffe5a750000 - 0x00007ffe5a77a000 	C:\WINDOWS\SYSTEM32\winmmbase.dll
0x00007ffe69db0000 - 0x00007ffe69df9000 	C:\WINDOWS\System32\cfgmgr32.dll
0x00007ffe58820000 - 0x00007ffe5882f000 	C:\Program Files\AnyLogic 8.3 Professional\jre\bin\verify.dll
0x00007ffe48cc0000 - 0x00007ffe48ce7000 	C:\Program Files\AnyLogic 8.3 Professional\jre\bin\java.dll
0x00007ffe4b0f0000 - 0x00007ffe4b106000 	C:\Program Files\AnyLogic 8.3 Professional\jre\bin\zip.dll
0x00007ffe58600000 - 0x00007ffe5860a000 	C:\Program Files\AnyLogic 8.3 Professional\jre\bin\jimage.dll
0x00007ffe6c260000 - 0x00007ffe6d6a0000 	C:\WINDOWS\System32\SHELL32.dll
0x00007ffe6bd80000 - 0x00007ffe6be29000 	C:\WINDOWS\System32\shcore.dll
0x00007ffe6a350000 - 0x00007ffe6aa5d000 	C:\WINDOWS\System32\windows.storage.dll
0x00007ffe6af00000 - 0x00007ffe6af51000 	C:\WINDOWS\System32\shlwapi.dll
0x00007ffe69a80000 - 0x00007ffe69a91000 	C:\WINDOWS\System32\kernel.appcore.dll
0x00007ffe69a60000 - 0x00007ffe69a7f000 	C:\WINDOWS\System32\profapi.dll
0x00007ffe69a00000 - 0x00007ffe69a4c000 	C:\WINDOWS\System32\powrprof.dll
0x00007ffe69a50000 - 0x00007ffe69a5a000 	C:\WINDOWS\System32\FLTLIB.DLL
0x00007ffe46c40000 - 0x00007ffe46c5a000 	C:\Program Files\AnyLogic 8.3 Professional\jre\bin\net.dll
0x00007ffe66480000 - 0x00007ffe6655d000 	C:\WINDOWS\SYSTEM32\WINHTTP.dll
0x00007ffe691e0000 - 0x00007ffe69246000 	C:\WINDOWS\system32\mswsock.dll
0x00007ffe445f0000 - 0x00007ffe44601000 	C:\Program Files\AnyLogic 8.3 Professional\jre\bin\nio.dll
0x00007ffe2a8d0000 - 0x00007ffe2ba69000 	D:\osramjava\workspace\MultiskillScheduling\jniortools.dll
0x00007ffe5dd40000 - 0x00007ffe5dd56000 	C:\Program Files\AnyLogic 8.3 Professional\jre\bin\VCRUNTIME140.dll
0x00007ffe43af0000 - 0x00007ffe43b8c000 	C:\Program Files\AnyLogic 8.3 Professional\jre\bin\MSVCP140.dll
0x00007ffe61710000 - 0x00007ffe618d9000 	C:\WINDOWS\SYSTEM32\dbghelp.dll

VM Arguments:
jvm_args: -Dfile.encoding=Cp1252 
java_command: Start
java_class_path (initial): D:\osramjava\workspace\MultiskillScheduling\bin;D:\osramjava\workspace\MultiskillScheduling\libs\jcommon-1.0.23.jar;D:\osramjava\workspace\MultiskillScheduling\libs\jfreechart-1.0.19.jar;E:\or-tools\lib\com.google.ortools.jar;E:\or-tools\lib\protobuf.jar
Launcher Type: SUN_STANDARD

Logging:
Log output configuration:
#0: stdout all=warning uptime,level,tags
#1: stderr all=off uptime,level,tags

Environment Variables:
JAVA_HOME=C:\Program Files\Java\jdk1.8.0_25
JRE_HOME=C:\Program Files\Java\jre1.8.0_25
PATH=C:/Program Files/Java/jdk1.8.0_25/bin/../jre/bin/server;C:/Program Files/Java/jdk1.8.0_25/bin/../jre/bin;C:/Program Files/Java/jdk1.8.0_25/bin/../jre/lib/amd64;C:\Program Files\IBM\ILOG\CPLEX_Studio1271\opl\bin\x64_win64;C:\Program Files\IBM\ILOG\CPLEX_Studio1271\opl\oplide\;C:\Program Files\IBM\ILOG\CPLEX_Studio1271\cplex\bin\x64_win64;C:\Program Files\IBM\ILOG\CPLEX_Studio1271\cpoptimizer\bin\x64_win64;C:\Program Files (x86)\NVIDIA Corporation\PhysX\Common;C:\Program Files (x86)\Intel\iCLS Client\;C:\Program Files\Intel\iCLS Client\;C:\WINDOWS\system32;C:\WINDOWS;C:\WINDOWS\System32\Wbem;C:\WINDOWS\System32\WindowsPowerShell\v1.0\;C:\Program Files (x86)\Intel\OpenCL SDK\3.0\bin\x86;C:\Program Files (x86)\Intel\OpenCL SDK\3.0\bin\x64;C:\Program Files\Condusiv Technologies\ExpressCache\;C:\ProgramData\Lenovo\ReadyApps;C:\maven\apache-maven-3.1.1/bin;C:\Program Files\Intel\Intel(R) Management Engine Components\DAL;C:\Program Files\Intel\Intel(R) Management Engine Components\IPT;C:\Program Files (x86)\Intel\Intel(R) Management Engine Components\DAL;C:\Program Files (x86)\Intel\Intel(R) Management Engine Components\IPT;C:\Program Files\Intel\WiFi\bin\;C:\Program Files\Common Files\Intel\WirelessCommon\;C:\apache-tomcat-7.0.34\bin;C:\Program Files (x86)\Common Files\Adobe\AGL;C:\Program Files\TortoiseSVN\bin;C:\WINDOWS\system32\config\systemprofile\.dnx\bin;C:\Program Files\Microsoft DNX\Dnvm\;C:\Program Files (x86)\Windows Kits\8.1\Windows Performance Toolkit\;C:\Program Files (x86)\VisualSVN\bin;C:\Program Files\Java\jdk1.8.0_25\bin;C:\WINDOWS\System32\OpenSSH\;C:\Users\shufang xie\AppData\Local\Programs\Python\Python35-32\Scripts\;C:\Users\shufang xie\AppData\Local\Programs\Python\Python35-32\;C:\Program Files\Intel\WiFi\bin\;C:\Program Files\Common Files\Intel\WirelessCommon\;C:\Users\shufang xie\AppData\Local\Microsoft\WindowsApps;;F:\eclipse-java-photon-R-win32-x86_64\eclipse;
USERNAME=Zhang
OS=Windows_NT
PROCESSOR_IDENTIFIER=Intel64 Family 6 Model 60 Stepping 3, GenuineIntel



---------------  S Y S T E M  ---------------

OS: Windows 10 , 64 bit Build 17134 (10.0.17134.753)

CPU:total 8 (initial active 8) (4 cores per cpu, 2 threads per core) family 6 model 60 stepping 3, cmov, cx8, fxsr, mmx, sse, sse2, sse3, ssse3, sse4.1, sse4.2, popcnt, avx, avx2, aes, clmul, erms, lzcnt, ht, tsc, tscinvbit, bmi1, bmi2, fma

Memory: 4k page, physical 16665224k(8244480k free), swap 26750572k(13032140k free)

vm_info: Java HotSpot(TM) 64-Bit Server VM (9.0.1+11) for windows-amd64 JRE (9.0.1+11), built on Sep 28 2017 04:54:03 by "mach5one" with MS VC++ 12.0 (VS2013)

END.
