#
# A fatal error has been detected by the Java Runtime Environment:
#
#  EXCEPTION_ACCESS_VIOLATION (0xc0000005) at pc=0x00007ffe2b0eed66, pid=7576, tid=27520
#
# JRE version: Java(TM) SE Runtime Environment (9.0+11) (build 9.0.1+11)
# Java VM: Java HotSpot(TM) 64-Bit Server VM (9.0.1+11, mixed mode, tiered, compressed oops, g1 gc, windows-amd64)
# Problematic frame:
# C  [jniortools.dll+0x81ed66]
#
# No core dump will be written. Minidumps are not enabled by default on client versions of Windows
#
# If you would like to submit a bug report, please visit:
#   http://bugreport.java.com/bugreport/crash.jsp
# The crash happened outside the Java Virtual Machine in native code.
# See problematic frame for where to report the bug.
#

---------------  S U M M A R Y ------------

Command Line: -Dfile.encoding=Cp1252 Start

Host: Intel(R) Core(TM) i7-4702MQ CPU @ 2.20GHz, 8 cores, 15G,  Windows 10 , 64 bit Build 17134 (10.0.17134.753)
Time: Tue Jun 04 18:06:35 2019 W. Europe Daylight Time elapsed time: 5 seconds (0d 0h 0m 5s)

---------------  T H R E A D  ---------------

Current thread (0x0000022150534000):  JavaThread "main" [_thread_in_native, id=27520, stack(0x000000c304f00000,0x000000c305000000)]

Stack: [0x000000c304f00000,0x000000c305000000],  sp=0x000000c304fee890,  free space=954k
Native frames: (J=compiled Java code, j=interpreted, Vv=VM code, C=native code)
C  [jniortools.dll+0x81ed66]
C  [jniortools.dll+0x8ca125]
C  [jniortools.dll+0x8720de]
C  [jniortools.dll+0x88ce0b]
C  [jniortools.dll+0x8a1caa]
C  [jniortools.dll+0x8a1dd8]
C  [jniortools.dll+0x5fb2c5]
C  [jniortools.dll+0x43f2d6]
C  [jniortools.dll+0x43f3eb]
C  0x0000022158a0921c

Java frames: (J=compiled Java code, j=interpreted, Vv=VM code)
j  com.google.ortools.linearsolver.main_research_linear_solverJNI.MPSolver_solve__SWIG_0(JLcom/google/ortools/linearsolver/MPSolver;)I+0
j  com.google.ortools.linearsolver.MPSolver.solve()Lcom/google/ortools/linearsolver/MPSolver$ResultStatus;+5
J 474 c2 solver.cp.ORASolverByMIP.solveWithAllActivities(Z)Z (1159 bytes) @ 0x0000022160520264 [0x000002216051b0e0+0x0000000000005184]
j  solver.cp.ORASolverByMIP.solveByReducingActivity(Z)Z+130
j  solver.cp.ORASolverByMIP.start(Z)Z+2
j  solver.AbstractORASlover.solve(ZZ)V+2
j  Start.main([Ljava/lang/String;)V+20
v  ~StubRoutines::call_stub

siginfo: EXCEPTION_ACCESS_VIOLATION (0xc0000005), reading address 0x000002217dcb0000


Register to memory mapping:

RIP=0x00007ffe2b0eed66 jniortools.dll
RAX=0x0000000000002ffc is an unknown value
RBX=0x000002217abfc850 is an unknown value
RCX=0x000002217abff84c is an unknown value
RDX=0x000002217dcb0000 is an unknown value
RSP=0x000000c304fee890 is pointing into the stack for thread: 0x0000022150534000
RBP=0x000000c304fee990 is pointing into the stack for thread: 0x0000022150534000
RSI=0x0000000000000001 is an unknown value
RDI=0x000002217ac7bd98 is an unknown value
R8 =0x0000000000000bb8 is an unknown value
R9 =0x0000000000000000 is an unknown value
R10=0x0000022176918080 is an unknown value
R11=0x000002217abfc850 is an unknown value
R12=0x000002217a7c7850 is an unknown value
R13=0x0000000000000bea is an unknown value
R14=0x0000000000003081 is an unknown value
R15=0x000002217ac78df0 is an unknown value


Registers:
RAX=0x0000000000002ffc, RBX=0x000002217abfc850, RCX=0x000002217abff84c, RDX=0x000002217dcb0000
RSP=0x000000c304fee890, RBP=0x000000c304fee990, RSI=0x0000000000000001, RDI=0x000002217ac7bd98
R8 =0x0000000000000bb8, R9 =0x0000000000000000, R10=0x0000022176918080, R11=0x000002217abfc850
R12=0x000002217a7c7850, R13=0x0000000000000bea, R14=0x0000000000003081, R15=0x000002217ac78df0
RIP=0x00007ffe2b0eed66, EFLAGS=0x0000000000010287

Top of Stack: (sp=0x000000c304fee890)
0x000000c304fee890:   0000000000002d3d 000000c304fee990
0x000000c304fee8a0:   0000000000003081 000002217ac78df0
0x000000c304fee8b0:   0000022100000000 0000022100000002
0x000000c304fee8c0:   000002217e174001 00000221793d3301
0x000000c304fee8d0:   0000000000000000 000000000000000f
0x000000c304fee8e0:   000002217a7c7850 0000034400003081
0x000000c304fee8f0:   0000000000000000 000002217e56a850
0x000000c304fee900:   00000bb800000002 000002217ac78df0
0x000000c304fee910:   0000000000000000 0000022100000312
0x000000c304fee920:   0000022100000000 ffffffff00000001
0x000000c304fee930:   000002217a78d840 0000022100000bb8
0x000000c304fee940:   0000000000000344 0000022100002d6f
0x000000c304fee950:   0000000000000344 0000000000000312
0x000000c304fee960:   0000022100000312 0000022179396010
0x000000c304fee970:   0000000000000000 0000022100000014
0x000000c304fee980:   000000c304fefc20 0000000000000064 

Instructions: (pc=0x00007ffe2b0eed66)
0x00007ffe2b0eed46:   19 01 48 ff c2 48 3b d7 7c f0 45 8b c5 45 85 f6
0x00007ffe2b0eed56:   7e 46 48 8b cb 49 8d 3c bf 48 8b 95 a8 00 00 00
0x00007ffe2b0eed66:   83 3a 01 75 0e 80 39 00 75 09 89 07 41 ff c5 48
0x00007ffe2b0eed76:   83 c7 04 ff c0 48 83 c2 04 48 ff c1 41 3b c6 7c 



---------------  P R O C E S S  ---------------

Java Threads: ( => current thread )
  0x00000221759c6000 JavaThread "Service Thread" daemon [_thread_blocked, id=19228, stack(0x000000c306f00000,0x000000c307000000)]
  0x000002217585d000 JavaThread "Common-Cleaner" daemon [_thread_blocked, id=24024, stack(0x000000c306e00000,0x000000c306f00000)]
  0x000002217575e800 JavaThread "Sweeper thread" daemon [_thread_blocked, id=11376, stack(0x000000c306d00000,0x000000c306e00000)]
  0x000002217575a000 JavaThread "C1 CompilerThread3" daemon [_thread_blocked, id=19484, stack(0x000000c306c00000,0x000000c306d00000)]
  0x0000022175753000 JavaThread "C2 CompilerThread2" daemon [_thread_blocked, id=20308, stack(0x000000c306b00000,0x000000c306c00000)]
  0x000002217574f800 JavaThread "C2 CompilerThread1" daemon [_thread_blocked, id=12728, stack(0x000000c306a00000,0x000000c306b00000)]
  0x000002217574e000 JavaThread "C2 CompilerThread0" daemon [_thread_blocked, id=22104, stack(0x000000c306900000,0x000000c306a00000)]
  0x0000022174f2b800 JavaThread "Attach Listener" daemon [_thread_blocked, id=4012, stack(0x000000c306800000,0x000000c306900000)]
  0x0000022175749000 JavaThread "Signal Dispatcher" daemon [_thread_blocked, id=4804, stack(0x000000c306700000,0x000000c306800000)]
  0x0000022175738800 JavaThread "Finalizer" daemon [_thread_blocked, id=8640, stack(0x000000c306600000,0x000000c306700000)]
  0x0000022174f26800 JavaThread "Reference Handler" daemon [_thread_blocked, id=16896, stack(0x000000c306500000,0x000000c306600000)]
=>0x0000022150534000 JavaThread "main" [_thread_in_native, id=27520, stack(0x000000c304f00000,0x000000c305000000)]

Other Threads:
  0x0000022174f25800 VMThread "VM Thread" [stack: 0x000000c306400000,0x000000c306500000] [id=128]
  0x00000221759d3800 WatcherThread [stack: 0x000000c307000000,0x000000c307100000] [id=20184]
  0x000002215054d000 GCTaskThread "GC Thread#0" [stack: 0x000000c305000000,0x000000c305100000] [id=14152]
  0x000002215054e800 GCTaskThread "GC Thread#1" [stack: 0x000000c305100000,0x000000c305200000] [id=2400]
  0x0000022150552000 GCTaskThread "GC Thread#2" [stack: 0x000000c305200000,0x000000c305300000] [id=5288]
  0x0000022150559000 GCTaskThread "GC Thread#3" [stack: 0x000000c305300000,0x000000c305400000] [id=25844]
  0x000002215055e000 GCTaskThread "GC Thread#4" [stack: 0x000000c305400000,0x000000c305500000] [id=27228]
  0x000002215055f800 GCTaskThread "GC Thread#5" [stack: 0x000000c305500000,0x000000c305600000] [id=12148]
  0x0000022150565000 GCTaskThread "GC Thread#6" [stack: 0x000000c305600000,0x000000c305700000] [id=14256]
  0x0000022150561000 GCTaskThread "GC Thread#7" [stack: 0x000000c305700000,0x000000c305800000] [id=23232]
  0x00000221505e6000 ConcurrentGCThread "G1 Main Marker" [stack: 0x000000c306100000,0x000000c306200000] [id=27620]
  0x0000022150566800 ConcurrentGCThread "G1 Marker#0" [stack: 0x000000c306200000,0x000000c306300000] [id=15116]
  0x0000022150565800 ConcurrentGCThread "G1 Marker#1" [stack: 0x000000c306300000,0x000000c306400000] [id=10920]
  0x000002215058f800 ConcurrentGCThread "G1 Refine#0" [stack: 0x000000c305f00000,0x000000c306000000] [id=25540]
  0x000002215057e800 ConcurrentGCThread "G1 Refine#1" [stack: 0x000000c305e00000,0x000000c305f00000] [id=19188]
  0x000002215057d800 ConcurrentGCThread "G1 Refine#2" [stack: 0x000000c305d00000,0x000000c305e00000] [id=9664]
  0x0000022150579800 ConcurrentGCThread "G1 Refine#3" [stack: 0x000000c305c00000,0x000000c305d00000] [id=19852]
  0x0000022150578800 ConcurrentGCThread "G1 Refine#4" [stack: 0x000000c305b00000,0x000000c305c00000] [id=6464]
  0x0000022150575800 ConcurrentGCThread "G1 Refine#5" [stack: 0x000000c305a00000,0x000000c305b00000] [id=17124]
  0x0000022150573800 ConcurrentGCThread "G1 Refine#6" [stack: 0x000000c305900000,0x000000c305a00000] [id=16700]
  0x0000022150572800 ConcurrentGCThread "G1 Refine#7" [stack: 0x000000c305800000,0x000000c305900000] [id=11668]
  0x0000022150590800 ConcurrentGCThread "G1 Young RemSet Sampling" [stack: 0x000000c306000000,0x000000c306100000] [id=18000]

Threads with active compile tasks:

VM state:not at safepoint (normal execution)

VM Mutex/Monitor currently owned by a thread: None

Heap address: 0x00000006c1a00000, size: 4070 MB, Compressed Oops mode: Zero based, Oop shift amount: 3
Narrow klass base: 0x0000000000000000, Narrow klass shift: 3
Compressed class space size: 1073741824 Address: 0x00000007c0000000

Heap:
 garbage-first heap   total 512000K, used 97897K [0x00000006c1a00000, 0x00000006c1b00fa0, 0x00000007c0000000)
  region size 1024K, 12 young (12288K), 11 survivors (11264K)
 Metaspace       used 5713K, capacity 5890K, committed 6016K, reserved 1056768K
  class space    used 541K, capacity 570K, committed 640K, reserved 1048576K
Heap Regions: E=young(eden), S=young(survivor), O=old, HS=humongous(starts), HC=humongous(continues), CS=collection set, F=free, A=archive, TS=gc time stamp, AC=allocation context, TAMS=top-at-mark-start (previous, next)
|   0|0x00000006c1a00000, 0x00000006c1b00000, 0x00000006c1b00000|100%|HS|  |TS  0|AC  0|TAMS 0x00000006c1a00000, 0x00000006c1a00000|
|   1|0x00000006c1b00000, 0x00000006c1c00000, 0x00000006c1c00000|100%| O|  |TS  1|AC  0|TAMS 0x00000006c1b00000, 0x00000006c1b00000|
|   2|0x00000006c1c00000, 0x00000006c1d00000, 0x00000006c1d00000|100%| O|  |TS  1|AC  0|TAMS 0x00000006c1c00000, 0x00000006c1c00000|
|   3|0x00000006c1d00000, 0x00000006c1e00000, 0x00000006c1e00000|100%| O|  |TS  1|AC  0|TAMS 0x00000006c1d00000, 0x00000006c1d00000|
|   4|0x00000006c1e00000, 0x00000006c1f00000, 0x00000006c1f00000|100%| O|  |TS  1|AC  0|TAMS 0x00000006c1e00000, 0x00000006c1e00000|
|   5|0x00000006c1f00000, 0x00000006c2000000, 0x00000006c2000000|100%| O|  |TS  1|AC  0|TAMS 0x00000006c1f00000, 0x00000006c1f00000|
|   6|0x00000006c2000000, 0x00000006c2100000, 0x00000006c2100000|100%| O|  |TS  1|AC  0|TAMS 0x00000006c2000000, 0x00000006c2000000|
|   7|0x00000006c2100000, 0x00000006c2200000, 0x00000006c2200000|100%| O|  |TS  1|AC  0|TAMS 0x00000006c2100000, 0x00000006c2100000|
|   8|0x00000006c2200000, 0x00000006c2300000, 0x00000006c2300000|100%| O|  |TS  3|AC  0|TAMS 0x00000006c2200000, 0x00000006c2200000|
|   9|0x00000006c2300000, 0x00000006c2400000, 0x00000006c2400000|100%| O|  |TS  3|AC  0|TAMS 0x00000006c2300000, 0x00000006c2300000|
|  10|0x00000006c2400000, 0x00000006c2500000, 0x00000006c2500000|100%| O|  |TS  3|AC  0|TAMS 0x00000006c2400000, 0x00000006c2400000|
|  11|0x00000006c2500000, 0x00000006c2600000, 0x00000006c2600000|100%| O|  |TS  3|AC  0|TAMS 0x00000006c2500000, 0x00000006c2500000|
|  12|0x00000006c2600000, 0x00000006c2700000, 0x00000006c2700000|100%|HS|  |TS  0|AC  0|TAMS 0x00000006c2600000, 0x00000006c2600000|
|  13|0x00000006c2700000, 0x00000006c2800000, 0x00000006c2800000|100%| O|  |TS  7|AC  0|TAMS 0x00000006c2700000, 0x00000006c2700000|
|  14|0x00000006c2800000, 0x00000006c2900000, 0x00000006c2900000|100%| O|  |TS  9|AC  0|TAMS 0x00000006c2800000, 0x00000006c2800000|
|  15|0x00000006c2900000, 0x00000006c2a00000, 0x00000006c2a00000|100%|HS|  |TS  0|AC  0|TAMS 0x00000006c2900000, 0x00000006c2900000|
|  16|0x00000006c2a00000, 0x00000006c2b00000, 0x00000006c2b00000|100%|HS|  |TS  0|AC  0|TAMS 0x00000006c2a00000, 0x00000006c2a00000|
|  17|0x00000006c2b00000, 0x00000006c2c00000, 0x00000006c2c00000|100%| O|  |TS  9|AC  0|TAMS 0x00000006c2b00000, 0x00000006c2b00000|
|  18|0x00000006c2c00000, 0x00000006c2d00000, 0x00000006c2d00000|100%| O|  |TS  9|AC  0|TAMS 0x00000006c2c00000, 0x00000006c2c00000|
|  19|0x00000006c2d00000, 0x00000006c2e00000, 0x00000006c2e00000|100%| O|  |TS  9|AC  0|TAMS 0x00000006c2d00000, 0x00000006c2d00000|
|  20|0x00000006c2e00000, 0x00000006c2f00000, 0x00000006c2f00000|100%| O|  |TS  9|AC  0|TAMS 0x00000006c2e00000, 0x00000006c2e00000|
|  21|0x00000006c2f00000, 0x00000006c3000000, 0x00000006c3000000|100%| O|  |TS 11|AC  0|TAMS 0x00000006c2f00000, 0x00000006c2f00000|
|  22|0x00000006c3000000, 0x00000006c3100000, 0x00000006c3100000|100%|HS|  |TS  0|AC  0|TAMS 0x00000006c3000000, 0x00000006c3000000|
|  23|0x00000006c3100000, 0x00000006c3200000, 0x00000006c3200000|100%| O|  |TS 11|AC  0|TAMS 0x00000006c3100000, 0x00000006c3100000|
|  24|0x00000006c3200000, 0x00000006c3300000, 0x00000006c3300000|100%| O|  |TS 11|AC  0|TAMS 0x00000006c3200000, 0x00000006c3200000|
|  25|0x00000006c3300000, 0x00000006c3400000, 0x00000006c3400000|100%| O|  |TS 11|AC  0|TAMS 0x00000006c3300000, 0x00000006c3300000|
|  26|0x00000006c3400000, 0x00000006c3500000, 0x00000006c3500000|100%| O|  |TS 11|AC  0|TAMS 0x00000006c3400000, 0x00000006c3400000|
|  27|0x00000006c3500000, 0x00000006c3600000, 0x00000006c3600000|100%| O|  |TS 11|AC  0|TAMS 0x00000006c3500000, 0x00000006c3500000|
|  28|0x00000006c3600000, 0x00000006c3700000, 0x00000006c3700000|100%| O|  |TS 11|AC  0|TAMS 0x00000006c3600000, 0x00000006c3600000|
|  29|0x00000006c3700000, 0x00000006c3800000, 0x00000006c3800000|100%| O|  |TS 11|AC  0|TAMS 0x00000006c3700000, 0x00000006c3700000|
|  30|0x00000006c3800000, 0x00000006c3900000, 0x00000006c3900000|100%| O|  |TS 11|AC  0|TAMS 0x00000006c3800000, 0x00000006c3800000|
|  31|0x00000006c3900000, 0x00000006c3a00000, 0x00000006c3a00000|100%| O|  |TS 11|AC  0|TAMS 0x00000006c3900000, 0x00000006c3900000|
|  32|0x00000006c3a00000, 0x00000006c3b00000, 0x00000006c3b00000|100%| O|  |TS 11|AC  0|TAMS 0x00000006c3a00000, 0x00000006c3a00000|
|  33|0x00000006c3b00000, 0x00000006c3c00000, 0x00000006c3c00000|100%| O|  |TS 11|AC  0|TAMS 0x00000006c3b00000, 0x00000006c3b00000|
|  34|0x00000006c3c00000, 0x00000006c3d00000, 0x00000006c3d00000|100%| O|  |TS 11|AC  0|TAMS 0x00000006c3c00000, 0x00000006c3c00000|
|  35|0x00000006c3d00000, 0x00000006c3e00000, 0x00000006c3e00000|100%| O|  |TS 11|AC  0|TAMS 0x00000006c3d00000, 0x00000006c3d00000|
|  36|0x00000006c3e00000, 0x00000006c3f00000, 0x00000006c3f00000|100%| O|  |TS 11|AC  0|TAMS 0x00000006c3e00000, 0x00000006c3e00000|
|  37|0x00000006c3f00000, 0x00000006c4000000, 0x00000006c4000000|100%| O|  |TS 11|AC  0|TAMS 0x00000006c3f00000, 0x00000006c3f00000|
|  38|0x00000006c4000000, 0x00000006c4100000, 0x00000006c4100000|100%| O|  |TS 11|AC  0|TAMS 0x00000006c4000000, 0x00000006c4000000|
|  39|0x00000006c4100000, 0x00000006c4200000, 0x00000006c4200000|100%| O|  |TS 11|AC  0|TAMS 0x00000006c4100000, 0x00000006c4100000|
|  40|0x00000006c4200000, 0x00000006c4300000, 0x00000006c4300000|100%| O|  |TS 11|AC  0|TAMS 0x00000006c4200000, 0x00000006c4200000|
|  41|0x00000006c4300000, 0x00000006c4400000, 0x00000006c4400000|100%| O|  |TS 11|AC  0|TAMS 0x00000006c4300000, 0x00000006c4300000|
|  42|0x00000006c4400000, 0x00000006c4500000, 0x00000006c4500000|100%| O|  |TS 11|AC  0|TAMS 0x00000006c4400000, 0x00000006c4400000|
|  43|0x00000006c4500000, 0x00000006c4600000, 0x00000006c4600000|100%| O|  |TS 13|AC  0|TAMS 0x00000006c4500000, 0x00000006c4500000|
|  44|0x00000006c4600000, 0x00000006c4700000, 0x00000006c4700000|100%|HS|  |TS  0|AC  0|TAMS 0x00000006c4600000, 0x00000006c4600000|
|  45|0x00000006c4700000, 0x00000006c4800000, 0x00000006c4800000|100%| O|  |TS 13|AC  0|TAMS 0x00000006c4700000, 0x00000006c4700000|
|  46|0x00000006c4800000, 0x00000006c4900000, 0x00000006c4900000|100%| O|  |TS 13|AC  0|TAMS 0x00000006c4800000, 0x00000006c4800000|
|  47|0x00000006c4900000, 0x00000006c4a00000, 0x00000006c4a00000|100%| O|  |TS 13|AC  0|TAMS 0x00000006c4900000, 0x00000006c4900000|
|  48|0x00000006c4a00000, 0x00000006c4b00000, 0x00000006c4b00000|100%| O|  |TS 13|AC  0|TAMS 0x00000006c4a00000, 0x00000006c4a00000|
|  49|0x00000006c4b00000, 0x00000006c4c00000, 0x00000006c4c00000|100%| O|  |TS 13|AC  0|TAMS 0x00000006c4b00000, 0x00000006c4b00000|
|  50|0x00000006c4c00000, 0x00000006c4d00000, 0x00000006c4d00000|100%| O|  |TS 13|AC  0|TAMS 0x00000006c4c00000, 0x00000006c4c00000|
|  51|0x00000006c4d00000, 0x00000006c4e00000, 0x00000006c4e00000|100%| O|  |TS 13|AC  0|TAMS 0x00000006c4d00000, 0x00000006c4d00000|
|  52|0x00000006c4e00000, 0x00000006c4f00000, 0x00000006c4f00000|100%| O|  |TS 13|AC  0|TAMS 0x00000006c4e00000, 0x00000006c4e00000|
|  53|0x00000006c4f00000, 0x00000006c5000000, 0x00000006c5000000|100%| O|  |TS 13|AC  0|TAMS 0x00000006c4f00000, 0x00000006c4f00000|
|  54|0x00000006c5000000, 0x00000006c5100000, 0x00000006c5100000|100%| O|  |TS 15|AC  0|TAMS 0x00000006c5000000, 0x00000006c5000000|
|  55|0x00000006c5100000, 0x00000006c5200000, 0x00000006c5200000|100%|HS|  |TS  0|AC  0|TAMS 0x00000006c5100000, 0x00000006c5100000|
|  56|0x00000006c5200000, 0x00000006c5300000, 0x00000006c5300000|100%|HS|  |TS  0|AC  0|TAMS 0x00000006c5200000, 0x00000006c5200000|
|  57|0x00000006c5300000, 0x00000006c5400000, 0x00000006c5400000|100%| O|  |TS 15|AC  0|TAMS 0x00000006c5300000, 0x00000006c5300000|
|  58|0x00000006c5400000, 0x00000006c5500000, 0x00000006c5500000|100%| O|  |TS 15|AC  0|TAMS 0x00000006c5400000, 0x00000006c5400000|
|  59|0x00000006c5500000, 0x00000006c5600000, 0x00000006c5600000|100%| O|  |TS 15|AC  0|TAMS 0x00000006c5500000, 0x00000006c5500000|
|  60|0x00000006c5600000, 0x00000006c5700000, 0x00000006c5700000|100%| O|  |TS 15|AC  0|TAMS 0x00000006c5600000, 0x00000006c5600000|
|  61|0x00000006c5700000, 0x00000006c5800000, 0x00000006c5800000|100%| O|  |TS 15|AC  0|TAMS 0x00000006c5700000, 0x00000006c5700000|
|  62|0x00000006c5800000, 0x00000006c5900000, 0x00000006c5900000|100%| O|  |TS 15|AC  0|TAMS 0x00000006c5800000, 0x00000006c5800000|
|  63|0x00000006c5900000, 0x00000006c5a00000, 0x00000006c5a00000|100%| O|  |TS 15|AC  0|TAMS 0x00000006c5900000, 0x00000006c5900000|
|  64|0x00000006c5a00000, 0x00000006c5b00000, 0x00000006c5b00000|100%| O|  |TS 15|AC  0|TAMS 0x00000006c5a00000, 0x00000006c5a00000|
|  65|0x00000006c5b00000, 0x00000006c5c00000, 0x00000006c5c00000|100%| O|  |TS 15|AC  0|TAMS 0x00000006c5b00000, 0x00000006c5b00000|
|  66|0x00000006c5c00000, 0x00000006c5d00000, 0x00000006c5d00000|100%| O|  |TS 15|AC  0|TAMS 0x00000006c5c00000, 0x00000006c5c00000|
|  67|0x00000006c5d00000, 0x00000006c5e00000, 0x00000006c5e00000|100%| O|  |TS 15|AC  0|TAMS 0x00000006c5d00000, 0x00000006c5d00000|
|  68|0x00000006c5e00000, 0x00000006c5f00000, 0x00000006c5f00000|100%| O|  |TS 17|AC  0|TAMS 0x00000006c5e00000, 0x00000006c5e00000|
|  69|0x00000006c5f00000, 0x00000006c6000000, 0x00000006c6000000|100%|HS|  |TS  0|AC  0|TAMS 0x00000006c5f00000, 0x00000006c5f00000|
|  70|0x00000006c6000000, 0x00000006c6100000, 0x00000006c6100000|100%| O|  |TS 17|AC  0|TAMS 0x00000006c6000000, 0x00000006c6000000|
|  71|0x00000006c6100000, 0x00000006c6200000, 0x00000006c6200000|100%| O|  |TS 17|AC  0|TAMS 0x00000006c6100000, 0x00000006c6100000|
|  72|0x00000006c6200000, 0x00000006c6300000, 0x00000006c6300000|100%| O|  |TS 17|AC  0|TAMS 0x00000006c6200000, 0x00000006c6200000|
|  73|0x00000006c6300000, 0x00000006c6400000, 0x00000006c6400000|100%| O|  |TS 17|AC  0|TAMS 0x00000006c6300000, 0x00000006c6300000|
|  74|0x00000006c6400000, 0x00000006c6500000, 0x00000006c6500000|100%| O|  |TS 17|AC  0|TAMS 0x00000006c6400000, 0x00000006c6400000|
|  75|0x00000006c6500000, 0x00000006c6600000, 0x00000006c6600000|100%| O|  |TS 17|AC  0|TAMS 0x00000006c6500000, 0x00000006c6500000|
|  76|0x00000006c6600000, 0x00000006c6700000, 0x00000006c6700000|100%| O|  |TS 17|AC  0|TAMS 0x00000006c6600000, 0x00000006c6600000|
|  77|0x00000006c6700000, 0x00000006c6800000, 0x00000006c6800000|100%| O|  |TS 17|AC  0|TAMS 0x00000006c6700000, 0x00000006c6700000|
|  78|0x00000006c6800000, 0x00000006c6900000, 0x00000006c6900000|100%| O|  |TS 17|AC  0|TAMS 0x00000006c6800000, 0x00000006c6800000|
|  79|0x00000006c6900000, 0x00000006c6a00000, 0x00000006c6a00000|100%| O|  |TS 17|AC  0|TAMS 0x00000006c6900000, 0x00000006c6900000|
|  80|0x00000006c6a00000, 0x00000006c6b00000, 0x00000006c6b00000|100%| O|  |TS 17|AC  0|TAMS 0x00000006c6a00000, 0x00000006c6a00000|
|  81|0x00000006c6b00000, 0x00000006c6c00000, 0x00000006c6c00000|100%| O|  |TS 17|AC  0|TAMS 0x00000006c6b00000, 0x00000006c6b00000|
|  82|0x00000006c6c00000, 0x00000006c6d00000, 0x00000006c6d00000|100%| O|  |TS 17|AC  0|TAMS 0x00000006c6c00000, 0x00000006c6c00000|
|  83|0x00000006c6d00000, 0x00000006c6e00000, 0x00000006c6e00000|100%| O|  |TS 17|AC  0|TAMS 0x00000006c6d00000, 0x00000006c6d00000|
|  84|0x00000006c6e00000, 0x00000006c6f00000, 0x00000006c6f00000|100%| O|  |TS 17|AC  0|TAMS 0x00000006c6e00000, 0x00000006c6e00000|
|  85|0x00000006c6f00000, 0x00000006c6f44200, 0x00000006c7000000| 26%| O|  |TS 17|AC  0|TAMS 0x00000006c6f00000, 0x00000006c6f00000|
|  86|0x00000006c7000000, 0x00000006c7000000, 0x00000006c7100000|  0%| F|  |TS 11|AC  0|TAMS 0x00000006c7000000, 0x00000006c7000000|
|  87|0x00000006c7100000, 0x00000006c7100000, 0x00000006c7200000|  0%| F|  |TS 11|AC  0|TAMS 0x00000006c7100000, 0x00000006c7100000|
|  88|0x00000006c7200000, 0x00000006c7200000, 0x00000006c7300000|  0%| F|  |TS 11|AC  0|TAMS 0x00000006c7200000, 0x00000006c7200000|
|  89|0x00000006c7300000, 0x00000006c7300000, 0x00000006c7400000|  0%| F|  |TS 11|AC  0|TAMS 0x00000006c7300000, 0x00000006c7300000|
|  90|0x00000006c7400000, 0x00000006c7400000, 0x00000006c7500000|  0%| F|  |TS 11|AC  0|TAMS 0x00000006c7400000, 0x00000006c7400000|
|  91|0x00000006c7500000, 0x00000006c7500000, 0x00000006c7600000|  0%| F|  |TS 11|AC  0|TAMS 0x00000006c7500000, 0x00000006c7500000|
|  92|0x00000006c7600000, 0x00000006c7600000, 0x00000006c7700000|  0%| F|  |TS 11|AC  0|TAMS 0x00000006c7600000, 0x00000006c7600000|
|  93|0x00000006c7700000, 0x00000006c7700000, 0x00000006c7800000|  0%| F|  |TS 11|AC  0|TAMS 0x00000006c7700000, 0x00000006c7700000|
|  94|0x00000006c7800000, 0x00000006c7800000, 0x00000006c7900000|  0%| F|  |TS 11|AC  0|TAMS 0x00000006c7800000, 0x00000006c7800000|
|  95|0x00000006c7900000, 0x00000006c7900000, 0x00000006c7a00000|  0%| F|  |TS 11|AC  0|TAMS 0x00000006c7900000, 0x00000006c7900000|
|  96|0x00000006c7a00000, 0x00000006c7a00000, 0x00000006c7b00000|  0%| F|  |TS 11|AC  0|TAMS 0x00000006c7a00000, 0x00000006c7a00000|
|  97|0x00000006c7b00000, 0x00000006c7b00000, 0x00000006c7c00000|  0%| F|  |TS 11|AC  0|TAMS 0x00000006c7b00000, 0x00000006c7b00000|
|  98|0x00000006c7c00000, 0x00000006c7c00000, 0x00000006c7d00000|  0%| F|  |TS 11|AC  0|TAMS 0x00000006c7c00000, 0x00000006c7c00000|
|  99|0x00000006c7d00000, 0x00000006c7d00000, 0x00000006c7e00000|  0%| F|  |TS 11|AC  0|TAMS 0x00000006c7d00000, 0x00000006c7d00000|
| 100|0x00000006c7e00000, 0x00000006c7e00000, 0x00000006c7f00000|  0%| F|  |TS 11|AC  0|TAMS 0x00000006c7e00000, 0x00000006c7e00000|
| 101|0x00000006c7f00000, 0x00000006c7f00000, 0x00000006c8000000|  0%| F|  |TS 11|AC  0|TAMS 0x00000006c7f00000, 0x00000006c7f00000|
| 102|0x00000006c8000000, 0x00000006c8000000, 0x00000006c8100000|  0%| F|  |TS 11|AC  0|TAMS 0x00000006c8000000, 0x00000006c8000000|
| 103|0x00000006c8100000, 0x00000006c8100000, 0x00000006c8200000|  0%| F|  |TS  9|AC  0|TAMS 0x00000006c8100000, 0x00000006c8100000|
| 104|0x00000006c8200000, 0x00000006c8200000, 0x00000006c8300000|  0%| F|  |TS  9|AC  0|TAMS 0x00000006c8200000, 0x00000006c8200000|
| 105|0x00000006c8300000, 0x00000006c8300000, 0x00000006c8400000|  0%| F|  |TS  9|AC  0|TAMS 0x00000006c8300000, 0x00000006c8300000|
| 106|0x00000006c8400000, 0x00000006c8400000, 0x00000006c8500000|  0%| F|  |TS  9|AC  0|TAMS 0x00000006c8400000, 0x00000006c8400000|
| 107|0x00000006c8500000, 0x00000006c8500000, 0x00000006c8600000|  0%| F|  |TS  9|AC  0|TAMS 0x00000006c8500000, 0x00000006c8500000|
| 108|0x00000006c8600000, 0x00000006c8600000, 0x00000006c8700000|  0%| F|  |TS  9|AC  0|TAMS 0x00000006c8600000, 0x00000006c8600000|
| 109|0x00000006c8700000, 0x00000006c8700000, 0x00000006c8800000|  0%| F|  |TS  9|AC  0|TAMS 0x00000006c8700000, 0x00000006c8700000|
| 110|0x00000006c8800000, 0x00000006c8800000, 0x00000006c8900000|  0%| F|  |TS  9|AC  0|TAMS 0x00000006c8800000, 0x00000006c8800000|
| 111|0x00000006c8900000, 0x00000006c8900000, 0x00000006c8a00000|  0%| F|  |TS  9|AC  0|TAMS 0x00000006c8900000, 0x00000006c8900000|
| 112|0x00000006c8a00000, 0x00000006c8a00000, 0x00000006c8b00000|  0%| F|  |TS  9|AC  0|TAMS 0x00000006c8a00000, 0x00000006c8a00000|
| 113|0x00000006c8b00000, 0x00000006c8b00000, 0x00000006c8c00000|  0%| F|  |TS  9|AC  0|TAMS 0x00000006c8b00000, 0x00000006c8b00000|
| 114|0x00000006c8c00000, 0x00000006c8c00000, 0x00000006c8d00000|  0%| F|  |TS  9|AC  0|TAMS 0x00000006c8c00000, 0x00000006c8c00000|
| 115|0x00000006c8d00000, 0x00000006c8d00000, 0x00000006c8e00000|  0%| F|  |TS  9|AC  0|TAMS 0x00000006c8d00000, 0x00000006c8d00000|
| 116|0x00000006c8e00000, 0x00000006c8e00000, 0x00000006c8f00000|  0%| F|  |TS  9|AC  0|TAMS 0x00000006c8e00000, 0x00000006c8e00000|
| 117|0x00000006c8f00000, 0x00000006c8f00000, 0x00000006c9000000|  0%| F|  |TS  9|AC  0|TAMS 0x00000006c8f00000, 0x00000006c8f00000|
| 118|0x00000006c9000000, 0x00000006c9000000, 0x00000006c9100000|  0%| F|  |TS  9|AC  0|TAMS 0x00000006c9000000, 0x00000006c9000000|
| 119|0x00000006c9100000, 0x00000006c9100000, 0x00000006c9200000|  0%| F|  |TS  9|AC  0|TAMS 0x00000006c9100000, 0x00000006c9100000|
| 120|0x00000006c9200000, 0x00000006c9200000, 0x00000006c9300000|  0%| F|  |TS  9|AC  0|TAMS 0x00000006c9200000, 0x00000006c9200000|
| 121|0x00000006c9300000, 0x00000006c9300000, 0x00000006c9400000|  0%| F|  |TS  9|AC  0|TAMS 0x00000006c9300000, 0x00000006c9300000|
| 122|0x00000006c9400000, 0x00000006c9400000, 0x00000006c9500000|  0%| F|  |TS  9|AC  0|TAMS 0x00000006c9400000, 0x00000006c9400000|
| 123|0x00000006c9500000, 0x00000006c9500000, 0x00000006c9600000|  0%| F|  |TS  9|AC  0|TAMS 0x00000006c9500000, 0x00000006c9500000|
| 124|0x00000006c9600000, 0x00000006c9600000, 0x00000006c9700000|  0%| F|  |TS  9|AC  0|TAMS 0x00000006c9600000, 0x00000006c9600000|
| 125|0x00000006c9700000, 0x00000006c9700000, 0x00000006c9800000|  0%| F|  |TS  9|AC  0|TAMS 0x00000006c9700000, 0x00000006c9700000|
| 126|0x00000006c9800000, 0x00000006c9800000, 0x00000006c9900000|  0%| F|  |TS  9|AC  0|TAMS 0x00000006c9800000, 0x00000006c9800000|
| 127|0x00000006c9900000, 0x00000006c9900000, 0x00000006c9a00000|  0%| F|  |TS  9|AC  0|TAMS 0x00000006c9900000, 0x00000006c9900000|
| 128|0x00000006c9a00000, 0x00000006c9a00000, 0x00000006c9b00000|  0%| F|  |TS  9|AC  0|TAMS 0x00000006c9a00000, 0x00000006c9a00000|
| 129|0x00000006c9b00000, 0x00000006c9b00000, 0x00000006c9c00000|  0%| F|  |TS  9|AC  0|TAMS 0x00000006c9b00000, 0x00000006c9b00000|
| 130|0x00000006c9c00000, 0x00000006c9c00000, 0x00000006c9d00000|  0%| F|  |TS  9|AC  0|TAMS 0x00000006c9c00000, 0x00000006c9c00000|
| 131|0x00000006c9d00000, 0x00000006c9d00000, 0x00000006c9e00000|  0%| F|  |TS  9|AC  0|TAMS 0x00000006c9d00000, 0x00000006c9d00000|
| 132|0x00000006c9e00000, 0x00000006c9e00000, 0x00000006c9f00000|  0%| F|  |TS  9|AC  0|TAMS 0x00000006c9e00000, 0x00000006c9e00000|
| 133|0x00000006c9f00000, 0x00000006c9f00000, 0x00000006ca000000|  0%| F|  |TS  9|AC  0|TAMS 0x00000006c9f00000, 0x00000006c9f00000|
| 134|0x00000006ca000000, 0x00000006ca000000, 0x00000006ca100000|  0%| F|  |TS  9|AC  0|TAMS 0x00000006ca000000, 0x00000006ca000000|
| 135|0x00000006ca100000, 0x00000006ca100000, 0x00000006ca200000|  0%| F|  |TS  9|AC  0|TAMS 0x00000006ca100000, 0x00000006ca100000|
| 136|0x00000006ca200000, 0x00000006ca200000, 0x00000006ca300000|  0%| F|  |TS  9|AC  0|TAMS 0x00000006ca200000, 0x00000006ca200000|
| 137|0x00000006ca300000, 0x00000006ca300000, 0x00000006ca400000|  0%| F|  |TS  9|AC  0|TAMS 0x00000006ca300000, 0x00000006ca300000|
| 138|0x00000006ca400000, 0x00000006ca400000, 0x00000006ca500000|  0%| F|  |TS  9|AC  0|TAMS 0x00000006ca400000, 0x00000006ca400000|
| 139|0x00000006ca500000, 0x00000006ca500000, 0x00000006ca600000|  0%| F|  |TS  9|AC  0|TAMS 0x00000006ca500000, 0x00000006ca500000|
| 140|0x00000006ca600000, 0x00000006ca600000, 0x00000006ca700000|  0%| F|  |TS  9|AC  0|TAMS 0x00000006ca600000, 0x00000006ca600000|
| 141|0x00000006ca700000, 0x00000006ca700000, 0x00000006ca800000|  0%| F|  |TS  9|AC  0|TAMS 0x00000006ca700000, 0x00000006ca700000|
| 142|0x00000006ca800000, 0x00000006ca800000, 0x00000006ca900000|  0%| F|  |TS  9|AC  0|TAMS 0x00000006ca800000, 0x00000006ca800000|
| 143|0x00000006ca900000, 0x00000006ca900000, 0x00000006caa00000|  0%| F|  |TS  9|AC  0|TAMS 0x00000006ca900000, 0x00000006ca900000|
| 144|0x00000006caa00000, 0x00000006caa00000, 0x00000006cab00000|  0%| F|  |TS  9|AC  0|TAMS 0x00000006caa00000, 0x00000006caa00000|
| 145|0x00000006cab00000, 0x00000006cab00000, 0x00000006cac00000|  0%| F|  |TS  9|AC  0|TAMS 0x00000006cab00000, 0x00000006cab00000|
| 146|0x00000006cac00000, 0x00000006cac00000, 0x00000006cad00000|  0%| F|  |TS  9|AC  0|TAMS 0x00000006cac00000, 0x00000006cac00000|
| 147|0x00000006cad00000, 0x00000006cad00000, 0x00000006cae00000|  0%| F|  |TS  9|AC  0|TAMS 0x00000006cad00000, 0x00000006cad00000|
| 148|0x00000006cae00000, 0x00000006cae00000, 0x00000006caf00000|  0%| F|  |TS  9|AC  0|TAMS 0x00000006cae00000, 0x00000006cae00000|
| 149|0x00000006caf00000, 0x00000006caf00000, 0x00000006cb000000|  0%| F|  |TS  9|AC  0|TAMS 0x00000006caf00000, 0x00000006caf00000|
| 150|0x00000006cb000000, 0x00000006cb000000, 0x00000006cb100000|  0%| F|  |TS  9|AC  0|TAMS 0x00000006cb000000, 0x00000006cb000000|
| 151|0x00000006cb100000, 0x00000006cb100000, 0x00000006cb200000|  0%| F|  |TS  9|AC  0|TAMS 0x00000006cb100000, 0x00000006cb100000|
| 152|0x00000006cb200000, 0x00000006cb200000, 0x00000006cb300000|  0%| F|  |TS  9|AC  0|TAMS 0x00000006cb200000, 0x00000006cb200000|
| 153|0x00000006cb300000, 0x00000006cb300000, 0x00000006cb400000|  0%| F|  |TS  9|AC  0|TAMS 0x00000006cb300000, 0x00000006cb300000|
| 154|0x00000006cb400000, 0x00000006cb400000, 0x00000006cb500000|  0%| F|  |TS  9|AC  0|TAMS 0x00000006cb400000, 0x00000006cb400000|
| 155|0x00000006cb500000, 0x00000006cb500000, 0x00000006cb600000|  0%| F|  |TS  9|AC  0|TAMS 0x00000006cb500000, 0x00000006cb500000|
| 156|0x00000006cb600000, 0x00000006cb600000, 0x00000006cb700000|  0%| F|  |TS  9|AC  0|TAMS 0x00000006cb600000, 0x00000006cb600000|
| 157|0x00000006cb700000, 0x00000006cb700000, 0x00000006cb800000|  0%| F|  |TS  9|AC  0|TAMS 0x00000006cb700000, 0x00000006cb700000|
| 158|0x00000006cb800000, 0x00000006cb800000, 0x00000006cb900000|  0%| F|  |TS  9|AC  0|TAMS 0x00000006cb800000, 0x00000006cb800000|
| 159|0x00000006cb900000, 0x00000006cb900000, 0x00000006cba00000|  0%| F|  |TS  9|AC  0|TAMS 0x00000006cb900000, 0x00000006cb900000|
| 160|0x00000006cba00000, 0x00000006cba00000, 0x00000006cbb00000|  0%| F|  |TS  9|AC  0|TAMS 0x00000006cba00000, 0x00000006cba00000|
| 161|0x00000006cbb00000, 0x00000006cbb00000, 0x00000006cbc00000|  0%| F|  |TS  9|AC  0|TAMS 0x00000006cbb00000, 0x00000006cbb00000|
| 162|0x00000006cbc00000, 0x00000006cbc00000, 0x00000006cbd00000|  0%| F|  |TS  9|AC  0|TAMS 0x00000006cbc00000, 0x00000006cbc00000|
| 163|0x00000006cbd00000, 0x00000006cbd00000, 0x00000006cbe00000|  0%| F|  |TS  9|AC  0|TAMS 0x00000006cbd00000, 0x00000006cbd00000|
| 164|0x00000006cbe00000, 0x00000006cbe00000, 0x00000006cbf00000|  0%| F|  |TS  9|AC  0|TAMS 0x00000006cbe00000, 0x00000006cbe00000|
| 165|0x00000006cbf00000, 0x00000006cbf00000, 0x00000006cc000000|  0%| F|  |TS  9|AC  0|TAMS 0x00000006cbf00000, 0x00000006cbf00000|
| 166|0x00000006cc000000, 0x00000006cc000000, 0x00000006cc100000|  0%| F|  |TS  9|AC  0|TAMS 0x00000006cc000000, 0x00000006cc000000|
| 167|0x00000006cc100000, 0x00000006cc100000, 0x00000006cc200000|  0%| F|  |TS  9|AC  0|TAMS 0x00000006cc100000, 0x00000006cc100000|
| 168|0x00000006cc200000, 0x00000006cc200000, 0x00000006cc300000|  0%| F|  |TS  9|AC  0|TAMS 0x00000006cc200000, 0x00000006cc200000|
| 169|0x00000006cc300000, 0x00000006cc300000, 0x00000006cc400000|  0%| F|  |TS  9|AC  0|TAMS 0x00000006cc300000, 0x00000006cc300000|
| 170|0x00000006cc400000, 0x00000006cc400000, 0x00000006cc500000|  0%| F|  |TS  9|AC  0|TAMS 0x00000006cc400000, 0x00000006cc400000|
| 171|0x00000006cc500000, 0x00000006cc500000, 0x00000006cc600000|  0%| F|  |TS  9|AC  0|TAMS 0x00000006cc500000, 0x00000006cc500000|
| 172|0x00000006cc600000, 0x00000006cc600000, 0x00000006cc700000|  0%| F|  |TS  9|AC  0|TAMS 0x00000006cc600000, 0x00000006cc600000|
| 173|0x00000006cc700000, 0x00000006cc700000, 0x00000006cc800000|  0%| F|  |TS  9|AC  0|TAMS 0x00000006cc700000, 0x00000006cc700000|
| 174|0x00000006cc800000, 0x00000006cc800000, 0x00000006cc900000|  0%| F|  |TS  9|AC  0|TAMS 0x00000006cc800000, 0x00000006cc800000|
| 175|0x00000006cc900000, 0x00000006cc900000, 0x00000006cca00000|  0%| F|  |TS  9|AC  0|TAMS 0x00000006cc900000, 0x00000006cc900000|
| 176|0x00000006cca00000, 0x00000006cca00000, 0x00000006ccb00000|  0%| F|  |TS  9|AC  0|TAMS 0x00000006cca00000, 0x00000006cca00000|
| 177|0x00000006ccb00000, 0x00000006ccb00000, 0x00000006ccc00000|  0%| F|  |TS  9|AC  0|TAMS 0x00000006ccb00000, 0x00000006ccb00000|
| 178|0x00000006ccc00000, 0x00000006ccc00000, 0x00000006ccd00000|  0%| F|  |TS  9|AC  0|TAMS 0x00000006ccc00000, 0x00000006ccc00000|
| 179|0x00000006ccd00000, 0x00000006ccd00000, 0x00000006cce00000|  0%| F|  |TS  9|AC  0|TAMS 0x00000006ccd00000, 0x00000006ccd00000|
| 180|0x00000006cce00000, 0x00000006cce00000, 0x00000006ccf00000|  0%| F|  |TS  9|AC  0|TAMS 0x00000006cce00000, 0x00000006cce00000|
| 181|0x00000006ccf00000, 0x00000006ccf00000, 0x00000006cd000000|  0%| F|  |TS  9|AC  0|TAMS 0x00000006ccf00000, 0x00000006ccf00000|
| 182|0x00000006cd000000, 0x00000006cd000000, 0x00000006cd100000|  0%| F|  |TS  9|AC  0|TAMS 0x00000006cd000000, 0x00000006cd000000|
| 183|0x00000006cd100000, 0x00000006cd100000, 0x00000006cd200000|  0%| F|  |TS  9|AC  0|TAMS 0x00000006cd100000, 0x00000006cd100000|
| 184|0x00000006cd200000, 0x00000006cd200000, 0x00000006cd300000|  0%| F|  |TS  9|AC  0|TAMS 0x00000006cd200000, 0x00000006cd200000|
| 185|0x00000006cd300000, 0x00000006cd300000, 0x00000006cd400000|  0%| F|  |TS  9|AC  0|TAMS 0x00000006cd300000, 0x00000006cd300000|
| 186|0x00000006cd400000, 0x00000006cd400000, 0x00000006cd500000|  0%| F|  |TS  9|AC  0|TAMS 0x00000006cd400000, 0x00000006cd400000|
| 187|0x00000006cd500000, 0x00000006cd500000, 0x00000006cd600000|  0%| F|  |TS  9|AC  0|TAMS 0x00000006cd500000, 0x00000006cd500000|
| 188|0x00000006cd600000, 0x00000006cd600000, 0x00000006cd700000|  0%| F|  |TS  9|AC  0|TAMS 0x00000006cd600000, 0x00000006cd600000|
| 189|0x00000006cd700000, 0x00000006cd700000, 0x00000006cd800000|  0%| F|  |TS  9|AC  0|TAMS 0x00000006cd700000, 0x00000006cd700000|
| 190|0x00000006cd800000, 0x00000006cd800000, 0x00000006cd900000|  0%| F|  |TS  9|AC  0|TAMS 0x00000006cd800000, 0x00000006cd800000|
| 191|0x00000006cd900000, 0x00000006cd900000, 0x00000006cda00000|  0%| F|  |TS  9|AC  0|TAMS 0x00000006cd900000, 0x00000006cd900000|
| 192|0x00000006cda00000, 0x00000006cda00000, 0x00000006cdb00000|  0%| F|  |TS  9|AC  0|TAMS 0x00000006cda00000, 0x00000006cda00000|
| 193|0x00000006cdb00000, 0x00000006cdb00000, 0x00000006cdc00000|  0%| F|  |TS  9|AC  0|TAMS 0x00000006cdb00000, 0x00000006cdb00000|
| 194|0x00000006cdc00000, 0x00000006cdc00000, 0x00000006cdd00000|  0%| F|  |TS  9|AC  0|TAMS 0x00000006cdc00000, 0x00000006cdc00000|
| 195|0x00000006cdd00000, 0x00000006cdd00000, 0x00000006cde00000|  0%| F|  |TS  9|AC  0|TAMS 0x00000006cdd00000, 0x00000006cdd00000|
| 196|0x00000006cde00000, 0x00000006cde00000, 0x00000006cdf00000|  0%| F|  |TS  9|AC  0|TAMS 0x00000006cde00000, 0x00000006cde00000|
| 197|0x00000006cdf00000, 0x00000006cdf00000, 0x00000006ce000000|  0%| F|  |TS  9|AC  0|TAMS 0x00000006cdf00000, 0x00000006cdf00000|
| 198|0x00000006ce000000, 0x00000006ce000000, 0x00000006ce100000|  0%| F|  |TS  9|AC  0|TAMS 0x00000006ce000000, 0x00000006ce000000|
| 199|0x00000006ce100000, 0x00000006ce100000, 0x00000006ce200000|  0%| F|  |TS  9|AC  0|TAMS 0x00000006ce100000, 0x00000006ce100000|
| 200|0x00000006ce200000, 0x00000006ce200000, 0x00000006ce300000|  0%| F|  |TS  9|AC  0|TAMS 0x00000006ce200000, 0x00000006ce200000|
| 201|0x00000006ce300000, 0x00000006ce300000, 0x00000006ce400000|  0%| F|  |TS  9|AC  0|TAMS 0x00000006ce300000, 0x00000006ce300000|
| 202|0x00000006ce400000, 0x00000006ce400000, 0x00000006ce500000|  0%| F|  |TS  9|AC  0|TAMS 0x00000006ce400000, 0x00000006ce400000|
| 203|0x00000006ce500000, 0x00000006ce500000, 0x00000006ce600000|  0%| F|  |TS  9|AC  0|TAMS 0x00000006ce500000, 0x00000006ce500000|
| 204|0x00000006ce600000, 0x00000006ce600000, 0x00000006ce700000|  0%| F|  |TS  9|AC  0|TAMS 0x00000006ce600000, 0x00000006ce600000|
| 205|0x00000006ce700000, 0x00000006ce700000, 0x00000006ce800000|  0%| F|  |TS  9|AC  0|TAMS 0x00000006ce700000, 0x00000006ce700000|
| 206|0x00000006ce800000, 0x00000006ce800000, 0x00000006ce900000|  0%| F|  |TS  9|AC  0|TAMS 0x00000006ce800000, 0x00000006ce800000|
| 207|0x00000006ce900000, 0x00000006ce900000, 0x00000006cea00000|  0%| F|  |TS  9|AC  0|TAMS 0x00000006ce900000, 0x00000006ce900000|
| 208|0x00000006cea00000, 0x00000006cea00000, 0x00000006ceb00000|  0%| F|  |TS  9|AC  0|TAMS 0x00000006cea00000, 0x00000006cea00000|
| 209|0x00000006ceb00000, 0x00000006ceb00000, 0x00000006cec00000|  0%| F|  |TS  9|AC  0|TAMS 0x00000006ceb00000, 0x00000006ceb00000|
| 210|0x00000006cec00000, 0x00000006cec00000, 0x00000006ced00000|  0%| F|  |TS 13|AC  0|TAMS 0x00000006cec00000, 0x00000006cec00000|
| 211|0x00000006ced00000, 0x00000006ced00000, 0x00000006cee00000|  0%| F|  |TS 13|AC  0|TAMS 0x00000006ced00000, 0x00000006ced00000|
| 212|0x00000006cee00000, 0x00000006cee00000, 0x00000006cef00000|  0%| F|  |TS 13|AC  0|TAMS 0x00000006cee00000, 0x00000006cee00000|
| 213|0x00000006cef00000, 0x00000006cef00000, 0x00000006cf000000|  0%| F|  |TS 13|AC  0|TAMS 0x00000006cef00000, 0x00000006cef00000|
| 214|0x00000006cf000000, 0x00000006cf000000, 0x00000006cf100000|  0%| F|  |TS 13|AC  0|TAMS 0x00000006cf000000, 0x00000006cf000000|
| 215|0x00000006cf100000, 0x00000006cf100000, 0x00000006cf200000|  0%| F|  |TS 13|AC  0|TAMS 0x00000006cf100000, 0x00000006cf100000|
| 216|0x00000006cf200000, 0x00000006cf200000, 0x00000006cf300000|  0%| F|  |TS 13|AC  0|TAMS 0x00000006cf200000, 0x00000006cf200000|
| 217|0x00000006cf300000, 0x00000006cf300000, 0x00000006cf400000|  0%| F|  |TS 13|AC  0|TAMS 0x00000006cf300000, 0x00000006cf300000|
| 218|0x00000006cf400000, 0x00000006cf400000, 0x00000006cf500000|  0%| F|  |TS 11|AC  0|TAMS 0x00000006cf400000, 0x00000006cf400000|
| 219|0x00000006cf500000, 0x00000006cf500000, 0x00000006cf600000|  0%| F|  |TS 11|AC  0|TAMS 0x00000006cf500000, 0x00000006cf500000|
| 220|0x00000006cf600000, 0x00000006cf600000, 0x00000006cf700000|  0%| F|  |TS 11|AC  0|TAMS 0x00000006cf600000, 0x00000006cf600000|
| 221|0x00000006cf700000, 0x00000006cf700000, 0x00000006cf800000|  0%| F|  |TS 11|AC  0|TAMS 0x00000006cf700000, 0x00000006cf700000|
| 222|0x00000006cf800000, 0x00000006cf800000, 0x00000006cf900000|  0%| F|  |TS 11|AC  0|TAMS 0x00000006cf800000, 0x00000006cf800000|
| 223|0x00000006cf900000, 0x00000006cf900000, 0x00000006cfa00000|  0%| F|  |TS 11|AC  0|TAMS 0x00000006cf900000, 0x00000006cf900000|
| 224|0x00000006cfa00000, 0x00000006cfa00000, 0x00000006cfb00000|  0%| F|  |TS 11|AC  0|TAMS 0x00000006cfa00000, 0x00000006cfa00000|
| 225|0x00000006cfb00000, 0x00000006cfb00000, 0x00000006cfc00000|  0%| F|  |TS 11|AC  0|TAMS 0x00000006cfb00000, 0x00000006cfb00000|
| 226|0x00000006cfc00000, 0x00000006cfc00000, 0x00000006cfd00000|  0%| F|  |TS 11|AC  0|TAMS 0x00000006cfc00000, 0x00000006cfc00000|
| 227|0x00000006cfd00000, 0x00000006cfd00000, 0x00000006cfe00000|  0%| F|  |TS 11|AC  0|TAMS 0x00000006cfd00000, 0x00000006cfd00000|
| 228|0x00000006cfe00000, 0x00000006cfe00000, 0x00000006cff00000|  0%| F|  |TS 11|AC  0|TAMS 0x00000006cfe00000, 0x00000006cfe00000|
| 229|0x00000006cff00000, 0x00000006cff00000, 0x00000006d0000000|  0%| F|  |TS 11|AC  0|TAMS 0x00000006cff00000, 0x00000006cff00000|
| 230|0x00000006d0000000, 0x00000006d0000000, 0x00000006d0100000|  0%| F|  |TS 11|AC  0|TAMS 0x00000006d0000000, 0x00000006d0000000|
| 231|0x00000006d0100000, 0x00000006d0100000, 0x00000006d0200000|  0%| F|  |TS 11|AC  0|TAMS 0x00000006d0100000, 0x00000006d0100000|
| 232|0x00000006d0200000, 0x00000006d0200000, 0x00000006d0300000|  0%| F|  |TS 11|AC  0|TAMS 0x00000006d0200000, 0x00000006d0200000|
| 233|0x00000006d0300000, 0x00000006d0300000, 0x00000006d0400000|  0%| F|  |TS 11|AC  0|TAMS 0x00000006d0300000, 0x00000006d0300000|
| 234|0x00000006d0400000, 0x00000006d0400000, 0x00000006d0500000|  0%| F|  |TS 11|AC  0|TAMS 0x00000006d0400000, 0x00000006d0400000|
| 235|0x00000006d0500000, 0x00000006d0500000, 0x00000006d0600000|  0%| F|  |TS 11|AC  0|TAMS 0x00000006d0500000, 0x00000006d0500000|
| 236|0x00000006d0600000, 0x00000006d0600000, 0x00000006d0700000|  0%| F|  |TS 11|AC  0|TAMS 0x00000006d0600000, 0x00000006d0600000|
| 237|0x00000006d0700000, 0x00000006d0700000, 0x00000006d0800000|  0%| F|  |TS 11|AC  0|TAMS 0x00000006d0700000, 0x00000006d0700000|
| 238|0x00000006d0800000, 0x00000006d0800000, 0x00000006d0900000|  0%| F|  |TS 11|AC  0|TAMS 0x00000006d0800000, 0x00000006d0800000|
| 239|0x00000006d0900000, 0x00000006d0900000, 0x00000006d0a00000|  0%| F|  |TS 11|AC  0|TAMS 0x00000006d0900000, 0x00000006d0900000|
| 240|0x00000006d0a00000, 0x00000006d0a00000, 0x00000006d0b00000|  0%| F|  |TS 11|AC  0|TAMS 0x00000006d0a00000, 0x00000006d0a00000|
| 241|0x00000006d0b00000, 0x00000006d0b00000, 0x00000006d0c00000|  0%| F|  |TS 11|AC  0|TAMS 0x00000006d0b00000, 0x00000006d0b00000|
| 242|0x00000006d0c00000, 0x00000006d0c00000, 0x00000006d0d00000|  0%| F|  |TS 11|AC  0|TAMS 0x00000006d0c00000, 0x00000006d0c00000|
| 243|0x00000006d0d00000, 0x00000006d0d00000, 0x00000006d0e00000|  0%| F|  |TS 11|AC  0|TAMS 0x00000006d0d00000, 0x00000006d0d00000|
| 244|0x00000006d0e00000, 0x00000006d0e00000, 0x00000006d0f00000|  0%| F|  |TS 11|AC  0|TAMS 0x00000006d0e00000, 0x00000006d0e00000|
| 245|0x00000006d0f00000, 0x00000006d0f00000, 0x00000006d1000000|  0%| F|  |TS 11|AC  0|TAMS 0x00000006d0f00000, 0x00000006d0f00000|
| 246|0x00000006d1000000, 0x00000006d1000000, 0x00000006d1100000|  0%| F|  |TS 11|AC  0|TAMS 0x00000006d1000000, 0x00000006d1000000|
| 247|0x00000006d1100000, 0x00000006d1100000, 0x00000006d1200000|  0%| F|  |TS 11|AC  0|TAMS 0x00000006d1100000, 0x00000006d1100000|
| 248|0x00000006d1200000, 0x00000006d1200000, 0x00000006d1300000|  0%| F|  |TS 11|AC  0|TAMS 0x00000006d1200000, 0x00000006d1200000|
| 249|0x00000006d1300000, 0x00000006d1300000, 0x00000006d1400000|  0%| F|  |TS 11|AC  0|TAMS 0x00000006d1300000, 0x00000006d1300000|
| 250|0x00000006d1400000, 0x00000006d1400000, 0x00000006d1500000|  0%| F|  |TS 11|AC  0|TAMS 0x00000006d1400000, 0x00000006d1400000|
| 251|0x00000006d1500000, 0x00000006d1500000, 0x00000006d1600000|  0%| F|  |TS 11|AC  0|TAMS 0x00000006d1500000, 0x00000006d1500000|
| 252|0x00000006d1600000, 0x00000006d1600000, 0x00000006d1700000|  0%| F|  |TS 11|AC  0|TAMS 0x00000006d1600000, 0x00000006d1600000|
| 253|0x00000006d1700000, 0x00000006d1700000, 0x00000006d1800000|  0%| F|  |TS 11|AC  0|TAMS 0x00000006d1700000, 0x00000006d1700000|
| 254|0x00000006d1800000, 0x00000006d1800000, 0x00000006d1900000|  0%| F|  |TS 11|AC  0|TAMS 0x00000006d1800000, 0x00000006d1800000|
| 255|0x00000006d1900000, 0x00000006d1900000, 0x00000006d1a00000|  0%| F|  |TS 11|AC  0|TAMS 0x00000006d1900000, 0x00000006d1900000|
| 256|0x00000006d1a00000, 0x00000006d1a00000, 0x00000006d1b00000|  0%| F|  |TS 11|AC  0|TAMS 0x00000006d1a00000, 0x00000006d1a00000|
| 257|0x00000006d1b00000, 0x00000006d1b00000, 0x00000006d1c00000|  0%| F|  |TS 11|AC  0|TAMS 0x00000006d1b00000, 0x00000006d1b00000|
| 258|0x00000006d1c00000, 0x00000006d1c00000, 0x00000006d1d00000|  0%| F|  |TS 11|AC  0|TAMS 0x00000006d1c00000, 0x00000006d1c00000|
| 259|0x00000006d1d00000, 0x00000006d1d00000, 0x00000006d1e00000|  0%| F|  |TS 11|AC  0|TAMS 0x00000006d1d00000, 0x00000006d1d00000|
| 260|0x00000006d1e00000, 0x00000006d1e00000, 0x00000006d1f00000|  0%| F|  |TS 11|AC  0|TAMS 0x00000006d1e00000, 0x00000006d1e00000|
| 261|0x00000006d1f00000, 0x00000006d1f00000, 0x00000006d2000000|  0%| F|  |TS 11|AC  0|TAMS 0x00000006d1f00000, 0x00000006d1f00000|
| 262|0x00000006d2000000, 0x00000006d2000000, 0x00000006d2100000|  0%| F|  |TS 11|AC  0|TAMS 0x00000006d2000000, 0x00000006d2000000|
| 263|0x00000006d2100000, 0x00000006d2100000, 0x00000006d2200000|  0%| F|  |TS 11|AC  0|TAMS 0x00000006d2100000, 0x00000006d2100000|
| 264|0x00000006d2200000, 0x00000006d2200000, 0x00000006d2300000|  0%| F|  |TS 11|AC  0|TAMS 0x00000006d2200000, 0x00000006d2200000|
| 265|0x00000006d2300000, 0x00000006d2300000, 0x00000006d2400000|  0%| F|  |TS 11|AC  0|TAMS 0x00000006d2300000, 0x00000006d2300000|
| 266|0x00000006d2400000, 0x00000006d2400000, 0x00000006d2500000|  0%| F|  |TS 11|AC  0|TAMS 0x00000006d2400000, 0x00000006d2400000|
| 267|0x00000006d2500000, 0x00000006d2500000, 0x00000006d2600000|  0%| F|  |TS 11|AC  0|TAMS 0x00000006d2500000, 0x00000006d2500000|
| 268|0x00000006d2600000, 0x00000006d2600000, 0x00000006d2700000|  0%| F|  |TS 11|AC  0|TAMS 0x00000006d2600000, 0x00000006d2600000|
| 269|0x00000006d2700000, 0x00000006d2700000, 0x00000006d2800000|  0%| F|  |TS 11|AC  0|TAMS 0x00000006d2700000, 0x00000006d2700000|
| 270|0x00000006d2800000, 0x00000006d2800000, 0x00000006d2900000|  0%| F|  |TS 11|AC  0|TAMS 0x00000006d2800000, 0x00000006d2800000|
| 271|0x00000006d2900000, 0x00000006d2900000, 0x00000006d2a00000|  0%| F|  |TS 11|AC  0|TAMS 0x00000006d2900000, 0x00000006d2900000|
| 272|0x00000006d2a00000, 0x00000006d2a00000, 0x00000006d2b00000|  0%| F|  |TS 11|AC  0|TAMS 0x00000006d2a00000, 0x00000006d2a00000|
| 273|0x00000006d2b00000, 0x00000006d2b00000, 0x00000006d2c00000|  0%| F|  |TS 11|AC  0|TAMS 0x00000006d2b00000, 0x00000006d2b00000|
| 274|0x00000006d2c00000, 0x00000006d2c00000, 0x00000006d2d00000|  0%| F|  |TS 11|AC  0|TAMS 0x00000006d2c00000, 0x00000006d2c00000|
| 275|0x00000006d2d00000, 0x00000006d2d00000, 0x00000006d2e00000|  0%| F|  |TS 11|AC  0|TAMS 0x00000006d2d00000, 0x00000006d2d00000|
| 276|0x00000006d2e00000, 0x00000006d2e00000, 0x00000006d2f00000|  0%| F|  |TS 11|AC  0|TAMS 0x00000006d2e00000, 0x00000006d2e00000|
| 277|0x00000006d2f00000, 0x00000006d2f00000, 0x00000006d3000000|  0%| F|  |TS 11|AC  0|TAMS 0x00000006d2f00000, 0x00000006d2f00000|
| 278|0x00000006d3000000, 0x00000006d3000000, 0x00000006d3100000|  0%| F|  |TS 11|AC  0|TAMS 0x00000006d3000000, 0x00000006d3000000|
| 279|0x00000006d3100000, 0x00000006d3100000, 0x00000006d3200000|  0%| F|  |TS 11|AC  0|TAMS 0x00000006d3100000, 0x00000006d3100000|
| 280|0x00000006d3200000, 0x00000006d3200000, 0x00000006d3300000|  0%| F|  |TS 11|AC  0|TAMS 0x00000006d3200000, 0x00000006d3200000|
| 281|0x00000006d3300000, 0x00000006d3300000, 0x00000006d3400000|  0%| F|  |TS 11|AC  0|TAMS 0x00000006d3300000, 0x00000006d3300000|
| 282|0x00000006d3400000, 0x00000006d3400000, 0x00000006d3500000|  0%| F|  |TS 11|AC  0|TAMS 0x00000006d3400000, 0x00000006d3400000|
| 283|0x00000006d3500000, 0x00000006d3500000, 0x00000006d3600000|  0%| F|  |TS 11|AC  0|TAMS 0x00000006d3500000, 0x00000006d3500000|
| 284|0x00000006d3600000, 0x00000006d3600000, 0x00000006d3700000|  0%| F|  |TS 11|AC  0|TAMS 0x00000006d3600000, 0x00000006d3600000|
| 285|0x00000006d3700000, 0x00000006d3700000, 0x00000006d3800000|  0%| F|  |TS 11|AC  0|TAMS 0x00000006d3700000, 0x00000006d3700000|
| 286|0x00000006d3800000, 0x00000006d3800000, 0x00000006d3900000|  0%| F|  |TS 11|AC  0|TAMS 0x00000006d3800000, 0x00000006d3800000|
| 287|0x00000006d3900000, 0x00000006d3900000, 0x00000006d3a00000|  0%| F|  |TS 11|AC  0|TAMS 0x00000006d3900000, 0x00000006d3900000|
| 288|0x00000006d3a00000, 0x00000006d3a00000, 0x00000006d3b00000|  0%| F|  |TS 11|AC  0|TAMS 0x00000006d3a00000, 0x00000006d3a00000|
| 289|0x00000006d3b00000, 0x00000006d3b00000, 0x00000006d3c00000|  0%| F|  |TS 11|AC  0|TAMS 0x00000006d3b00000, 0x00000006d3b00000|
| 290|0x00000006d3c00000, 0x00000006d3c00000, 0x00000006d3d00000|  0%| F|  |TS 11|AC  0|TAMS 0x00000006d3c00000, 0x00000006d3c00000|
| 291|0x00000006d3d00000, 0x00000006d3d00000, 0x00000006d3e00000|  0%| F|  |TS 11|AC  0|TAMS 0x00000006d3d00000, 0x00000006d3d00000|
| 292|0x00000006d3e00000, 0x00000006d3e00000, 0x00000006d3f00000|  0%| F|  |TS 11|AC  0|TAMS 0x00000006d3e00000, 0x00000006d3e00000|
| 293|0x00000006d3f00000, 0x00000006d3f00000, 0x00000006d4000000|  0%| F|  |TS 11|AC  0|TAMS 0x00000006d3f00000, 0x00000006d3f00000|
| 294|0x00000006d4000000, 0x00000006d4000000, 0x00000006d4100000|  0%| F|  |TS 11|AC  0|TAMS 0x00000006d4000000, 0x00000006d4000000|
| 295|0x00000006d4100000, 0x00000006d4100000, 0x00000006d4200000|  0%| F|  |TS 11|AC  0|TAMS 0x00000006d4100000, 0x00000006d4100000|
| 296|0x00000006d4200000, 0x00000006d4200000, 0x00000006d4300000|  0%| F|  |TS 11|AC  0|TAMS 0x00000006d4200000, 0x00000006d4200000|
| 297|0x00000006d4300000, 0x00000006d4300000, 0x00000006d4400000|  0%| F|  |TS 11|AC  0|TAMS 0x00000006d4300000, 0x00000006d4300000|
| 298|0x00000006d4400000, 0x00000006d4400000, 0x00000006d4500000|  0%| F|  |TS 11|AC  0|TAMS 0x00000006d4400000, 0x00000006d4400000|
| 299|0x00000006d4500000, 0x00000006d4500000, 0x00000006d4600000|  0%| F|  |TS 11|AC  0|TAMS 0x00000006d4500000, 0x00000006d4500000|
| 300|0x00000006d4600000, 0x00000006d4600000, 0x00000006d4700000|  0%| F|  |TS 11|AC  0|TAMS 0x00000006d4600000, 0x00000006d4600000|
| 301|0x00000006d4700000, 0x00000006d4700000, 0x00000006d4800000|  0%| F|  |TS 11|AC  0|TAMS 0x00000006d4700000, 0x00000006d4700000|
| 302|0x00000006d4800000, 0x00000006d4800000, 0x00000006d4900000|  0%| F|  |TS 11|AC  0|TAMS 0x00000006d4800000, 0x00000006d4800000|
| 303|0x00000006d4900000, 0x00000006d4900000, 0x00000006d4a00000|  0%| F|  |TS 11|AC  0|TAMS 0x00000006d4900000, 0x00000006d4900000|
| 304|0x00000006d4a00000, 0x00000006d4a00000, 0x00000006d4b00000|  0%| F|  |TS 11|AC  0|TAMS 0x00000006d4a00000, 0x00000006d4a00000|
| 305|0x00000006d4b00000, 0x00000006d4b00000, 0x00000006d4c00000|  0%| F|  |TS 11|AC  0|TAMS 0x00000006d4b00000, 0x00000006d4b00000|
| 306|0x00000006d4c00000, 0x00000006d4c00000, 0x00000006d4d00000|  0%| F|  |TS 11|AC  0|TAMS 0x00000006d4c00000, 0x00000006d4c00000|
| 307|0x00000006d4d00000, 0x00000006d4d00000, 0x00000006d4e00000|  0%| F|  |TS 11|AC  0|TAMS 0x00000006d4d00000, 0x00000006d4d00000|
| 308|0x00000006d4e00000, 0x00000006d4e00000, 0x00000006d4f00000|  0%| F|  |TS 11|AC  0|TAMS 0x00000006d4e00000, 0x00000006d4e00000|
| 309|0x00000006d4f00000, 0x00000006d4f00000, 0x00000006d5000000|  0%| F|  |TS 11|AC  0|TAMS 0x00000006d4f00000, 0x00000006d4f00000|
| 310|0x00000006d5000000, 0x00000006d5000000, 0x00000006d5100000|  0%| F|  |TS 11|AC  0|TAMS 0x00000006d5000000, 0x00000006d5000000|
| 311|0x00000006d5100000, 0x00000006d5100000, 0x00000006d5200000|  0%| F|  |TS 11|AC  0|TAMS 0x00000006d5100000, 0x00000006d5100000|
| 312|0x00000006d5200000, 0x00000006d5200000, 0x00000006d5300000|  0%| F|  |TS 11|AC  0|TAMS 0x00000006d5200000, 0x00000006d5200000|
| 313|0x00000006d5300000, 0x00000006d5300000, 0x00000006d5400000|  0%| F|  |TS 11|AC  0|TAMS 0x00000006d5300000, 0x00000006d5300000|
| 314|0x00000006d5400000, 0x00000006d5400000, 0x00000006d5500000|  0%| F|  |TS 11|AC  0|TAMS 0x00000006d5400000, 0x00000006d5400000|
| 315|0x00000006d5500000, 0x00000006d5500000, 0x00000006d5600000|  0%| F|  |TS 11|AC  0|TAMS 0x00000006d5500000, 0x00000006d5500000|
| 316|0x00000006d5600000, 0x00000006d5600000, 0x00000006d5700000|  0%| F|  |TS 11|AC  0|TAMS 0x00000006d5600000, 0x00000006d5600000|
| 317|0x00000006d5700000, 0x00000006d5700000, 0x00000006d5800000|  0%| F|  |TS 11|AC  0|TAMS 0x00000006d5700000, 0x00000006d5700000|
| 318|0x00000006d5800000, 0x00000006d5800000, 0x00000006d5900000|  0%| F|  |TS 11|AC  0|TAMS 0x00000006d5800000, 0x00000006d5800000|
| 319|0x00000006d5900000, 0x00000006d5900000, 0x00000006d5a00000|  0%| F|  |TS 11|AC  0|TAMS 0x00000006d5900000, 0x00000006d5900000|
| 320|0x00000006d5a00000, 0x00000006d5a00000, 0x00000006d5b00000|  0%| F|  |TS 11|AC  0|TAMS 0x00000006d5a00000, 0x00000006d5a00000|
| 321|0x00000006d5b00000, 0x00000006d5b00000, 0x00000006d5c00000|  0%| F|  |TS 11|AC  0|TAMS 0x00000006d5b00000, 0x00000006d5b00000|
| 322|0x00000006d5c00000, 0x00000006d5c00000, 0x00000006d5d00000|  0%| F|  |TS 11|AC  0|TAMS 0x00000006d5c00000, 0x00000006d5c00000|
| 323|0x00000006d5d00000, 0x00000006d5d00000, 0x00000006d5e00000|  0%| F|  |TS 11|AC  0|TAMS 0x00000006d5d00000, 0x00000006d5d00000|
| 324|0x00000006d5e00000, 0x00000006d5e00000, 0x00000006d5f00000|  0%| F|  |TS 11|AC  0|TAMS 0x00000006d5e00000, 0x00000006d5e00000|
| 325|0x00000006d5f00000, 0x00000006d5f00000, 0x00000006d6000000|  0%| F|  |TS 11|AC  0|TAMS 0x00000006d5f00000, 0x00000006d5f00000|
| 326|0x00000006d6000000, 0x00000006d6000000, 0x00000006d6100000|  0%| F|  |TS 11|AC  0|TAMS 0x00000006d6000000, 0x00000006d6000000|
| 327|0x00000006d6100000, 0x00000006d6100000, 0x00000006d6200000|  0%| F|  |TS 11|AC  0|TAMS 0x00000006d6100000, 0x00000006d6100000|
| 328|0x00000006d6200000, 0x00000006d6200000, 0x00000006d6300000|  0%| F|  |TS 11|AC  0|TAMS 0x00000006d6200000, 0x00000006d6200000|
| 329|0x00000006d6300000, 0x00000006d6300000, 0x00000006d6400000|  0%| F|  |TS 11|AC  0|TAMS 0x00000006d6300000, 0x00000006d6300000|
| 330|0x00000006d6400000, 0x00000006d6400000, 0x00000006d6500000|  0%| F|  |TS 11|AC  0|TAMS 0x00000006d6400000, 0x00000006d6400000|
| 331|0x00000006d6500000, 0x00000006d6500000, 0x00000006d6600000|  0%| F|  |TS 11|AC  0|TAMS 0x00000006d6500000, 0x00000006d6500000|
| 332|0x00000006d6600000, 0x00000006d6600000, 0x00000006d6700000|  0%| F|  |TS 11|AC  0|TAMS 0x00000006d6600000, 0x00000006d6600000|
| 333|0x00000006d6700000, 0x00000006d6700000, 0x00000006d6800000|  0%| F|  |TS 11|AC  0|TAMS 0x00000006d6700000, 0x00000006d6700000|
| 334|0x00000006d6800000, 0x00000006d6800000, 0x00000006d6900000|  0%| F|  |TS 11|AC  0|TAMS 0x00000006d6800000, 0x00000006d6800000|
| 335|0x00000006d6900000, 0x00000006d6900000, 0x00000006d6a00000|  0%| F|  |TS 11|AC  0|TAMS 0x00000006d6900000, 0x00000006d6900000|
| 336|0x00000006d6a00000, 0x00000006d6a00000, 0x00000006d6b00000|  0%| F|  |TS 11|AC  0|TAMS 0x00000006d6a00000, 0x00000006d6a00000|
| 337|0x00000006d6b00000, 0x00000006d6b00000, 0x00000006d6c00000|  0%| F|  |TS 11|AC  0|TAMS 0x00000006d6b00000, 0x00000006d6b00000|
| 338|0x00000006d6c00000, 0x00000006d6c00000, 0x00000006d6d00000|  0%| F|  |TS 11|AC  0|TAMS 0x00000006d6c00000, 0x00000006d6c00000|
| 339|0x00000006d6d00000, 0x00000006d6d00000, 0x00000006d6e00000|  0%| F|  |TS 11|AC  0|TAMS 0x00000006d6d00000, 0x00000006d6d00000|
| 340|0x00000006d6e00000, 0x00000006d6e00000, 0x00000006d6f00000|  0%| F|  |TS 11|AC  0|TAMS 0x00000006d6e00000, 0x00000006d6e00000|
| 341|0x00000006d6f00000, 0x00000006d6f00000, 0x00000006d7000000|  0%| F|  |TS 11|AC  0|TAMS 0x00000006d6f00000, 0x00000006d6f00000|
| 342|0x00000006d7000000, 0x00000006d7000000, 0x00000006d7100000|  0%| F|  |TS 11|AC  0|TAMS 0x00000006d7000000, 0x00000006d7000000|
| 343|0x00000006d7100000, 0x00000006d7100000, 0x00000006d7200000|  0%| F|  |TS 11|AC  0|TAMS 0x00000006d7100000, 0x00000006d7100000|
| 344|0x00000006d7200000, 0x00000006d7200000, 0x00000006d7300000|  0%| F|  |TS 11|AC  0|TAMS 0x00000006d7200000, 0x00000006d7200000|
| 345|0x00000006d7300000, 0x00000006d7300000, 0x00000006d7400000|  0%| F|  |TS 11|AC  0|TAMS 0x00000006d7300000, 0x00000006d7300000|
| 346|0x00000006d7400000, 0x00000006d7400000, 0x00000006d7500000|  0%| F|  |TS 11|AC  0|TAMS 0x00000006d7400000, 0x00000006d7400000|
| 347|0x00000006d7500000, 0x00000006d7500000, 0x00000006d7600000|  0%| F|  |TS 11|AC  0|TAMS 0x00000006d7500000, 0x00000006d7500000|
| 348|0x00000006d7600000, 0x00000006d7600000, 0x00000006d7700000|  0%| F|  |TS 11|AC  0|TAMS 0x00000006d7600000, 0x00000006d7600000|
| 349|0x00000006d7700000, 0x00000006d7700000, 0x00000006d7800000|  0%| F|  |TS 11|AC  0|TAMS 0x00000006d7700000, 0x00000006d7700000|
| 350|0x00000006d7800000, 0x00000006d7800000, 0x00000006d7900000|  0%| F|  |TS 11|AC  0|TAMS 0x00000006d7800000, 0x00000006d7800000|
| 351|0x00000006d7900000, 0x00000006d7900000, 0x00000006d7a00000|  0%| F|  |TS 11|AC  0|TAMS 0x00000006d7900000, 0x00000006d7900000|
| 352|0x00000006d7a00000, 0x00000006d7a00000, 0x00000006d7b00000|  0%| F|  |TS 11|AC  0|TAMS 0x00000006d7a00000, 0x00000006d7a00000|
| 353|0x00000006d7b00000, 0x00000006d7b00000, 0x00000006d7c00000|  0%| F|  |TS 11|AC  0|TAMS 0x00000006d7b00000, 0x00000006d7b00000|
| 354|0x00000006d7c00000, 0x00000006d7c00000, 0x00000006d7d00000|  0%| F|  |TS 11|AC  0|TAMS 0x00000006d7c00000, 0x00000006d7c00000|
| 355|0x00000006d7d00000, 0x00000006d7d00000, 0x00000006d7e00000|  0%| F|  |TS 11|AC  0|TAMS 0x00000006d7d00000, 0x00000006d7d00000|
| 356|0x00000006d7e00000, 0x00000006d7e00000, 0x00000006d7f00000|  0%| F|  |TS 11|AC  0|TAMS 0x00000006d7e00000, 0x00000006d7e00000|
| 357|0x00000006d7f00000, 0x00000006d7f00000, 0x00000006d8000000|  0%| F|  |TS 11|AC  0|TAMS 0x00000006d7f00000, 0x00000006d7f00000|
| 358|0x00000006d8000000, 0x00000006d8000000, 0x00000006d8100000|  0%| F|  |TS 11|AC  0|TAMS 0x00000006d8000000, 0x00000006d8000000|
| 359|0x00000006d8100000, 0x00000006d8100000, 0x00000006d8200000|  0%| F|  |TS 11|AC  0|TAMS 0x00000006d8100000, 0x00000006d8100000|
| 360|0x00000006d8200000, 0x00000006d8200000, 0x00000006d8300000|  0%| F|  |TS 11|AC  0|TAMS 0x00000006d8200000, 0x00000006d8200000|
| 361|0x00000006d8300000, 0x00000006d8300000, 0x00000006d8400000|  0%| F|  |TS 11|AC  0|TAMS 0x00000006d8300000, 0x00000006d8300000|
| 362|0x00000006d8400000, 0x00000006d8400000, 0x00000006d8500000|  0%| F|  |TS 11|AC  0|TAMS 0x00000006d8400000, 0x00000006d8400000|
| 363|0x00000006d8500000, 0x00000006d8500000, 0x00000006d8600000|  0%| F|  |TS 11|AC  0|TAMS 0x00000006d8500000, 0x00000006d8500000|
| 364|0x00000006d8600000, 0x00000006d8600000, 0x00000006d8700000|  0%| F|  |TS 11|AC  0|TAMS 0x00000006d8600000, 0x00000006d8600000|
| 365|0x00000006d8700000, 0x00000006d8700000, 0x00000006d8800000|  0%| F|  |TS 11|AC  0|TAMS 0x00000006d8700000, 0x00000006d8700000|
| 366|0x00000006d8800000, 0x00000006d8800000, 0x00000006d8900000|  0%| F|  |TS 11|AC  0|TAMS 0x00000006d8800000, 0x00000006d8800000|
| 367|0x00000006d8900000, 0x00000006d8900000, 0x00000006d8a00000|  0%| F|  |TS 11|AC  0|TAMS 0x00000006d8900000, 0x00000006d8900000|
| 368|0x00000006d8a00000, 0x00000006d8a565f0, 0x00000006d8b00000| 33%| S|CS|TS 17|AC  0|TAMS 0x00000006d8a00000, 0x00000006d8a00000|
| 369|0x00000006d8b00000, 0x00000006d8c00000, 0x00000006d8c00000|100%| S|CS|TS 17|AC  0|TAMS 0x00000006d8b00000, 0x00000006d8b00000|
| 370|0x00000006d8c00000, 0x00000006d8d00000, 0x00000006d8d00000|100%| S|CS|TS 17|AC  0|TAMS 0x00000006d8c00000, 0x00000006d8c00000|
| 371|0x00000006d8d00000, 0x00000006d8e00000, 0x00000006d8e00000|100%| S|CS|TS 17|AC  0|TAMS 0x00000006d8d00000, 0x00000006d8d00000|
| 372|0x00000006d8e00000, 0x00000006d8e00000, 0x00000006d8f00000|  0%| F|  |TS 17|AC  0|TAMS 0x00000006d8e00000, 0x00000006d8e00000|
| 373|0x00000006d8f00000, 0x00000006d8f00000, 0x00000006d9000000|  0%| F|  |TS 17|AC  0|TAMS 0x00000006d8f00000, 0x00000006d8f00000|
| 374|0x00000006d9000000, 0x00000006d9000000, 0x00000006d9100000|  0%| F|  |TS 17|AC  0|TAMS 0x00000006d9000000, 0x00000006d9000000|
| 375|0x00000006d9100000, 0x00000006d9100000, 0x00000006d9200000|  0%| F|  |TS 17|AC  0|TAMS 0x00000006d9100000, 0x00000006d9100000|
| 376|0x00000006d9200000, 0x00000006d9200000, 0x00000006d9300000|  0%| F|  |TS 17|AC  0|TAMS 0x00000006d9200000, 0x00000006d9200000|
| 377|0x00000006d9300000, 0x00000006d9300000, 0x00000006d9400000|  0%| F|  |TS 17|AC  0|TAMS 0x00000006d9300000, 0x00000006d9300000|
| 378|0x00000006d9400000, 0x00000006d9400000, 0x00000006d9500000|  0%| F|  |TS 17|AC  0|TAMS 0x00000006d9400000, 0x00000006d9400000|
| 379|0x00000006d9500000, 0x00000006d9500000, 0x00000006d9600000|  0%| F|  |TS 17|AC  0|TAMS 0x00000006d9500000, 0x00000006d9500000|
| 380|0x00000006d9600000, 0x00000006d9600000, 0x00000006d9700000|  0%| F|  |TS 17|AC  0|TAMS 0x00000006d9600000, 0x00000006d9600000|
| 381|0x00000006d9700000, 0x00000006d9700000, 0x00000006d9800000|  0%| F|  |TS 17|AC  0|TAMS 0x00000006d9700000, 0x00000006d9700000|
| 382|0x00000006d9800000, 0x00000006d9800000, 0x00000006d9900000|  0%| F|  |TS 17|AC  0|TAMS 0x00000006d9800000, 0x00000006d9800000|
| 383|0x00000006d9900000, 0x00000006d9900000, 0x00000006d9a00000|  0%| F|  |TS 17|AC  0|TAMS 0x00000006d9900000, 0x00000006d9900000|
| 384|0x00000006d9a00000, 0x00000006d9a00000, 0x00000006d9b00000|  0%| F|  |TS 17|AC  0|TAMS 0x00000006d9a00000, 0x00000006d9a00000|
| 385|0x00000006d9b00000, 0x00000006d9b00000, 0x00000006d9c00000|  0%| F|  |TS 17|AC  0|TAMS 0x00000006d9b00000, 0x00000006d9b00000|
| 386|0x00000006d9c00000, 0x00000006d9c00000, 0x00000006d9d00000|  0%| F|  |TS 17|AC  0|TAMS 0x00000006d9c00000, 0x00000006d9c00000|
| 387|0x00000006d9d00000, 0x00000006d9e00000, 0x00000006d9e00000|100%| S|CS|TS 17|AC  0|TAMS 0x00000006d9d00000, 0x00000006d9d00000|
| 388|0x00000006d9e00000, 0x00000006d9f00000, 0x00000006d9f00000|100%| S|CS|TS 17|AC  0|TAMS 0x00000006d9e00000, 0x00000006d9e00000|
| 389|0x00000006d9f00000, 0x00000006da000000, 0x00000006da000000|100%| S|CS|TS 17|AC  0|TAMS 0x00000006d9f00000, 0x00000006d9f00000|
| 390|0x00000006da000000, 0x00000006da100000, 0x00000006da100000|100%| S|CS|TS 17|AC  0|TAMS 0x00000006da000000, 0x00000006da000000|
| 391|0x00000006da100000, 0x00000006da200000, 0x00000006da200000|100%| S|CS|TS 17|AC  0|TAMS 0x00000006da100000, 0x00000006da100000|
| 392|0x00000006da200000, 0x00000006da300000, 0x00000006da300000|100%| S|CS|TS 17|AC  0|TAMS 0x00000006da200000, 0x00000006da200000|
| 393|0x00000006da300000, 0x00000006da400000, 0x00000006da400000|100%| S|CS|TS 17|AC  0|TAMS 0x00000006da300000, 0x00000006da300000|
| 394|0x00000006da400000, 0x00000006da400000, 0x00000006da500000|  0%| F|  |TS 17|AC  0|TAMS 0x00000006da400000, 0x00000006da400000|
| 395|0x00000006da500000, 0x00000006da500000, 0x00000006da600000|  0%| F|  |TS 17|AC  0|TAMS 0x00000006da500000, 0x00000006da500000|
| 396|0x00000006da600000, 0x00000006da600000, 0x00000006da700000|  0%| F|  |TS 17|AC  0|TAMS 0x00000006da600000, 0x00000006da600000|
| 397|0x00000006da700000, 0x00000006da700000, 0x00000006da800000|  0%| F|  |TS 17|AC  0|TAMS 0x00000006da700000, 0x00000006da700000|
| 398|0x00000006da800000, 0x00000006da800000, 0x00000006da900000|  0%| F|  |TS 17|AC  0|TAMS 0x00000006da800000, 0x00000006da800000|
| 399|0x00000006da900000, 0x00000006da900000, 0x00000006daa00000|  0%| F|  |TS 17|AC  0|TAMS 0x00000006da900000, 0x00000006da900000|
| 400|0x00000006daa00000, 0x00000006daa00000, 0x00000006dab00000|  0%| F|  |TS 17|AC  0|TAMS 0x00000006daa00000, 0x00000006daa00000|
| 401|0x00000006dab00000, 0x00000006dab00000, 0x00000006dac00000|  0%| F|  |TS 17|AC  0|TAMS 0x00000006dab00000, 0x00000006dab00000|
| 402|0x00000006dac00000, 0x00000006dac00000, 0x00000006dad00000|  0%| F|  |TS 17|AC  0|TAMS 0x00000006dac00000, 0x00000006dac00000|
| 403|0x00000006dad00000, 0x00000006dad00000, 0x00000006dae00000|  0%| F|  |TS 17|AC  0|TAMS 0x00000006dad00000, 0x00000006dad00000|
| 404|0x00000006dae00000, 0x00000006dae00000, 0x00000006daf00000|  0%| F|  |TS 17|AC  0|TAMS 0x00000006dae00000, 0x00000006dae00000|
| 405|0x00000006daf00000, 0x00000006daf00000, 0x00000006db000000|  0%| F|  |TS 17|AC  0|TAMS 0x00000006daf00000, 0x00000006daf00000|
| 406|0x00000006db000000, 0x00000006db000000, 0x00000006db100000|  0%| F|  |TS 17|AC  0|TAMS 0x00000006db000000, 0x00000006db000000|
| 407|0x00000006db100000, 0x00000006db100000, 0x00000006db200000|  0%| F|  |TS 17|AC  0|TAMS 0x00000006db100000, 0x00000006db100000|
| 408|0x00000006db200000, 0x00000006db200000, 0x00000006db300000|  0%| F|  |TS 17|AC  0|TAMS 0x00000006db200000, 0x00000006db200000|
| 409|0x00000006db300000, 0x00000006db300000, 0x00000006db400000|  0%| F|  |TS 17|AC  0|TAMS 0x00000006db300000, 0x00000006db300000|
| 410|0x00000006db400000, 0x00000006db400000, 0x00000006db500000|  0%| F|  |TS 17|AC  0|TAMS 0x00000006db400000, 0x00000006db400000|
| 411|0x00000006db500000, 0x00000006db500000, 0x00000006db600000|  0%| F|  |TS 17|AC  0|TAMS 0x00000006db500000, 0x00000006db500000|
| 412|0x00000006db600000, 0x00000006db600000, 0x00000006db700000|  0%| F|  |TS 17|AC  0|TAMS 0x00000006db600000, 0x00000006db600000|
| 413|0x00000006db700000, 0x00000006db700000, 0x00000006db800000|  0%| F|  |TS 17|AC  0|TAMS 0x00000006db700000, 0x00000006db700000|
| 414|0x00000006db800000, 0x00000006db800000, 0x00000006db900000|  0%| F|  |TS 17|AC  0|TAMS 0x00000006db800000, 0x00000006db800000|
| 415|0x00000006db900000, 0x00000006db900000, 0x00000006dba00000|  0%| F|  |TS 17|AC  0|TAMS 0x00000006db900000, 0x00000006db900000|
| 416|0x00000006dba00000, 0x00000006dba00000, 0x00000006dbb00000|  0%| F|  |TS 17|AC  0|TAMS 0x00000006dba00000, 0x00000006dba00000|
| 417|0x00000006dbb00000, 0x00000006dbb00000, 0x00000006dbc00000|  0%| F|  |TS 17|AC  0|TAMS 0x00000006dbb00000, 0x00000006dbb00000|
| 418|0x00000006dbc00000, 0x00000006dbc00000, 0x00000006dbd00000|  0%| F|  |TS 17|AC  0|TAMS 0x00000006dbc00000, 0x00000006dbc00000|
| 419|0x00000006dbd00000, 0x00000006dbd00000, 0x00000006dbe00000|  0%| F|  |TS 17|AC  0|TAMS 0x00000006dbd00000, 0x00000006dbd00000|
| 420|0x00000006dbe00000, 0x00000006dbe00000, 0x00000006dbf00000|  0%| F|  |TS 17|AC  0|TAMS 0x00000006dbe00000, 0x00000006dbe00000|
| 421|0x00000006dbf00000, 0x00000006dbf00000, 0x00000006dc000000|  0%| F|  |TS 17|AC  0|TAMS 0x00000006dbf00000, 0x00000006dbf00000|
| 422|0x00000006dc000000, 0x00000006dc000000, 0x00000006dc100000|  0%| F|  |TS 17|AC  0|TAMS 0x00000006dc000000, 0x00000006dc000000|
| 423|0x00000006dc100000, 0x00000006dc100000, 0x00000006dc200000|  0%| F|  |TS 17|AC  0|TAMS 0x00000006dc100000, 0x00000006dc100000|
| 424|0x00000006dc200000, 0x00000006dc200000, 0x00000006dc300000|  0%| F|  |TS 17|AC  0|TAMS 0x00000006dc200000, 0x00000006dc200000|
| 425|0x00000006dc300000, 0x00000006dc300000, 0x00000006dc400000|  0%| F|  |TS 17|AC  0|TAMS 0x00000006dc300000, 0x00000006dc300000|
| 426|0x00000006dc400000, 0x00000006dc400000, 0x00000006dc500000|  0%| F|  |TS 17|AC  0|TAMS 0x00000006dc400000, 0x00000006dc400000|
| 427|0x00000006dc500000, 0x00000006dc500000, 0x00000006dc600000|  0%| F|  |TS 17|AC  0|TAMS 0x00000006dc500000, 0x00000006dc500000|
| 428|0x00000006dc600000, 0x00000006dc600000, 0x00000006dc700000|  0%| F|  |TS 17|AC  0|TAMS 0x00000006dc600000, 0x00000006dc600000|
| 429|0x00000006dc700000, 0x00000006dc700000, 0x00000006dc800000|  0%| F|  |TS 17|AC  0|TAMS 0x00000006dc700000, 0x00000006dc700000|
| 430|0x00000006dc800000, 0x00000006dc800000, 0x00000006dc900000|  0%| F|  |TS 17|AC  0|TAMS 0x00000006dc800000, 0x00000006dc800000|
| 431|0x00000006dc900000, 0x00000006dc900000, 0x00000006dca00000|  0%| F|  |TS 17|AC  0|TAMS 0x00000006dc900000, 0x00000006dc900000|
| 432|0x00000006dca00000, 0x00000006dca00000, 0x00000006dcb00000|  0%| F|  |TS 17|AC  0|TAMS 0x00000006dca00000, 0x00000006dca00000|
| 433|0x00000006dcb00000, 0x00000006dcb00000, 0x00000006dcc00000|  0%| F|  |TS 17|AC  0|TAMS 0x00000006dcb00000, 0x00000006dcb00000|
| 434|0x00000006dcc00000, 0x00000006dcc00000, 0x00000006dcd00000|  0%| F|  |TS 17|AC  0|TAMS 0x00000006dcc00000, 0x00000006dcc00000|
| 435|0x00000006dcd00000, 0x00000006dcd00000, 0x00000006dce00000|  0%| F|  |TS 17|AC  0|TAMS 0x00000006dcd00000, 0x00000006dcd00000|
| 436|0x00000006dce00000, 0x00000006dce00000, 0x00000006dcf00000|  0%| F|  |TS 17|AC  0|TAMS 0x00000006dce00000, 0x00000006dce00000|
| 437|0x00000006dcf00000, 0x00000006dcf00000, 0x00000006dd000000|  0%| F|  |TS 17|AC  0|TAMS 0x00000006dcf00000, 0x00000006dcf00000|
| 438|0x00000006dd000000, 0x00000006dd000000, 0x00000006dd100000|  0%| F|  |TS 17|AC  0|TAMS 0x00000006dd000000, 0x00000006dd000000|
| 439|0x00000006dd100000, 0x00000006dd100000, 0x00000006dd200000|  0%| F|  |TS 17|AC  0|TAMS 0x00000006dd100000, 0x00000006dd100000|
| 440|0x00000006dd200000, 0x00000006dd200000, 0x00000006dd300000|  0%| F|  |TS 17|AC  0|TAMS 0x00000006dd200000, 0x00000006dd200000|
| 441|0x00000006dd300000, 0x00000006dd300000, 0x00000006dd400000|  0%| F|  |TS 17|AC  0|TAMS 0x00000006dd300000, 0x00000006dd300000|
| 442|0x00000006dd400000, 0x00000006dd400000, 0x00000006dd500000|  0%| F|  |TS 17|AC  0|TAMS 0x00000006dd400000, 0x00000006dd400000|
| 443|0x00000006dd500000, 0x00000006dd500000, 0x00000006dd600000|  0%| F|  |TS 17|AC  0|TAMS 0x00000006dd500000, 0x00000006dd500000|
| 444|0x00000006dd600000, 0x00000006dd600000, 0x00000006dd700000|  0%| F|  |TS 17|AC  0|TAMS 0x00000006dd600000, 0x00000006dd600000|
| 445|0x00000006dd700000, 0x00000006dd700000, 0x00000006dd800000|  0%| F|  |TS 17|AC  0|TAMS 0x00000006dd700000, 0x00000006dd700000|
| 446|0x00000006dd800000, 0x00000006dd800000, 0x00000006dd900000|  0%| F|  |TS 17|AC  0|TAMS 0x00000006dd800000, 0x00000006dd800000|
| 447|0x00000006dd900000, 0x00000006dd900000, 0x00000006dda00000|  0%| F|  |TS 17|AC  0|TAMS 0x00000006dd900000, 0x00000006dd900000|
| 448|0x00000006dda00000, 0x00000006dda00000, 0x00000006ddb00000|  0%| F|  |TS 17|AC  0|TAMS 0x00000006dda00000, 0x00000006dda00000|
| 449|0x00000006ddb00000, 0x00000006ddb00000, 0x00000006ddc00000|  0%| F|  |TS 17|AC  0|TAMS 0x00000006ddb00000, 0x00000006ddb00000|
| 450|0x00000006ddc00000, 0x00000006ddc00000, 0x00000006ddd00000|  0%| F|  |TS 17|AC  0|TAMS 0x00000006ddc00000, 0x00000006ddc00000|
| 451|0x00000006ddd00000, 0x00000006ddd00000, 0x00000006dde00000|  0%| F|  |TS 17|AC  0|TAMS 0x00000006ddd00000, 0x00000006ddd00000|
| 452|0x00000006dde00000, 0x00000006dde00000, 0x00000006ddf00000|  0%| F|  |TS 17|AC  0|TAMS 0x00000006dde00000, 0x00000006dde00000|
| 453|0x00000006ddf00000, 0x00000006ddf00000, 0x00000006de000000|  0%| F|  |TS 17|AC  0|TAMS 0x00000006ddf00000, 0x00000006ddf00000|
| 454|0x00000006de000000, 0x00000006de000000, 0x00000006de100000|  0%| F|  |TS 17|AC  0|TAMS 0x00000006de000000, 0x00000006de000000|
| 455|0x00000006de100000, 0x00000006de100000, 0x00000006de200000|  0%| F|  |TS 17|AC  0|TAMS 0x00000006de100000, 0x00000006de100000|
| 456|0x00000006de200000, 0x00000006de200000, 0x00000006de300000|  0%| F|  |TS 17|AC  0|TAMS 0x00000006de200000, 0x00000006de200000|
| 457|0x00000006de300000, 0x00000006de300000, 0x00000006de400000|  0%| F|  |TS 17|AC  0|TAMS 0x00000006de300000, 0x00000006de300000|
| 458|0x00000006de400000, 0x00000006de400000, 0x00000006de500000|  0%| F|  |TS 17|AC  0|TAMS 0x00000006de400000, 0x00000006de400000|
| 459|0x00000006de500000, 0x00000006de500000, 0x00000006de600000|  0%| F|  |TS 17|AC  0|TAMS 0x00000006de500000, 0x00000006de500000|
| 460|0x00000006de600000, 0x00000006de600000, 0x00000006de700000|  0%| F|  |TS 17|AC  0|TAMS 0x00000006de600000, 0x00000006de600000|
| 461|0x00000006de700000, 0x00000006de700000, 0x00000006de800000|  0%| F|  |TS 17|AC  0|TAMS 0x00000006de700000, 0x00000006de700000|
| 462|0x00000006de800000, 0x00000006de800000, 0x00000006de900000|  0%| F|  |TS 17|AC  0|TAMS 0x00000006de800000, 0x00000006de800000|
| 463|0x00000006de900000, 0x00000006de900000, 0x00000006dea00000|  0%| F|  |TS 17|AC  0|TAMS 0x00000006de900000, 0x00000006de900000|
| 464|0x00000006dea00000, 0x00000006dea00000, 0x00000006deb00000|  0%| F|  |TS 17|AC  0|TAMS 0x00000006dea00000, 0x00000006dea00000|
| 465|0x00000006deb00000, 0x00000006deb00000, 0x00000006dec00000|  0%| F|  |TS 17|AC  0|TAMS 0x00000006deb00000, 0x00000006deb00000|
| 466|0x00000006dec00000, 0x00000006dec00000, 0x00000006ded00000|  0%| F|  |TS 17|AC  0|TAMS 0x00000006dec00000, 0x00000006dec00000|
| 467|0x00000006ded00000, 0x00000006ded00000, 0x00000006dee00000|  0%| F|  |TS 17|AC  0|TAMS 0x00000006ded00000, 0x00000006ded00000|
| 468|0x00000006dee00000, 0x00000006dee00000, 0x00000006def00000|  0%| F|  |TS 17|AC  0|TAMS 0x00000006dee00000, 0x00000006dee00000|
| 469|0x00000006def00000, 0x00000006def00000, 0x00000006df000000|  0%| F|  |TS 17|AC  0|TAMS 0x00000006def00000, 0x00000006def00000|
| 470|0x00000006df000000, 0x00000006df000000, 0x00000006df100000|  0%| F|  |TS 17|AC  0|TAMS 0x00000006df000000, 0x00000006df000000|
| 471|0x00000006df100000, 0x00000006df100000, 0x00000006df200000|  0%| F|  |TS 17|AC  0|TAMS 0x00000006df100000, 0x00000006df100000|
| 472|0x00000006df200000, 0x00000006df200000, 0x00000006df300000|  0%| F|  |TS 17|AC  0|TAMS 0x00000006df200000, 0x00000006df200000|
| 473|0x00000006df300000, 0x00000006df300000, 0x00000006df400000|  0%| F|  |TS 17|AC  0|TAMS 0x00000006df300000, 0x00000006df300000|
| 474|0x00000006df400000, 0x00000006df400000, 0x00000006df500000|  0%| F|  |TS 17|AC  0|TAMS 0x00000006df400000, 0x00000006df400000|
| 475|0x00000006df500000, 0x00000006df500000, 0x00000006df600000|  0%| F|  |TS 17|AC  0|TAMS 0x00000006df500000, 0x00000006df500000|
| 476|0x00000006df600000, 0x00000006df600000, 0x00000006df700000|  0%| F|  |TS 17|AC  0|TAMS 0x00000006df600000, 0x00000006df600000|
| 477|0x00000006df700000, 0x00000006df700000, 0x00000006df800000|  0%| F|  |TS 17|AC  0|TAMS 0x00000006df700000, 0x00000006df700000|
| 478|0x00000006df800000, 0x00000006df800000, 0x00000006df900000|  0%| F|  |TS 17|AC  0|TAMS 0x00000006df800000, 0x00000006df800000|
| 479|0x00000006df900000, 0x00000006df900000, 0x00000006dfa00000|  0%| F|  |TS 17|AC  0|TAMS 0x00000006df900000, 0x00000006df900000|
| 480|0x00000006dfa00000, 0x00000006dfa00000, 0x00000006dfb00000|  0%| F|  |TS 17|AC  0|TAMS 0x00000006dfa00000, 0x00000006dfa00000|
| 481|0x00000006dfb00000, 0x00000006dfb00000, 0x00000006dfc00000|  0%| F|  |TS 17|AC  0|TAMS 0x00000006dfb00000, 0x00000006dfb00000|
| 482|0x00000006dfc00000, 0x00000006dfc00000, 0x00000006dfd00000|  0%| F|  |TS 17|AC  0|TAMS 0x00000006dfc00000, 0x00000006dfc00000|
| 483|0x00000006dfd00000, 0x00000006dfd00000, 0x00000006dfe00000|  0%| F|  |TS 17|AC  0|TAMS 0x00000006dfd00000, 0x00000006dfd00000|
| 484|0x00000006dfe00000, 0x00000006dfe00000, 0x00000006dff00000|  0%| F|  |TS 17|AC  0|TAMS 0x00000006dfe00000, 0x00000006dfe00000|
| 485|0x00000006dff00000, 0x00000006dff00000, 0x00000006e0000000|  0%| F|  |TS 17|AC  0|TAMS 0x00000006dff00000, 0x00000006dff00000|
| 486|0x00000006e0000000, 0x00000006e0000000, 0x00000006e0100000|  0%| F|  |TS 17|AC  0|TAMS 0x00000006e0000000, 0x00000006e0000000|
| 487|0x00000006e0100000, 0x00000006e0100000, 0x00000006e0200000|  0%| F|  |TS 17|AC  0|TAMS 0x00000006e0100000, 0x00000006e0100000|
| 488|0x00000006e0200000, 0x00000006e0200000, 0x00000006e0300000|  0%| F|  |TS 17|AC  0|TAMS 0x00000006e0200000, 0x00000006e0200000|
| 489|0x00000006e0300000, 0x00000006e0300000, 0x00000006e0400000|  0%| F|  |TS 17|AC  0|TAMS 0x00000006e0300000, 0x00000006e0300000|
| 490|0x00000006e0400000, 0x00000006e0400000, 0x00000006e0500000|  0%| F|  |TS 17|AC  0|TAMS 0x00000006e0400000, 0x00000006e0400000|
| 491|0x00000006e0500000, 0x00000006e0500000, 0x00000006e0600000|  0%| F|  |TS 17|AC  0|TAMS 0x00000006e0500000, 0x00000006e0500000|
| 492|0x00000006e0600000, 0x00000006e0600000, 0x00000006e0700000|  0%| F|  |TS 17|AC  0|TAMS 0x00000006e0600000, 0x00000006e0600000|
| 493|0x00000006e0700000, 0x00000006e0700000, 0x00000006e0800000|  0%| F|  |TS 17|AC  0|TAMS 0x00000006e0700000, 0x00000006e0700000|
| 494|0x00000006e0800000, 0x00000006e0800000, 0x00000006e0900000|  0%| F|  |TS 17|AC  0|TAMS 0x00000006e0800000, 0x00000006e0800000|
| 495|0x00000006e0900000, 0x00000006e0900000, 0x00000006e0a00000|  0%| F|  |TS 17|AC  0|TAMS 0x00000006e0900000, 0x00000006e0900000|
| 496|0x00000006e0a00000, 0x00000006e0a00000, 0x00000006e0b00000|  0%| F|  |TS 17|AC  0|TAMS 0x00000006e0a00000, 0x00000006e0a00000|
| 497|0x00000006e0b00000, 0x00000006e0b00000, 0x00000006e0c00000|  0%| F|  |TS 17|AC  0|TAMS 0x00000006e0b00000, 0x00000006e0b00000|
| 498|0x00000006e0c00000, 0x00000006e0c00000, 0x00000006e0d00000|  0%| F|  |TS 17|AC  0|TAMS 0x00000006e0c00000, 0x00000006e0c00000|
| 499|0x00000006e0d00000, 0x00000006e0d80800, 0x00000006e0e00000| 50%| E|  |TS 17|AC  0|TAMS 0x00000006e0d00000, 0x00000006e0d00000|

Card table byte_map: [0x0000022169360000,0x0000022169b60000] byte_map_base: 0x0000022165d53000

Marking Bits (Prev, Next): (CMBitMap*) 0x0000022172328470, (CMBitMap*) 0x00000221723284a8
 Prev Bits: [0x000002216a360000, 0x000002216e2f8000)
 Next Bits: [0x000002216e300000, 0x0000022172298000)

Polling page: 0x00000221504a0000

CodeHeap 'non-profiled nmethods': size=120000Kb used=511Kb max_used=511Kb free=119488Kb
 bounds [0x00000221604c0000, 0x0000022160730000, 0x00000221679f0000]
CodeHeap 'profiled nmethods': size=120000Kb used=917Kb max_used=917Kb free=119082Kb
 bounds [0x0000022158f90000, 0x0000022159200000, 0x00000221604c0000]
CodeHeap 'non-nmethods': size=5760Kb used=1208Kb max_used=1250Kb free=4551Kb
 bounds [0x00000221589f0000, 0x0000022158c60000, 0x0000022158f90000]
 total_blobs=1101 nmethods=491 adapters=271
 compilation: enabled

Compilation events (10 events):
Event: 4.895 Thread 0x000002217574e000  488       4       com.google.ortools.linearsolver.MPConstraint::finalize (5 bytes)
Event: 4.897 Thread 0x000002217574e000 nmethod 488 0x000002216053b190 code [0x000002216053b320, 0x000002216053b578]
Event: 4.897 Thread 0x000002217574e000  489       4       java.lang.ref.Finalizer::access$100 (6 bytes)
Event: 4.906 Thread 0x0000022175753000 nmethod 487 0x000002216053b690 code [0x000002216053b860, 0x000002216053c0b0]
Event: 4.906 Thread 0x0000022175753000  490   !   4       java.lang.ref.Finalizer::runFinalizer (62 bytes)
Event: 4.908 Thread 0x000002217574e000 nmethod 489 0x000002216053c310 code [0x000002216053c4e0, 0x000002216053d0b8]
Event: 4.908 Thread 0x000002217574e000  491   !   4       java.lang.ref.Finalizer::remove (94 bytes)
Event: 4.909 Thread 0x000002217574f800 nmethod 486 0x000002216053d490 code [0x000002216053d660, 0x000002216053e050]
Event: 4.912 Thread 0x000002217574e000 nmethod 491 0x000002216053e310 code [0x000002216053e4c0, 0x000002216053eb18]
Event: 4.916 Thread 0x0000022175753000 nmethod 490 0x000002216053ec10 code [0x000002216053ede0, 0x000002216053f9d8]

GC Heap History (10 events):
Event: 2.751 GC heap before
{Heap before GC invocations=4 (full 0):
 garbage-first heap   total 262144K, used 173081K [0x00000006c1a00000, 0x00000006c1b00800, 0x00000007c0000000)
  region size 1024K, 153 young (156672K), 8 survivors (8192K)
 Metaspace       used 5713K, capacity 5890K, committed 6016K, reserved 1056768K
  class space    used 541K, capacity 570K, committed 640K, reserved 1048576K
}
Event: 2.837 GC heap after
{Heap after GC invocations=5 (full 0):
 garbage-first heap   total 262144K, used 42599K [0x00000006c1a00000, 0x00000006c1b00800, 0x00000007c0000000)
  region size 1024K, 20 young (20480K), 20 survivors (20480K)
 Metaspace       used 5713K, capacity 5890K, committed 6016K, reserved 1056768K
  class space    used 541K, capacity 570K, committed 640K, reserved 1048576K
}
Event: 3.269 GC heap before
{Heap before GC invocations=5 (full 0):
 garbage-first heap   total 262144K, used 82535K [0x00000006c1a00000, 0x00000006c1b00800, 0x00000007c0000000)
  region size 1024K, 58 young (59392K), 20 survivors (20480K)
 Metaspace       used 5713K, capacity 5890K, committed 6016K, reserved 1056768K
  class space    used 541K, capacity 570K, committed 640K, reserved 1048576K
}
Event: 3.324 GC heap after
{Heap after GC invocations=6 (full 0):
 garbage-first heap   total 512000K, used 53229K [0x00000006c1a00000, 0x00000006c1b00fa0, 0x00000007c0000000)
  region size 1024K, 8 young (8192K), 8 survivors (8192K)
 Metaspace       used 5713K, capacity 5890K, committed 6016K, reserved 1056768K
  class space    used 541K, capacity 570K, committed 640K, reserved 1048576K
}
Event: 3.939 GC heap before
{Heap before GC invocations=6 (full 0):
 garbage-first heap   total 512000K, used 136173K [0x00000006c1a00000, 0x00000006c1b00fa0, 0x00000007c0000000)
  region size 1024K, 88 young (90112K), 8 survivors (8192K)
 Metaspace       used 5713K, capacity 5890K, committed 6016K, reserved 1056768K
  class space    used 541K, capacity 570K, committed 640K, reserved 1048576K
}
Event: 3.968 GC heap after
{Heap after GC invocations=7 (full 0):
 garbage-first heap   total 512000K, used 65880K [0x00000006c1a00000, 0x00000006c1b00fa0, 0x00000007c0000000)
  region size 1024K, 10 young (10240K), 10 survivors (10240K)
 Metaspace       used 5713K, capacity 5890K, committed 6016K, reserved 1056768K
  class space    used 541K, capacity 570K, committed 640K, reserved 1048576K
}
Event: 4.830 GC heap before
{Heap before GC invocations=7 (full 0):
 garbage-first heap   total 512000K, used 173400K [0x00000006c1a00000, 0x00000006c1b00fa0, 0x00000007c0000000)
  region size 1024K, 113 young (115712K), 10 survivors (10240K)
 Metaspace       used 5713K, capacity 5890K, committed 6016K, reserved 1056768K
  class space    used 541K, capacity 570K, committed 640K, reserved 1048576K
}
Event: 4.873 GC heap after
{Heap after GC invocations=8 (full 0):
 garbage-first heap   total 512000K, used 85502K [0x00000006c1a00000, 0x00000006c1b00fa0, 0x00000007c0000000)
  region size 1024K, 15 young (15360K), 15 survivors (15360K)
 Metaspace       used 5713K, capacity 5890K, committed 6016K, reserved 1056768K
  class space    used 541K, capacity 570K, committed 640K, reserved 1048576K
}
Event: 5.434 GC heap before
{Heap before GC invocations=8 (full 0):
 garbage-first heap   total 512000K, used 195070K [0x00000006c1a00000, 0x00000006c1b00fa0, 0x00000007c0000000)
  region size 1024K, 121 young (123904K), 15 survivors (15360K)
 Metaspace       used 5713K, capacity 5890K, committed 6016K, reserved 1056768K
  class space    used 541K, capacity 570K, committed 640K, reserved 1048576K
}
Event: 5.515 GC heap after
{Heap after GC invocations=9 (full 0):
 garbage-first heap   total 512000K, used 97897K [0x00000006c1a00000, 0x00000006c1b00fa0, 0x00000007c0000000)
  region size 1024K, 11 young (11264K), 11 survivors (11264K)
 Metaspace       used 5713K, capacity 5890K, committed 6016K, reserved 1056768K
  class space    used 541K, capacity 570K, committed 640K, reserved 1048576K
}

Deoptimization events (10 events):
Event: 0.658 Thread 0x0000022150534000 Uncommon trap: reason=class_check action=maybe_recompile pc=0x00000221604d1c8c method=java.nio.Buffer.<init>(IIII)V @ 33 c2
Event: 0.658 Thread 0x0000022150534000 Uncommon trap: reason=class_check action=maybe_recompile pc=0x00000221604d1c8c method=java.nio.Buffer.<init>(IIII)V @ 33 c2
Event: 0.658 Thread 0x0000022150534000 Uncommon trap: reason=class_check action=maybe_recompile pc=0x00000221604d1c8c method=java.nio.Buffer.<init>(IIII)V @ 33 c2
Event: 0.658 Thread 0x0000022150534000 Uncommon trap: reason=class_check action=maybe_recompile pc=0x00000221604d1c8c method=java.nio.Buffer.<init>(IIII)V @ 33 c2
Event: 0.660 Thread 0x0000022150534000 Uncommon trap: reason=bimorphic_or_optimized_type_check action=maybe_recompile pc=0x00000221604f478c method=java.lang.String.valueOf(Ljava/lang/Object;)Ljava/lang/String; @ 11 c2
Event: 0.661 Thread 0x0000022150534000 Uncommon trap: reason=bimorphic_or_optimized_type_check action=maybe_recompile pc=0x00000221604f478c method=java.lang.String.valueOf(Ljava/lang/Object;)Ljava/lang/String; @ 11 c2
Event: 0.817 Thread 0x0000022150534000 Uncommon trap: reason=unstable_if action=reinterpret pc=0x00000221604f50f4 method=java.util.HashMap.getNode(ILjava/lang/Object;)Ljava/util/HashMap$Node; @ 49 c2
Event: 0.817 Thread 0x0000022150534000 Uncommon trap: reason=unstable_if action=reinterpret pc=0x00000221604f4bc8 method=java.util.HashMap.getNode(ILjava/lang/Object;)Ljava/util/HashMap$Node; @ 49 c2
Event: 1.390 Thread 0x0000022150534000 Uncommon trap: reason=unreached action=reinterpret pc=0x000002216050ce60 method=solver.cp.ORASolverByMIP.solveWithAllActivities(Z)Z @ 507 c2
Event: 1.485 Thread 0x0000022150534000 Uncommon trap: reason=unstable_if action=reinterpret pc=0x00000221605168c0 method=solver.cp.ORASolverByMIP.solveWithAllActivities(Z)Z @ 732 c2

Classes redefined (0 events):
No events

Internal exceptions (1 events):
Event: 0.282 Thread 0x0000022150534000 Exception <a 'java/lang/NoSuchMethodError'{0x00000006d165ae38}: java.lang.Object.lambda$union$2(Ljava/util/regex/Pattern$CharPredicate;I)Z> (0x00000006d165ae38) thrown at [t:/workspace/hotspot/src/share/vm/interpreter/linkResolver.cpp, line 731]

Events (10 events):
Event: 3.269 Executing VM operation: G1IncCollectionPause
Event: 3.324 Executing VM operation: G1IncCollectionPause done
Event: 3.939 Executing VM operation: G1IncCollectionPause
Event: 3.968 Executing VM operation: G1IncCollectionPause done
Event: 4.181 Executing VM operation: EnableBiasedLocking
Event: 4.181 Executing VM operation: EnableBiasedLocking done
Event: 4.830 Executing VM operation: G1IncCollectionPause
Event: 4.873 Executing VM operation: G1IncCollectionPause done
Event: 5.434 Executing VM operation: G1IncCollectionPause
Event: 5.515 Executing VM operation: G1IncCollectionPause done


Dynamic libraries:
0x00007ff716300000 - 0x00007ff71633e000 	C:\Program Files\AnyLogic 8.3 Professional\jre\bin\javaw.exe
0x00007ffe6d6d0000 - 0x00007ffe6d8b1000 	C:\WINDOWS\SYSTEM32\ntdll.dll
0x00007ffe6b7d0000 - 0x00007ffe6b881000 	C:\WINDOWS\System32\KERNEL32.DLL
0x00007ffe6a0b0000 - 0x00007ffe6a323000 	C:\WINDOWS\System32\KERNELBASE.dll
0x00007ffe6b2f0000 - 0x00007ffe6b391000 	C:\WINDOWS\System32\ADVAPI32.dll
0x00007ffe6b890000 - 0x00007ffe6b92e000 	C:\WINDOWS\System32\msvcrt.dll
0x00007ffe6ad10000 - 0x00007ffe6ad6b000 	C:\WINDOWS\System32\sechost.dll
0x00007ffe6b6a0000 - 0x00007ffe6b7c4000 	C:\WINDOWS\System32\RPCRT4.dll
0x00007ffe6af60000 - 0x00007ffe6b0f0000 	C:\WINDOWS\System32\USER32.dll
0x00007ffe6a330000 - 0x00007ffe6a350000 	C:\WINDOWS\System32\win32u.dll
0x00007ffe6b250000 - 0x00007ffe6b278000 	C:\WINDOWS\System32\GDI32.dll
0x00007ffe69e00000 - 0x00007ffe69f92000 	C:\WINDOWS\System32\gdi32full.dll
0x00007ffe69aa0000 - 0x00007ffe69b3f000 	C:\WINDOWS\System32\msvcp_win.dll
0x00007ffe6aa60000 - 0x00007ffe6ab58000 	C:\WINDOWS\System32\ucrtbase.dll
0x00007ffe59000000 - 0x00007ffe59269000 	C:\WINDOWS\WinSxS\amd64_microsoft.windows.common-controls_6595b64144ccf1df_6.0.17134.765_none_fb42a1a930655896\COMCTL32.dll
0x00007ffe6be90000 - 0x00007ffe6c1b2000 	C:\WINDOWS\System32\combase.dll
0x00007ffe69d30000 - 0x00007ffe69daa000 	C:\WINDOWS\System32\bcryptPrimitives.dll
0x00007ffe5ce80000 - 0x00007ffe5ce8a000 	C:\WINDOWS\SYSTEM32\VERSION.dll
0x00007ffe6c1c0000 - 0x00007ffe6c1ed000 	C:\WINDOWS\System32\IMM32.DLL
0x00007ffe3cdf0000 - 0x00007ffe3cedf000 	C:\Program Files\AnyLogic 8.3 Professional\jre\bin\msvcr120.dll
0x00007ffe426f0000 - 0x00007ffe42796000 	C:\Program Files\AnyLogic 8.3 Professional\jre\bin\msvcp120.dll
0x0000000059260000 - 0x0000000059c84000 	C:\Program Files\AnyLogic 8.3 Professional\jre\bin\server\jvm.dll
0x00007ffe6b690000 - 0x00007ffe6b698000 	C:\WINDOWS\System32\PSAPI.DLL
0x00007ffe5a780000 - 0x00007ffe5a7a3000 	C:\WINDOWS\SYSTEM32\WINMM.dll
0x00007ffe5ce40000 - 0x00007ffe5ce49000 	C:\WINDOWS\SYSTEM32\WSOCK32.dll
0x00007ffe6c1f0000 - 0x00007ffe6c25c000 	C:\WINDOWS\System32\WS2_32.dll
0x00007ffe5a750000 - 0x00007ffe5a77a000 	C:\WINDOWS\SYSTEM32\winmmbase.dll
0x00007ffe69db0000 - 0x00007ffe69df9000 	C:\WINDOWS\System32\cfgmgr32.dll
0x00007ffe58820000 - 0x00007ffe5882f000 	C:\Program Files\AnyLogic 8.3 Professional\jre\bin\verify.dll
0x00007ffe48cc0000 - 0x00007ffe48ce7000 	C:\Program Files\AnyLogic 8.3 Professional\jre\bin\java.dll
0x00007ffe4b0f0000 - 0x00007ffe4b106000 	C:\Program Files\AnyLogic 8.3 Professional\jre\bin\zip.dll
0x00007ffe58600000 - 0x00007ffe5860a000 	C:\Program Files\AnyLogic 8.3 Professional\jre\bin\jimage.dll
0x00007ffe6c260000 - 0x00007ffe6d6a0000 	C:\WINDOWS\System32\SHELL32.dll
0x00007ffe6bd80000 - 0x00007ffe6be29000 	C:\WINDOWS\System32\shcore.dll
0x00007ffe6a350000 - 0x00007ffe6aa5d000 	C:\WINDOWS\System32\windows.storage.dll
0x00007ffe6af00000 - 0x00007ffe6af51000 	C:\WINDOWS\System32\shlwapi.dll
0x00007ffe69a80000 - 0x00007ffe69a91000 	C:\WINDOWS\System32\kernel.appcore.dll
0x00007ffe69a60000 - 0x00007ffe69a7f000 	C:\WINDOWS\System32\profapi.dll
0x00007ffe69a00000 - 0x00007ffe69a4c000 	C:\WINDOWS\System32\powrprof.dll
0x00007ffe69a50000 - 0x00007ffe69a5a000 	C:\WINDOWS\System32\FLTLIB.DLL
0x00007ffe46c40000 - 0x00007ffe46c5a000 	C:\Program Files\AnyLogic 8.3 Professional\jre\bin\net.dll
0x00007ffe66480000 - 0x00007ffe6655d000 	C:\WINDOWS\SYSTEM32\WINHTTP.dll
0x00007ffe691e0000 - 0x00007ffe69246000 	C:\WINDOWS\system32\mswsock.dll
0x00007ffe445f0000 - 0x00007ffe44601000 	C:\Program Files\AnyLogic 8.3 Professional\jre\bin\nio.dll
0x00007ffe2a8d0000 - 0x00007ffe2ba69000 	D:\osramjava\workspace\MultiskillScheduling\jniortools.dll
0x00007ffe43af0000 - 0x00007ffe43b8c000 	C:\Program Files\AnyLogic 8.3 Professional\jre\bin\MSVCP140.dll
0x00007ffe5dd40000 - 0x00007ffe5dd56000 	C:\Program Files\AnyLogic 8.3 Professional\jre\bin\VCRUNTIME140.dll
0x00007ffe61710000 - 0x00007ffe618d9000 	C:\WINDOWS\SYSTEM32\dbghelp.dll

VM Arguments:
jvm_args: -Dfile.encoding=Cp1252 
java_command: Start
java_class_path (initial): D:\osramjava\workspace\MultiskillScheduling\bin;D:\osramjava\workspace\MultiskillScheduling\libs\jcommon-1.0.23.jar;D:\osramjava\workspace\MultiskillScheduling\libs\jfreechart-1.0.19.jar;E:\or-tools\lib\com.google.ortools.jar;E:\or-tools\lib\protobuf.jar
Launcher Type: SUN_STANDARD

Logging:
Log output configuration:
#0: stdout all=warning uptime,level,tags
#1: stderr all=off uptime,level,tags

Environment Variables:
JAVA_HOME=C:\Program Files\Java\jdk1.8.0_25
JRE_HOME=C:\Program Files\Java\jre1.8.0_25
PATH=C:/Program Files/Java/jdk1.8.0_25/bin/../jre/bin/server;C:/Program Files/Java/jdk1.8.0_25/bin/../jre/bin;C:/Program Files/Java/jdk1.8.0_25/bin/../jre/lib/amd64;C:\Program Files\IBM\ILOG\CPLEX_Studio1271\opl\bin\x64_win64;C:\Program Files\IBM\ILOG\CPLEX_Studio1271\opl\oplide\;C:\Program Files\IBM\ILOG\CPLEX_Studio1271\cplex\bin\x64_win64;C:\Program Files\IBM\ILOG\CPLEX_Studio1271\cpoptimizer\bin\x64_win64;C:\Program Files (x86)\NVIDIA Corporation\PhysX\Common;C:\Program Files (x86)\Intel\iCLS Client\;C:\Program Files\Intel\iCLS Client\;C:\WINDOWS\system32;C:\WINDOWS;C:\WINDOWS\System32\Wbem;C:\WINDOWS\System32\WindowsPowerShell\v1.0\;C:\Program Files (x86)\Intel\OpenCL SDK\3.0\bin\x86;C:\Program Files (x86)\Intel\OpenCL SDK\3.0\bin\x64;C:\Program Files\Condusiv Technologies\ExpressCache\;C:\ProgramData\Lenovo\ReadyApps;C:\maven\apache-maven-3.1.1/bin;C:\Program Files\Intel\Intel(R) Management Engine Components\DAL;C:\Program Files\Intel\Intel(R) Management Engine Components\IPT;C:\Program Files (x86)\Intel\Intel(R) Management Engine Components\DAL;C:\Program Files (x86)\Intel\Intel(R) Management Engine Components\IPT;C:\Program Files\Intel\WiFi\bin\;C:\Program Files\Common Files\Intel\WirelessCommon\;C:\apache-tomcat-7.0.34\bin;C:\Program Files (x86)\Common Files\Adobe\AGL;C:\Program Files\TortoiseSVN\bin;C:\WINDOWS\system32\config\systemprofile\.dnx\bin;C:\Program Files\Microsoft DNX\Dnvm\;C:\Program Files (x86)\Windows Kits\8.1\Windows Performance Toolkit\;C:\Program Files (x86)\VisualSVN\bin;C:\Program Files\Java\jdk1.8.0_25\bin;C:\WINDOWS\System32\OpenSSH\;C:\Users\shufang xie\AppData\Local\Programs\Python\Python35-32\Scripts\;C:\Users\shufang xie\AppData\Local\Programs\Python\Python35-32\;C:\Program Files\Intel\WiFi\bin\;C:\Program Files\Common Files\Intel\WirelessCommon\;C:\Users\shufang xie\AppData\Local\Microsoft\WindowsApps;;F:\eclipse-java-photon-R-win32-x86_64\eclipse;
USERNAME=Zhang
OS=Windows_NT
PROCESSOR_IDENTIFIER=Intel64 Family 6 Model 60 Stepping 3, GenuineIntel



---------------  S Y S T E M  ---------------

OS: Windows 10 , 64 bit Build 17134 (10.0.17134.753)

CPU:total 8 (initial active 8) (4 cores per cpu, 2 threads per core) family 6 model 60 stepping 3, cmov, cx8, fxsr, mmx, sse, sse2, sse3, ssse3, sse4.1, sse4.2, popcnt, avx, avx2, aes, clmul, erms, lzcnt, ht, tsc, tscinvbit, bmi1, bmi2, fma

Memory: 4k page, physical 16665224k(8251428k free), swap 26750572k(13042956k free)

vm_info: Java HotSpot(TM) 64-Bit Server VM (9.0.1+11) for windows-amd64 JRE (9.0.1+11), built on Sep 28 2017 04:54:03 by "mach5one" with MS VC++ 12.0 (VS2013)

END.
