#
# A fatal error has been detected by the Java Runtime Environment:
#
#  EXCEPTION_ACCESS_VIOLATION (0xc0000005) at pc=0x00007ffe2b0eed66, pid=256, tid=7376
#
# JRE version: Java(TM) SE Runtime Environment (9.0+11) (build 9.0.1+11)
# Java VM: Java HotSpot(TM) 64-Bit Server VM (9.0.1+11, mixed mode, tiered, compressed oops, g1 gc, windows-amd64)
# Problematic frame:
# C  [jniortools.dll+0x81ed66]
#
# No core dump will be written. Minidumps are not enabled by default on client versions of Windows
#
# If you would like to submit a bug report, please visit:
#   http://bugreport.java.com/bugreport/crash.jsp
# The crash happened outside the Java Virtual Machine in native code.
# See problematic frame for where to report the bug.
#

---------------  S U M M A R Y ------------

Command Line: -Dfile.encoding=Cp1252 Start

Host: Intel(R) Core(TM) i7-4702MQ CPU @ 2.20GHz, 8 cores, 15G,  Windows 10 , 64 bit Build 17134 (10.0.17134.753)
Time: Tue Jun 04 18:28:35 2019 W. Europe Daylight Time elapsed time: 3 seconds (0d 0h 0m 3s)

---------------  T H R E A D  ---------------

Current thread (0x0000025e65a23000):  JavaThread "main" [_thread_in_native, id=7376, stack(0x0000009314900000,0x0000009314a00000)]

Stack: [0x0000009314900000,0x0000009314a00000],  sp=0x00000093149ee820,  free space=954k
Native frames: (J=compiled Java code, j=interpreted, Vv=VM code, C=native code)
C  [jniortools.dll+0x81ed66]
C  [jniortools.dll+0x8ca125]
C  [jniortools.dll+0x8720de]
C  [jniortools.dll+0x88ce0b]
C  [jniortools.dll+0x8a1caa]
C  [jniortools.dll+0x8a1dd8]
C  [jniortools.dll+0x5fb2c5]
C  [jniortools.dll+0x43f2d6]
C  [jniortools.dll+0x43f3eb]
C  0x0000025e6dfa921c

Java frames: (J=compiled Java code, j=interpreted, Vv=VM code)
j  com.google.ortools.linearsolver.main_research_linear_solverJNI.MPSolver_solve__SWIG_0(JLcom/google/ortools/linearsolver/MPSolver;)I+0
j  com.google.ortools.linearsolver.MPSolver.solve()Lcom/google/ortools/linearsolver/MPSolver$ResultStatus;+5
J 481 c2 solver.cp.ORASolverByMIP.solveWithAllActivities(Z)Z (1158 bytes) @ 0x0000025e75abe450 [0x0000025e75ab9260+0x00000000000051f0]
j  solver.cp.ORASolverByMIP.solveByReducingActivity(Z)Z+130
j  solver.cp.ORASolverByMIP.start(Z)Z+2
j  solver.AbstractORASlover.solve(ZZ)V+2
j  Start.main([Ljava/lang/String;)V+20
v  ~StubRoutines::call_stub

siginfo: EXCEPTION_ACCESS_VIOLATION (0xc0000005), reading address 0x0000025e11234000


Register to memory mapping:

RIP=0x00007ffe2b0eed66 jniortools.dll
RAX=0x00000000000030ec is an unknown value
RBX=0x0000025e0fd4a840 is an unknown value
RCX=0x0000025e0fd4d92c is an unknown value
RDX=0x0000025e11234000 is an unknown value
RSP=0x00000093149ee820 is pointing into the stack for thread: 0x0000025e65a23000
RBP=0x00000093149ee920 is pointing into the stack for thread: 0x0000025e65a23000
RSI=0x0000000000000001 is an unknown value
RDI=0x0000025e1291bfb8 is an unknown value
R8 =0x0000000000000bb8 is an unknown value
R9 =0x0000000000000000 is an unknown value
R10=0x0000025e1149fc40 is an unknown value
R11=0x0000025e0fd4a840 is an unknown value
R12=0x0000025e0bda76b0 is an unknown value
R13=0x0000000000000bea is an unknown value
R14=0x000000000000315c is an unknown value
R15=0x0000025e12919010 is an unknown value


Registers:
RAX=0x00000000000030ec, RBX=0x0000025e0fd4a840, RCX=0x0000025e0fd4d92c, RDX=0x0000025e11234000
RSP=0x00000093149ee820, RBP=0x00000093149ee920, RSI=0x0000000000000001, RDI=0x0000025e1291bfb8
R8 =0x0000000000000bb8, R9 =0x0000000000000000, R10=0x0000025e1149fc40, R11=0x0000025e0fd4a840
R12=0x0000025e0bda76b0, R13=0x0000000000000bea, R14=0x000000000000315c, R15=0x0000025e12919010
RIP=0x00007ffe2b0eed66, EFLAGS=0x0000000000010287

Top of Stack: (sp=0x00000093149ee820)
0x00000093149ee820:   0000000000002e0c 00000093149ee920
0x00000093149ee830:   000000000000315c 0000025e12919010
0x00000093149ee840:   0000025e00000000 0000025e00000002
0x00000093149ee850:   0000025e12c72001 0000025e0cca2601
0x00000093149ee860:   0000000000000000 000000000000000f
0x00000093149ee870:   0000025e0bda76b0 000003500000315c
0x00000093149ee880:   0000000000000000 0000025e0bda84d0
0x00000093149ee890:   00000bb800000002 0000025e12919010
0x00000093149ee8a0:   0000000000000000 0000025e0000031e
0x00000093149ee8b0:   0000025e00000000 ffffffff00000001
0x00000093149ee8c0:   0000025e1285e190 0000025e00000bb8
0x00000093149ee8d0:   0000000000000350 0000025e00002e3e
0x00000093149ee8e0:   0000000000000350 000000000000031e
0x00000093149ee8f0:   0000025e0000031e 0000025e13e03e60
0x00000093149ee900:   0000000000000000 0000025e00000014
0x00000093149ee910:   00000093149efbb0 0000000000000064 

Instructions: (pc=0x00007ffe2b0eed66)
0x00007ffe2b0eed46:   19 01 48 ff c2 48 3b d7 7c f0 45 8b c5 45 85 f6
0x00007ffe2b0eed56:   7e 46 48 8b cb 49 8d 3c bf 48 8b 95 a8 00 00 00
0x00007ffe2b0eed66:   83 3a 01 75 0e 80 39 00 75 09 89 07 41 ff c5 48
0x00007ffe2b0eed76:   83 c7 04 ff c0 48 83 c2 04 48 ff c1 41 3b c6 7c 



---------------  P R O C E S S  ---------------

Java Threads: ( => current thread )
  0x0000025e0b0e7000 JavaThread "Service Thread" daemon [_thread_blocked, id=6624, stack(0x0000009316900000,0x0000009316a00000)]
  0x0000025e0af69800 JavaThread "Common-Cleaner" daemon [_thread_blocked, id=27528, stack(0x0000009316800000,0x0000009316900000)]
  0x0000025e0ae9c800 JavaThread "Sweeper thread" daemon [_thread_blocked, id=6148, stack(0x0000009316700000,0x0000009316800000)]
  0x0000025e0ae8d000 JavaThread "C1 CompilerThread3" daemon [_thread_blocked, id=19700, stack(0x0000009316600000,0x0000009316700000)]
  0x0000025e0ae86800 JavaThread "C2 CompilerThread2" daemon [_thread_blocked, id=13536, stack(0x0000009316500000,0x0000009316600000)]
  0x0000025e0ae84000 JavaThread "C2 CompilerThread1" daemon [_thread_blocked, id=24312, stack(0x0000009316400000,0x0000009316500000)]
  0x0000025e0ae82000 JavaThread "C2 CompilerThread0" daemon [_thread_blocked, id=10016, stack(0x0000009316300000,0x0000009316400000)]
  0x0000025e0ae7d800 JavaThread "Attach Listener" daemon [_thread_blocked, id=20148, stack(0x0000009316200000,0x0000009316300000)]
  0x0000025e0a57e800 JavaThread "Signal Dispatcher" daemon [_thread_blocked, id=22704, stack(0x0000009316100000,0x0000009316200000)]
  0x0000025e0a571000 JavaThread "Finalizer" daemon [_thread_blocked, id=10656, stack(0x0000009316000000,0x0000009316100000)]
  0x0000025e0a541000 JavaThread "Reference Handler" daemon [_thread_blocked, id=22920, stack(0x0000009315f00000,0x0000009316000000)]
=>0x0000025e65a23000 JavaThread "main" [_thread_in_native, id=7376, stack(0x0000009314900000,0x0000009314a00000)]

Other Threads:
  0x0000025e0a53b000 VMThread "VM Thread" [stack: 0x0000009315e00000,0x0000009315f00000] [id=22876]
  0x0000025e0b0eb000 WatcherThread [stack: 0x0000009316a00000,0x0000009316b00000] [id=13244]
  0x0000025e65a3e000 GCTaskThread "GC Thread#0" [stack: 0x0000009314a00000,0x0000009314b00000] [id=10532]
  0x0000025e65a3f800 GCTaskThread "GC Thread#1" [stack: 0x0000009314b00000,0x0000009314c00000] [id=27552]
  0x0000025e65a42000 GCTaskThread "GC Thread#2" [stack: 0x0000009314c00000,0x0000009314d00000] [id=4888]
  0x0000025e65a45000 GCTaskThread "GC Thread#3" [stack: 0x0000009314d00000,0x0000009314e00000] [id=7340]
  0x0000025e65a47000 GCTaskThread "GC Thread#4" [stack: 0x0000009314e00000,0x0000009314f00000] [id=19296]
  0x0000025e65a4d000 GCTaskThread "GC Thread#5" [stack: 0x0000009314f00000,0x0000009315000000] [id=23540]
  0x0000025e65a50800 GCTaskThread "GC Thread#6" [stack: 0x0000009315000000,0x0000009315100000] [id=20668]
  0x0000025e65a56800 GCTaskThread "GC Thread#7" [stack: 0x0000009315100000,0x0000009315200000] [id=23068]
  0x0000025e65ac0000 ConcurrentGCThread "G1 Main Marker" [stack: 0x0000009315b00000,0x0000009315c00000] [id=22232]
  0x0000025e7f988800 ConcurrentGCThread "G1 Marker#0" [stack: 0x0000009315c00000,0x0000009315d00000] [id=16460]
  0x0000025e65ac1000 ConcurrentGCThread "G1 Marker#1" [stack: 0x0000009315d00000,0x0000009315e00000] [id=27276]
  0x0000025e65a69800 ConcurrentGCThread "G1 Refine#0" [stack: 0x0000009315900000,0x0000009315a00000] [id=18616]
  0x0000025e65a68800 ConcurrentGCThread "G1 Refine#1" [stack: 0x0000009315800000,0x0000009315900000] [id=21784]
  0x0000025e65a67800 ConcurrentGCThread "G1 Refine#2" [stack: 0x0000009315700000,0x0000009315800000] [id=9720]
  0x0000025e65a66800 ConcurrentGCThread "G1 Refine#3" [stack: 0x0000009315600000,0x0000009315700000] [id=5236]
  0x0000025e65a63000 ConcurrentGCThread "G1 Refine#4" [stack: 0x0000009315500000,0x0000009315600000] [id=1200]
  0x0000025e65a60000 ConcurrentGCThread "G1 Refine#5" [stack: 0x0000009315400000,0x0000009315500000] [id=22276]
  0x0000025e65a5a000 ConcurrentGCThread "G1 Refine#6" [stack: 0x0000009315300000,0x0000009315400000] [id=8508]
  0x0000025e65a59800 ConcurrentGCThread "G1 Refine#7" [stack: 0x0000009315200000,0x0000009315300000] [id=6108]
  0x0000025e65a72800 ConcurrentGCThread "G1 Young RemSet Sampling" [stack: 0x0000009315a00000,0x0000009315b00000] [id=18708]

Threads with active compile tasks:

VM state:not at safepoint (normal execution)

VM Mutex/Monitor currently owned by a thread: None

Heap address: 0x00000006c1a00000, size: 4070 MB, Compressed Oops mode: Zero based, Oop shift amount: 3
Narrow klass base: 0x0000000000000000, Narrow klass shift: 3
Compressed class space size: 1073741824 Address: 0x00000007c0000000

Heap:
 garbage-first heap   total 432128K, used 107242K [0x00000006c1a00000, 0x00000006c1b00d30, 0x00000007c0000000)
  region size 1024K, 61 young (62464K), 4 survivors (4096K)
 Metaspace       used 5713K, capacity 5890K, committed 6016K, reserved 1056768K
  class space    used 541K, capacity 570K, committed 640K, reserved 1048576K
Heap Regions: E=young(eden), S=young(survivor), O=old, HS=humongous(starts), HC=humongous(continues), CS=collection set, F=free, A=archive, TS=gc time stamp, AC=allocation context, TAMS=top-at-mark-start (previous, next)
|   0|0x00000006c1a00000, 0x00000006c1b00000, 0x00000006c1b00000|100%|HS|  |TS  0|AC  0|TAMS 0x00000006c1a00000, 0x00000006c1a00000|
|   1|0x00000006c1b00000, 0x00000006c1c00000, 0x00000006c1c00000|100%| O|  |TS  1|AC  0|TAMS 0x00000006c1b00000, 0x00000006c1b00000|
|   2|0x00000006c1c00000, 0x00000006c1d00000, 0x00000006c1d00000|100%| O|  |TS  1|AC  0|TAMS 0x00000006c1c00000, 0x00000006c1c00000|
|   3|0x00000006c1d00000, 0x00000006c1e00000, 0x00000006c1e00000|100%| O|  |TS  1|AC  0|TAMS 0x00000006c1d00000, 0x00000006c1d00000|
|   4|0x00000006c1e00000, 0x00000006c1f00000, 0x00000006c1f00000|100%| O|  |TS  1|AC  0|TAMS 0x00000006c1e00000, 0x00000006c1e00000|
|   5|0x00000006c1f00000, 0x00000006c2000000, 0x00000006c2000000|100%| O|  |TS  1|AC  0|TAMS 0x00000006c1f00000, 0x00000006c1f00000|
|   6|0x00000006c2000000, 0x00000006c2100000, 0x00000006c2100000|100%| O|  |TS  1|AC  0|TAMS 0x00000006c2000000, 0x00000006c2000000|
|   7|0x00000006c2100000, 0x00000006c2200000, 0x00000006c2200000|100%| O|  |TS  1|AC  0|TAMS 0x00000006c2100000, 0x00000006c2100000|
|   8|0x00000006c2200000, 0x00000006c2300000, 0x00000006c2300000|100%| O|  |TS  3|AC  0|TAMS 0x00000006c2200000, 0x00000006c2200000|
|   9|0x00000006c2300000, 0x00000006c2400000, 0x00000006c2400000|100%| O|  |TS  3|AC  0|TAMS 0x00000006c2300000, 0x00000006c2300000|
|  10|0x00000006c2400000, 0x00000006c2500000, 0x00000006c2500000|100%| O|  |TS  3|AC  0|TAMS 0x00000006c2400000, 0x00000006c2400000|
|  11|0x00000006c2500000, 0x00000006c2600000, 0x00000006c2600000|100%| O|  |TS  9|AC  0|TAMS 0x00000006c2500000, 0x00000006c2500000|
|  12|0x00000006c2600000, 0x00000006c2700000, 0x00000006c2700000|100%|HS|  |TS  0|AC  0|TAMS 0x00000006c2600000, 0x00000006c2600000|
|  13|0x00000006c2700000, 0x00000006c2800000, 0x00000006c2800000|100%|HS|  |TS  0|AC  0|TAMS 0x00000006c2700000, 0x00000006c2700000|
|  14|0x00000006c2800000, 0x00000006c2900000, 0x00000006c2900000|100%|HS|  |TS  0|AC  0|TAMS 0x00000006c2800000, 0x00000006c2800000|
|  15|0x00000006c2900000, 0x00000006c2a00000, 0x00000006c2a00000|100%| O|  |TS  9|AC  0|TAMS 0x00000006c2900000, 0x00000006c2900000|
|  16|0x00000006c2a00000, 0x00000006c2b00000, 0x00000006c2b00000|100%| O|  |TS  9|AC  0|TAMS 0x00000006c2a00000, 0x00000006c2a00000|
|  17|0x00000006c2b00000, 0x00000006c2c00000, 0x00000006c2c00000|100%| O|  |TS  9|AC  0|TAMS 0x00000006c2b00000, 0x00000006c2b00000|
|  18|0x00000006c2c00000, 0x00000006c2d00000, 0x00000006c2d00000|100%| O|  |TS  9|AC  0|TAMS 0x00000006c2c00000, 0x00000006c2c00000|
|  19|0x00000006c2d00000, 0x00000006c2e00000, 0x00000006c2e00000|100%| O|  |TS  9|AC  0|TAMS 0x00000006c2d00000, 0x00000006c2d00000|
|  20|0x00000006c2e00000, 0x00000006c2f00000, 0x00000006c2f00000|100%| O|  |TS  9|AC  0|TAMS 0x00000006c2e00000, 0x00000006c2e00000|
|  21|0x00000006c2f00000, 0x00000006c3000000, 0x00000006c3000000|100%| O|  |TS 11|AC  0|TAMS 0x00000006c2f00000, 0x00000006c2f00000|
|  22|0x00000006c3000000, 0x00000006c3100000, 0x00000006c3100000|100%| O|  |TS 11|AC  0|TAMS 0x00000006c3000000, 0x00000006c3000000|
|  23|0x00000006c3100000, 0x00000006c3200000, 0x00000006c3200000|100%| O|  |TS 11|AC  0|TAMS 0x00000006c3100000, 0x00000006c3100000|
|  24|0x00000006c3200000, 0x00000006c3300000, 0x00000006c3300000|100%| O|  |TS 11|AC  0|TAMS 0x00000006c3200000, 0x00000006c3200000|
|  25|0x00000006c3300000, 0x00000006c3400000, 0x00000006c3400000|100%| O|  |TS 11|AC  0|TAMS 0x00000006c3300000, 0x00000006c3300000|
|  26|0x00000006c3400000, 0x00000006c3500000, 0x00000006c3500000|100%| O|  |TS 11|AC  0|TAMS 0x00000006c3400000, 0x00000006c3400000|
|  27|0x00000006c3500000, 0x00000006c3600000, 0x00000006c3600000|100%| O|  |TS 11|AC  0|TAMS 0x00000006c3500000, 0x00000006c3500000|
|  28|0x00000006c3600000, 0x00000006c3700000, 0x00000006c3700000|100%| O|  |TS 11|AC  0|TAMS 0x00000006c3600000, 0x00000006c3600000|
|  29|0x00000006c3700000, 0x00000006c3800000, 0x00000006c3800000|100%| O|  |TS 11|AC  0|TAMS 0x00000006c3700000, 0x00000006c3700000|
|  30|0x00000006c3800000, 0x00000006c3900000, 0x00000006c3900000|100%| O|  |TS 11|AC  0|TAMS 0x00000006c3800000, 0x00000006c3800000|
|  31|0x00000006c3900000, 0x00000006c3a00000, 0x00000006c3a00000|100%| O|  |TS 11|AC  0|TAMS 0x00000006c3900000, 0x00000006c3900000|
|  32|0x00000006c3a00000, 0x00000006c3b00000, 0x00000006c3b00000|100%| O|  |TS 11|AC  0|TAMS 0x00000006c3a00000, 0x00000006c3a00000|
|  33|0x00000006c3b00000, 0x00000006c3c00000, 0x00000006c3c00000|100%| O|  |TS 11|AC  0|TAMS 0x00000006c3b00000, 0x00000006c3b00000|
|  34|0x00000006c3c00000, 0x00000006c3d00000, 0x00000006c3d00000|100%| O|  |TS 11|AC  0|TAMS 0x00000006c3c00000, 0x00000006c3c00000|
|  35|0x00000006c3d00000, 0x00000006c3e00000, 0x00000006c3e00000|100%| O|  |TS 11|AC  0|TAMS 0x00000006c3d00000, 0x00000006c3d00000|
|  36|0x00000006c3e00000, 0x00000006c3f00000, 0x00000006c3f00000|100%| O|  |TS 11|AC  0|TAMS 0x00000006c3e00000, 0x00000006c3e00000|
|  37|0x00000006c3f00000, 0x00000006c4000000, 0x00000006c4000000|100%| O|  |TS 11|AC  0|TAMS 0x00000006c3f00000, 0x00000006c3f00000|
|  38|0x00000006c4000000, 0x00000006c4100000, 0x00000006c4100000|100%| O|  |TS 11|AC  0|TAMS 0x00000006c4000000, 0x00000006c4000000|
|  39|0x00000006c4100000, 0x00000006c4200000, 0x00000006c4200000|100%| O|  |TS 11|AC  0|TAMS 0x00000006c4100000, 0x00000006c4100000|
|  40|0x00000006c4200000, 0x00000006c4300000, 0x00000006c4300000|100%| O|  |TS 11|AC  0|TAMS 0x00000006c4200000, 0x00000006c4200000|
|  41|0x00000006c4300000, 0x00000006c4400000, 0x00000006c4400000|100%| O|  |TS 11|AC  0|TAMS 0x00000006c4300000, 0x00000006c4300000|
|  42|0x00000006c4400000, 0x00000006c4500000, 0x00000006c4500000|100%| O|  |TS 11|AC  0|TAMS 0x00000006c4400000, 0x00000006c4400000|
|  43|0x00000006c4500000, 0x00000006c45ba800, 0x00000006c4600000| 72%| O|  |TS 11|AC  0|TAMS 0x00000006c4500000, 0x00000006c4500000|
|  44|0x00000006c4600000, 0x00000006c4700000, 0x00000006c4700000|100%|HS|  |TS  0|AC  0|TAMS 0x00000006c4600000, 0x00000006c4600000|
|  45|0x00000006c4700000, 0x00000006c4700000, 0x00000006c4800000|  0%| F|  |TS  0|AC  0|TAMS 0x00000006c4700000, 0x00000006c4700000|
|  46|0x00000006c4800000, 0x00000006c4800000, 0x00000006c4900000|  0%| F|  |TS  0|AC  0|TAMS 0x00000006c4800000, 0x00000006c4800000|
|  47|0x00000006c4900000, 0x00000006c4900000, 0x00000006c4a00000|  0%| F|  |TS  0|AC  0|TAMS 0x00000006c4900000, 0x00000006c4900000|
|  48|0x00000006c4a00000, 0x00000006c4a00000, 0x00000006c4b00000|  0%| F|  |TS  0|AC  0|TAMS 0x00000006c4a00000, 0x00000006c4a00000|
|  49|0x00000006c4b00000, 0x00000006c4b00000, 0x00000006c4c00000|  0%| F|  |TS  0|AC  0|TAMS 0x00000006c4b00000, 0x00000006c4b00000|
|  50|0x00000006c4c00000, 0x00000006c4c00000, 0x00000006c4d00000|  0%| F|  |TS  0|AC  0|TAMS 0x00000006c4c00000, 0x00000006c4c00000|
|  51|0x00000006c4d00000, 0x00000006c4d00000, 0x00000006c4e00000|  0%| F|  |TS  0|AC  0|TAMS 0x00000006c4d00000, 0x00000006c4d00000|
|  52|0x00000006c4e00000, 0x00000006c4e00000, 0x00000006c4f00000|  0%| F|  |TS  0|AC  0|TAMS 0x00000006c4e00000, 0x00000006c4e00000|
|  53|0x00000006c4f00000, 0x00000006c4f00000, 0x00000006c5000000|  0%| F|  |TS  0|AC  0|TAMS 0x00000006c4f00000, 0x00000006c4f00000|
|  54|0x00000006c5000000, 0x00000006c5000000, 0x00000006c5100000|  0%| F|  |TS  0|AC  0|TAMS 0x00000006c5000000, 0x00000006c5000000|
|  55|0x00000006c5100000, 0x00000006c5100000, 0x00000006c5200000|  0%| F|  |TS  0|AC  0|TAMS 0x00000006c5100000, 0x00000006c5100000|
|  56|0x00000006c5200000, 0x00000006c5200000, 0x00000006c5300000|  0%| F|  |TS  0|AC  0|TAMS 0x00000006c5200000, 0x00000006c5200000|
|  57|0x00000006c5300000, 0x00000006c5300000, 0x00000006c5400000|  0%| F|  |TS  0|AC  0|TAMS 0x00000006c5300000, 0x00000006c5300000|
|  58|0x00000006c5400000, 0x00000006c5400000, 0x00000006c5500000|  0%| F|  |TS  0|AC  0|TAMS 0x00000006c5400000, 0x00000006c5400000|
|  59|0x00000006c5500000, 0x00000006c5500000, 0x00000006c5600000|  0%| F|  |TS  0|AC  0|TAMS 0x00000006c5500000, 0x00000006c5500000|
|  60|0x00000006c5600000, 0x00000006c5600000, 0x00000006c5700000|  0%| F|  |TS  0|AC  0|TAMS 0x00000006c5600000, 0x00000006c5600000|
|  61|0x00000006c5700000, 0x00000006c5700000, 0x00000006c5800000|  0%| F|  |TS  0|AC  0|TAMS 0x00000006c5700000, 0x00000006c5700000|
|  62|0x00000006c5800000, 0x00000006c5800000, 0x00000006c5900000|  0%| F|  |TS  0|AC  0|TAMS 0x00000006c5800000, 0x00000006c5800000|
|  63|0x00000006c5900000, 0x00000006c5900000, 0x00000006c5a00000|  0%| F|  |TS  0|AC  0|TAMS 0x00000006c5900000, 0x00000006c5900000|
|  64|0x00000006c5a00000, 0x00000006c5a00000, 0x00000006c5b00000|  0%| F|  |TS  0|AC  0|TAMS 0x00000006c5a00000, 0x00000006c5a00000|
|  65|0x00000006c5b00000, 0x00000006c5b00000, 0x00000006c5c00000|  0%| F|  |TS  0|AC  0|TAMS 0x00000006c5b00000, 0x00000006c5b00000|
|  66|0x00000006c5c00000, 0x00000006c5c00000, 0x00000006c5d00000|  0%| F|  |TS  0|AC  0|TAMS 0x00000006c5c00000, 0x00000006c5c00000|
|  67|0x00000006c5d00000, 0x00000006c5d00000, 0x00000006c5e00000|  0%| F|  |TS  0|AC  0|TAMS 0x00000006c5d00000, 0x00000006c5d00000|
|  68|0x00000006c5e00000, 0x00000006c5e00000, 0x00000006c5f00000|  0%| F|  |TS  0|AC  0|TAMS 0x00000006c5e00000, 0x00000006c5e00000|
|  69|0x00000006c5f00000, 0x00000006c5f00000, 0x00000006c6000000|  0%| F|  |TS  0|AC  0|TAMS 0x00000006c5f00000, 0x00000006c5f00000|
|  70|0x00000006c6000000, 0x00000006c6000000, 0x00000006c6100000|  0%| F|  |TS  0|AC  0|TAMS 0x00000006c6000000, 0x00000006c6000000|
|  71|0x00000006c6100000, 0x00000006c6100000, 0x00000006c6200000|  0%| F|  |TS  0|AC  0|TAMS 0x00000006c6100000, 0x00000006c6100000|
|  72|0x00000006c6200000, 0x00000006c6200000, 0x00000006c6300000|  0%| F|  |TS  0|AC  0|TAMS 0x00000006c6200000, 0x00000006c6200000|
|  73|0x00000006c6300000, 0x00000006c6300000, 0x00000006c6400000|  0%| F|  |TS  0|AC  0|TAMS 0x00000006c6300000, 0x00000006c6300000|
|  74|0x00000006c6400000, 0x00000006c6400000, 0x00000006c6500000|  0%| F|  |TS  0|AC  0|TAMS 0x00000006c6400000, 0x00000006c6400000|
|  75|0x00000006c6500000, 0x00000006c6500000, 0x00000006c6600000|  0%| F|  |TS  0|AC  0|TAMS 0x00000006c6500000, 0x00000006c6500000|
|  76|0x00000006c6600000, 0x00000006c6600000, 0x00000006c6700000|  0%| F|  |TS  0|AC  0|TAMS 0x00000006c6600000, 0x00000006c6600000|
|  77|0x00000006c6700000, 0x00000006c6700000, 0x00000006c6800000|  0%| F|  |TS  0|AC  0|TAMS 0x00000006c6700000, 0x00000006c6700000|
|  78|0x00000006c6800000, 0x00000006c6800000, 0x00000006c6900000|  0%| F|  |TS  0|AC  0|TAMS 0x00000006c6800000, 0x00000006c6800000|
|  79|0x00000006c6900000, 0x00000006c6900000, 0x00000006c6a00000|  0%| F|  |TS  0|AC  0|TAMS 0x00000006c6900000, 0x00000006c6900000|
|  80|0x00000006c6a00000, 0x00000006c6a00000, 0x00000006c6b00000|  0%| F|  |TS  0|AC  0|TAMS 0x00000006c6a00000, 0x00000006c6a00000|
|  81|0x00000006c6b00000, 0x00000006c6b00000, 0x00000006c6c00000|  0%| F|  |TS  0|AC  0|TAMS 0x00000006c6b00000, 0x00000006c6b00000|
|  82|0x00000006c6c00000, 0x00000006c6c00000, 0x00000006c6d00000|  0%| F|  |TS  0|AC  0|TAMS 0x00000006c6c00000, 0x00000006c6c00000|
|  83|0x00000006c6d00000, 0x00000006c6d00000, 0x00000006c6e00000|  0%| F|  |TS 11|AC  0|TAMS 0x00000006c6d00000, 0x00000006c6d00000|
|  84|0x00000006c6e00000, 0x00000006c6e00000, 0x00000006c6f00000|  0%| F|  |TS 11|AC  0|TAMS 0x00000006c6e00000, 0x00000006c6e00000|
|  85|0x00000006c6f00000, 0x00000006c6f00000, 0x00000006c7000000|  0%| F|  |TS 11|AC  0|TAMS 0x00000006c6f00000, 0x00000006c6f00000|
|  86|0x00000006c7000000, 0x00000006c7000000, 0x00000006c7100000|  0%| F|  |TS 11|AC  0|TAMS 0x00000006c7000000, 0x00000006c7000000|
|  87|0x00000006c7100000, 0x00000006c7100000, 0x00000006c7200000|  0%| F|  |TS 11|AC  0|TAMS 0x00000006c7100000, 0x00000006c7100000|
|  88|0x00000006c7200000, 0x00000006c7200000, 0x00000006c7300000|  0%| F|  |TS 11|AC  0|TAMS 0x00000006c7200000, 0x00000006c7200000|
|  89|0x00000006c7300000, 0x00000006c7300000, 0x00000006c7400000|  0%| F|  |TS 11|AC  0|TAMS 0x00000006c7300000, 0x00000006c7300000|
|  90|0x00000006c7400000, 0x00000006c7400000, 0x00000006c7500000|  0%| F|  |TS 11|AC  0|TAMS 0x00000006c7400000, 0x00000006c7400000|
|  91|0x00000006c7500000, 0x00000006c7500000, 0x00000006c7600000|  0%| F|  |TS 11|AC  0|TAMS 0x00000006c7500000, 0x00000006c7500000|
|  92|0x00000006c7600000, 0x00000006c7600000, 0x00000006c7700000|  0%| F|  |TS 11|AC  0|TAMS 0x00000006c7600000, 0x00000006c7600000|
|  93|0x00000006c7700000, 0x00000006c7700000, 0x00000006c7800000|  0%| F|  |TS 11|AC  0|TAMS 0x00000006c7700000, 0x00000006c7700000|
|  94|0x00000006c7800000, 0x00000006c7800000, 0x00000006c7900000|  0%| F|  |TS 11|AC  0|TAMS 0x00000006c7800000, 0x00000006c7800000|
|  95|0x00000006c7900000, 0x00000006c7900000, 0x00000006c7a00000|  0%| F|  |TS 11|AC  0|TAMS 0x00000006c7900000, 0x00000006c7900000|
|  96|0x00000006c7a00000, 0x00000006c7a00000, 0x00000006c7b00000|  0%| F|  |TS 11|AC  0|TAMS 0x00000006c7a00000, 0x00000006c7a00000|
|  97|0x00000006c7b00000, 0x00000006c7b00000, 0x00000006c7c00000|  0%| F|  |TS 11|AC  0|TAMS 0x00000006c7b00000, 0x00000006c7b00000|
|  98|0x00000006c7c00000, 0x00000006c7c00000, 0x00000006c7d00000|  0%| F|  |TS 11|AC  0|TAMS 0x00000006c7c00000, 0x00000006c7c00000|
|  99|0x00000006c7d00000, 0x00000006c7d00000, 0x00000006c7e00000|  0%| F|  |TS 11|AC  0|TAMS 0x00000006c7d00000, 0x00000006c7d00000|
| 100|0x00000006c7e00000, 0x00000006c7e00000, 0x00000006c7f00000|  0%| F|  |TS 11|AC  0|TAMS 0x00000006c7e00000, 0x00000006c7e00000|
| 101|0x00000006c7f00000, 0x00000006c7f00000, 0x00000006c8000000|  0%| F|  |TS 11|AC  0|TAMS 0x00000006c7f00000, 0x00000006c7f00000|
| 102|0x00000006c8000000, 0x00000006c8000000, 0x00000006c8100000|  0%| F|  |TS 11|AC  0|TAMS 0x00000006c8000000, 0x00000006c8000000|
| 103|0x00000006c8100000, 0x00000006c8100000, 0x00000006c8200000|  0%| F|  |TS  9|AC  0|TAMS 0x00000006c8100000, 0x00000006c8100000|
| 104|0x00000006c8200000, 0x00000006c8200000, 0x00000006c8300000|  0%| F|  |TS  9|AC  0|TAMS 0x00000006c8200000, 0x00000006c8200000|
| 105|0x00000006c8300000, 0x00000006c8300000, 0x00000006c8400000|  0%| F|  |TS  9|AC  0|TAMS 0x00000006c8300000, 0x00000006c8300000|
| 106|0x00000006c8400000, 0x00000006c8400000, 0x00000006c8500000|  0%| F|  |TS  9|AC  0|TAMS 0x00000006c8400000, 0x00000006c8400000|
| 107|0x00000006c8500000, 0x00000006c8500000, 0x00000006c8600000|  0%| F|  |TS  9|AC  0|TAMS 0x00000006c8500000, 0x00000006c8500000|
| 108|0x00000006c8600000, 0x00000006c8600000, 0x00000006c8700000|  0%| F|  |TS  9|AC  0|TAMS 0x00000006c8600000, 0x00000006c8600000|
| 109|0x00000006c8700000, 0x00000006c8700000, 0x00000006c8800000|  0%| F|  |TS  9|AC  0|TAMS 0x00000006c8700000, 0x00000006c8700000|
| 110|0x00000006c8800000, 0x00000006c8800000, 0x00000006c8900000|  0%| F|  |TS  9|AC  0|TAMS 0x00000006c8800000, 0x00000006c8800000|
| 111|0x00000006c8900000, 0x00000006c8900000, 0x00000006c8a00000|  0%| F|  |TS  9|AC  0|TAMS 0x00000006c8900000, 0x00000006c8900000|
| 112|0x00000006c8a00000, 0x00000006c8a00000, 0x00000006c8b00000|  0%| F|  |TS  9|AC  0|TAMS 0x00000006c8a00000, 0x00000006c8a00000|
| 113|0x00000006c8b00000, 0x00000006c8b00000, 0x00000006c8c00000|  0%| F|  |TS  9|AC  0|TAMS 0x00000006c8b00000, 0x00000006c8b00000|
| 114|0x00000006c8c00000, 0x00000006c8c00000, 0x00000006c8d00000|  0%| F|  |TS  9|AC  0|TAMS 0x00000006c8c00000, 0x00000006c8c00000|
| 115|0x00000006c8d00000, 0x00000006c8d00000, 0x00000006c8e00000|  0%| F|  |TS  9|AC  0|TAMS 0x00000006c8d00000, 0x00000006c8d00000|
| 116|0x00000006c8e00000, 0x00000006c8e00000, 0x00000006c8f00000|  0%| F|  |TS  9|AC  0|TAMS 0x00000006c8e00000, 0x00000006c8e00000|
| 117|0x00000006c8f00000, 0x00000006c8f00000, 0x00000006c9000000|  0%| F|  |TS  9|AC  0|TAMS 0x00000006c8f00000, 0x00000006c8f00000|
| 118|0x00000006c9000000, 0x00000006c9000000, 0x00000006c9100000|  0%| F|  |TS  9|AC  0|TAMS 0x00000006c9000000, 0x00000006c9000000|
| 119|0x00000006c9100000, 0x00000006c9100000, 0x00000006c9200000|  0%| F|  |TS  9|AC  0|TAMS 0x00000006c9100000, 0x00000006c9100000|
| 120|0x00000006c9200000, 0x00000006c9200000, 0x00000006c9300000|  0%| F|  |TS  9|AC  0|TAMS 0x00000006c9200000, 0x00000006c9200000|
| 121|0x00000006c9300000, 0x00000006c9300000, 0x00000006c9400000|  0%| F|  |TS  9|AC  0|TAMS 0x00000006c9300000, 0x00000006c9300000|
| 122|0x00000006c9400000, 0x00000006c9400000, 0x00000006c9500000|  0%| F|  |TS  9|AC  0|TAMS 0x00000006c9400000, 0x00000006c9400000|
| 123|0x00000006c9500000, 0x00000006c9500000, 0x00000006c9600000|  0%| F|  |TS  9|AC  0|TAMS 0x00000006c9500000, 0x00000006c9500000|
| 124|0x00000006c9600000, 0x00000006c9600000, 0x00000006c9700000|  0%| F|  |TS  9|AC  0|TAMS 0x00000006c9600000, 0x00000006c9600000|
| 125|0x00000006c9700000, 0x00000006c9700000, 0x00000006c9800000|  0%| F|  |TS  9|AC  0|TAMS 0x00000006c9700000, 0x00000006c9700000|
| 126|0x00000006c9800000, 0x00000006c9800000, 0x00000006c9900000|  0%| F|  |TS  9|AC  0|TAMS 0x00000006c9800000, 0x00000006c9800000|
| 127|0x00000006c9900000, 0x00000006c9900000, 0x00000006c9a00000|  0%| F|  |TS  9|AC  0|TAMS 0x00000006c9900000, 0x00000006c9900000|
| 128|0x00000006c9a00000, 0x00000006c9a00000, 0x00000006c9b00000|  0%| F|  |TS  9|AC  0|TAMS 0x00000006c9a00000, 0x00000006c9a00000|
| 129|0x00000006c9b00000, 0x00000006c9b00000, 0x00000006c9c00000|  0%| F|  |TS  9|AC  0|TAMS 0x00000006c9b00000, 0x00000006c9b00000|
| 130|0x00000006c9c00000, 0x00000006c9c00000, 0x00000006c9d00000|  0%| F|  |TS  9|AC  0|TAMS 0x00000006c9c00000, 0x00000006c9c00000|
| 131|0x00000006c9d00000, 0x00000006c9d00000, 0x00000006c9e00000|  0%| F|  |TS  9|AC  0|TAMS 0x00000006c9d00000, 0x00000006c9d00000|
| 132|0x00000006c9e00000, 0x00000006c9e00000, 0x00000006c9f00000|  0%| F|  |TS  9|AC  0|TAMS 0x00000006c9e00000, 0x00000006c9e00000|
| 133|0x00000006c9f00000, 0x00000006c9f00000, 0x00000006ca000000|  0%| F|  |TS  9|AC  0|TAMS 0x00000006c9f00000, 0x00000006c9f00000|
| 134|0x00000006ca000000, 0x00000006ca000000, 0x00000006ca100000|  0%| F|  |TS  9|AC  0|TAMS 0x00000006ca000000, 0x00000006ca000000|
| 135|0x00000006ca100000, 0x00000006ca100000, 0x00000006ca200000|  0%| F|  |TS  9|AC  0|TAMS 0x00000006ca100000, 0x00000006ca100000|
| 136|0x00000006ca200000, 0x00000006ca200000, 0x00000006ca300000|  0%| F|  |TS  9|AC  0|TAMS 0x00000006ca200000, 0x00000006ca200000|
| 137|0x00000006ca300000, 0x00000006ca300000, 0x00000006ca400000|  0%| F|  |TS  9|AC  0|TAMS 0x00000006ca300000, 0x00000006ca300000|
| 138|0x00000006ca400000, 0x00000006ca400000, 0x00000006ca500000|  0%| F|  |TS  9|AC  0|TAMS 0x00000006ca400000, 0x00000006ca400000|
| 139|0x00000006ca500000, 0x00000006ca500000, 0x00000006ca600000|  0%| F|  |TS  9|AC  0|TAMS 0x00000006ca500000, 0x00000006ca500000|
| 140|0x00000006ca600000, 0x00000006ca600000, 0x00000006ca700000|  0%| F|  |TS  9|AC  0|TAMS 0x00000006ca600000, 0x00000006ca600000|
| 141|0x00000006ca700000, 0x00000006ca700000, 0x00000006ca800000|  0%| F|  |TS  9|AC  0|TAMS 0x00000006ca700000, 0x00000006ca700000|
| 142|0x00000006ca800000, 0x00000006ca800000, 0x00000006ca900000|  0%| F|  |TS  9|AC  0|TAMS 0x00000006ca800000, 0x00000006ca800000|
| 143|0x00000006ca900000, 0x00000006ca900000, 0x00000006caa00000|  0%| F|  |TS  9|AC  0|TAMS 0x00000006ca900000, 0x00000006ca900000|
| 144|0x00000006caa00000, 0x00000006caa00000, 0x00000006cab00000|  0%| F|  |TS  9|AC  0|TAMS 0x00000006caa00000, 0x00000006caa00000|
| 145|0x00000006cab00000, 0x00000006cab00000, 0x00000006cac00000|  0%| F|  |TS  9|AC  0|TAMS 0x00000006cab00000, 0x00000006cab00000|
| 146|0x00000006cac00000, 0x00000006cac00000, 0x00000006cad00000|  0%| F|  |TS  9|AC  0|TAMS 0x00000006cac00000, 0x00000006cac00000|
| 147|0x00000006cad00000, 0x00000006cad00000, 0x00000006cae00000|  0%| F|  |TS  9|AC  0|TAMS 0x00000006cad00000, 0x00000006cad00000|
| 148|0x00000006cae00000, 0x00000006cae00000, 0x00000006caf00000|  0%| F|  |TS  9|AC  0|TAMS 0x00000006cae00000, 0x00000006cae00000|
| 149|0x00000006caf00000, 0x00000006caf00000, 0x00000006cb000000|  0%| F|  |TS  9|AC  0|TAMS 0x00000006caf00000, 0x00000006caf00000|
| 150|0x00000006cb000000, 0x00000006cb000000, 0x00000006cb100000|  0%| F|  |TS  9|AC  0|TAMS 0x00000006cb000000, 0x00000006cb000000|
| 151|0x00000006cb100000, 0x00000006cb100000, 0x00000006cb200000|  0%| F|  |TS  9|AC  0|TAMS 0x00000006cb100000, 0x00000006cb100000|
| 152|0x00000006cb200000, 0x00000006cb200000, 0x00000006cb300000|  0%| F|  |TS  9|AC  0|TAMS 0x00000006cb200000, 0x00000006cb200000|
| 153|0x00000006cb300000, 0x00000006cb300000, 0x00000006cb400000|  0%| F|  |TS  9|AC  0|TAMS 0x00000006cb300000, 0x00000006cb300000|
| 154|0x00000006cb400000, 0x00000006cb400000, 0x00000006cb500000|  0%| F|  |TS  9|AC  0|TAMS 0x00000006cb400000, 0x00000006cb400000|
| 155|0x00000006cb500000, 0x00000006cb500000, 0x00000006cb600000|  0%| F|  |TS  9|AC  0|TAMS 0x00000006cb500000, 0x00000006cb500000|
| 156|0x00000006cb600000, 0x00000006cb600000, 0x00000006cb700000|  0%| F|  |TS  9|AC  0|TAMS 0x00000006cb600000, 0x00000006cb600000|
| 157|0x00000006cb700000, 0x00000006cb700000, 0x00000006cb800000|  0%| F|  |TS  9|AC  0|TAMS 0x00000006cb700000, 0x00000006cb700000|
| 158|0x00000006cb800000, 0x00000006cb800000, 0x00000006cb900000|  0%| F|  |TS  9|AC  0|TAMS 0x00000006cb800000, 0x00000006cb800000|
| 159|0x00000006cb900000, 0x00000006cb900000, 0x00000006cba00000|  0%| F|  |TS  9|AC  0|TAMS 0x00000006cb900000, 0x00000006cb900000|
| 160|0x00000006cba00000, 0x00000006cba00000, 0x00000006cbb00000|  0%| F|  |TS  9|AC  0|TAMS 0x00000006cba00000, 0x00000006cba00000|
| 161|0x00000006cbb00000, 0x00000006cbb00000, 0x00000006cbc00000|  0%| F|  |TS  9|AC  0|TAMS 0x00000006cbb00000, 0x00000006cbb00000|
| 162|0x00000006cbc00000, 0x00000006cbc00000, 0x00000006cbd00000|  0%| F|  |TS  9|AC  0|TAMS 0x00000006cbc00000, 0x00000006cbc00000|
| 163|0x00000006cbd00000, 0x00000006cbd00000, 0x00000006cbe00000|  0%| F|  |TS  9|AC  0|TAMS 0x00000006cbd00000, 0x00000006cbd00000|
| 164|0x00000006cbe00000, 0x00000006cbe00000, 0x00000006cbf00000|  0%| F|  |TS  9|AC  0|TAMS 0x00000006cbe00000, 0x00000006cbe00000|
| 165|0x00000006cbf00000, 0x00000006cbf00000, 0x00000006cc000000|  0%| F|  |TS  9|AC  0|TAMS 0x00000006cbf00000, 0x00000006cbf00000|
| 166|0x00000006cc000000, 0x00000006cc000000, 0x00000006cc100000|  0%| F|  |TS  9|AC  0|TAMS 0x00000006cc000000, 0x00000006cc000000|
| 167|0x00000006cc100000, 0x00000006cc100000, 0x00000006cc200000|  0%| F|  |TS  9|AC  0|TAMS 0x00000006cc100000, 0x00000006cc100000|
| 168|0x00000006cc200000, 0x00000006cc200000, 0x00000006cc300000|  0%| F|  |TS  9|AC  0|TAMS 0x00000006cc200000, 0x00000006cc200000|
| 169|0x00000006cc300000, 0x00000006cc300000, 0x00000006cc400000|  0%| F|  |TS  9|AC  0|TAMS 0x00000006cc300000, 0x00000006cc300000|
| 170|0x00000006cc400000, 0x00000006cc400000, 0x00000006cc500000|  0%| F|  |TS  9|AC  0|TAMS 0x00000006cc400000, 0x00000006cc400000|
| 171|0x00000006cc500000, 0x00000006cc500000, 0x00000006cc600000|  0%| F|  |TS  9|AC  0|TAMS 0x00000006cc500000, 0x00000006cc500000|
| 172|0x00000006cc600000, 0x00000006cc600000, 0x00000006cc700000|  0%| F|  |TS  9|AC  0|TAMS 0x00000006cc600000, 0x00000006cc600000|
| 173|0x00000006cc700000, 0x00000006cc700000, 0x00000006cc800000|  0%| F|  |TS  9|AC  0|TAMS 0x00000006cc700000, 0x00000006cc700000|
| 174|0x00000006cc800000, 0x00000006cc800000, 0x00000006cc900000|  0%| F|  |TS  9|AC  0|TAMS 0x00000006cc800000, 0x00000006cc800000|
| 175|0x00000006cc900000, 0x00000006cc900000, 0x00000006cca00000|  0%| F|  |TS  9|AC  0|TAMS 0x00000006cc900000, 0x00000006cc900000|
| 176|0x00000006cca00000, 0x00000006cca00000, 0x00000006ccb00000|  0%| F|  |TS  9|AC  0|TAMS 0x00000006cca00000, 0x00000006cca00000|
| 177|0x00000006ccb00000, 0x00000006ccb00000, 0x00000006ccc00000|  0%| F|  |TS  9|AC  0|TAMS 0x00000006ccb00000, 0x00000006ccb00000|
| 178|0x00000006ccc00000, 0x00000006ccc00000, 0x00000006ccd00000|  0%| F|  |TS  9|AC  0|TAMS 0x00000006ccc00000, 0x00000006ccc00000|
| 179|0x00000006ccd00000, 0x00000006ccd00000, 0x00000006cce00000|  0%| F|  |TS  9|AC  0|TAMS 0x00000006ccd00000, 0x00000006ccd00000|
| 180|0x00000006cce00000, 0x00000006cce00000, 0x00000006ccf00000|  0%| F|  |TS  9|AC  0|TAMS 0x00000006cce00000, 0x00000006cce00000|
| 181|0x00000006ccf00000, 0x00000006ccf00000, 0x00000006cd000000|  0%| F|  |TS  9|AC  0|TAMS 0x00000006ccf00000, 0x00000006ccf00000|
| 182|0x00000006cd000000, 0x00000006cd000000, 0x00000006cd100000|  0%| F|  |TS  9|AC  0|TAMS 0x00000006cd000000, 0x00000006cd000000|
| 183|0x00000006cd100000, 0x00000006cd100000, 0x00000006cd200000|  0%| F|  |TS  9|AC  0|TAMS 0x00000006cd100000, 0x00000006cd100000|
| 184|0x00000006cd200000, 0x00000006cd200000, 0x00000006cd300000|  0%| F|  |TS  9|AC  0|TAMS 0x00000006cd200000, 0x00000006cd200000|
| 185|0x00000006cd300000, 0x00000006cd300000, 0x00000006cd400000|  0%| F|  |TS  9|AC  0|TAMS 0x00000006cd300000, 0x00000006cd300000|
| 186|0x00000006cd400000, 0x00000006cd400000, 0x00000006cd500000|  0%| F|  |TS  9|AC  0|TAMS 0x00000006cd400000, 0x00000006cd400000|
| 187|0x00000006cd500000, 0x00000006cd500000, 0x00000006cd600000|  0%| F|  |TS  9|AC  0|TAMS 0x00000006cd500000, 0x00000006cd500000|
| 188|0x00000006cd600000, 0x00000006cd600000, 0x00000006cd700000|  0%| F|  |TS  9|AC  0|TAMS 0x00000006cd600000, 0x00000006cd600000|
| 189|0x00000006cd700000, 0x00000006cd700000, 0x00000006cd800000|  0%| F|  |TS  9|AC  0|TAMS 0x00000006cd700000, 0x00000006cd700000|
| 190|0x00000006cd800000, 0x00000006cd800000, 0x00000006cd900000|  0%| F|  |TS  9|AC  0|TAMS 0x00000006cd800000, 0x00000006cd800000|
| 191|0x00000006cd900000, 0x00000006cd900000, 0x00000006cda00000|  0%| F|  |TS  9|AC  0|TAMS 0x00000006cd900000, 0x00000006cd900000|
| 192|0x00000006cda00000, 0x00000006cda00000, 0x00000006cdb00000|  0%| F|  |TS  9|AC  0|TAMS 0x00000006cda00000, 0x00000006cda00000|
| 193|0x00000006cdb00000, 0x00000006cdb00000, 0x00000006cdc00000|  0%| F|  |TS  9|AC  0|TAMS 0x00000006cdb00000, 0x00000006cdb00000|
| 194|0x00000006cdc00000, 0x00000006cdc00000, 0x00000006cdd00000|  0%| F|  |TS  9|AC  0|TAMS 0x00000006cdc00000, 0x00000006cdc00000|
| 195|0x00000006cdd00000, 0x00000006cdd00000, 0x00000006cde00000|  0%| F|  |TS  9|AC  0|TAMS 0x00000006cdd00000, 0x00000006cdd00000|
| 196|0x00000006cde00000, 0x00000006cde00000, 0x00000006cdf00000|  0%| F|  |TS  9|AC  0|TAMS 0x00000006cde00000, 0x00000006cde00000|
| 197|0x00000006cdf00000, 0x00000006cdf00000, 0x00000006ce000000|  0%| F|  |TS  9|AC  0|TAMS 0x00000006cdf00000, 0x00000006cdf00000|
| 198|0x00000006ce000000, 0x00000006ce000000, 0x00000006ce100000|  0%| F|  |TS  9|AC  0|TAMS 0x00000006ce000000, 0x00000006ce000000|
| 199|0x00000006ce100000, 0x00000006ce100000, 0x00000006ce200000|  0%| F|  |TS  9|AC  0|TAMS 0x00000006ce100000, 0x00000006ce100000|
| 200|0x00000006ce200000, 0x00000006ce200000, 0x00000006ce300000|  0%| F|  |TS  9|AC  0|TAMS 0x00000006ce200000, 0x00000006ce200000|
| 201|0x00000006ce300000, 0x00000006ce300000, 0x00000006ce400000|  0%| F|  |TS  9|AC  0|TAMS 0x00000006ce300000, 0x00000006ce300000|
| 202|0x00000006ce400000, 0x00000006ce400000, 0x00000006ce500000|  0%| F|  |TS  9|AC  0|TAMS 0x00000006ce400000, 0x00000006ce400000|
| 203|0x00000006ce500000, 0x00000006ce500000, 0x00000006ce600000|  0%| F|  |TS  9|AC  0|TAMS 0x00000006ce500000, 0x00000006ce500000|
| 204|0x00000006ce600000, 0x00000006ce600000, 0x00000006ce700000|  0%| F|  |TS  9|AC  0|TAMS 0x00000006ce600000, 0x00000006ce600000|
| 205|0x00000006ce700000, 0x00000006ce700000, 0x00000006ce800000|  0%| F|  |TS  9|AC  0|TAMS 0x00000006ce700000, 0x00000006ce700000|
| 206|0x00000006ce800000, 0x00000006ce800000, 0x00000006ce900000|  0%| F|  |TS  9|AC  0|TAMS 0x00000006ce800000, 0x00000006ce800000|
| 207|0x00000006ce900000, 0x00000006ce900000, 0x00000006cea00000|  0%| F|  |TS  9|AC  0|TAMS 0x00000006ce900000, 0x00000006ce900000|
| 208|0x00000006cea00000, 0x00000006cea00000, 0x00000006ceb00000|  0%| F|  |TS  9|AC  0|TAMS 0x00000006cea00000, 0x00000006cea00000|
| 209|0x00000006ceb00000, 0x00000006ceb00000, 0x00000006cec00000|  0%| F|  |TS  9|AC  0|TAMS 0x00000006ceb00000, 0x00000006ceb00000|
| 210|0x00000006cec00000, 0x00000006cec00000, 0x00000006ced00000|  0%| F|  |TS  9|AC  0|TAMS 0x00000006cec00000, 0x00000006cec00000|
| 211|0x00000006ced00000, 0x00000006ced00000, 0x00000006cee00000|  0%| F|  |TS  9|AC  0|TAMS 0x00000006ced00000, 0x00000006ced00000|
| 212|0x00000006cee00000, 0x00000006cee00000, 0x00000006cef00000|  0%| F|  |TS  9|AC  0|TAMS 0x00000006cee00000, 0x00000006cee00000|
| 213|0x00000006cef00000, 0x00000006cef00000, 0x00000006cf000000|  0%| F|  |TS  9|AC  0|TAMS 0x00000006cef00000, 0x00000006cef00000|
| 214|0x00000006cf000000, 0x00000006cf000000, 0x00000006cf100000|  0%| F|  |TS  9|AC  0|TAMS 0x00000006cf000000, 0x00000006cf000000|
| 215|0x00000006cf100000, 0x00000006cf100000, 0x00000006cf200000|  0%| F|  |TS  9|AC  0|TAMS 0x00000006cf100000, 0x00000006cf100000|
| 216|0x00000006cf200000, 0x00000006cf200000, 0x00000006cf300000|  0%| F|  |TS  9|AC  0|TAMS 0x00000006cf200000, 0x00000006cf200000|
| 217|0x00000006cf300000, 0x00000006cf300000, 0x00000006cf400000|  0%| F|  |TS  9|AC  0|TAMS 0x00000006cf300000, 0x00000006cf300000|
| 218|0x00000006cf400000, 0x00000006cf400000, 0x00000006cf500000|  0%| F|  |TS  9|AC  0|TAMS 0x00000006cf400000, 0x00000006cf400000|
| 219|0x00000006cf500000, 0x00000006cf500000, 0x00000006cf600000|  0%| F|  |TS  9|AC  0|TAMS 0x00000006cf500000, 0x00000006cf500000|
| 220|0x00000006cf600000, 0x00000006cf600000, 0x00000006cf700000|  0%| F|  |TS  9|AC  0|TAMS 0x00000006cf600000, 0x00000006cf600000|
| 221|0x00000006cf700000, 0x00000006cf700000, 0x00000006cf800000|  0%| F|  |TS  9|AC  0|TAMS 0x00000006cf700000, 0x00000006cf700000|
| 222|0x00000006cf800000, 0x00000006cf800000, 0x00000006cf900000|  0%| F|  |TS  9|AC  0|TAMS 0x00000006cf800000, 0x00000006cf800000|
| 223|0x00000006cf900000, 0x00000006cf900000, 0x00000006cfa00000|  0%| F|  |TS  9|AC  0|TAMS 0x00000006cf900000, 0x00000006cf900000|
| 224|0x00000006cfa00000, 0x00000006cfa00000, 0x00000006cfb00000|  0%| F|  |TS  9|AC  0|TAMS 0x00000006cfa00000, 0x00000006cfa00000|
| 225|0x00000006cfb00000, 0x00000006cfb00000, 0x00000006cfc00000|  0%| F|  |TS  9|AC  0|TAMS 0x00000006cfb00000, 0x00000006cfb00000|
| 226|0x00000006cfc00000, 0x00000006cfc00000, 0x00000006cfd00000|  0%| F|  |TS  9|AC  0|TAMS 0x00000006cfc00000, 0x00000006cfc00000|
| 227|0x00000006cfd00000, 0x00000006cfd00000, 0x00000006cfe00000|  0%| F|  |TS  9|AC  0|TAMS 0x00000006cfd00000, 0x00000006cfd00000|
| 228|0x00000006cfe00000, 0x00000006cfe00000, 0x00000006cff00000|  0%| F|  |TS  9|AC  0|TAMS 0x00000006cfe00000, 0x00000006cfe00000|
| 229|0x00000006cff00000, 0x00000006cff00000, 0x00000006d0000000|  0%| F|  |TS  9|AC  0|TAMS 0x00000006cff00000, 0x00000006cff00000|
| 230|0x00000006d0000000, 0x00000006d0000000, 0x00000006d0100000|  0%| F|  |TS  9|AC  0|TAMS 0x00000006d0000000, 0x00000006d0000000|
| 231|0x00000006d0100000, 0x00000006d0100000, 0x00000006d0200000|  0%| F|  |TS  9|AC  0|TAMS 0x00000006d0100000, 0x00000006d0100000|
| 232|0x00000006d0200000, 0x00000006d0200000, 0x00000006d0300000|  0%| F|  |TS  9|AC  0|TAMS 0x00000006d0200000, 0x00000006d0200000|
| 233|0x00000006d0300000, 0x00000006d0300000, 0x00000006d0400000|  0%| F|  |TS  9|AC  0|TAMS 0x00000006d0300000, 0x00000006d0300000|
| 234|0x00000006d0400000, 0x00000006d0400000, 0x00000006d0500000|  0%| F|  |TS  9|AC  0|TAMS 0x00000006d0400000, 0x00000006d0400000|
| 235|0x00000006d0500000, 0x00000006d0500000, 0x00000006d0600000|  0%| F|  |TS  9|AC  0|TAMS 0x00000006d0500000, 0x00000006d0500000|
| 236|0x00000006d0600000, 0x00000006d0600000, 0x00000006d0700000|  0%| F|  |TS  9|AC  0|TAMS 0x00000006d0600000, 0x00000006d0600000|
| 237|0x00000006d0700000, 0x00000006d0700000, 0x00000006d0800000|  0%| F|  |TS  9|AC  0|TAMS 0x00000006d0700000, 0x00000006d0700000|
| 238|0x00000006d0800000, 0x00000006d0800000, 0x00000006d0900000|  0%| F|  |TS  9|AC  0|TAMS 0x00000006d0800000, 0x00000006d0800000|
| 239|0x00000006d0900000, 0x00000006d0900000, 0x00000006d0a00000|  0%| F|  |TS  9|AC  0|TAMS 0x00000006d0900000, 0x00000006d0900000|
| 240|0x00000006d0a00000, 0x00000006d0a00000, 0x00000006d0b00000|  0%| F|  |TS  9|AC  0|TAMS 0x00000006d0a00000, 0x00000006d0a00000|
| 241|0x00000006d0b00000, 0x00000006d0c00000, 0x00000006d0c00000|100%| S|CS|TS 11|AC  0|TAMS 0x00000006d0b00000, 0x00000006d0b00000|
| 242|0x00000006d0c00000, 0x00000006d0d00000, 0x00000006d0d00000|100%| S|CS|TS 11|AC  0|TAMS 0x00000006d0c00000, 0x00000006d0c00000|
| 243|0x00000006d0d00000, 0x00000006d0e00000, 0x00000006d0e00000|100%| S|CS|TS 11|AC  0|TAMS 0x00000006d0d00000, 0x00000006d0d00000|
| 244|0x00000006d0e00000, 0x00000006d0f00000, 0x00000006d0f00000|100%| S|CS|TS 11|AC  0|TAMS 0x00000006d0e00000, 0x00000006d0e00000|
| 245|0x00000006d0f00000, 0x00000006d0f00000, 0x00000006d1000000|  0%| F|  |TS 11|AC  0|TAMS 0x00000006d0f00000, 0x00000006d0f00000|
| 246|0x00000006d1000000, 0x00000006d1000000, 0x00000006d1100000|  0%| F|  |TS 11|AC  0|TAMS 0x00000006d1000000, 0x00000006d1000000|
| 247|0x00000006d1100000, 0x00000006d1100000, 0x00000006d1200000|  0%| F|  |TS 11|AC  0|TAMS 0x00000006d1100000, 0x00000006d1100000|
| 248|0x00000006d1200000, 0x00000006d1200000, 0x00000006d1300000|  0%| F|  |TS 11|AC  0|TAMS 0x00000006d1200000, 0x00000006d1200000|
| 249|0x00000006d1300000, 0x00000006d1300000, 0x00000006d1400000|  0%| F|  |TS 11|AC  0|TAMS 0x00000006d1300000, 0x00000006d1300000|
| 250|0x00000006d1400000, 0x00000006d1400000, 0x00000006d1500000|  0%| F|  |TS 11|AC  0|TAMS 0x00000006d1400000, 0x00000006d1400000|
| 251|0x00000006d1500000, 0x00000006d1500000, 0x00000006d1600000|  0%| F|  |TS 11|AC  0|TAMS 0x00000006d1500000, 0x00000006d1500000|
| 252|0x00000006d1600000, 0x00000006d1600000, 0x00000006d1700000|  0%| F|  |TS 11|AC  0|TAMS 0x00000006d1600000, 0x00000006d1600000|
| 253|0x00000006d1700000, 0x00000006d1700000, 0x00000006d1800000|  0%| F|  |TS 11|AC  0|TAMS 0x00000006d1700000, 0x00000006d1700000|
| 254|0x00000006d1800000, 0x00000006d1800000, 0x00000006d1900000|  0%| F|  |TS 11|AC  0|TAMS 0x00000006d1800000, 0x00000006d1800000|
| 255|0x00000006d1900000, 0x00000006d1900000, 0x00000006d1a00000|  0%| F|  |TS 11|AC  0|TAMS 0x00000006d1900000, 0x00000006d1900000|
| 256|0x00000006d1a00000, 0x00000006d1a00000, 0x00000006d1b00000|  0%| F|  |TS 11|AC  0|TAMS 0x00000006d1a00000, 0x00000006d1a00000|
| 257|0x00000006d1b00000, 0x00000006d1b00000, 0x00000006d1c00000|  0%| F|  |TS 11|AC  0|TAMS 0x00000006d1b00000, 0x00000006d1b00000|
| 258|0x00000006d1c00000, 0x00000006d1c00000, 0x00000006d1d00000|  0%| F|  |TS 11|AC  0|TAMS 0x00000006d1c00000, 0x00000006d1c00000|
| 259|0x00000006d1d00000, 0x00000006d1d00000, 0x00000006d1e00000|  0%| F|  |TS 11|AC  0|TAMS 0x00000006d1d00000, 0x00000006d1d00000|
| 260|0x00000006d1e00000, 0x00000006d1e00000, 0x00000006d1f00000|  0%| F|  |TS 11|AC  0|TAMS 0x00000006d1e00000, 0x00000006d1e00000|
| 261|0x00000006d1f00000, 0x00000006d1f00000, 0x00000006d2000000|  0%| F|  |TS 11|AC  0|TAMS 0x00000006d1f00000, 0x00000006d1f00000|
| 262|0x00000006d2000000, 0x00000006d2000000, 0x00000006d2100000|  0%| F|  |TS 11|AC  0|TAMS 0x00000006d2000000, 0x00000006d2000000|
| 263|0x00000006d2100000, 0x00000006d2100000, 0x00000006d2200000|  0%| F|  |TS 11|AC  0|TAMS 0x00000006d2100000, 0x00000006d2100000|
| 264|0x00000006d2200000, 0x00000006d2200000, 0x00000006d2300000|  0%| F|  |TS 11|AC  0|TAMS 0x00000006d2200000, 0x00000006d2200000|
| 265|0x00000006d2300000, 0x00000006d2300000, 0x00000006d2400000|  0%| F|  |TS 11|AC  0|TAMS 0x00000006d2300000, 0x00000006d2300000|
| 266|0x00000006d2400000, 0x00000006d2400000, 0x00000006d2500000|  0%| F|  |TS 11|AC  0|TAMS 0x00000006d2400000, 0x00000006d2400000|
| 267|0x00000006d2500000, 0x00000006d2500000, 0x00000006d2600000|  0%| F|  |TS 11|AC  0|TAMS 0x00000006d2500000, 0x00000006d2500000|
| 268|0x00000006d2600000, 0x00000006d2600000, 0x00000006d2700000|  0%| F|  |TS 11|AC  0|TAMS 0x00000006d2600000, 0x00000006d2600000|
| 269|0x00000006d2700000, 0x00000006d2700000, 0x00000006d2800000|  0%| F|  |TS 11|AC  0|TAMS 0x00000006d2700000, 0x00000006d2700000|
| 270|0x00000006d2800000, 0x00000006d2800000, 0x00000006d2900000|  0%| F|  |TS 11|AC  0|TAMS 0x00000006d2800000, 0x00000006d2800000|
| 271|0x00000006d2900000, 0x00000006d2900000, 0x00000006d2a00000|  0%| F|  |TS 11|AC  0|TAMS 0x00000006d2900000, 0x00000006d2900000|
| 272|0x00000006d2a00000, 0x00000006d2a00000, 0x00000006d2b00000|  0%| F|  |TS 11|AC  0|TAMS 0x00000006d2a00000, 0x00000006d2a00000|
| 273|0x00000006d2b00000, 0x00000006d2b00000, 0x00000006d2c00000|  0%| F|  |TS 11|AC  0|TAMS 0x00000006d2b00000, 0x00000006d2b00000|
| 274|0x00000006d2c00000, 0x00000006d2c00000, 0x00000006d2d00000|  0%| F|  |TS 11|AC  0|TAMS 0x00000006d2c00000, 0x00000006d2c00000|
| 275|0x00000006d2d00000, 0x00000006d2d00000, 0x00000006d2e00000|  0%| F|  |TS 11|AC  0|TAMS 0x00000006d2d00000, 0x00000006d2d00000|
| 276|0x00000006d2e00000, 0x00000006d2e00000, 0x00000006d2f00000|  0%| F|  |TS 11|AC  0|TAMS 0x00000006d2e00000, 0x00000006d2e00000|
| 277|0x00000006d2f00000, 0x00000006d2f00000, 0x00000006d3000000|  0%| F|  |TS 11|AC  0|TAMS 0x00000006d2f00000, 0x00000006d2f00000|
| 278|0x00000006d3000000, 0x00000006d3000000, 0x00000006d3100000|  0%| F|  |TS 11|AC  0|TAMS 0x00000006d3000000, 0x00000006d3000000|
| 279|0x00000006d3100000, 0x00000006d3100000, 0x00000006d3200000|  0%| F|  |TS 11|AC  0|TAMS 0x00000006d3100000, 0x00000006d3100000|
| 280|0x00000006d3200000, 0x00000006d3200000, 0x00000006d3300000|  0%| F|  |TS 11|AC  0|TAMS 0x00000006d3200000, 0x00000006d3200000|
| 281|0x00000006d3300000, 0x00000006d3300000, 0x00000006d3400000|  0%| F|  |TS 11|AC  0|TAMS 0x00000006d3300000, 0x00000006d3300000|
| 282|0x00000006d3400000, 0x00000006d3400000, 0x00000006d3500000|  0%| F|  |TS 11|AC  0|TAMS 0x00000006d3400000, 0x00000006d3400000|
| 283|0x00000006d3500000, 0x00000006d3500000, 0x00000006d3600000|  0%| F|  |TS 11|AC  0|TAMS 0x00000006d3500000, 0x00000006d3500000|
| 284|0x00000006d3600000, 0x00000006d3600000, 0x00000006d3700000|  0%| F|  |TS 11|AC  0|TAMS 0x00000006d3600000, 0x00000006d3600000|
| 285|0x00000006d3700000, 0x00000006d3700000, 0x00000006d3800000|  0%| F|  |TS 11|AC  0|TAMS 0x00000006d3700000, 0x00000006d3700000|
| 286|0x00000006d3800000, 0x00000006d3800000, 0x00000006d3900000|  0%| F|  |TS 11|AC  0|TAMS 0x00000006d3800000, 0x00000006d3800000|
| 287|0x00000006d3900000, 0x00000006d3900000, 0x00000006d3a00000|  0%| F|  |TS 11|AC  0|TAMS 0x00000006d3900000, 0x00000006d3900000|
| 288|0x00000006d3a00000, 0x00000006d3a00000, 0x00000006d3b00000|  0%| F|  |TS 11|AC  0|TAMS 0x00000006d3a00000, 0x00000006d3a00000|
| 289|0x00000006d3b00000, 0x00000006d3b00000, 0x00000006d3c00000|  0%| F|  |TS 11|AC  0|TAMS 0x00000006d3b00000, 0x00000006d3b00000|
| 290|0x00000006d3c00000, 0x00000006d3c00000, 0x00000006d3d00000|  0%| F|  |TS 11|AC  0|TAMS 0x00000006d3c00000, 0x00000006d3c00000|
| 291|0x00000006d3d00000, 0x00000006d3d00000, 0x00000006d3e00000|  0%| F|  |TS 11|AC  0|TAMS 0x00000006d3d00000, 0x00000006d3d00000|
| 292|0x00000006d3e00000, 0x00000006d3e00000, 0x00000006d3f00000|  0%| F|  |TS 11|AC  0|TAMS 0x00000006d3e00000, 0x00000006d3e00000|
| 293|0x00000006d3f00000, 0x00000006d3f00000, 0x00000006d4000000|  0%| F|  |TS 11|AC  0|TAMS 0x00000006d3f00000, 0x00000006d3f00000|
| 294|0x00000006d4000000, 0x00000006d4000000, 0x00000006d4100000|  0%| F|  |TS 11|AC  0|TAMS 0x00000006d4000000, 0x00000006d4000000|
| 295|0x00000006d4100000, 0x00000006d4100000, 0x00000006d4200000|  0%| F|  |TS 11|AC  0|TAMS 0x00000006d4100000, 0x00000006d4100000|
| 296|0x00000006d4200000, 0x00000006d4200000, 0x00000006d4300000|  0%| F|  |TS 11|AC  0|TAMS 0x00000006d4200000, 0x00000006d4200000|
| 297|0x00000006d4300000, 0x00000006d4300000, 0x00000006d4400000|  0%| F|  |TS 11|AC  0|TAMS 0x00000006d4300000, 0x00000006d4300000|
| 298|0x00000006d4400000, 0x00000006d4400000, 0x00000006d4500000|  0%| F|  |TS 11|AC  0|TAMS 0x00000006d4400000, 0x00000006d4400000|
| 299|0x00000006d4500000, 0x00000006d4500000, 0x00000006d4600000|  0%| F|  |TS 11|AC  0|TAMS 0x00000006d4500000, 0x00000006d4500000|
| 300|0x00000006d4600000, 0x00000006d4600000, 0x00000006d4700000|  0%| F|  |TS 11|AC  0|TAMS 0x00000006d4600000, 0x00000006d4600000|
| 301|0x00000006d4700000, 0x00000006d4700000, 0x00000006d4800000|  0%| F|  |TS 11|AC  0|TAMS 0x00000006d4700000, 0x00000006d4700000|
| 302|0x00000006d4800000, 0x00000006d4800000, 0x00000006d4900000|  0%| F|  |TS 11|AC  0|TAMS 0x00000006d4800000, 0x00000006d4800000|
| 303|0x00000006d4900000, 0x00000006d4900000, 0x00000006d4a00000|  0%| F|  |TS 11|AC  0|TAMS 0x00000006d4900000, 0x00000006d4900000|
| 304|0x00000006d4a00000, 0x00000006d4a00000, 0x00000006d4b00000|  0%| F|  |TS 11|AC  0|TAMS 0x00000006d4a00000, 0x00000006d4a00000|
| 305|0x00000006d4b00000, 0x00000006d4b00000, 0x00000006d4c00000|  0%| F|  |TS 11|AC  0|TAMS 0x00000006d4b00000, 0x00000006d4b00000|
| 306|0x00000006d4c00000, 0x00000006d4c00000, 0x00000006d4d00000|  0%| F|  |TS 11|AC  0|TAMS 0x00000006d4c00000, 0x00000006d4c00000|
| 307|0x00000006d4d00000, 0x00000006d4d00000, 0x00000006d4e00000|  0%| F|  |TS 11|AC  0|TAMS 0x00000006d4d00000, 0x00000006d4d00000|
| 308|0x00000006d4e00000, 0x00000006d4e00000, 0x00000006d4f00000|  0%| F|  |TS 11|AC  0|TAMS 0x00000006d4e00000, 0x00000006d4e00000|
| 309|0x00000006d4f00000, 0x00000006d4f00000, 0x00000006d5000000|  0%| F|  |TS 11|AC  0|TAMS 0x00000006d4f00000, 0x00000006d4f00000|
| 310|0x00000006d5000000, 0x00000006d5000000, 0x00000006d5100000|  0%| F|  |TS 11|AC  0|TAMS 0x00000006d5000000, 0x00000006d5000000|
| 311|0x00000006d5100000, 0x00000006d5100000, 0x00000006d5200000|  0%| F|  |TS 11|AC  0|TAMS 0x00000006d5100000, 0x00000006d5100000|
| 312|0x00000006d5200000, 0x00000006d5200000, 0x00000006d5300000|  0%| F|  |TS 11|AC  0|TAMS 0x00000006d5200000, 0x00000006d5200000|
| 313|0x00000006d5300000, 0x00000006d5300000, 0x00000006d5400000|  0%| F|  |TS 11|AC  0|TAMS 0x00000006d5300000, 0x00000006d5300000|
| 314|0x00000006d5400000, 0x00000006d5400000, 0x00000006d5500000|  0%| F|  |TS 11|AC  0|TAMS 0x00000006d5400000, 0x00000006d5400000|
| 315|0x00000006d5500000, 0x00000006d5500000, 0x00000006d5600000|  0%| F|  |TS 11|AC  0|TAMS 0x00000006d5500000, 0x00000006d5500000|
| 316|0x00000006d5600000, 0x00000006d5600000, 0x00000006d5700000|  0%| F|  |TS 11|AC  0|TAMS 0x00000006d5600000, 0x00000006d5600000|
| 317|0x00000006d5700000, 0x00000006d5700000, 0x00000006d5800000|  0%| F|  |TS 11|AC  0|TAMS 0x00000006d5700000, 0x00000006d5700000|
| 318|0x00000006d5800000, 0x00000006d5800000, 0x00000006d5900000|  0%| F|  |TS 11|AC  0|TAMS 0x00000006d5800000, 0x00000006d5800000|
| 319|0x00000006d5900000, 0x00000006d5900000, 0x00000006d5a00000|  0%| F|  |TS 11|AC  0|TAMS 0x00000006d5900000, 0x00000006d5900000|
| 320|0x00000006d5a00000, 0x00000006d5a00000, 0x00000006d5b00000|  0%| F|  |TS 11|AC  0|TAMS 0x00000006d5a00000, 0x00000006d5a00000|
| 321|0x00000006d5b00000, 0x00000006d5b00000, 0x00000006d5c00000|  0%| F|  |TS 11|AC  0|TAMS 0x00000006d5b00000, 0x00000006d5b00000|
| 322|0x00000006d5c00000, 0x00000006d5c00000, 0x00000006d5d00000|  0%| F|  |TS 11|AC  0|TAMS 0x00000006d5c00000, 0x00000006d5c00000|
| 323|0x00000006d5d00000, 0x00000006d5d00000, 0x00000006d5e00000|  0%| F|  |TS 11|AC  0|TAMS 0x00000006d5d00000, 0x00000006d5d00000|
| 324|0x00000006d5e00000, 0x00000006d5e00000, 0x00000006d5f00000|  0%| F|  |TS 11|AC  0|TAMS 0x00000006d5e00000, 0x00000006d5e00000|
| 325|0x00000006d5f00000, 0x00000006d5f00000, 0x00000006d6000000|  0%| F|  |TS 11|AC  0|TAMS 0x00000006d5f00000, 0x00000006d5f00000|
| 326|0x00000006d6000000, 0x00000006d6000000, 0x00000006d6100000|  0%| F|  |TS 11|AC  0|TAMS 0x00000006d6000000, 0x00000006d6000000|
| 327|0x00000006d6100000, 0x00000006d6100000, 0x00000006d6200000|  0%| F|  |TS 11|AC  0|TAMS 0x00000006d6100000, 0x00000006d6100000|
| 328|0x00000006d6200000, 0x00000006d6200000, 0x00000006d6300000|  0%| F|  |TS 11|AC  0|TAMS 0x00000006d6200000, 0x00000006d6200000|
| 329|0x00000006d6300000, 0x00000006d6300000, 0x00000006d6400000|  0%| F|  |TS 11|AC  0|TAMS 0x00000006d6300000, 0x00000006d6300000|
| 330|0x00000006d6400000, 0x00000006d6400000, 0x00000006d6500000|  0%| F|  |TS 11|AC  0|TAMS 0x00000006d6400000, 0x00000006d6400000|
| 331|0x00000006d6500000, 0x00000006d6500000, 0x00000006d6600000|  0%| F|  |TS 11|AC  0|TAMS 0x00000006d6500000, 0x00000006d6500000|
| 332|0x00000006d6600000, 0x00000006d6600000, 0x00000006d6700000|  0%| F|  |TS 11|AC  0|TAMS 0x00000006d6600000, 0x00000006d6600000|
| 333|0x00000006d6700000, 0x00000006d6700000, 0x00000006d6800000|  0%| F|  |TS 11|AC  0|TAMS 0x00000006d6700000, 0x00000006d6700000|
| 334|0x00000006d6800000, 0x00000006d6800000, 0x00000006d6900000|  0%| F|  |TS 11|AC  0|TAMS 0x00000006d6800000, 0x00000006d6800000|
| 335|0x00000006d6900000, 0x00000006d6900000, 0x00000006d6a00000|  0%| F|  |TS 11|AC  0|TAMS 0x00000006d6900000, 0x00000006d6900000|
| 336|0x00000006d6a00000, 0x00000006d6a00000, 0x00000006d6b00000|  0%| F|  |TS 11|AC  0|TAMS 0x00000006d6a00000, 0x00000006d6a00000|
| 337|0x00000006d6b00000, 0x00000006d6b00000, 0x00000006d6c00000|  0%| F|  |TS 11|AC  0|TAMS 0x00000006d6b00000, 0x00000006d6b00000|
| 338|0x00000006d6c00000, 0x00000006d6c00000, 0x00000006d6d00000|  0%| F|  |TS 11|AC  0|TAMS 0x00000006d6c00000, 0x00000006d6c00000|
| 339|0x00000006d6d00000, 0x00000006d6d00000, 0x00000006d6e00000|  0%| F|  |TS 11|AC  0|TAMS 0x00000006d6d00000, 0x00000006d6d00000|
| 340|0x00000006d6e00000, 0x00000006d6e00000, 0x00000006d6f00000|  0%| F|  |TS 11|AC  0|TAMS 0x00000006d6e00000, 0x00000006d6e00000|
| 341|0x00000006d6f00000, 0x00000006d6f00000, 0x00000006d7000000|  0%| F|  |TS 11|AC  0|TAMS 0x00000006d6f00000, 0x00000006d6f00000|
| 342|0x00000006d7000000, 0x00000006d7000000, 0x00000006d7100000|  0%| F|  |TS 11|AC  0|TAMS 0x00000006d7000000, 0x00000006d7000000|
| 343|0x00000006d7100000, 0x00000006d7100000, 0x00000006d7200000|  0%| F|  |TS 11|AC  0|TAMS 0x00000006d7100000, 0x00000006d7100000|
| 344|0x00000006d7200000, 0x00000006d7200000, 0x00000006d7300000|  0%| F|  |TS 11|AC  0|TAMS 0x00000006d7200000, 0x00000006d7200000|
| 345|0x00000006d7300000, 0x00000006d7300000, 0x00000006d7400000|  0%| F|  |TS 11|AC  0|TAMS 0x00000006d7300000, 0x00000006d7300000|
| 346|0x00000006d7400000, 0x00000006d7400000, 0x00000006d7500000|  0%| F|  |TS 11|AC  0|TAMS 0x00000006d7400000, 0x00000006d7400000|
| 347|0x00000006d7500000, 0x00000006d7500000, 0x00000006d7600000|  0%| F|  |TS 11|AC  0|TAMS 0x00000006d7500000, 0x00000006d7500000|
| 348|0x00000006d7600000, 0x00000006d7600000, 0x00000006d7700000|  0%| F|  |TS 11|AC  0|TAMS 0x00000006d7600000, 0x00000006d7600000|
| 349|0x00000006d7700000, 0x00000006d7700000, 0x00000006d7800000|  0%| F|  |TS 11|AC  0|TAMS 0x00000006d7700000, 0x00000006d7700000|
| 350|0x00000006d7800000, 0x00000006d7800000, 0x00000006d7900000|  0%| F|  |TS 11|AC  0|TAMS 0x00000006d7800000, 0x00000006d7800000|
| 351|0x00000006d7900000, 0x00000006d7900000, 0x00000006d7a00000|  0%| F|  |TS 11|AC  0|TAMS 0x00000006d7900000, 0x00000006d7900000|
| 352|0x00000006d7a00000, 0x00000006d7a00000, 0x00000006d7b00000|  0%| F|  |TS 11|AC  0|TAMS 0x00000006d7a00000, 0x00000006d7a00000|
| 353|0x00000006d7b00000, 0x00000006d7b00000, 0x00000006d7c00000|  0%| F|  |TS 11|AC  0|TAMS 0x00000006d7b00000, 0x00000006d7b00000|
| 354|0x00000006d7c00000, 0x00000006d7c00000, 0x00000006d7d00000|  0%| F|  |TS 11|AC  0|TAMS 0x00000006d7c00000, 0x00000006d7c00000|
| 355|0x00000006d7d00000, 0x00000006d7d00000, 0x00000006d7e00000|  0%| F|  |TS 11|AC  0|TAMS 0x00000006d7d00000, 0x00000006d7d00000|
| 356|0x00000006d7e00000, 0x00000006d7e00000, 0x00000006d7f00000|  0%| F|  |TS 11|AC  0|TAMS 0x00000006d7e00000, 0x00000006d7e00000|
| 357|0x00000006d7f00000, 0x00000006d7f00000, 0x00000006d8000000|  0%| F|  |TS 11|AC  0|TAMS 0x00000006d7f00000, 0x00000006d7f00000|
| 358|0x00000006d8000000, 0x00000006d8000000, 0x00000006d8100000|  0%| F|  |TS 11|AC  0|TAMS 0x00000006d8000000, 0x00000006d8000000|
| 359|0x00000006d8100000, 0x00000006d8100000, 0x00000006d8200000|  0%| F|  |TS 11|AC  0|TAMS 0x00000006d8100000, 0x00000006d8100000|
| 360|0x00000006d8200000, 0x00000006d8200000, 0x00000006d8300000|  0%| F|  |TS 11|AC  0|TAMS 0x00000006d8200000, 0x00000006d8200000|
| 361|0x00000006d8300000, 0x00000006d8300000, 0x00000006d8400000|  0%| F|  |TS 11|AC  0|TAMS 0x00000006d8300000, 0x00000006d8300000|
| 362|0x00000006d8400000, 0x00000006d8400000, 0x00000006d8500000|  0%| F|  |TS 11|AC  0|TAMS 0x00000006d8400000, 0x00000006d8400000|
| 363|0x00000006d8500000, 0x00000006d8500000, 0x00000006d8600000|  0%| F|  |TS 11|AC  0|TAMS 0x00000006d8500000, 0x00000006d8500000|
| 364|0x00000006d8600000, 0x00000006d8600000, 0x00000006d8700000|  0%| F|  |TS 11|AC  0|TAMS 0x00000006d8600000, 0x00000006d8600000|
| 365|0x00000006d8700000, 0x00000006d8800000, 0x00000006d8800000|100%| E|  |TS 11|AC  0|TAMS 0x00000006d8700000, 0x00000006d8700000|
| 366|0x00000006d8800000, 0x00000006d8900000, 0x00000006d8900000|100%| E|CS|TS 11|AC  0|TAMS 0x00000006d8800000, 0x00000006d8800000|
| 367|0x00000006d8900000, 0x00000006d8a00000, 0x00000006d8a00000|100%| E|CS|TS 11|AC  0|TAMS 0x00000006d8900000, 0x00000006d8900000|
| 368|0x00000006d8a00000, 0x00000006d8b00000, 0x00000006d8b00000|100%| E|CS|TS 11|AC  0|TAMS 0x00000006d8a00000, 0x00000006d8a00000|
| 369|0x00000006d8b00000, 0x00000006d8c00000, 0x00000006d8c00000|100%| E|CS|TS 11|AC  0|TAMS 0x00000006d8b00000, 0x00000006d8b00000|
| 370|0x00000006d8c00000, 0x00000006d8d00000, 0x00000006d8d00000|100%| E|CS|TS 11|AC  0|TAMS 0x00000006d8c00000, 0x00000006d8c00000|
| 371|0x00000006d8d00000, 0x00000006d8e00000, 0x00000006d8e00000|100%| E|CS|TS 11|AC  0|TAMS 0x00000006d8d00000, 0x00000006d8d00000|
| 372|0x00000006d8e00000, 0x00000006d8f00000, 0x00000006d8f00000|100%| E|CS|TS 11|AC  0|TAMS 0x00000006d8e00000, 0x00000006d8e00000|
| 373|0x00000006d8f00000, 0x00000006d9000000, 0x00000006d9000000|100%| E|CS|TS 11|AC  0|TAMS 0x00000006d8f00000, 0x00000006d8f00000|
| 374|0x00000006d9000000, 0x00000006d9100000, 0x00000006d9100000|100%| E|CS|TS 11|AC  0|TAMS 0x00000006d9000000, 0x00000006d9000000|
| 375|0x00000006d9100000, 0x00000006d9200000, 0x00000006d9200000|100%| E|CS|TS 11|AC  0|TAMS 0x00000006d9100000, 0x00000006d9100000|
| 376|0x00000006d9200000, 0x00000006d9300000, 0x00000006d9300000|100%| E|CS|TS 11|AC  0|TAMS 0x00000006d9200000, 0x00000006d9200000|
| 377|0x00000006d9300000, 0x00000006d9400000, 0x00000006d9400000|100%| E|CS|TS 11|AC  0|TAMS 0x00000006d9300000, 0x00000006d9300000|
| 378|0x00000006d9400000, 0x00000006d9500000, 0x00000006d9500000|100%| E|CS|TS 11|AC  0|TAMS 0x00000006d9400000, 0x00000006d9400000|
| 379|0x00000006d9500000, 0x00000006d9600000, 0x00000006d9600000|100%| E|CS|TS 11|AC  0|TAMS 0x00000006d9500000, 0x00000006d9500000|
| 380|0x00000006d9600000, 0x00000006d9700000, 0x00000006d9700000|100%| E|CS|TS 11|AC  0|TAMS 0x00000006d9600000, 0x00000006d9600000|
| 381|0x00000006d9700000, 0x00000006d9800000, 0x00000006d9800000|100%| E|CS|TS 11|AC  0|TAMS 0x00000006d9700000, 0x00000006d9700000|
| 382|0x00000006d9800000, 0x00000006d9900000, 0x00000006d9900000|100%| E|CS|TS 11|AC  0|TAMS 0x00000006d9800000, 0x00000006d9800000|
| 383|0x00000006d9900000, 0x00000006d9a00000, 0x00000006d9a00000|100%| E|CS|TS 11|AC  0|TAMS 0x00000006d9900000, 0x00000006d9900000|
| 384|0x00000006d9a00000, 0x00000006d9b00000, 0x00000006d9b00000|100%| E|CS|TS 11|AC  0|TAMS 0x00000006d9a00000, 0x00000006d9a00000|
| 385|0x00000006d9b00000, 0x00000006d9c00000, 0x00000006d9c00000|100%| E|CS|TS 11|AC  0|TAMS 0x00000006d9b00000, 0x00000006d9b00000|
| 386|0x00000006d9c00000, 0x00000006d9d00000, 0x00000006d9d00000|100%| E|CS|TS 11|AC  0|TAMS 0x00000006d9c00000, 0x00000006d9c00000|
| 387|0x00000006d9d00000, 0x00000006d9e00000, 0x00000006d9e00000|100%| E|CS|TS 11|AC  0|TAMS 0x00000006d9d00000, 0x00000006d9d00000|
| 388|0x00000006d9e00000, 0x00000006d9f00000, 0x00000006d9f00000|100%| E|CS|TS 11|AC  0|TAMS 0x00000006d9e00000, 0x00000006d9e00000|
| 389|0x00000006d9f00000, 0x00000006da000000, 0x00000006da000000|100%| E|CS|TS 11|AC  0|TAMS 0x00000006d9f00000, 0x00000006d9f00000|
| 390|0x00000006da000000, 0x00000006da100000, 0x00000006da100000|100%| E|CS|TS 11|AC  0|TAMS 0x00000006da000000, 0x00000006da000000|
| 391|0x00000006da100000, 0x00000006da200000, 0x00000006da200000|100%| E|CS|TS 11|AC  0|TAMS 0x00000006da100000, 0x00000006da100000|
| 392|0x00000006da200000, 0x00000006da300000, 0x00000006da300000|100%| E|CS|TS 11|AC  0|TAMS 0x00000006da200000, 0x00000006da200000|
| 393|0x00000006da300000, 0x00000006da400000, 0x00000006da400000|100%| E|CS|TS 11|AC  0|TAMS 0x00000006da300000, 0x00000006da300000|
| 394|0x00000006da400000, 0x00000006da500000, 0x00000006da500000|100%| E|CS|TS 11|AC  0|TAMS 0x00000006da400000, 0x00000006da400000|
| 395|0x00000006da500000, 0x00000006da600000, 0x00000006da600000|100%| E|CS|TS 11|AC  0|TAMS 0x00000006da500000, 0x00000006da500000|
| 396|0x00000006da600000, 0x00000006da700000, 0x00000006da700000|100%| E|CS|TS 11|AC  0|TAMS 0x00000006da600000, 0x00000006da600000|
| 397|0x00000006da700000, 0x00000006da800000, 0x00000006da800000|100%| E|CS|TS 11|AC  0|TAMS 0x00000006da700000, 0x00000006da700000|
| 398|0x00000006da800000, 0x00000006da900000, 0x00000006da900000|100%| E|CS|TS 11|AC  0|TAMS 0x00000006da800000, 0x00000006da800000|
| 399|0x00000006da900000, 0x00000006daa00000, 0x00000006daa00000|100%| E|CS|TS 11|AC  0|TAMS 0x00000006da900000, 0x00000006da900000|
| 400|0x00000006daa00000, 0x00000006dab00000, 0x00000006dab00000|100%| E|CS|TS 11|AC  0|TAMS 0x00000006daa00000, 0x00000006daa00000|
| 401|0x00000006dab00000, 0x00000006dac00000, 0x00000006dac00000|100%| E|CS|TS 11|AC  0|TAMS 0x00000006dab00000, 0x00000006dab00000|
| 402|0x00000006dac00000, 0x00000006dad00000, 0x00000006dad00000|100%| E|CS|TS 11|AC  0|TAMS 0x00000006dac00000, 0x00000006dac00000|
| 403|0x00000006dad00000, 0x00000006dae00000, 0x00000006dae00000|100%| E|CS|TS 11|AC  0|TAMS 0x00000006dad00000, 0x00000006dad00000|
| 404|0x00000006dae00000, 0x00000006daf00000, 0x00000006daf00000|100%| E|CS|TS 11|AC  0|TAMS 0x00000006dae00000, 0x00000006dae00000|
| 405|0x00000006daf00000, 0x00000006db000000, 0x00000006db000000|100%| E|CS|TS 11|AC  0|TAMS 0x00000006daf00000, 0x00000006daf00000|
| 406|0x00000006db000000, 0x00000006db100000, 0x00000006db100000|100%| E|CS|TS 11|AC  0|TAMS 0x00000006db000000, 0x00000006db000000|
| 407|0x00000006db100000, 0x00000006db200000, 0x00000006db200000|100%| E|CS|TS 11|AC  0|TAMS 0x00000006db100000, 0x00000006db100000|
| 408|0x00000006db200000, 0x00000006db300000, 0x00000006db300000|100%| E|CS|TS 11|AC  0|TAMS 0x00000006db200000, 0x00000006db200000|
| 409|0x00000006db300000, 0x00000006db400000, 0x00000006db400000|100%| E|CS|TS 11|AC  0|TAMS 0x00000006db300000, 0x00000006db300000|
| 410|0x00000006db400000, 0x00000006db500000, 0x00000006db500000|100%| E|CS|TS 11|AC  0|TAMS 0x00000006db400000, 0x00000006db400000|
| 411|0x00000006db500000, 0x00000006db600000, 0x00000006db600000|100%| E|CS|TS 11|AC  0|TAMS 0x00000006db500000, 0x00000006db500000|
| 412|0x00000006db600000, 0x00000006db700000, 0x00000006db700000|100%| E|CS|TS 11|AC  0|TAMS 0x00000006db600000, 0x00000006db600000|
| 413|0x00000006db700000, 0x00000006db800000, 0x00000006db800000|100%| E|CS|TS 11|AC  0|TAMS 0x00000006db700000, 0x00000006db700000|
| 414|0x00000006db800000, 0x00000006db900000, 0x00000006db900000|100%| E|CS|TS 11|AC  0|TAMS 0x00000006db800000, 0x00000006db800000|
| 415|0x00000006db900000, 0x00000006dba00000, 0x00000006dba00000|100%| E|CS|TS 11|AC  0|TAMS 0x00000006db900000, 0x00000006db900000|
| 416|0x00000006dba00000, 0x00000006dbb00000, 0x00000006dbb00000|100%| E|CS|TS 11|AC  0|TAMS 0x00000006dba00000, 0x00000006dba00000|
| 417|0x00000006dbb00000, 0x00000006dbc00000, 0x00000006dbc00000|100%| E|CS|TS 11|AC  0|TAMS 0x00000006dbb00000, 0x00000006dbb00000|
| 418|0x00000006dbc00000, 0x00000006dbd00000, 0x00000006dbd00000|100%| E|CS|TS 11|AC  0|TAMS 0x00000006dbc00000, 0x00000006dbc00000|
| 419|0x00000006dbd00000, 0x00000006dbe00000, 0x00000006dbe00000|100%| E|CS|TS 11|AC  0|TAMS 0x00000006dbd00000, 0x00000006dbd00000|
| 420|0x00000006dbe00000, 0x00000006dbf00000, 0x00000006dbf00000|100%| E|CS|TS 11|AC  0|TAMS 0x00000006dbe00000, 0x00000006dbe00000|
| 421|0x00000006dbf00000, 0x00000006dc000000, 0x00000006dc000000|100%| E|CS|TS 11|AC  0|TAMS 0x00000006dbf00000, 0x00000006dbf00000|

Card table byte_map: [0x0000025e7e900000,0x0000025e7f100000] byte_map_base: 0x0000025e7b2f3000

Marking Bits (Prev, Next): (CMBitMap*) 0x0000025e65abf910, (CMBitMap*) 0x0000025e65abf948
 Prev Bits: [0x0000025e00000000, 0x0000025e03f98000)
 Next Bits: [0x0000025e03fa0000, 0x0000025e07f38000)

Polling page: 0x0000025e659b0000

CodeHeap 'non-profiled nmethods': size=120000Kb used=470Kb max_used=470Kb free=119529Kb
 bounds [0x0000025e75a60000, 0x0000025e75cd0000, 0x0000025e7cf90000]
CodeHeap 'profiled nmethods': size=120000Kb used=962Kb max_used=962Kb free=119037Kb
 bounds [0x0000025e6e530000, 0x0000025e6e7a0000, 0x0000025e75a60000]
CodeHeap 'non-nmethods': size=5760Kb used=1210Kb max_used=1252Kb free=4549Kb
 bounds [0x0000025e6df90000, 0x0000025e6e200000, 0x0000025e6e530000]
 total_blobs=1078 nmethods=488 adapters=271
 compilation: enabled

Compilation events (10 events):
Event: 1.629 Thread 0x0000025e0ae8d000 nmethod 485 0x0000025e75ab6190 code [0x0000025e75ab6340, 0x0000025e75ab6438]
Event: 1.996 Thread 0x0000025e0ae84000  486   !   4       java.io.BufferedWriter::flushBuffer (53 bytes)
Event: 2.018 Thread 0x0000025e0ae84000 nmethod 486 0x0000025e75ab6490 code [0x0000025e75ab66a0, 0x0000025e75ab7898]
Event: 2.215 Thread 0x0000025e0ae82000 nmethod 481 0x0000025e75ab8890 code [0x0000025e75ab9260, 0x0000025e75ac2990]
Event: 2.217 Thread 0x0000025e0ae86800  487 %     4       solver.cp.ORASolverByMIP::solveWithAllActivities @ 851 (1158 bytes)
Event: 2.458 Thread 0x0000025e0ae86800 nmethod 487% 0x0000025e75accc90 code [0x0000025e75acd200, 0x0000025e75ad2390]
Event: 2.657 Thread 0x0000025e0ae84000  488       4       java.lang.AbstractStringBuilder::isLatin1 (19 bytes)
Event: 2.657 Thread 0x0000025e0ae82000  489       4       java.lang.StringLatin1::newString (17 bytes)
Event: 2.657 Thread 0x0000025e0ae84000 nmethod 488 0x0000025e75ad5190 code [0x0000025e75ad5320, 0x0000025e75ad5398]
Event: 2.660 Thread 0x0000025e0ae82000 nmethod 489 0x0000025e75ad5410 code [0x0000025e75ad55c0, 0x0000025e75ad5978]

GC Heap History (10 events):
Event: 0.968 GC heap before
{Heap before GC invocations=1 (full 0):
 garbage-first heap   total 262144K, used 23756K [0x00000006c1a00000, 0x00000006c1b00800, 0x00000007c0000000)
  region size 1024K, 15 young (15360K), 3 survivors (3072K)
 Metaspace       used 5686K, capacity 5762K, committed 6016K, reserved 1056768K
  class space    used 537K, capacity 570K, committed 640K, reserved 1048576K
}
Event: 0.975 GC heap after
{Heap after GC invocations=2 (full 0):
 garbage-first heap   total 262144K, used 12269K [0x00000006c1a00000, 0x00000006c1b00800, 0x00000007c0000000)
  region size 1024K, 1 young (1024K), 1 survivors (1024K)
 Metaspace       used 5686K, capacity 5762K, committed 6016K, reserved 1056768K
  class space    used 537K, capacity 570K, committed 640K, reserved 1048576K
}
Event: 1.043 GC heap before
{Heap before GC invocations=2 (full 0):
 garbage-first heap   total 262144K, used 33773K [0x00000006c1a00000, 0x00000006c1b00800, 0x00000007c0000000)
  region size 1024K, 22 young (22528K), 1 survivors (1024K)
 Metaspace       used 5697K, capacity 5762K, committed 6016K, reserved 1056768K
  class space    used 537K, capacity 570K, committed 640K, reserved 1048576K
}
Event: 1.044 GC heap after
{Heap after GC invocations=3 (full 0):
 garbage-first heap   total 262144K, used 12059K [0x00000006c1a00000, 0x00000006c1b00800, 0x00000007c0000000)
  region size 1024K, 1 young (1024K), 1 survivors (1024K)
 Metaspace       used 5697K, capacity 5762K, committed 6016K, reserved 1056768K
  class space    used 537K, capacity 570K, committed 640K, reserved 1048576K
}
Event: 1.613 GC heap before
{Heap before GC invocations=3 (full 0):
 garbage-first heap   total 262144K, used 79643K [0x00000006c1a00000, 0x00000006c1b00800, 0x00000007c0000000)
  region size 1024K, 66 young (67584K), 1 survivors (1024K)
 Metaspace       used 5713K, capacity 5890K, committed 6016K, reserved 1056768K
  class space    used 541K, capacity 570K, committed 640K, reserved 1048576K
}
Event: 1.628 GC heap after
{Heap after GC invocations=4 (full 0):
 garbage-first heap   total 262144K, used 22168K [0x00000006c1a00000, 0x00000006c1b00800, 0x00000007c0000000)
  region size 1024K, 9 young (9216K), 9 survivors (9216K)
 Metaspace       used 5713K, capacity 5890K, committed 6016K, reserved 1056768K
  class space    used 541K, capacity 570K, committed 640K, reserved 1048576K
}
Event: 2.793 GC heap before
{Heap before GC invocations=4 (full 0):
 garbage-first heap   total 262144K, used 171672K [0x00000006c1a00000, 0x00000006c1b00800, 0x00000007c0000000)
  region size 1024K, 153 young (156672K), 9 survivors (9216K)
 Metaspace       used 5713K, capacity 5890K, committed 6016K, reserved 1056768K
  class space    used 541K, capacity 570K, committed 640K, reserved 1048576K
}
Event: 2.836 GC heap after
{Heap after GC invocations=5 (full 0):
 garbage-first heap   total 262144K, used 42156K [0x00000006c1a00000, 0x00000006c1b00800, 0x00000007c0000000)
  region size 1024K, 20 young (20480K), 20 survivors (20480K)
 Metaspace       used 5713K, capacity 5890K, committed 6016K, reserved 1056768K
  class space    used 541K, capacity 570K, committed 640K, reserved 1048576K
}
Event: 3.154 GC heap before
{Heap before GC invocations=5 (full 0):
 garbage-first heap   total 262144K, used 53420K [0x00000006c1a00000, 0x00000006c1b00800, 0x00000007c0000000)
  region size 1024K, 31 young (31744K), 20 survivors (20480K)
 Metaspace       used 5713K, capacity 5890K, committed 6016K, reserved 1056768K
  class space    used 541K, capacity 570K, committed 640K, reserved 1048576K
}
Event: 3.194 GC heap after
{Heap after GC invocations=6 (full 0):
 garbage-first heap   total 432128K, used 48874K [0x00000006c1a00000, 0x00000006c1b00d30, 0x00000007c0000000)
  region size 1024K, 4 young (4096K), 4 survivors (4096K)
 Metaspace       used 5713K, capacity 5890K, committed 6016K, reserved 1056768K
  class space    used 541K, capacity 570K, committed 640K, reserved 1048576K
}

Deoptimization events (10 events):
Event: 0.718 Thread 0x0000025e65a23000 Uncommon trap: reason=class_check action=maybe_recompile pc=0x0000025e75a7110c method=java.nio.Buffer.<init>(IIII)V @ 33 c2
Event: 0.718 Thread 0x0000025e65a23000 Uncommon trap: reason=class_check action=maybe_recompile pc=0x0000025e75a7110c method=java.nio.Buffer.<init>(IIII)V @ 33 c2
Event: 0.718 Thread 0x0000025e65a23000 Uncommon trap: reason=class_check action=maybe_recompile pc=0x0000025e75a7110c method=java.nio.Buffer.<init>(IIII)V @ 33 c2
Event: 0.718 Thread 0x0000025e65a23000 Uncommon trap: reason=class_check action=maybe_recompile pc=0x0000025e75a7110c method=java.nio.Buffer.<init>(IIII)V @ 33 c2
Event: 0.720 Thread 0x0000025e65a23000 Uncommon trap: reason=bimorphic_or_optimized_type_check action=maybe_recompile pc=0x0000025e75a8d40c method=java.lang.String.valueOf(Ljava/lang/Object;)Ljava/lang/String; @ 11 c2
Event: 0.722 Thread 0x0000025e65a23000 Uncommon trap: reason=bimorphic_or_optimized_type_check action=maybe_recompile pc=0x0000025e75a8d40c method=java.lang.String.valueOf(Ljava/lang/Object;)Ljava/lang/String; @ 11 c2
Event: 0.886 Thread 0x0000025e65a23000 Uncommon trap: reason=unstable_if action=reinterpret pc=0x0000025e75a8dd68 method=java.util.HashMap.getNode(ILjava/lang/Object;)Ljava/util/HashMap$Node; @ 49 c2
Event: 0.886 Thread 0x0000025e65a23000 Uncommon trap: reason=unstable_if action=reinterpret pc=0x0000025e75a8d84c method=java.util.HashMap.getNode(ILjava/lang/Object;)Ljava/util/HashMap$Node; @ 49 c2
Event: 1.473 Thread 0x0000025e65a23000 Uncommon trap: reason=unreached action=reinterpret pc=0x0000025e75aa85d4 method=solver.cp.ORASolverByMIP.solveWithAllActivities(Z)Z @ 507 c2
Event: 1.565 Thread 0x0000025e65a23000 Uncommon trap: reason=null_assert_or_unreached0 action=make_not_entrant pc=0x0000025e75ab222c method=solver.cp.ORASolverByMIP.solveWithAllActivities(Z)Z @ 764 c2

Classes redefined (0 events):
No events

Internal exceptions (1 events):
Event: 0.362 Thread 0x0000025e65a23000 Exception <a 'java/lang/NoSuchMethodError'{0x00000006d16d1dd0}: java.lang.Object.lambda$union$2(Ljava/util/regex/Pattern$CharPredicate;I)Z> (0x00000006d16d1dd0) thrown at [t:/workspace/hotspot/src/share/vm/interpreter/linkResolver.cpp, line 731]

Events (10 events):
Event: 1.473 Thread 0x0000025e65a23000 DEOPT UNPACKING pc=0x0000025e6dfddf29 sp=0x00000093149feda0 mode 2
Event: 1.565 Thread 0x0000025e65a23000 Uncommon trap: trap_request=0xffffffec fr.pc=0x0000025e75ab222c relative=0x000000000000430c
Event: 1.565 Thread 0x0000025e65a23000 DEOPT PACKING pc=0x0000025e75ab222c sp=0x00000093149fed80
Event: 1.565 Thread 0x0000025e65a23000 DEOPT UNPACKING pc=0x0000025e6dfddf29 sp=0x00000093149feda0 mode 2
Event: 1.613 Executing VM operation: G1IncCollectionPause
Event: 1.628 Executing VM operation: G1IncCollectionPause done
Event: 2.793 Executing VM operation: G1IncCollectionPause
Event: 2.836 Executing VM operation: G1IncCollectionPause done
Event: 3.154 Executing VM operation: G1IncCollectionPause
Event: 3.194 Executing VM operation: G1IncCollectionPause done


Dynamic libraries:
0x00007ff716300000 - 0x00007ff71633e000 	C:\Program Files\AnyLogic 8.3 Professional\jre\bin\javaw.exe
0x00007ffe6d6d0000 - 0x00007ffe6d8b1000 	C:\WINDOWS\SYSTEM32\ntdll.dll
0x00007ffe6b7d0000 - 0x00007ffe6b881000 	C:\WINDOWS\System32\KERNEL32.DLL
0x00007ffe6a0b0000 - 0x00007ffe6a323000 	C:\WINDOWS\System32\KERNELBASE.dll
0x00007ffe6b2f0000 - 0x00007ffe6b391000 	C:\WINDOWS\System32\ADVAPI32.dll
0x00007ffe6b890000 - 0x00007ffe6b92e000 	C:\WINDOWS\System32\msvcrt.dll
0x00007ffe6ad10000 - 0x00007ffe6ad6b000 	C:\WINDOWS\System32\sechost.dll
0x00007ffe6b6a0000 - 0x00007ffe6b7c4000 	C:\WINDOWS\System32\RPCRT4.dll
0x00007ffe6af60000 - 0x00007ffe6b0f0000 	C:\WINDOWS\System32\USER32.dll
0x00007ffe6a330000 - 0x00007ffe6a350000 	C:\WINDOWS\System32\win32u.dll
0x00007ffe6b250000 - 0x00007ffe6b278000 	C:\WINDOWS\System32\GDI32.dll
0x00007ffe69e00000 - 0x00007ffe69f92000 	C:\WINDOWS\System32\gdi32full.dll
0x00007ffe69aa0000 - 0x00007ffe69b3f000 	C:\WINDOWS\System32\msvcp_win.dll
0x00007ffe6aa60000 - 0x00007ffe6ab58000 	C:\WINDOWS\System32\ucrtbase.dll
0x00007ffe59000000 - 0x00007ffe59269000 	C:\WINDOWS\WinSxS\amd64_microsoft.windows.common-controls_6595b64144ccf1df_6.0.17134.765_none_fb42a1a930655896\COMCTL32.dll
0x00007ffe6be90000 - 0x00007ffe6c1b2000 	C:\WINDOWS\System32\combase.dll
0x00007ffe5ce80000 - 0x00007ffe5ce8a000 	C:\WINDOWS\SYSTEM32\VERSION.dll
0x00007ffe69d30000 - 0x00007ffe69daa000 	C:\WINDOWS\System32\bcryptPrimitives.dll
0x00007ffe6c1c0000 - 0x00007ffe6c1ed000 	C:\WINDOWS\System32\IMM32.DLL
0x00007ffe3cdf0000 - 0x00007ffe3cedf000 	C:\Program Files\AnyLogic 8.3 Professional\jre\bin\msvcr120.dll
0x00007ffe426f0000 - 0x00007ffe42796000 	C:\Program Files\AnyLogic 8.3 Professional\jre\bin\msvcp120.dll
0x0000000059260000 - 0x0000000059c84000 	C:\Program Files\AnyLogic 8.3 Professional\jre\bin\server\jvm.dll
0x00007ffe6b690000 - 0x00007ffe6b698000 	C:\WINDOWS\System32\PSAPI.DLL
0x00007ffe5a780000 - 0x00007ffe5a7a3000 	C:\WINDOWS\SYSTEM32\WINMM.dll
0x00007ffe5ce40000 - 0x00007ffe5ce49000 	C:\WINDOWS\SYSTEM32\WSOCK32.dll
0x00007ffe6c1f0000 - 0x00007ffe6c25c000 	C:\WINDOWS\System32\WS2_32.dll
0x00007ffe5a750000 - 0x00007ffe5a77a000 	C:\WINDOWS\SYSTEM32\WINMMBASE.dll
0x00007ffe69db0000 - 0x00007ffe69df9000 	C:\WINDOWS\System32\cfgmgr32.dll
0x00007ffe58820000 - 0x00007ffe5882f000 	C:\Program Files\AnyLogic 8.3 Professional\jre\bin\verify.dll
0x00007ffe48cc0000 - 0x00007ffe48ce7000 	C:\Program Files\AnyLogic 8.3 Professional\jre\bin\java.dll
0x00007ffe4b0f0000 - 0x00007ffe4b106000 	C:\Program Files\AnyLogic 8.3 Professional\jre\bin\zip.dll
0x00007ffe58600000 - 0x00007ffe5860a000 	C:\Program Files\AnyLogic 8.3 Professional\jre\bin\jimage.dll
0x00007ffe6c260000 - 0x00007ffe6d6a0000 	C:\WINDOWS\System32\SHELL32.dll
0x00007ffe6bd80000 - 0x00007ffe6be29000 	C:\WINDOWS\System32\shcore.dll
0x00007ffe6a350000 - 0x00007ffe6aa5d000 	C:\WINDOWS\System32\windows.storage.dll
0x00007ffe6af00000 - 0x00007ffe6af51000 	C:\WINDOWS\System32\shlwapi.dll
0x00007ffe69a80000 - 0x00007ffe69a91000 	C:\WINDOWS\System32\kernel.appcore.dll
0x00007ffe69a60000 - 0x00007ffe69a7f000 	C:\WINDOWS\System32\profapi.dll
0x00007ffe69a00000 - 0x00007ffe69a4c000 	C:\WINDOWS\System32\powrprof.dll
0x00007ffe69a50000 - 0x00007ffe69a5a000 	C:\WINDOWS\System32\FLTLIB.DLL
0x00007ffe46c40000 - 0x00007ffe46c5a000 	C:\Program Files\AnyLogic 8.3 Professional\jre\bin\net.dll
0x00007ffe66480000 - 0x00007ffe6655d000 	C:\WINDOWS\SYSTEM32\WINHTTP.dll
0x00007ffe691e0000 - 0x00007ffe69246000 	C:\WINDOWS\system32\mswsock.dll
0x00007ffe445f0000 - 0x00007ffe44601000 	C:\Program Files\AnyLogic 8.3 Professional\jre\bin\nio.dll
0x00007ffe2a8d0000 - 0x00007ffe2ba69000 	D:\osramjava\workspace\MultiskillScheduling\jniortools.dll
0x00007ffe3f880000 - 0x00007ffe3f91c000 	C:\Program Files\AnyLogic 8.3 Professional\jre\bin\MSVCP140.dll
0x00007ffe5dd40000 - 0x00007ffe5dd56000 	C:\Program Files\AnyLogic 8.3 Professional\jre\bin\VCRUNTIME140.dll
0x00007ffe61710000 - 0x00007ffe618d9000 	C:\WINDOWS\SYSTEM32\dbghelp.dll

VM Arguments:
jvm_args: -Dfile.encoding=Cp1252 
java_command: Start
java_class_path (initial): D:\osramjava\workspace\MultiskillScheduling\bin;D:\osramjava\workspace\MultiskillScheduling\libs\jcommon-1.0.23.jar;D:\osramjava\workspace\MultiskillScheduling\libs\jfreechart-1.0.19.jar;E:\or-tools\lib\com.google.ortools.jar;E:\or-tools\lib\protobuf.jar
Launcher Type: SUN_STANDARD

Logging:
Log output configuration:
#0: stdout all=warning uptime,level,tags
#1: stderr all=off uptime,level,tags

Environment Variables:
JAVA_HOME=C:\Program Files\Java\jdk1.8.0_25
JRE_HOME=C:\Program Files\Java\jre1.8.0_25
PATH=C:/Program Files/Java/jdk1.8.0_25/bin/../jre/bin/server;C:/Program Files/Java/jdk1.8.0_25/bin/../jre/bin;C:/Program Files/Java/jdk1.8.0_25/bin/../jre/lib/amd64;C:\Program Files\IBM\ILOG\CPLEX_Studio1271\opl\bin\x64_win64;C:\Program Files\IBM\ILOG\CPLEX_Studio1271\opl\oplide\;C:\Program Files\IBM\ILOG\CPLEX_Studio1271\cplex\bin\x64_win64;C:\Program Files\IBM\ILOG\CPLEX_Studio1271\cpoptimizer\bin\x64_win64;C:\Program Files (x86)\NVIDIA Corporation\PhysX\Common;C:\Program Files (x86)\Intel\iCLS Client\;C:\Program Files\Intel\iCLS Client\;C:\WINDOWS\system32;C:\WINDOWS;C:\WINDOWS\System32\Wbem;C:\WINDOWS\System32\WindowsPowerShell\v1.0\;C:\Program Files (x86)\Intel\OpenCL SDK\3.0\bin\x86;C:\Program Files (x86)\Intel\OpenCL SDK\3.0\bin\x64;C:\Program Files\Condusiv Technologies\ExpressCache\;C:\ProgramData\Lenovo\ReadyApps;C:\maven\apache-maven-3.1.1/bin;C:\Program Files\Intel\Intel(R) Management Engine Components\DAL;C:\Program Files\Intel\Intel(R) Management Engine Components\IPT;C:\Program Files (x86)\Intel\Intel(R) Management Engine Components\DAL;C:\Program Files (x86)\Intel\Intel(R) Management Engine Components\IPT;C:\Program Files\Intel\WiFi\bin\;C:\Program Files\Common Files\Intel\WirelessCommon\;C:\apache-tomcat-7.0.34\bin;C:\Program Files (x86)\Common Files\Adobe\AGL;C:\Program Files\TortoiseSVN\bin;C:\WINDOWS\system32\config\systemprofile\.dnx\bin;C:\Program Files\Microsoft DNX\Dnvm\;C:\Program Files (x86)\Windows Kits\8.1\Windows Performance Toolkit\;C:\Program Files (x86)\VisualSVN\bin;C:\Program Files\Java\jdk1.8.0_25\bin;C:\WINDOWS\System32\OpenSSH\;C:\Users\shufang xie\AppData\Local\Programs\Python\Python35-32\Scripts\;C:\Users\shufang xie\AppData\Local\Programs\Python\Python35-32\;C:\Program Files\Intel\WiFi\bin\;C:\Program Files\Common Files\Intel\WirelessCommon\;C:\Users\shufang xie\AppData\Local\Microsoft\WindowsApps;;F:\eclipse-java-photon-R-win32-x86_64\eclipse;
USERNAME=Zhang
OS=Windows_NT
PROCESSOR_IDENTIFIER=Intel64 Family 6 Model 60 Stepping 3, GenuineIntel



---------------  S Y S T E M  ---------------

OS: Windows 10 , 64 bit Build 17134 (10.0.17134.753)

CPU:total 8 (initial active 8) (4 cores per cpu, 2 threads per core) family 6 model 60 stepping 3, cmov, cx8, fxsr, mmx, sse, sse2, sse3, ssse3, sse4.1, sse4.2, popcnt, avx, avx2, aes, clmul, erms, lzcnt, ht, tsc, tscinvbit, bmi1, bmi2, fma

Memory: 4k page, physical 16665224k(8018312k free), swap 26750572k(12830676k free)

vm_info: Java HotSpot(TM) 64-Bit Server VM (9.0.1+11) for windows-amd64 JRE (9.0.1+11), built on Sep 28 2017 04:54:03 by "mach5one" with MS VC++ 12.0 (VS2013)

END.
